 ERROR root [0x0001ad40] [2017-11-09 18:36:40,414] - Components::removeComponentByChannel: logger : 2000, Abnormal exit! errorno=10054
  INFO root [0x0001ad40] [2017-11-09 18:36:40,417] - The following logs sent to logger failed:
  WARN root [0x0001ad40] [2017-11-09 18:36:40,417] - ==> [2017-11-09 18:36:40 408] TCPPacketReceiver::processPendingEvents(172.16.4.154:61008): Throwing REASON_GENERAL_NETWORK - WSAECONNRESET
 ERROR root [0x0001ad40] [2017-11-09 18:36:40,417] - ==> [2017-11-09 18:36:40 415] Components::removeComponentByChannel: logger : 2000, Abnormal exit! errorno=10054
  WARN root [0x0001ad40] [2017-11-09 18:36:40,595] - TCPPacketReceiver::processPendingEvents(172.16.4.154:61010): Throwing REASON_GENERAL_NETWORK - WSAECONNRESET
 ERROR root [0x0001ad40] [2017-11-09 18:36:40,598] - Components::removeComponentByChannel: dbmgr : 4000, Abnormal exit! errorno=10054
  INFO root [0x0001ad40] [2017-11-09 18:36:40,599] - Shutdowner::onShutdownBegin: shutting down(period=0, tickPeriod=1)
S_INFO root [0x0001ad40] [2017-11-09 18:36:40,599] - onBaseAppShutDown: state=0
  INFO root [0x0001ad40] [2017-11-09 18:36:40,599] - Shutdowner::onShutdown: shutting down
S_INFO root [0x0001ad40] [2017-11-09 18:36:40,599] - onBaseAppShutDown: state=1
  INFO root [0x0001ad40] [2017-11-09 18:36:40,600] - Shutdowner::onShutdownEnd: shutting down
S_INFO root [0x0001ad40] [2017-11-09 18:36:40,600] - onBaseAppShutDown: state=2
 DEBUG root [0x0001ad40] [2017-11-09 18:36:40,608] - Hall::~Hall(): 9
 DEBUG root [0x0001ad40] [2017-11-09 18:36:40,608] - Hall::~Hall(): 10
 DEBUG root [0x0001ad40] [2017-11-09 18:36:40,608] - Hall::~Hall(): 11
 DEBUG root [0x0001ad40] [2017-11-09 18:36:40,608] - Hall::~Hall(): 12
 DEBUG root [0x0001ad40] [2017-11-09 18:36:40,608] - Halls::~Halls(): 4
 DEBUG root [0x0001ad40] [2017-11-09 18:36:40,609] - Games::~Games(): 1
 DEBUG root [0x0001ad40] [2017-11-09 18:36:40,609] - DdzHall::~DdzHall(): 5
 DEBUG root [0x0001ad40] [2017-11-09 18:36:40,609] - DdzHall::~DdzHall(): 6
 DEBUG root [0x0001ad40] [2017-11-09 18:36:40,609] - DdzHall::~DdzHall(): 7
 DEBUG root [0x0001ad40] [2017-11-09 18:36:40,609] - DdzHall::~DdzHall(): 8
 DEBUG root [0x0001ad40] [2017-11-09 18:36:40,609] - Halls::~Halls(): 3
 DEBUG root [0x0001ad40] [2017-11-09 18:36:40,609] - Ranks::~Ranks(): 2
 DEBUG root [0x0001ad40] [2017-11-09 18:36:40,610] - Script::uninstall_py_dlls(): PyInit_pyexpat
 DEBUG root [0x0001ad40] [2017-11-09 18:36:40,610] - Script::uninstall_py_dlls(): PyInit__socket
 DEBUG root [0x0001ad40] [2017-11-09 18:36:40,611] - Script::uninstall_py_dlls(): PyInit__hashlib
 DEBUG root [0x0001ad40] [2017-11-09 18:36:40,611] - Script::uninstall_py_dlls(): PyInit_select
 DEBUG root [0x0001ad40] [2017-11-09 18:36:40,611] - Script::uninstall_py_dlls(): PyInit__ctypes
 DEBUG root [0x0001ad40] [2017-11-09 18:36:40,611] - Script::uninstall_py_dlls(): PyInit__elementtree
 DEBUG root [0x0001ad40] [2017-11-09 18:36:40,611] - Script::uninstall_py_dlls(): PyInit_unicodedata
  INFO root [0x0001ad40] [2017-11-09 18:36:40,624] - Script::uninstall(): is successfully!
 DEBUG root [0x0001ad40] [2017-11-09 18:36:40,624] - ThreadPool::destroy(): starting size 2.
  WARN root [0x0001ad40] [2017-11-09 18:36:40,926] - ThreadPool::destroy(): waiting for thread(2)[0x498108,0x4981d8,], try=1
