  INFO root [0x000079d8] [2017-11-20 19:49:00,637] - 
  INFO root [0x000079d8] [2017-11-20 19:49:00,637] - -----------------------------------------------------------------------------------------


  INFO root [0x000079d8] [2017-11-20 19:49:00,638] - Resmgr::initialize: KBE_ROOT=C:/Users/hyc/Desktop/kbengine/
  INFO root [0x000079d8] [2017-11-20 19:49:00,638] - Resmgr::initialize: KBE_RES_PATH=C:/Users/hyc/Desktop/kbengine/kbe/res/;C:/Users/hyc/Desktop/kbengine/llgame/;C:/Users/hyc/Desktop/kbengine/llgame/scripts/;C:/Users/hyc/Desktop/kbengine/llgame/res/
  INFO root [0x000079d8] [2017-11-20 19:49:00,638] - Resmgr::initialize: KBE_BIN_PATH=C:/Users/hyc/Desktop/kbengine/kbe/bin/server/
  INFO root [0x000079d8] [2017-11-20 19:49:00,640] - NetworkInterface::recreateListeningSocket(EXTERNAL): bound to all interfaces with default route interface on 172.16.4.154 ( 172.16.4.154:20015 )
  INFO root [0x000079d8] [2017-11-20 19:49:00,641] - NetworkInterface::recreateListeningSocket(EXTERNAL): address 172.16.4.154:20015, SOMAXCONN=128.
  INFO root [0x000079d8] [2017-11-20 19:49:00,641] - NetworkInterface::recreateListeningSocket(INTERNAL): bound to all interfaces with default route interface on 172.16.4.154 ( 172.16.4.154:59300 )
  INFO root [0x000079d8] [2017-11-20 19:49:00,642] - NetworkInterface::recreateListeningSocket(INTERNAL): address 172.16.4.154:59300, SOMAXCONN=128.
  INFO root [0x000079d8] [2017-11-20 19:49:00,642] - server-configs:
  INFO root [0x000079d8] [2017-11-20 19:49:00,643] - 	gameUpdateHertz : 30
  INFO root [0x000079d8] [2017-11-20 19:49:00,643] - 	entryScriptFile : kbemain
  INFO root [0x000079d8] [2017-11-20 19:49:00,643] - 	internalAddr : 172.16.4.154:59300
  INFO root [0x000079d8] [2017-11-20 19:49:00,643] - 	externalAddr : 172.16.4.154:20015
  INFO root [0x000079d8] [2017-11-20 19:49:00,643] - 	componentID : 7001
  INFO root [0x000079d8] [2017-11-20 19:49:01,015] - Components::findLogger: found logger, addr:172.16.4.154:59295
  INFO root [0x000079d8] [2017-11-20 19:49:01,016] - Components::addComponent: reset orderLog, uid=1001!
  INFO root [0x000079d8] [2017-11-20 19:49:01,016] - Components::addComponent[logger], uid=1001, componentID=2000, globalorderid=1, grouporderid=1, totalcount=1
  INFO root [0x000079d8] [2017-11-20 19:49:01,020] - ---- baseapp Version: 0.9.12. ScriptVersion: 0.1.0. Protocol: 3832E49F6CC47A66EFBA02ABD3118CFB. Config: Debug X86. Built: 16:14:02 Jul  7 2017. AppID: 7001. UID: 1001. PID: 28084 ----
  INFO root [0x000079d8] [2017-11-20 19:49:01,020] - Server : Intel(R) Core(TM) i5-4590 CPU @ 3.30GHz with 4194303kB RAM
  INFO root [0x000079d8] [2017-11-20 19:49:01,021] - ThreadPool::createThreadPool: creating  threadpool...
  INFO root [0x000079d8] [2017-11-20 19:49:01,021] - ThreadPool::createThreadPool: successfully(2), newThreadCount=1, normalMaxThreadCount=2, maxThreadCount=8
 DEBUG root [0x000079d8] [2017-11-20 19:49:01,163] - Script::install_py_dlls(): PyInit_pyexpat
 DEBUG root [0x000079d8] [2017-11-20 19:49:01,163] - Script::install_py_dlls(): PyInit__socket
 DEBUG root [0x000079d8] [2017-11-20 19:49:01,164] - Script::install_py_dlls(): PyInit__hashlib
 DEBUG root [0x000079d8] [2017-11-20 19:49:01,165] - Script::install_py_dlls(): PyInit_select
 DEBUG root [0x000079d8] [2017-11-20 19:49:01,165] - Script::install_py_dlls(): PyInit__ctypes
 DEBUG root [0x000079d8] [2017-11-20 19:49:01,166] - Script::install_py_dlls(): PyInit__elementtree
 DEBUG root [0x000079d8] [2017-11-20 19:49:01,197] - Script::install_py_dlls(): PyInit_unicodedata
  INFO root [0x000079d8] [2017-11-20 19:49:01,230] - Script::install(): is successfully, Python=(3.4.2 (default, Jul  7 2017, 16:13:50) [MSC v.1800 32 bit (Intel)])!
  INFO root [0x000079d8] [2017-11-20 19:49:01,230] - Script::install(): KBExtra is successfully!
SCRIPT root [0x000079d8] [2017-11-20 19:49:01,250] - 1
 DEBUG root [0x000079d8] [2017-11-20 19:49:01,358] - loaded script:Player(1).
 DEBUG root [0x000079d8] [2017-11-20 19:49:01,364] - loaded script:DdzAvatar(2).
 DEBUG root [0x000079d8] [2017-11-20 19:49:01,379] - loaded script:Ranks(3).
 DEBUG root [0x000079d8] [2017-11-20 19:49:01,387] - loaded script:Games(4).
 DEBUG root [0x000079d8] [2017-11-20 19:49:01,392] - loaded script:DdzGame(5).
 DEBUG root [0x000079d8] [2017-11-20 19:49:01,399] - loaded script:DdzHall(6).
 DEBUG root [0x000079d8] [2017-11-20 19:49:01,405] - loaded script:DdzRoom(7).
 DEBUG root [0x000079d8] [2017-11-20 19:49:01,421] - loaded script:ZjhHall(8).
 DEBUG root [0x000079d8] [2017-11-20 19:49:01,428] - loaded script:ZjhRoom(9).
  INFO root [0x000079d8] [2017-11-20 19:49:01,428] - Baseapp::initializeEnd: started resmgr tick(60s)!
  INFO root [0x000079d8] [2017-11-20 19:49:01,429] - TelnetServer server is running on port 40000
  INFO root [0x000079d8] [2017-11-20 19:49:01,645] - ---- baseapp is running ----
 DEBUG root [0x000079d8] [2017-11-20 19:49:01,645] - Components::process(): Request for the process of identity...
  WARN root [0x000079d8] [2017-11-20 19:49:07,705] - Forwarding logs to logger[172.16.4.154:59295/0/0/0]...
 ERROR root [0x000079d8] [2017-11-20 19:53:03,100] - Components::removeComponentByChannel: logger : 2000, Abnormal exit! errorno=10054
  INFO root [0x000079d8] [2017-11-20 19:53:03,108] - The following logs sent to logger failed:
  WARN root [0x000079d8] [2017-11-20 19:53:03,109] - ==> [2017-11-20 19:53:03 097] TCPPacketReceiver::processPendingEvents(172.16.4.154:59295): Throwing REASON_GENERAL_NETWORK - WSAECONNRESET
 ERROR root [0x000079d8] [2017-11-20 19:53:03,109] - ==> [2017-11-20 19:53:03 102] Components::removeComponentByChannel: logger : 2000, Abnormal exit! errorno=10054
  WARN root [0x000079d8] [2017-11-20 19:53:03,310] - TCPPacketReceiver::processPendingEvents(172.16.4.154:59296): Throwing REASON_GENERAL_NETWORK - WSAECONNRESET
 ERROR root [0x000079d8] [2017-11-20 19:53:03,312] - Components::removeComponentByChannel: dbmgr : 4000, Abnormal exit! errorno=10054
  INFO root [0x000079d8] [2017-11-20 19:53:03,314] - Shutdowner::onShutdownBegin: shutting down(period=0, tickPeriod=1)
S_INFO root [0x000079d8] [2017-11-20 19:53:03,314] - onBaseAppShutDown: state=0
  INFO root [0x000079d8] [2017-11-20 19:53:03,314] - Shutdowner::onShutdown: shutting down
S_INFO root [0x000079d8] [2017-11-20 19:53:03,315] - onBaseAppShutDown: state=1
  INFO root [0x000079d8] [2017-11-20 19:53:03,315] - Shutdowner::onShutdownEnd: shutting down
S_INFO root [0x000079d8] [2017-11-20 19:53:03,315] - onBaseAppShutDown: state=2
 ERROR root [0x000079d8] [2017-11-20 19:53:03,324] - Player::onCellWriteToDBCompleted(9): not found dbmgr!
 ERROR root [0x000079d8] [2017-11-20 19:53:03,327] - Base::onDestroy: not found dbmgr!
 ERROR root [0x000079d8] [2017-11-20 19:53:03,335] - Games::onCellWriteToDBCompleted(1): not found dbmgr!
 ERROR root [0x000079d8] [2017-11-20 19:53:03,341] - Base::onDestroy: not found dbmgr!
 ERROR root [0x000079d8] [2017-11-20 19:53:03,347] - Player::onCellWriteToDBCompleted(8): not found dbmgr!
 ERROR root [0x000079d8] [2017-11-20 19:53:03,348] - Base::onDestroy: not found dbmgr!
 ERROR root [0x000079d8] [2017-11-20 19:53:03,349] - Player::onCellWriteToDBCompleted(13): not found dbmgr!
 ERROR root [0x000079d8] [2017-11-20 19:53:03,349] - Base::onDestroy: not found dbmgr!
 DEBUG root [0x000079d8] [2017-11-20 19:53:03,350] - Ranks::~Ranks(): 2
 DEBUG root [0x000079d8] [2017-11-20 19:53:03,350] - Games::~Games(): 1
 ERROR root [0x000079d8] [2017-11-20 19:53:03,350] - EntityGarbages::~EntityGarbages(): leaked, size=12.
 ERROR root [0x000079d8] [2017-11-20 19:53:03,350] - 	--> leaked: Player(9).
 ERROR root [0x000079d8] [2017-11-20 19:53:03,353] - 	--> leaked: DdzGame(3).
 ERROR root [0x000079d8] [2017-11-20 19:53:03,354] - 	--> leaked: DdzHall(4).
 ERROR root [0x000079d8] [2017-11-20 19:53:03,354] - 	--> leaked: DdzHall(5).
 ERROR root [0x000079d8] [2017-11-20 19:53:03,359] - 	--> leaked: DdzHall(6).
 ERROR root [0x000079d8] [2017-11-20 19:53:03,360] - 	--> leaked: DdzHall(7).
 ERROR root [0x000079d8] [2017-11-20 19:53:03,360] - 	--> leaked: Player(8).
 ERROR root [0x000079d8] [2017-11-20 19:53:03,361] - 	--> leaked: DdzAvatar(10).
 ERROR root [0x000079d8] [2017-11-20 19:53:03,361] - 	--> leaked: DdzAvatar(11).
 ERROR root [0x000079d8] [2017-11-20 19:53:03,361] - 	--> leaked: DdzRoom(12).
 ERROR root [0x000079d8] [2017-11-20 19:53:03,362] - 	--> leaked: Player(13).
 ERROR root [0x000079d8] [2017-11-20 19:53:03,362] - 	--> leaked: DdzAvatar(14).
 ERROR root [0x000079d8] [2017-11-20 19:53:03,363] - PyGC::debugTracing(): Base : leaked(12)
 ERROR root [0x000079d8] [2017-11-20 19:53:03,364] - PyGC::debugTracing(): EntityMailbox : leaked(6)
 ERROR root [0x000079d8] [2017-11-20 19:53:03,364] - PyGC::debugTracing(): FixedArray : leaked(2)
 DEBUG root [0x000079d8] [2017-11-20 19:53:03,365] - Script::uninstall_py_dlls(): PyInit_pyexpat
 DEBUG root [0x000079d8] [2017-11-20 19:53:03,365] - Script::uninstall_py_dlls(): PyInit__socket
 DEBUG root [0x000079d8] [2017-11-20 19:53:03,365] - Script::uninstall_py_dlls(): PyInit__hashlib
 DEBUG root [0x000079d8] [2017-11-20 19:53:03,365] - Script::uninstall_py_dlls(): PyInit_select
 DEBUG root [0x000079d8] [2017-11-20 19:53:03,365] - Script::uninstall_py_dlls(): PyInit__ctypes
 DEBUG root [0x000079d8] [2017-11-20 19:53:03,365] - Script::uninstall_py_dlls(): PyInit__elementtree
 DEBUG root [0x000079d8] [2017-11-20 19:53:03,365] - Script::uninstall_py_dlls(): PyInit_unicodedata
 DEBUG root [0x000079d8] [2017-11-20 19:53:03,368] - DdzHall::~DdzHall(): 5
 DEBUG root [0x000079d8] [2017-11-20 19:53:03,368] - DdzHall::~DdzHall(): 6
 DEBUG root [0x000079d8] [2017-11-20 19:53:03,368] - DdzHall::~DdzHall(): 7
 DEBUG root [0x000079d8] [2017-11-20 19:53:03,368] - Player::~Player(): 9
 DEBUG root [0x000079d8] [2017-11-20 19:53:03,369] - Player::~Player(): 8
 DEBUG root [0x000079d8] [2017-11-20 19:53:03,369] - DdzAvatar::~DdzAvatar(): 10
 DEBUG root [0x000079d8] [2017-11-20 19:53:03,369] - DdzAvatar::~DdzAvatar(): 11
 DEBUG root [0x000079d8] [2017-11-20 19:53:03,369] - DdzHall::~DdzHall(): 4
 DEBUG root [0x000079d8] [2017-11-20 19:53:03,369] - DdzRoom::~DdzRoom(): 12
 DEBUG root [0x000079d8] [2017-11-20 19:53:03,369] - DdzGame::~DdzGame(): 3
 DEBUG root [0x000079d8] [2017-11-20 19:53:03,369] - DdzAvatar::~DdzAvatar(): 14
 DEBUG root [0x000079d8] [2017-11-20 19:53:03,369] - Player::~Player(): 13
  INFO root [0x000079d8] [2017-11-20 19:53:03,379] - Script::uninstall(): is successfully!
 DEBUG root [0x000079d8] [2017-11-20 19:53:03,379] - ThreadPool::destroy(): starting size 2.
  WARN root [0x000079d8] [2017-11-20 19:53:03,681] - ThreadPool::destroy(): waiting for thread(2)[0x1e88518,0x1e88ac8,], try=1
  INFO root [0x00008034] [2017-11-20 20:03:06,607] - 
  INFO root [0x00008034] [2017-11-20 20:03:06,607] - -----------------------------------------------------------------------------------------


  INFO root [0x00008034] [2017-11-20 20:03:06,608] - Resmgr::initialize: KBE_ROOT=C:/Users/hyc/Desktop/kbengine/
  INFO root [0x00008034] [2017-11-20 20:03:06,608] - Resmgr::initialize: KBE_RES_PATH=C:/Users/hyc/Desktop/kbengine/kbe/res/;C:/Users/hyc/Desktop/kbengine/llgame/;C:/Users/hyc/Desktop/kbengine/llgame/scripts/;C:/Users/hyc/Desktop/kbengine/llgame/res/
  INFO root [0x00008034] [2017-11-20 20:03:06,608] - Resmgr::initialize: KBE_BIN_PATH=C:/Users/hyc/Desktop/kbengine/kbe/bin/server/
  INFO root [0x00008034] [2017-11-20 20:03:06,610] - NetworkInterface::recreateListeningSocket(EXTERNAL): bound to all interfaces with default route interface on 172.16.4.154 ( 172.16.4.154:20015 )
  INFO root [0x00008034] [2017-11-20 20:03:06,612] - NetworkInterface::recreateListeningSocket(EXTERNAL): address 172.16.4.154:20015, SOMAXCONN=128.
  INFO root [0x00008034] [2017-11-20 20:03:06,612] - NetworkInterface::recreateListeningSocket(INTERNAL): bound to all interfaces with default route interface on 172.16.4.154 ( 172.16.4.154:59399 )
  INFO root [0x00008034] [2017-11-20 20:03:06,613] - NetworkInterface::recreateListeningSocket(INTERNAL): address 172.16.4.154:59399, SOMAXCONN=128.
  INFO root [0x00008034] [2017-11-20 20:03:06,613] - server-configs:
  INFO root [0x00008034] [2017-11-20 20:03:06,613] - 	gameUpdateHertz : 30
  INFO root [0x00008034] [2017-11-20 20:03:06,614] - 	entryScriptFile : kbemain
  INFO root [0x00008034] [2017-11-20 20:03:06,614] - 	internalAddr : 172.16.4.154:59399
  INFO root [0x00008034] [2017-11-20 20:03:06,614] - 	externalAddr : 172.16.4.154:20015
  INFO root [0x00008034] [2017-11-20 20:03:06,614] - 	componentID : 7001
  INFO root [0x00008034] [2017-11-20 20:03:08,473] - ---- baseapp Version: 0.9.12. ScriptVersion: 0.1.0. Protocol: 3832E49F6CC47A66EFBA02ABD3118CFB. Config: Debug X86. Built: 16:14:02 Jul  7 2017. AppID: 7001. UID: 1001. PID: 32816 ----
  INFO root [0x00008034] [2017-11-20 20:03:08,473] - Server : Intel(R) Core(TM) i5-4590 CPU @ 3.30GHz with 4194303kB RAM
  INFO root [0x00008034] [2017-11-20 20:03:08,474] - ThreadPool::createThreadPool: creating  threadpool...
  INFO root [0x00008034] [2017-11-20 20:03:08,474] - ThreadPool::createThreadPool: successfully(2), newThreadCount=1, normalMaxThreadCount=2, maxThreadCount=8
 DEBUG root [0x00008034] [2017-11-20 20:03:08,602] - Script::install_py_dlls(): PyInit_pyexpat
 DEBUG root [0x00008034] [2017-11-20 20:03:08,602] - Script::install_py_dlls(): PyInit__socket
 DEBUG root [0x00008034] [2017-11-20 20:03:08,602] - Script::install_py_dlls(): PyInit__hashlib
 DEBUG root [0x00008034] [2017-11-20 20:03:08,604] - Script::install_py_dlls(): PyInit_select
 DEBUG root [0x00008034] [2017-11-20 20:03:08,604] - Script::install_py_dlls(): PyInit__ctypes
 DEBUG root [0x00008034] [2017-11-20 20:03:08,605] - Script::install_py_dlls(): PyInit__elementtree
 DEBUG root [0x00008034] [2017-11-20 20:03:08,636] - Script::install_py_dlls(): PyInit_unicodedata
  INFO root [0x00008034] [2017-11-20 20:03:08,667] - Script::install(): is successfully, Python=(3.4.2 (default, Jul  7 2017, 16:13:50) [MSC v.1800 32 bit (Intel)])!
  INFO root [0x00008034] [2017-11-20 20:03:08,667] - Script::install(): KBExtra is successfully!
SCRIPT root [0x00008034] [2017-11-20 20:03:08,676] - 1
 DEBUG root [0x00008034] [2017-11-20 20:03:08,744] - loaded script:Player(1).
 DEBUG root [0x00008034] [2017-11-20 20:03:08,750] - loaded script:DdzAvatar(2).
 DEBUG root [0x00008034] [2017-11-20 20:03:08,756] - loaded script:Ranks(3).
 DEBUG root [0x00008034] [2017-11-20 20:03:08,758] - loaded script:Games(4).
 DEBUG root [0x00008034] [2017-11-20 20:03:08,759] - loaded script:DdzGame(5).
 DEBUG root [0x00008034] [2017-11-20 20:03:08,762] - loaded script:DdzHall(6).
 DEBUG root [0x00008034] [2017-11-20 20:03:08,767] - loaded script:DdzRoom(7).
 DEBUG root [0x00008034] [2017-11-20 20:03:08,768] - loaded script:ZjhHall(8).
 DEBUG root [0x00008034] [2017-11-20 20:03:08,771] - loaded script:ZjhRoom(9).
  INFO root [0x00008034] [2017-11-20 20:03:08,771] - Baseapp::initializeEnd: started resmgr tick(60s)!
  INFO root [0x00008034] [2017-11-20 20:03:08,773] - TelnetServer server is running on port 40000
  INFO root [0x00008034] [2017-11-20 20:03:08,992] - ---- baseapp is running ----
 DEBUG root [0x00008034] [2017-11-20 20:03:08,992] - Components::process(): Request for the process of identity...
  WARN root [0x00008034] [2017-11-20 20:03:15,057] - EntityApp::checkTickPeriod: tick took 18378% (18.38 seconds)!
  INFO root [0x00008034] [2017-11-20 20:03:16,093] - Components::findComponents: find logger(1)...
  INFO root [0x00008034] [2017-11-20 20:03:16,158] - Components::findComponents: found logger, addr:172.16.4.154:59395
  INFO root [0x00008034] [2017-11-20 20:03:16,159] - Components::addComponent: reset orderLog, uid=1001!
  INFO root [0x00008034] [2017-11-20 20:03:16,159] - Components::addComponent[logger], uid=1001, componentID=2000, globalorderid=1, grouporderid=1, totalcount=1
  INFO root [0x00008034] [2017-11-20 20:03:16,161] - Components::findComponents: find dbmgr(2)...
  INFO root [0x00008034] [2017-11-20 20:03:16,262] - Components::findComponents: found dbmgr, addr:172.16.4.154:59396
  INFO root [0x00008034] [2017-11-20 20:03:16,262] - Components::addComponent: reset orderLog, uid=1001!
  INFO root [0x00008034] [2017-11-20 20:03:16,263] - Components::addComponent[dbmgr], uid=1001, componentID=4000, globalorderid=1, grouporderid=1, totalcount=1
  INFO root [0x00008034] [2017-11-20 20:03:16,263] - Components::findComponents: found dbmgr, addr:172.16.4.154:59396
  WARN root [0x00008034] [2017-11-20 20:03:17,263] - EntityApp::checkTickPeriod: tick took 3645% (3.64 seconds)!
  WARN root [0x00008034] [2017-11-20 20:03:17,264] - Forwarding logs to logger[172.16.4.154:59395/0/0/0]...
 ERROR root [0x00008034] [2017-11-20 20:04:04,720] - Components::removeComponentByChannel: logger : 2000, Abnormal exit! errorno=10054
  INFO root [0x00008034] [2017-11-20 20:04:04,729] - The following logs sent to logger failed:
  WARN root [0x00008034] [2017-11-20 20:04:04,729] - ==> [2017-11-20 20:04:04 716] TCPPacketReceiver::processPendingEvents(172.16.4.154:59395): Throwing REASON_GENERAL_NETWORK - WSAECONNRESET
 ERROR root [0x00008034] [2017-11-20 20:04:04,729] - ==> [2017-11-20 20:04:04 720] Components::removeComponentByChannel: logger : 2000, Abnormal exit! errorno=10054
  WARN root [0x00008034] [2017-11-20 20:04:04,987] - TCPPacketReceiver::processPendingEvents(172.16.4.154:59396): Throwing REASON_GENERAL_NETWORK - WSAECONNRESET
 ERROR root [0x00008034] [2017-11-20 20:04:04,990] - Components::removeComponentByChannel: dbmgr : 4000, Abnormal exit! errorno=10054
  INFO root [0x00008034] [2017-11-20 20:04:05,001] - Shutdowner::onShutdownBegin: shutting down(period=0, tickPeriod=1)
S_INFO root [0x00008034] [2017-11-20 20:04:05,001] - onBaseAppShutDown: state=0
  INFO root [0x00008034] [2017-11-20 20:04:05,002] - Shutdowner::onShutdown: shutting down
S_INFO root [0x00008034] [2017-11-20 20:04:05,002] - onBaseAppShutDown: state=1
  INFO root [0x00008034] [2017-11-20 20:04:05,002] - Shutdowner::onShutdownEnd: shutting down
S_INFO root [0x00008034] [2017-11-20 20:04:05,002] - onBaseAppShutDown: state=2
 ERROR root [0x00008034] [2017-11-20 20:04:05,011] - Player::onCellWriteToDBCompleted(10009): not found dbmgr!
 ERROR root [0x00008034] [2017-11-20 20:04:05,012] - Base::onDestroy: not found dbmgr!
 ERROR root [0x00008034] [2017-11-20 20:04:05,013] - Player::onCellWriteToDBCompleted(10008): not found dbmgr!
 ERROR root [0x00008034] [2017-11-20 20:04:05,013] - Base::onDestroy: not found dbmgr!
 DEBUG root [0x00008034] [2017-11-20 20:04:05,014] - Games::~Games(): 10001
 DEBUG root [0x00008034] [2017-11-20 20:04:05,014] - Ranks::~Ranks(): 10002
 ERROR root [0x00008034] [2017-11-20 20:04:05,014] - EntityGarbages::~EntityGarbages(): leaked, size=10.
 ERROR root [0x00008034] [2017-11-20 20:04:05,014] - 	--> leaked: Player(10009).
 ERROR root [0x00008034] [2017-11-20 20:04:05,015] - 	--> leaked: DdzGame(10003).
 ERROR root [0x00008034] [2017-11-20 20:04:05,015] - 	--> leaked: DdzHall(10004).
 ERROR root [0x00008034] [2017-11-20 20:04:05,015] - 	--> leaked: DdzHall(10005).
 ERROR root [0x00008034] [2017-11-20 20:04:05,016] - 	--> leaked: DdzHall(10006).
 ERROR root [0x00008034] [2017-11-20 20:04:05,016] - 	--> leaked: DdzHall(10007).
 ERROR root [0x00008034] [2017-11-20 20:04:05,016] - 	--> leaked: Player(10008).
 ERROR root [0x00008034] [2017-11-20 20:04:05,017] - 	--> leaked: DdzAvatar(10010).
 ERROR root [0x00008034] [2017-11-20 20:04:05,017] - 	--> leaked: DdzAvatar(10011).
 ERROR root [0x00008034] [2017-11-20 20:04:05,018] - 	--> leaked: DdzRoom(10012).
 ERROR root [0x00008034] [2017-11-20 20:04:05,019] - PyGC::debugTracing(): Base : leaked(10)
 ERROR root [0x00008034] [2017-11-20 20:04:05,019] - PyGC::debugTracing(): EntityMailbox : leaked(5)
 DEBUG root [0x00008034] [2017-11-20 20:04:05,020] - Script::uninstall_py_dlls(): PyInit_pyexpat
 DEBUG root [0x00008034] [2017-11-20 20:04:05,020] - Script::uninstall_py_dlls(): PyInit__socket
 DEBUG root [0x00008034] [2017-11-20 20:04:05,020] - Script::uninstall_py_dlls(): PyInit__hashlib
 DEBUG root [0x00008034] [2017-11-20 20:04:05,020] - Script::uninstall_py_dlls(): PyInit_select
 DEBUG root [0x00008034] [2017-11-20 20:04:05,020] - Script::uninstall_py_dlls(): PyInit__ctypes
 DEBUG root [0x00008034] [2017-11-20 20:04:05,020] - Script::uninstall_py_dlls(): PyInit__elementtree
 DEBUG root [0x00008034] [2017-11-20 20:04:05,020] - Script::uninstall_py_dlls(): PyInit_unicodedata
 DEBUG root [0x00008034] [2017-11-20 20:04:05,023] - DdzHall::~DdzHall(): 10005
 DEBUG root [0x00008034] [2017-11-20 20:04:05,023] - DdzHall::~DdzHall(): 10006
 DEBUG root [0x00008034] [2017-11-20 20:04:05,023] - DdzHall::~DdzHall(): 10007
 DEBUG root [0x00008034] [2017-11-20 20:04:05,023] - Player::~Player(): 10008
 DEBUG root [0x00008034] [2017-11-20 20:04:05,023] - Player::~Player(): 10009
 DEBUG root [0x00008034] [2017-11-20 20:04:05,023] - DdzGame::~DdzGame(): 10003
 DEBUG root [0x00008034] [2017-11-20 20:04:05,024] - DdzHall::~DdzHall(): 10004
 DEBUG root [0x00008034] [2017-11-20 20:04:05,024] - DdzAvatar::~DdzAvatar(): 10010
 DEBUG root [0x00008034] [2017-11-20 20:04:05,024] - DdzRoom::~DdzRoom(): 10012
 DEBUG root [0x00008034] [2017-11-20 20:04:05,024] - DdzAvatar::~DdzAvatar(): 10011
  INFO root [0x00008034] [2017-11-20 20:04:05,033] - Script::uninstall(): is successfully!
 DEBUG root [0x00008034] [2017-11-20 20:04:05,033] - ThreadPool::destroy(): starting size 2.
  WARN root [0x00008034] [2017-11-20 20:04:05,334] - ThreadPool::destroy(): waiting for thread(2)[0x1fd7fd0,0x1fd8858,], try=1
  INFO root [0x00008324] [2017-11-20 20:04:10,393] - 
  INFO root [0x00008324] [2017-11-20 20:04:10,393] - -----------------------------------------------------------------------------------------


  INFO root [0x00008324] [2017-11-20 20:04:10,394] - Resmgr::initialize: KBE_ROOT=C:/Users/hyc/Desktop/kbengine/
  INFO root [0x00008324] [2017-11-20 20:04:10,394] - Resmgr::initialize: KBE_RES_PATH=C:/Users/hyc/Desktop/kbengine/kbe/res/;C:/Users/hyc/Desktop/kbengine/llgame/;C:/Users/hyc/Desktop/kbengine/llgame/scripts/;C:/Users/hyc/Desktop/kbengine/llgame/res/
  INFO root [0x00008324] [2017-11-20 20:04:10,394] - Resmgr::initialize: KBE_BIN_PATH=C:/Users/hyc/Desktop/kbengine/kbe/bin/server/
  INFO root [0x00008324] [2017-11-20 20:04:10,396] - NetworkInterface::recreateListeningSocket(EXTERNAL): bound to all interfaces with default route interface on 172.16.4.154 ( 172.16.4.154:20015 )
  INFO root [0x00008324] [2017-11-20 20:04:10,397] - NetworkInterface::recreateListeningSocket(EXTERNAL): address 172.16.4.154:20015, SOMAXCONN=128.
  INFO root [0x00008324] [2017-11-20 20:04:10,398] - NetworkInterface::recreateListeningSocket(INTERNAL): bound to all interfaces with default route interface on 172.16.4.154 ( 172.16.4.154:59454 )
  INFO root [0x00008324] [2017-11-20 20:04:10,399] - NetworkInterface::recreateListeningSocket(INTERNAL): address 172.16.4.154:59454, SOMAXCONN=128.
  INFO root [0x00008324] [2017-11-20 20:04:10,399] - server-configs:
  INFO root [0x00008324] [2017-11-20 20:04:10,399] - 	gameUpdateHertz : 30
  INFO root [0x00008324] [2017-11-20 20:04:10,399] - 	entryScriptFile : kbemain
  INFO root [0x00008324] [2017-11-20 20:04:10,399] - 	internalAddr : 172.16.4.154:59454
  INFO root [0x00008324] [2017-11-20 20:04:10,399] - 	externalAddr : 172.16.4.154:20015
  INFO root [0x00008324] [2017-11-20 20:04:10,399] - 	componentID : 7001
  INFO root [0x00008324] [2017-11-20 20:04:10,841] - Components::findLogger: found logger, addr:172.16.4.154:59450
  INFO root [0x00008324] [2017-11-20 20:04:10,841] - Components::addComponent: reset orderLog, uid=1001!
  INFO root [0x00008324] [2017-11-20 20:04:10,841] - Components::addComponent[logger], uid=1001, componentID=2000, globalorderid=1, grouporderid=1, totalcount=1
  INFO root [0x00008324] [2017-11-20 20:04:10,846] - ---- baseapp Version: 0.9.12. ScriptVersion: 0.1.0. Protocol: 3832E49F6CC47A66EFBA02ABD3118CFB. Config: Debug X86. Built: 16:14:02 Jul  7 2017. AppID: 7001. UID: 1001. PID: 33696 ----
  INFO root [0x00008324] [2017-11-20 20:04:10,846] - Server : Intel(R) Core(TM) i5-4590 CPU @ 3.30GHz with 4194303kB RAM
  INFO root [0x00008324] [2017-11-20 20:04:10,846] - ThreadPool::createThreadPool: creating  threadpool...
  INFO root [0x00008324] [2017-11-20 20:04:10,846] - ThreadPool::createThreadPool: successfully(2), newThreadCount=1, normalMaxThreadCount=2, maxThreadCount=8
 DEBUG root [0x00008324] [2017-11-20 20:04:10,974] - Script::install_py_dlls(): PyInit_pyexpat
 DEBUG root [0x00008324] [2017-11-20 20:04:10,975] - Script::install_py_dlls(): PyInit__socket
 DEBUG root [0x00008324] [2017-11-20 20:04:10,975] - Script::install_py_dlls(): PyInit__hashlib
 DEBUG root [0x00008324] [2017-11-20 20:04:10,978] - Script::install_py_dlls(): PyInit_select
 DEBUG root [0x00008324] [2017-11-20 20:04:10,978] - Script::install_py_dlls(): PyInit__ctypes
 DEBUG root [0x00008324] [2017-11-20 20:04:10,978] - Script::install_py_dlls(): PyInit__elementtree
 DEBUG root [0x00008324] [2017-11-20 20:04:11,053] - Script::install_py_dlls(): PyInit_unicodedata
  INFO root [0x00008324] [2017-11-20 20:04:11,120] - Script::install(): is successfully, Python=(3.4.2 (default, Jul  7 2017, 16:13:50) [MSC v.1800 32 bit (Intel)])!
  INFO root [0x00008324] [2017-11-20 20:04:11,120] - Script::install(): KBExtra is successfully!
SCRIPT root [0x00008324] [2017-11-20 20:04:11,130] - 1
 DEBUG root [0x00008324] [2017-11-20 20:04:11,206] - loaded script:Player(1).
 DEBUG root [0x00008324] [2017-11-20 20:04:11,215] - loaded script:DdzAvatar(2).
 DEBUG root [0x00008324] [2017-11-20 20:04:11,222] - loaded script:Ranks(3).
 DEBUG root [0x00008324] [2017-11-20 20:04:11,224] - loaded script:Games(4).
 DEBUG root [0x00008324] [2017-11-20 20:04:11,226] - loaded script:DdzGame(5).
 DEBUG root [0x00008324] [2017-11-20 20:04:11,227] - loaded script:DdzHall(6).
 DEBUG root [0x00008324] [2017-11-20 20:04:11,243] - loaded script:DdzRoom(7).
 DEBUG root [0x00008324] [2017-11-20 20:04:11,244] - loaded script:ZjhHall(8).
 DEBUG root [0x00008324] [2017-11-20 20:04:11,246] - loaded script:ZjhRoom(9).
  INFO root [0x00008324] [2017-11-20 20:04:11,246] - Baseapp::initializeEnd: started resmgr tick(60s)!
  INFO root [0x00008324] [2017-11-20 20:04:11,248] - TelnetServer server is running on port 40000
  INFO root [0x00008324] [2017-11-20 20:04:11,509] - ---- baseapp is running ----
 DEBUG root [0x00008324] [2017-11-20 20:04:11,509] - Components::process(): Request for the process of identity...
  WARN root [0x00008324] [2017-11-20 20:04:17,602] - Forwarding logs to logger[172.16.4.154:59450/0/0/0]...
