  INFO root [0x000017e4] [2017-11-19 22:53:16,153] - 
  INFO root [0x000017e4] [2017-11-19 22:53:16,153] - -----------------------------------------------------------------------------------------


  INFO root [0x000017e4] [2017-11-19 22:53:16,153] - Resmgr::initialize: KBE_ROOT=C:/Users/hyc/Desktop/kbengine/
  INFO root [0x000017e4] [2017-11-19 22:53:16,153] - Resmgr::initialize: KBE_RES_PATH=C:/Users/hyc/Desktop/kbengine/kbe/res/;C:/Users/hyc/Desktop/kbengine/llgame/;C:/Users/hyc/Desktop/kbengine/llgame/scripts/;C:/Users/hyc/Desktop/kbengine/llgame/res/
  INFO root [0x000017e4] [2017-11-19 22:53:16,153] - Resmgr::initialize: KBE_BIN_PATH=C:/Users/hyc/Desktop/kbengine/kbe/bin/server/
  INFO root [0x000017e4] [2017-11-19 22:53:16,153] - NetworkInterface::recreateListeningSocket(EXTERNAL): bound to all interfaces with default route interface on 192.168.31.219 ( 192.168.31.219:20015 )
  INFO root [0x000017e4] [2017-11-19 22:53:16,153] - NetworkInterface::recreateListeningSocket(EXTERNAL): address 192.168.31.219:20015, SOMAXCONN=128.
  INFO root [0x000017e4] [2017-11-19 22:53:16,153] - NetworkInterface::recreateListeningSocket(INTERNAL): bound to all interfaces with default route interface on 192.168.31.219 ( 192.168.31.219:11878 )
  INFO root [0x000017e4] [2017-11-19 22:53:16,153] - NetworkInterface::recreateListeningSocket(INTERNAL): address 192.168.31.219:11878, SOMAXCONN=128.
  INFO root [0x000017e4] [2017-11-19 22:53:16,153] - server-configs:
  INFO root [0x000017e4] [2017-11-19 22:53:16,153] - 	gameUpdateHertz : 30
  INFO root [0x000017e4] [2017-11-19 22:53:16,169] - 	entryScriptFile : kbemain
  INFO root [0x000017e4] [2017-11-19 22:53:16,169] - 	internalAddr : 192.168.31.219:11878
  INFO root [0x000017e4] [2017-11-19 22:53:16,169] - 	externalAddr : 192.168.31.219:20015
  INFO root [0x000017e4] [2017-11-19 22:53:16,169] - 	componentID : 7001
  INFO root [0x000017e4] [2017-11-19 22:53:17,903] - ---- baseapp Version: 0.9.12. ScriptVersion: 0.1.0. Protocol: C45504842858A349B18A36DF145466E7. Config: Debug X86. Built: 00:49:14 Jul  1 2017. AppID: 7001. UID: 1001. PID: 4936 ----
  INFO root [0x000017e4] [2017-11-19 22:53:17,903] - Server : Intel(R) Core(TM) i7-4870HQ CPU @ 2.50GHz with 4176404kB RAM
  INFO root [0x000017e4] [2017-11-19 22:53:17,919] - ThreadPool::createThreadPool: creating  threadpool...
  INFO root [0x000017e4] [2017-11-19 22:53:17,919] - ThreadPool::createThreadPool: successfully(2), newThreadCount=1, normalMaxThreadCount=2, maxThreadCount=8
 DEBUG root [0x000017e4] [2017-11-19 22:53:18,075] - Script::install_py_dlls(): PyInit_pyexpat
 DEBUG root [0x000017e4] [2017-11-19 22:53:18,075] - Script::install_py_dlls(): PyInit__socket
 DEBUG root [0x000017e4] [2017-11-19 22:53:18,075] - Script::install_py_dlls(): PyInit__hashlib
 DEBUG root [0x000017e4] [2017-11-19 22:53:18,075] - Script::install_py_dlls(): PyInit_select
 DEBUG root [0x000017e4] [2017-11-19 22:53:18,075] - Script::install_py_dlls(): PyInit__ctypes
 DEBUG root [0x000017e4] [2017-11-19 22:53:18,075] - Script::install_py_dlls(): PyInit__elementtree
 DEBUG root [0x000017e4] [2017-11-19 22:53:18,122] - Script::install_py_dlls(): PyInit_unicodedata
  INFO root [0x000017e4] [2017-11-19 22:53:18,169] - Script::install(): is successfully, Python=(3.4.2 (default, Jul  1 2017, 00:49:00) [MSC v.1800 32 bit (Intel)])!
  INFO root [0x000017e4] [2017-11-19 22:53:18,169] - Script::install(): KBExtra is successfully!
SCRIPT root [0x000017e4] [2017-11-19 22:53:18,169] - 1
 DEBUG root [0x000017e4] [2017-11-19 22:53:18,247] - loaded script:Player(1).
 DEBUG root [0x000017e4] [2017-11-19 22:53:18,263] - loaded script:DdzAvatar(2).
 DEBUG root [0x000017e4] [2017-11-19 22:53:18,263] - loaded script:Ranks(3).
 DEBUG root [0x000017e4] [2017-11-19 22:53:18,263] - loaded script:Games(4).
 DEBUG root [0x000017e4] [2017-11-19 22:53:18,263] - loaded script:DdzGame(5).
 DEBUG root [0x000017e4] [2017-11-19 22:53:18,263] - loaded script:DdzHall(6).
 DEBUG root [0x000017e4] [2017-11-19 22:53:18,278] - loaded script:DdzRoom(7).
 DEBUG root [0x000017e4] [2017-11-19 22:53:18,278] - loaded script:ZjhHall(8).
 DEBUG root [0x000017e4] [2017-11-19 22:53:18,278] - loaded script:ZjhRoom(9).
  INFO root [0x000017e4] [2017-11-19 22:53:18,278] - Baseapp::initializeEnd: started resmgr tick(60s)!
  INFO root [0x000017e4] [2017-11-19 22:53:18,278] - TelnetServer server is running on port 40000
  INFO root [0x000017e4] [2017-11-19 22:53:18,591] - ---- baseapp is running ----
 DEBUG root [0x000017e4] [2017-11-19 22:53:18,591] - Components::process(): Request for the process of identity...
  WARN root [0x000017e4] [2017-11-19 22:53:24,685] - EntityApp::checkTickPeriod: tick took 18454% (18.45 seconds)!
  INFO root [0x000017e4] [2017-11-19 22:53:25,701] - Components::findComponents: find logger(1)...
  INFO root [0x000017e4] [2017-11-19 22:53:25,795] - Components::findComponents: found logger, addr:192.168.31.219:11873
  INFO root [0x000017e4] [2017-11-19 22:53:25,795] - Components::addComponent: reset orderLog, uid=1001!
  INFO root [0x000017e4] [2017-11-19 22:53:25,795] - Components::addComponent[logger], uid=1001, componentID=2000, globalorderid=1, grouporderid=1, totalcount=1
  INFO root [0x000017e4] [2017-11-19 22:53:25,795] - Components::findComponents: find dbmgr(2)...
  INFO root [0x000017e4] [2017-11-19 22:53:25,904] - Components::findComponents: found dbmgr, addr:192.168.31.219:11879
  INFO root [0x000017e4] [2017-11-19 22:53:25,904] - Components::addComponent: reset orderLog, uid=1001!
  INFO root [0x000017e4] [2017-11-19 22:53:25,904] - Components::addComponent[dbmgr], uid=1001, componentID=4000, globalorderid=1, grouporderid=1, totalcount=1
  INFO root [0x000017e4] [2017-11-19 22:53:25,904] - Components::findComponents: found dbmgr, addr:192.168.31.219:11879
  WARN root [0x000017e4] [2017-11-19 22:53:26,919] - EntityApp::checkTickPeriod: tick took 3784% (3.78 seconds)!
  WARN root [0x000017e4] [2017-11-19 22:53:26,919] - Forwarding logs to logger[192.168.31.219:11873/0/0/0]...
 ERROR root [0x000017e4] [2017-11-19 22:53:36,997] - Components::removeComponentByChannel: logger : 2000, Abnormal exit! errorno=10054
  INFO root [0x000017e4] [2017-11-19 22:53:37,013] - The following logs sent to logger failed:
  WARN root [0x000017e4] [2017-11-19 22:53:37,013] - ==> [2017-11-19 22:53:36 997] TCPPacketReceiver::processPendingEvents(192.168.31.219:11873): Throwing REASON_GENERAL_NETWORK - WSAECONNRESET
 ERROR root [0x000017e4] [2017-11-19 22:53:37,013] - ==> [2017-11-19 22:53:36 997] Components::removeComponentByChannel: logger : 2000, Abnormal exit! errorno=10054
  WARN root [0x000017e4] [2017-11-19 22:53:37,028] - TCPPacketReceiver::processPendingEvents(192.168.31.219:11879): Throwing REASON_GENERAL_NETWORK - WSAECONNRESET
 ERROR root [0x000017e4] [2017-11-19 22:53:37,028] - Components::removeComponentByChannel: dbmgr : 4000, Abnormal exit! errorno=10054
  INFO root [0x000017e4] [2017-11-19 22:53:37,044] - Shutdowner::onShutdownBegin: shutting down(period=0, tickPeriod=1)
S_INFO root [0x000017e4] [2017-11-19 22:53:37,044] - onBaseAppShutDown: state=0
  INFO root [0x000017e4] [2017-11-19 22:53:37,044] - Shutdowner::onShutdown: shutting down
S_INFO root [0x000017e4] [2017-11-19 22:53:37,044] - onBaseAppShutDown: state=1
  INFO root [0x000017e4] [2017-11-19 22:53:37,044] - Shutdowner::onShutdownEnd: shutting down
S_INFO root [0x000017e4] [2017-11-19 22:53:37,044] - onBaseAppShutDown: state=2
 DEBUG root [0x000017e4] [2017-11-19 22:53:37,060] - Script::uninstall_py_dlls(): PyInit_pyexpat
 DEBUG root [0x000017e4] [2017-11-19 22:53:37,060] - Script::uninstall_py_dlls(): PyInit__socket
 DEBUG root [0x000017e4] [2017-11-19 22:53:37,060] - Script::uninstall_py_dlls(): PyInit__hashlib
 DEBUG root [0x000017e4] [2017-11-19 22:53:37,060] - Script::uninstall_py_dlls(): PyInit_select
 DEBUG root [0x000017e4] [2017-11-19 22:53:37,060] - Script::uninstall_py_dlls(): PyInit__ctypes
 DEBUG root [0x000017e4] [2017-11-19 22:53:37,060] - Script::uninstall_py_dlls(): PyInit__elementtree
 DEBUG root [0x000017e4] [2017-11-19 22:53:37,060] - Script::uninstall_py_dlls(): PyInit_unicodedata
  INFO root [0x000017e4] [2017-11-19 22:53:37,075] - Script::uninstall(): is successfully!
 DEBUG root [0x000017e4] [2017-11-19 22:53:37,075] - ThreadPool::destroy(): starting size 2.
