 ERROR root [0x000372fc] [2017-11-15 16:27:42,743] - Components::removeComponentByChannel: logger : 2000, Abnormal exit! errorno=10054
  INFO root [0x000372fc] [2017-11-15 16:27:42,745] - The following logs sent to logger failed:
  WARN root [0x000372fc] [2017-11-15 16:27:42,746] - ==> [2017-11-15 16:27:42 743] TCPPacketReceiver::processPendingEvents(172.16.4.154:50054): Throwing REASON_GENERAL_NETWORK - WSAECONNRESET
 ERROR root [0x000372fc] [2017-11-15 16:27:42,746] - ==> [2017-11-15 16:27:42 744] Components::removeComponentByChannel: logger : 2000, Abnormal exit! errorno=10054
  WARN root [0x000372fc] [2017-11-15 16:27:42,954] - TCPPacketReceiver::processPendingEvents(172.16.4.154:50055): Throwing REASON_GENERAL_NETWORK - WSAECONNRESET
 ERROR root [0x000372fc] [2017-11-15 16:27:42,958] - Components::removeComponentByChannel: dbmgr : 4000, Abnormal exit! errorno=10054
  INFO root [0x000372fc] [2017-11-15 16:27:42,960] - Shutdowner::onShutdownBegin: shutting down(period=0, tickPeriod=1)
S_INFO root [0x000372fc] [2017-11-15 16:27:42,961] - onBaseAppShutDown: state=0
  INFO root [0x000372fc] [2017-11-15 16:27:42,961] - Shutdowner::onShutdown: shutting down
S_INFO root [0x000372fc] [2017-11-15 16:27:42,961] - onBaseAppShutDown: state=1
  INFO root [0x000372fc] [2017-11-15 16:27:42,961] - Shutdowner::onShutdownEnd: shutting down
S_INFO root [0x000372fc] [2017-11-15 16:27:42,961] - onBaseAppShutDown: state=2
 DEBUG root [0x000372fc] [2017-11-15 16:27:42,970] - DdzHall::~DdzHall(): 10004
 DEBUG root [0x000372fc] [2017-11-15 16:27:42,970] - DdzHall::~DdzHall(): 10005
 DEBUG root [0x000372fc] [2017-11-15 16:27:42,970] - DdzHall::~DdzHall(): 10006
 DEBUG root [0x000372fc] [2017-11-15 16:27:42,970] - DdzHall::~DdzHall(): 10007
 DEBUG root [0x000372fc] [2017-11-15 16:27:42,970] - DdzGame::~DdzGame(): 10003
 DEBUG root [0x000372fc] [2017-11-15 16:27:42,970] - Games::~Games(): 10001
 DEBUG root [0x000372fc] [2017-11-15 16:27:42,971] - Ranks::~Ranks(): 10002
 DEBUG root [0x000372fc] [2017-11-15 16:27:42,972] - Script::uninstall_py_dlls(): PyInit_pyexpat
 DEBUG root [0x000372fc] [2017-11-15 16:27:42,972] - Script::uninstall_py_dlls(): PyInit__socket
 DEBUG root [0x000372fc] [2017-11-15 16:27:42,972] - Script::uninstall_py_dlls(): PyInit__hashlib
 DEBUG root [0x000372fc] [2017-11-15 16:27:42,972] - Script::uninstall_py_dlls(): PyInit_select
 DEBUG root [0x000372fc] [2017-11-15 16:27:42,972] - Script::uninstall_py_dlls(): PyInit__ctypes
 DEBUG root [0x000372fc] [2017-11-15 16:27:42,972] - Script::uninstall_py_dlls(): PyInit__elementtree
 DEBUG root [0x000372fc] [2017-11-15 16:27:42,972] - Script::uninstall_py_dlls(): PyInit_unicodedata
  INFO root [0x000372fc] [2017-11-15 16:27:42,984] - Script::uninstall(): is successfully!
 DEBUG root [0x000372fc] [2017-11-15 16:27:42,984] - ThreadPool::destroy(): starting size 2.
  WARN root [0x000372fc] [2017-11-15 16:27:43,285] - ThreadPool::destroy(): waiting for thread(2)[0x26485e8,0x2648650,], try=1
  INFO root [0x0003f3b4] [2017-11-15 16:27:49,826] - 
  INFO root [0x0003f3b4] [2017-11-15 16:27:49,826] - -----------------------------------------------------------------------------------------


  INFO root [0x0003f3b4] [2017-11-15 16:27:49,827] - Resmgr::initialize: KBE_ROOT=C:/Users/hyc/Desktop/kbengine/
  INFO root [0x0003f3b4] [2017-11-15 16:27:49,827] - Resmgr::initialize: KBE_RES_PATH=C:/Users/hyc/Desktop/kbengine/kbe/res/;C:/Users/hyc/Desktop/kbengine/llgame/;C:/Users/hyc/Desktop/kbengine/llgame/scripts/;C:/Users/hyc/Desktop/kbengine/llgame/res/
  INFO root [0x0003f3b4] [2017-11-15 16:27:49,827] - Resmgr::initialize: KBE_BIN_PATH=C:/Users/hyc/Desktop/kbengine/kbe/bin/server/
  INFO root [0x0003f3b4] [2017-11-15 16:27:49,829] - NetworkInterface::recreateListeningSocket(EXTERNAL): bound to all interfaces with default route interface on 172.16.4.154 ( 172.16.4.154:20015 )
  INFO root [0x0003f3b4] [2017-11-15 16:27:49,830] - NetworkInterface::recreateListeningSocket(EXTERNAL): address 172.16.4.154:20015, SOMAXCONN=128.
  INFO root [0x0003f3b4] [2017-11-15 16:27:49,831] - NetworkInterface::recreateListeningSocket(INTERNAL): bound to all interfaces with default route interface on 172.16.4.154 ( 172.16.4.154:54422 )
  INFO root [0x0003f3b4] [2017-11-15 16:27:49,832] - NetworkInterface::recreateListeningSocket(INTERNAL): address 172.16.4.154:54422, SOMAXCONN=128.
  INFO root [0x0003f3b4] [2017-11-15 16:27:49,832] - server-configs:
  INFO root [0x0003f3b4] [2017-11-15 16:27:49,832] - 	gameUpdateHertz : 30
  INFO root [0x0003f3b4] [2017-11-15 16:27:49,832] - 	entryScriptFile : kbemain
  INFO root [0x0003f3b4] [2017-11-15 16:27:49,832] - 	internalAddr : 172.16.4.154:54422
  INFO root [0x0003f3b4] [2017-11-15 16:27:49,832] - 	externalAddr : 172.16.4.154:20015
  INFO root [0x0003f3b4] [2017-11-15 16:27:49,832] - 	componentID : 7001
  INFO root [0x0003f3b4] [2017-11-15 16:27:50,306] - Components::findLogger: found logger, addr:172.16.4.154:54418
  INFO root [0x0003f3b4] [2017-11-15 16:27:50,306] - Components::addComponent: reset orderLog, uid=1001!
  INFO root [0x0003f3b4] [2017-11-15 16:27:50,306] - Components::addComponent[logger], uid=1001, componentID=2000, globalorderid=1, grouporderid=1, totalcount=1
  INFO root [0x0003f3b4] [2017-11-15 16:27:50,311] - ---- baseapp Version: 0.9.12. ScriptVersion: 0.1.0. Protocol: 3832E49F6CC47A66EFBA02ABD3118CFB. Config: Debug X86. Built: 16:14:02 Jul  7 2017. AppID: 7001. UID: 1001. PID: 259028 ----
  INFO root [0x0003f3b4] [2017-11-15 16:27:50,311] - Server : Intel(R) Core(TM) i5-4590 CPU @ 3.30GHz with 4194303kB RAM
  INFO root [0x0003f3b4] [2017-11-15 16:27:50,312] - ThreadPool::createThreadPool: creating  threadpool...
  INFO root [0x0003f3b4] [2017-11-15 16:27:50,312] - ThreadPool::createThreadPool: successfully(2), newThreadCount=1, normalMaxThreadCount=2, maxThreadCount=8
 DEBUG root [0x0003f3b4] [2017-11-15 16:27:50,442] - Script::install_py_dlls(): PyInit_pyexpat
 DEBUG root [0x0003f3b4] [2017-11-15 16:27:50,442] - Script::install_py_dlls(): PyInit__socket
 DEBUG root [0x0003f3b4] [2017-11-15 16:27:50,442] - Script::install_py_dlls(): PyInit__hashlib
 DEBUG root [0x0003f3b4] [2017-11-15 16:27:50,445] - Script::install_py_dlls(): PyInit_select
 DEBUG root [0x0003f3b4] [2017-11-15 16:27:50,445] - Script::install_py_dlls(): PyInit__ctypes
 DEBUG root [0x0003f3b4] [2017-11-15 16:27:50,445] - Script::install_py_dlls(): PyInit__elementtree
 DEBUG root [0x0003f3b4] [2017-11-15 16:27:50,478] - Script::install_py_dlls(): PyInit_unicodedata
  INFO root [0x0003f3b4] [2017-11-15 16:27:50,512] - Script::install(): is successfully, Python=(3.4.2 (default, Jul  7 2017, 16:13:50) [MSC v.1800 32 bit (Intel)])!
  INFO root [0x0003f3b4] [2017-11-15 16:27:50,512] - Script::install(): KBExtra is successfully!
SCRIPT root [0x0003f3b4] [2017-11-15 16:27:50,521] - 1
 DEBUG root [0x0003f3b4] [2017-11-15 16:27:50,605] - loaded script:Player(1).
 DEBUG root [0x0003f3b4] [2017-11-15 16:27:50,611] - loaded script:DdzAvatar(2).
 DEBUG root [0x0003f3b4] [2017-11-15 16:27:50,617] - loaded script:Ranks(3).
 DEBUG root [0x0003f3b4] [2017-11-15 16:27:50,619] - loaded script:Games(4).
 DEBUG root [0x0003f3b4] [2017-11-15 16:27:50,620] - loaded script:DdzGame(5).
 DEBUG root [0x0003f3b4] [2017-11-15 16:27:50,643] - loaded script:DdzHall(6).
 DEBUG root [0x0003f3b4] [2017-11-15 16:27:50,644] - loaded script:DdzRoom(7).
 DEBUG root [0x0003f3b4] [2017-11-15 16:27:50,645] - loaded script:ZjhHall(8).
 DEBUG root [0x0003f3b4] [2017-11-15 16:27:50,647] - loaded script:ZjhRoom(9).
  INFO root [0x0003f3b4] [2017-11-15 16:27:50,647] - Baseapp::initializeEnd: started resmgr tick(60s)!
  INFO root [0x0003f3b4] [2017-11-15 16:27:50,648] - TelnetServer server is running on port 40000
  INFO root [0x0003f3b4] [2017-11-15 16:27:50,908] - ---- baseapp is running ----
 DEBUG root [0x0003f3b4] [2017-11-15 16:27:50,910] - Components::process(): Request for the process of identity...
  WARN root [0x0003f3b4] [2017-11-15 16:27:57,486] - Forwarding logs to logger[172.16.4.154:54418/0/0/0]...
 ERROR root [0x0003f3b4] [2017-11-15 16:36:33,833] - Components::removeComponentByChannel: logger : 2000, Abnormal exit! errorno=10054
  INFO root [0x0003f3b4] [2017-11-15 16:36:33,839] - The following logs sent to logger failed:
  WARN root [0x0003f3b4] [2017-11-15 16:36:33,839] - ==> [2017-11-15 16:36:33 833] TCPPacketReceiver::processPendingEvents(172.16.4.154:54418): Throwing REASON_GENERAL_NETWORK - WSAECONNRESET
 ERROR root [0x0003f3b4] [2017-11-15 16:36:33,839] - ==> [2017-11-15 16:36:33 833] Components::removeComponentByChannel: logger : 2000, Abnormal exit! errorno=10054
  WARN root [0x0003f3b4] [2017-11-15 16:36:34,043] - TCPPacketReceiver::processPendingEvents(172.16.4.154:54420): Throwing REASON_GENERAL_NETWORK - WSAECONNRESET
 ERROR root [0x0003f3b4] [2017-11-15 16:36:34,043] - Components::removeComponentByChannel: dbmgr : 4000, Abnormal exit! errorno=10054
  INFO root [0x0003f3b4] [2017-11-15 16:36:34,043] - Shutdowner::onShutdownBegin: shutting down(period=0, tickPeriod=1)
S_INFO root [0x0003f3b4] [2017-11-15 16:36:34,044] - onBaseAppShutDown: state=0
  INFO root [0x0003f3b4] [2017-11-15 16:36:34,044] - Shutdowner::onShutdown: shutting down
S_INFO root [0x0003f3b4] [2017-11-15 16:36:34,044] - onBaseAppShutDown: state=1
  INFO root [0x0003f3b4] [2017-11-15 16:36:34,044] - Shutdowner::onShutdownEnd: shutting down
S_INFO root [0x0003f3b4] [2017-11-15 16:36:34,044] - onBaseAppShutDown: state=2
 DEBUG root [0x0003f3b4] [2017-11-15 16:36:34,053] - Player::~Player(): 8
 DEBUG root [0x0003f3b4] [2017-11-15 16:36:34,054] - DdzHall::~DdzHall(): 4
 DEBUG root [0x0003f3b4] [2017-11-15 16:36:34,054] - DdzHall::~DdzHall(): 5
 DEBUG root [0x0003f3b4] [2017-11-15 16:36:34,054] - DdzHall::~DdzHall(): 6
 DEBUG root [0x0003f3b4] [2017-11-15 16:36:34,054] - DdzHall::~DdzHall(): 7
 DEBUG root [0x0003f3b4] [2017-11-15 16:36:34,054] - DdzGame::~DdzGame(): 3
 DEBUG root [0x0003f3b4] [2017-11-15 16:36:34,054] - Games::~Games(): 1
 DEBUG root [0x0003f3b4] [2017-11-15 16:36:34,054] - Ranks::~Ranks(): 2
 DEBUG root [0x0003f3b4] [2017-11-15 16:36:34,055] - Script::uninstall_py_dlls(): PyInit_pyexpat
 DEBUG root [0x0003f3b4] [2017-11-15 16:36:34,056] - Script::uninstall_py_dlls(): PyInit__socket
 DEBUG root [0x0003f3b4] [2017-11-15 16:36:34,056] - Script::uninstall_py_dlls(): PyInit__hashlib
 DEBUG root [0x0003f3b4] [2017-11-15 16:36:34,056] - Script::uninstall_py_dlls(): PyInit_select
 DEBUG root [0x0003f3b4] [2017-11-15 16:36:34,056] - Script::uninstall_py_dlls(): PyInit__ctypes
 DEBUG root [0x0003f3b4] [2017-11-15 16:36:34,056] - Script::uninstall_py_dlls(): PyInit__elementtree
 DEBUG root [0x0003f3b4] [2017-11-15 16:36:34,056] - Script::uninstall_py_dlls(): PyInit_unicodedata
  INFO root [0x0003f3b4] [2017-11-15 16:36:34,067] - Script::uninstall(): is successfully!
 DEBUG root [0x0003f3b4] [2017-11-15 16:36:34,067] - ThreadPool::destroy(): starting size 2.
  WARN root [0x0003f3b4] [2017-11-15 16:36:34,368] - ThreadPool::destroy(): waiting for thread(2)[0x10098c8,0x1009930,], try=1
  INFO root [0x0003f3c8] [2017-11-15 16:36:40,781] - 
  INFO root [0x0003f3c8] [2017-11-15 16:36:40,782] - -----------------------------------------------------------------------------------------


  INFO root [0x0003f3c8] [2017-11-15 16:36:40,782] - Resmgr::initialize: KBE_ROOT=C:/Users/hyc/Desktop/kbengine/
  INFO root [0x0003f3c8] [2017-11-15 16:36:40,783] - Resmgr::initialize: KBE_RES_PATH=C:/Users/hyc/Desktop/kbengine/kbe/res/;C:/Users/hyc/Desktop/kbengine/llgame/;C:/Users/hyc/Desktop/kbengine/llgame/scripts/;C:/Users/hyc/Desktop/kbengine/llgame/res/
  INFO root [0x0003f3c8] [2017-11-15 16:36:40,783] - Resmgr::initialize: KBE_BIN_PATH=C:/Users/hyc/Desktop/kbengine/kbe/bin/server/
  INFO root [0x0003f3c8] [2017-11-15 16:36:40,784] - NetworkInterface::recreateListeningSocket(EXTERNAL): bound to all interfaces with default route interface on 172.16.4.154 ( 172.16.4.154:20015 )
  INFO root [0x0003f3c8] [2017-11-15 16:36:40,785] - NetworkInterface::recreateListeningSocket(EXTERNAL): address 172.16.4.154:20015, SOMAXCONN=128.
  INFO root [0x0003f3c8] [2017-11-15 16:36:40,786] - NetworkInterface::recreateListeningSocket(INTERNAL): bound to all interfaces with default route interface on 172.16.4.154 ( 172.16.4.154:54605 )
  INFO root [0x0003f3c8] [2017-11-15 16:36:40,787] - NetworkInterface::recreateListeningSocket(INTERNAL): address 172.16.4.154:54605, SOMAXCONN=128.
  INFO root [0x0003f3c8] [2017-11-15 16:36:40,788] - server-configs:
  INFO root [0x0003f3c8] [2017-11-15 16:36:40,788] - 	gameUpdateHertz : 30
  INFO root [0x0003f3c8] [2017-11-15 16:36:40,788] - 	entryScriptFile : kbemain
  INFO root [0x0003f3c8] [2017-11-15 16:36:40,788] - 	internalAddr : 172.16.4.154:54605
  INFO root [0x0003f3c8] [2017-11-15 16:36:40,788] - 	externalAddr : 172.16.4.154:20015
  INFO root [0x0003f3c8] [2017-11-15 16:36:40,788] - 	componentID : 7001
  INFO root [0x0003f3c8] [2017-11-15 16:36:41,571] - Components::findLogger: found logger, addr:172.16.4.154:54603
  INFO root [0x0003f3c8] [2017-11-15 16:36:41,571] - Components::addComponent: reset orderLog, uid=1001!
  INFO root [0x0003f3c8] [2017-11-15 16:36:41,571] - Components::addComponent[logger], uid=1001, componentID=2000, globalorderid=1, grouporderid=1, totalcount=1
  INFO root [0x0003f3c8] [2017-11-15 16:36:41,576] - ---- baseapp Version: 0.9.12. ScriptVersion: 0.1.0. Protocol: 3832E49F6CC47A66EFBA02ABD3118CFB. Config: Debug X86. Built: 16:14:02 Jul  7 2017. AppID: 7001. UID: 1001. PID: 223104 ----
  INFO root [0x0003f3c8] [2017-11-15 16:36:41,577] - Server : Intel(R) Core(TM) i5-4590 CPU @ 3.30GHz with 4194303kB RAM
  INFO root [0x0003f3c8] [2017-11-15 16:36:41,577] - ThreadPool::createThreadPool: creating  threadpool...
  INFO root [0x0003f3c8] [2017-11-15 16:36:41,577] - ThreadPool::createThreadPool: successfully(2), newThreadCount=1, normalMaxThreadCount=2, maxThreadCount=8
 DEBUG root [0x0003f3c8] [2017-11-15 16:36:41,705] - Script::install_py_dlls(): PyInit_pyexpat
 DEBUG root [0x0003f3c8] [2017-11-15 16:36:41,705] - Script::install_py_dlls(): PyInit__socket
 DEBUG root [0x0003f3c8] [2017-11-15 16:36:41,705] - Script::install_py_dlls(): PyInit__hashlib
 DEBUG root [0x0003f3c8] [2017-11-15 16:36:41,707] - Script::install_py_dlls(): PyInit_select
 DEBUG root [0x0003f3c8] [2017-11-15 16:36:41,707] - Script::install_py_dlls(): PyInit__ctypes
 DEBUG root [0x0003f3c8] [2017-11-15 16:36:41,707] - Script::install_py_dlls(): PyInit__elementtree
 DEBUG root [0x0003f3c8] [2017-11-15 16:36:41,739] - Script::install_py_dlls(): PyInit_unicodedata
  INFO root [0x0003f3c8] [2017-11-15 16:36:41,770] - Script::install(): is successfully, Python=(3.4.2 (default, Jul  7 2017, 16:13:50) [MSC v.1800 32 bit (Intel)])!
  INFO root [0x0003f3c8] [2017-11-15 16:36:41,770] - Script::install(): KBExtra is successfully!
SCRIPT root [0x0003f3c8] [2017-11-15 16:36:41,779] - 1
 DEBUG root [0x0003f3c8] [2017-11-15 16:36:41,848] - loaded script:Player(1).
 DEBUG root [0x0003f3c8] [2017-11-15 16:36:41,850] - loaded script:DdzAvatar(2).
 DEBUG root [0x0003f3c8] [2017-11-15 16:36:41,856] - loaded script:Ranks(3).
 DEBUG root [0x0003f3c8] [2017-11-15 16:36:41,858] - loaded script:Games(4).
 DEBUG root [0x0003f3c8] [2017-11-15 16:36:41,859] - loaded script:DdzGame(5).
 DEBUG root [0x0003f3c8] [2017-11-15 16:36:41,861] - loaded script:DdzHall(6).
 DEBUG root [0x0003f3c8] [2017-11-15 16:36:41,862] - loaded script:DdzRoom(7).
 DEBUG root [0x0003f3c8] [2017-11-15 16:36:41,864] - loaded script:ZjhHall(8).
 DEBUG root [0x0003f3c8] [2017-11-15 16:36:41,865] - loaded script:ZjhRoom(9).
  INFO root [0x0003f3c8] [2017-11-15 16:36:41,866] - Baseapp::initializeEnd: started resmgr tick(60s)!
  INFO root [0x0003f3c8] [2017-11-15 16:36:41,866] - TelnetServer server is running on port 40000
  INFO root [0x0003f3c8] [2017-11-15 16:36:42,097] - ---- baseapp is running ----
 DEBUG root [0x0003f3c8] [2017-11-15 16:36:42,097] - Components::process(): Request for the process of identity...
  WARN root [0x0003f3c8] [2017-11-15 16:36:45,792] - BundleBroadcast::BundleBroadcast: Cannot bind to port 20960, errorno=10048
  WARN root [0x0003f3c8] [2017-11-15 16:36:48,843] - Forwarding logs to logger[172.16.4.154:54603/0/0/0]...
 ERROR root [0x0003f3c8] [2017-11-15 16:40:14,465] - Components::removeComponentByChannel: logger : 2000, Abnormal exit! errorno=10054
  INFO root [0x0003f3c8] [2017-11-15 16:40:14,471] - The following logs sent to logger failed:
  WARN root [0x0003f3c8] [2017-11-15 16:40:14,472] - ==> [2017-11-15 16:40:14 458] TCPPacketReceiver::processPendingEvents(172.16.4.154:54603): Throwing REASON_GENERAL_NETWORK - WSAECONNRESET
 ERROR root [0x0003f3c8] [2017-11-15 16:40:14,472] - ==> [2017-11-15 16:40:14 466] Components::removeComponentByChannel: logger : 2000, Abnormal exit! errorno=10054
  WARN root [0x0003f3c8] [2017-11-15 16:40:14,665] - TCPPacketReceiver::processPendingEvents(172.16.4.154:54609): Throwing REASON_GENERAL_NETWORK - WSAECONNRESET
 ERROR root [0x0003f3c8] [2017-11-15 16:40:14,666] - Components::removeComponentByChannel: dbmgr : 4000, Abnormal exit! errorno=10054
  INFO root [0x0003f3c8] [2017-11-15 16:40:14,670] - Shutdowner::onShutdownBegin: shutting down(period=0, tickPeriod=1)
S_INFO root [0x0003f3c8] [2017-11-15 16:40:14,670] - onBaseAppShutDown: state=0
  INFO root [0x0003f3c8] [2017-11-15 16:40:14,670] - Shutdowner::onShutdown: shutting down
S_INFO root [0x0003f3c8] [2017-11-15 16:40:14,670] - onBaseAppShutDown: state=1
  INFO root [0x0003f3c8] [2017-11-15 16:40:14,670] - Shutdowner::onShutdownEnd: shutting down
S_INFO root [0x0003f3c8] [2017-11-15 16:40:14,670] - onBaseAppShutDown: state=2
 DEBUG root [0x0003f3c8] [2017-11-15 16:40:14,680] - Player::~Player(): 8
 DEBUG root [0x0003f3c8] [2017-11-15 16:40:14,680] - DdzHall::~DdzHall(): 4
 DEBUG root [0x0003f3c8] [2017-11-15 16:40:14,681] - DdzHall::~DdzHall(): 5
 DEBUG root [0x0003f3c8] [2017-11-15 16:40:14,681] - DdzHall::~DdzHall(): 6
 DEBUG root [0x0003f3c8] [2017-11-15 16:40:14,681] - DdzHall::~DdzHall(): 7
 DEBUG root [0x0003f3c8] [2017-11-15 16:40:14,681] - DdzGame::~DdzGame(): 3
 DEBUG root [0x0003f3c8] [2017-11-15 16:40:14,681] - Games::~Games(): 1
 DEBUG root [0x0003f3c8] [2017-11-15 16:40:14,681] - Ranks::~Ranks(): 2
 DEBUG root [0x0003f3c8] [2017-11-15 16:40:14,682] - Script::uninstall_py_dlls(): PyInit_pyexpat
 DEBUG root [0x0003f3c8] [2017-11-15 16:40:14,682] - Script::uninstall_py_dlls(): PyInit__socket
 DEBUG root [0x0003f3c8] [2017-11-15 16:40:14,682] - Script::uninstall_py_dlls(): PyInit__hashlib
 DEBUG root [0x0003f3c8] [2017-11-15 16:40:14,682] - Script::uninstall_py_dlls(): PyInit_select
 DEBUG root [0x0003f3c8] [2017-11-15 16:40:14,683] - Script::uninstall_py_dlls(): PyInit__ctypes
 DEBUG root [0x0003f3c8] [2017-11-15 16:40:14,683] - Script::uninstall_py_dlls(): PyInit__elementtree
 DEBUG root [0x0003f3c8] [2017-11-15 16:40:14,683] - Script::uninstall_py_dlls(): PyInit_unicodedata
  INFO root [0x0003f3c8] [2017-11-15 16:40:14,696] - Script::uninstall(): is successfully!
 DEBUG root [0x0003f3c8] [2017-11-15 16:40:14,696] - ThreadPool::destroy(): starting size 2.
  WARN root [0x0003f3c8] [2017-11-15 16:40:14,997] - ThreadPool::destroy(): waiting for thread(2)[0x8a8448,0x8a8170,], try=1
  INFO root [0x0003f5e0] [2017-11-15 16:40:21,320] - 
  INFO root [0x0003f5e0] [2017-11-15 16:40:21,321] - -----------------------------------------------------------------------------------------


  INFO root [0x0003f5e0] [2017-11-15 16:40:21,321] - Resmgr::initialize: KBE_ROOT=C:/Users/hyc/Desktop/kbengine/
  INFO root [0x0003f5e0] [2017-11-15 16:40:21,321] - Resmgr::initialize: KBE_RES_PATH=C:/Users/hyc/Desktop/kbengine/kbe/res/;C:/Users/hyc/Desktop/kbengine/llgame/;C:/Users/hyc/Desktop/kbengine/llgame/scripts/;C:/Users/hyc/Desktop/kbengine/llgame/res/
  INFO root [0x0003f5e0] [2017-11-15 16:40:21,322] - Resmgr::initialize: KBE_BIN_PATH=C:/Users/hyc/Desktop/kbengine/kbe/bin/server/
  INFO root [0x0003f5e0] [2017-11-15 16:40:21,328] - NetworkInterface::recreateListeningSocket(EXTERNAL): bound to all interfaces with default route interface on 172.16.4.154 ( 172.16.4.154:20015 )
  INFO root [0x0003f5e0] [2017-11-15 16:40:21,329] - NetworkInterface::recreateListeningSocket(EXTERNAL): address 172.16.4.154:20015, SOMAXCONN=128.
  INFO root [0x0003f5e0] [2017-11-15 16:40:21,330] - NetworkInterface::recreateListeningSocket(INTERNAL): bound to all interfaces with default route interface on 172.16.4.154 ( 172.16.4.154:54665 )
  INFO root [0x0003f5e0] [2017-11-15 16:40:21,331] - NetworkInterface::recreateListeningSocket(INTERNAL): address 172.16.4.154:54665, SOMAXCONN=128.
  INFO root [0x0003f5e0] [2017-11-15 16:40:21,331] - server-configs:
  INFO root [0x0003f5e0] [2017-11-15 16:40:21,331] - 	gameUpdateHertz : 30
  INFO root [0x0003f5e0] [2017-11-15 16:40:21,331] - 	entryScriptFile : kbemain
  INFO root [0x0003f5e0] [2017-11-15 16:40:21,331] - 	internalAddr : 172.16.4.154:54665
  INFO root [0x0003f5e0] [2017-11-15 16:40:21,331] - 	externalAddr : 172.16.4.154:20015
  INFO root [0x0003f5e0] [2017-11-15 16:40:21,331] - 	componentID : 7001
  INFO root [0x0003f5e0] [2017-11-15 16:40:21,877] - Components::findLogger: found logger, addr:172.16.4.154:54660
  INFO root [0x0003f5e0] [2017-11-15 16:40:21,877] - Components::addComponent: reset orderLog, uid=1001!
  INFO root [0x0003f5e0] [2017-11-15 16:40:21,878] - Components::addComponent[logger], uid=1001, componentID=2000, globalorderid=1, grouporderid=1, totalcount=1
  INFO root [0x0003f5e0] [2017-11-15 16:40:21,882] - ---- baseapp Version: 0.9.12. ScriptVersion: 0.1.0. Protocol: 3832E49F6CC47A66EFBA02ABD3118CFB. Config: Debug X86. Built: 16:14:02 Jul  7 2017. AppID: 7001. UID: 1001. PID: 259440 ----
  INFO root [0x0003f5e0] [2017-11-15 16:40:21,883] - Server : Intel(R) Core(TM) i5-4590 CPU @ 3.30GHz with 4194303kB RAM
  INFO root [0x0003f5e0] [2017-11-15 16:40:21,883] - ThreadPool::createThreadPool: creating  threadpool...
  INFO root [0x0003f5e0] [2017-11-15 16:40:21,883] - ThreadPool::createThreadPool: successfully(2), newThreadCount=1, normalMaxThreadCount=2, maxThreadCount=8
 DEBUG root [0x0003f5e0] [2017-11-15 16:40:22,035] - Script::install_py_dlls(): PyInit_pyexpat
 DEBUG root [0x0003f5e0] [2017-11-15 16:40:22,036] - Script::install_py_dlls(): PyInit__socket
 DEBUG root [0x0003f5e0] [2017-11-15 16:40:22,036] - Script::install_py_dlls(): PyInit__hashlib
 DEBUG root [0x0003f5e0] [2017-11-15 16:40:22,038] - Script::install_py_dlls(): PyInit_select
 DEBUG root [0x0003f5e0] [2017-11-15 16:40:22,038] - Script::install_py_dlls(): PyInit__ctypes
 DEBUG root [0x0003f5e0] [2017-11-15 16:40:22,038] - Script::install_py_dlls(): PyInit__elementtree
 DEBUG root [0x0003f5e0] [2017-11-15 16:40:22,070] - Script::install_py_dlls(): PyInit_unicodedata
  INFO root [0x0003f5e0] [2017-11-15 16:40:22,103] - Script::install(): is successfully, Python=(3.4.2 (default, Jul  7 2017, 16:13:50) [MSC v.1800 32 bit (Intel)])!
  INFO root [0x0003f5e0] [2017-11-15 16:40:22,103] - Script::install(): KBExtra is successfully!
SCRIPT root [0x0003f5e0] [2017-11-15 16:40:22,114] - 1
 DEBUG root [0x0003f5e0] [2017-11-15 16:40:22,189] - loaded script:Player(1).
 DEBUG root [0x0003f5e0] [2017-11-15 16:40:22,191] - loaded script:DdzAvatar(2).
 DEBUG root [0x0003f5e0] [2017-11-15 16:40:22,197] - loaded script:Ranks(3).
 DEBUG root [0x0003f5e0] [2017-11-15 16:40:22,199] - loaded script:Games(4).
 DEBUG root [0x0003f5e0] [2017-11-15 16:40:22,200] - loaded script:DdzGame(5).
 DEBUG root [0x0003f5e0] [2017-11-15 16:40:22,202] - loaded script:DdzHall(6).
 DEBUG root [0x0003f5e0] [2017-11-15 16:40:22,203] - loaded script:DdzRoom(7).
 DEBUG root [0x0003f5e0] [2017-11-15 16:40:22,204] - loaded script:ZjhHall(8).
 DEBUG root [0x0003f5e0] [2017-11-15 16:40:22,206] - loaded script:ZjhRoom(9).
  INFO root [0x0003f5e0] [2017-11-15 16:40:22,206] - Baseapp::initializeEnd: started resmgr tick(60s)!
  INFO root [0x0003f5e0] [2017-11-15 16:40:22,206] - TelnetServer server is running on port 40000
  INFO root [0x0003f5e0] [2017-11-15 16:40:22,463] - ---- baseapp is running ----
 DEBUG root [0x0003f5e0] [2017-11-15 16:40:22,464] - Components::process(): Request for the process of identity...
  WARN root [0x0003f5e0] [2017-11-15 16:40:28,971] - Forwarding logs to logger[172.16.4.154:54660/0/0/0]...
 ERROR root [0x0003f5e0] [2017-11-15 17:20:07,890] - Components::removeComponentByChannel: logger : 2000, Abnormal exit! errorno=10054
  INFO root [0x0003f5e0] [2017-11-15 17:20:07,891] - The following logs sent to logger failed:
  WARN root [0x0003f5e0] [2017-11-15 17:20:07,891] - ==> [2017-11-15 17:20:07 885] TCPPacketReceiver::processPendingEvents(172.16.4.154:54660): Throwing REASON_GENERAL_NETWORK - WSAECONNRESET
 ERROR root [0x0003f5e0] [2017-11-15 17:20:07,891] - ==> [2017-11-15 17:20:07 890] Components::removeComponentByChannel: logger : 2000, Abnormal exit! errorno=10054
  WARN root [0x0003f5e0] [2017-11-15 17:20:08,107] - TCPPacketReceiver::processPendingEvents(172.16.4.154:54662): Throwing REASON_GENERAL_NETWORK - WSAECONNRESET
 ERROR root [0x0003f5e0] [2017-11-15 17:20:08,109] - Components::removeComponentByChannel: dbmgr : 4000, Abnormal exit! errorno=10054
  INFO root [0x0003f5e0] [2017-11-15 17:20:08,113] - Shutdowner::onShutdownBegin: shutting down(period=0, tickPeriod=1)
S_INFO root [0x0003f5e0] [2017-11-15 17:20:08,113] - onBaseAppShutDown: state=0
  INFO root [0x0003f5e0] [2017-11-15 17:20:08,114] - Shutdowner::onShutdown: shutting down
S_INFO root [0x0003f5e0] [2017-11-15 17:20:08,114] - onBaseAppShutDown: state=1
  INFO root [0x0003f5e0] [2017-11-15 17:20:08,114] - Shutdowner::onShutdownEnd: shutting down
S_INFO root [0x0003f5e0] [2017-11-15 17:20:08,114] - onBaseAppShutDown: state=2
 ERROR root [0x0003f5e0] [2017-11-15 17:20:08,123] - Player::onCellWriteToDBCompleted(8): not found dbmgr!
 ERROR root [0x0003f5e0] [2017-11-15 17:20:08,123] - Base::onDestroy: not found dbmgr!
 DEBUG root [0x0003f5e0] [2017-11-15 17:20:08,124] - DdzHall::~DdzHall(): 4
 DEBUG root [0x0003f5e0] [2017-11-15 17:20:08,124] - DdzHall::~DdzHall(): 5
 DEBUG root [0x0003f5e0] [2017-11-15 17:20:08,124] - DdzHall::~DdzHall(): 6
 DEBUG root [0x0003f5e0] [2017-11-15 17:20:08,124] - DdzHall::~DdzHall(): 7
 DEBUG root [0x0003f5e0] [2017-11-15 17:20:08,124] - DdzGame::~DdzGame(): 3
 DEBUG root [0x0003f5e0] [2017-11-15 17:20:08,124] - Games::~Games(): 1
 DEBUG root [0x0003f5e0] [2017-11-15 17:20:08,124] - Ranks::~Ranks(): 2
 ERROR root [0x0003f5e0] [2017-11-15 17:20:08,125] - EntityGarbages::~EntityGarbages(): leaked, size=2.
 ERROR root [0x0003f5e0] [2017-11-15 17:20:08,125] - 	--> leaked: DdzAvatar(9).
 ERROR root [0x0003f5e0] [2017-11-15 17:20:08,125] - 	--> leaked: Player(8).
 ERROR root [0x0003f5e0] [2017-11-15 17:20:08,126] - PyGC::debugTracing(): Base : leaked(2)
 ERROR root [0x0003f5e0] [2017-11-15 17:20:08,126] - PyGC::debugTracing(): FixedArray : leaked(4)
 DEBUG root [0x0003f5e0] [2017-11-15 17:20:08,126] - Script::uninstall_py_dlls(): PyInit_pyexpat
 DEBUG root [0x0003f5e0] [2017-11-15 17:20:08,127] - Script::uninstall_py_dlls(): PyInit__socket
 DEBUG root [0x0003f5e0] [2017-11-15 17:20:08,127] - Script::uninstall_py_dlls(): PyInit__hashlib
 DEBUG root [0x0003f5e0] [2017-11-15 17:20:08,127] - Script::uninstall_py_dlls(): PyInit_select
 DEBUG root [0x0003f5e0] [2017-11-15 17:20:08,127] - Script::uninstall_py_dlls(): PyInit__ctypes
 DEBUG root [0x0003f5e0] [2017-11-15 17:20:08,127] - Script::uninstall_py_dlls(): PyInit__elementtree
 DEBUG root [0x0003f5e0] [2017-11-15 17:20:08,127] - Script::uninstall_py_dlls(): PyInit_unicodedata
 DEBUG root [0x0003f5e0] [2017-11-15 17:20:08,130] - DdzAvatar::~DdzAvatar(): 9
 DEBUG root [0x0003f5e0] [2017-11-15 17:20:08,130] - Player::~Player(): 8
  INFO root [0x0003f5e0] [2017-11-15 17:20:08,140] - Script::uninstall(): is successfully!
 DEBUG root [0x0003f5e0] [2017-11-15 17:20:08,140] - ThreadPool::destroy(): starting size 2.
  WARN root [0x0003f5e0] [2017-11-15 17:20:08,442] - ThreadPool::destroy(): waiting for thread(2)[0xde8170,0xde8c68,], try=1
  INFO root [0x0003f1fc] [2017-11-15 17:20:15,224] - 
  INFO root [0x0003f1fc] [2017-11-15 17:20:15,224] - -----------------------------------------------------------------------------------------


  INFO root [0x0003f1fc] [2017-11-15 17:20:15,225] - Resmgr::initialize: KBE_ROOT=C:/Users/hyc/Desktop/kbengine/
  INFO root [0x0003f1fc] [2017-11-15 17:20:15,225] - Resmgr::initialize: KBE_RES_PATH=C:/Users/hyc/Desktop/kbengine/kbe/res/;C:/Users/hyc/Desktop/kbengine/llgame/;C:/Users/hyc/Desktop/kbengine/llgame/scripts/;C:/Users/hyc/Desktop/kbengine/llgame/res/
  INFO root [0x0003f1fc] [2017-11-15 17:20:15,225] - Resmgr::initialize: KBE_BIN_PATH=C:/Users/hyc/Desktop/kbengine/kbe/bin/server/
  INFO root [0x0003f1fc] [2017-11-15 17:20:15,226] - NetworkInterface::recreateListeningSocket(EXTERNAL): bound to all interfaces with default route interface on 172.16.4.154 ( 172.16.4.154:20015 )
  INFO root [0x0003f1fc] [2017-11-15 17:20:15,227] - NetworkInterface::recreateListeningSocket(EXTERNAL): address 172.16.4.154:20015, SOMAXCONN=128.
  INFO root [0x0003f1fc] [2017-11-15 17:20:15,228] - NetworkInterface::recreateListeningSocket(INTERNAL): bound to all interfaces with default route interface on 172.16.4.154 ( 172.16.4.154:56418 )
  INFO root [0x0003f1fc] [2017-11-15 17:20:15,229] - NetworkInterface::recreateListeningSocket(INTERNAL): address 172.16.4.154:56418, SOMAXCONN=128.
  INFO root [0x0003f1fc] [2017-11-15 17:20:15,229] - server-configs:
  INFO root [0x0003f1fc] [2017-11-15 17:20:15,229] - 	gameUpdateHertz : 30
  INFO root [0x0003f1fc] [2017-11-15 17:20:15,229] - 	entryScriptFile : kbemain
  INFO root [0x0003f1fc] [2017-11-15 17:20:15,229] - 	internalAddr : 172.16.4.154:56418
  INFO root [0x0003f1fc] [2017-11-15 17:20:15,229] - 	externalAddr : 172.16.4.154:20015
  INFO root [0x0003f1fc] [2017-11-15 17:20:15,230] - 	componentID : 7001
  INFO root [0x0003f1fc] [2017-11-15 17:20:17,202] - ---- baseapp Version: 0.9.12. ScriptVersion: 0.1.0. Protocol: 3832E49F6CC47A66EFBA02ABD3118CFB. Config: Debug X86. Built: 16:14:02 Jul  7 2017. AppID: 7001. UID: 1001. PID: 257196 ----
  INFO root [0x0003f1fc] [2017-11-15 17:20:17,202] - Server : Intel(R) Core(TM) i5-4590 CPU @ 3.30GHz with 4194303kB RAM
  INFO root [0x0003f1fc] [2017-11-15 17:20:17,203] - ThreadPool::createThreadPool: creating  threadpool...
  INFO root [0x0003f1fc] [2017-11-15 17:20:17,203] - ThreadPool::createThreadPool: successfully(2), newThreadCount=1, normalMaxThreadCount=2, maxThreadCount=8
 DEBUG root [0x0003f1fc] [2017-11-15 17:20:17,331] - Script::install_py_dlls(): PyInit_pyexpat
 DEBUG root [0x0003f1fc] [2017-11-15 17:20:17,332] - Script::install_py_dlls(): PyInit__socket
 DEBUG root [0x0003f1fc] [2017-11-15 17:20:17,332] - Script::install_py_dlls(): PyInit__hashlib
 DEBUG root [0x0003f1fc] [2017-11-15 17:20:17,334] - Script::install_py_dlls(): PyInit_select
 DEBUG root [0x0003f1fc] [2017-11-15 17:20:17,334] - Script::install_py_dlls(): PyInit__ctypes
 DEBUG root [0x0003f1fc] [2017-11-15 17:20:17,334] - Script::install_py_dlls(): PyInit__elementtree
 DEBUG root [0x0003f1fc] [2017-11-15 17:20:17,368] - Script::install_py_dlls(): PyInit_unicodedata
  INFO root [0x0003f1fc] [2017-11-15 17:20:17,409] - Script::install(): is successfully, Python=(3.4.2 (default, Jul  7 2017, 16:13:50) [MSC v.1800 32 bit (Intel)])!
  INFO root [0x0003f1fc] [2017-11-15 17:20:17,409] - Script::install(): KBExtra is successfully!
SCRIPT root [0x0003f1fc] [2017-11-15 17:20:17,419] - 1
 DEBUG root [0x0003f1fc] [2017-11-15 17:20:17,482] - loaded script:Player(1).
 DEBUG root [0x0003f1fc] [2017-11-15 17:20:17,484] - loaded script:DdzAvatar(2).
 DEBUG root [0x0003f1fc] [2017-11-15 17:20:17,491] - loaded script:Ranks(3).
 DEBUG root [0x0003f1fc] [2017-11-15 17:20:17,493] - loaded script:Games(4).
 DEBUG root [0x0003f1fc] [2017-11-15 17:20:17,494] - loaded script:DdzGame(5).
 DEBUG root [0x0003f1fc] [2017-11-15 17:20:17,497] - loaded script:DdzHall(6).
 DEBUG root [0x0003f1fc] [2017-11-15 17:20:17,498] - loaded script:DdzRoom(7).
 DEBUG root [0x0003f1fc] [2017-11-15 17:20:17,499] - loaded script:ZjhHall(8).
 DEBUG root [0x0003f1fc] [2017-11-15 17:20:17,501] - loaded script:ZjhRoom(9).
  INFO root [0x0003f1fc] [2017-11-15 17:20:17,501] - Baseapp::initializeEnd: started resmgr tick(60s)!
  INFO root [0x0003f1fc] [2017-11-15 17:20:17,501] - TelnetServer server is running on port 40000
  INFO root [0x0003f1fc] [2017-11-15 17:20:17,743] - ---- baseapp is running ----
 DEBUG root [0x0003f1fc] [2017-11-15 17:20:17,749] - Components::process(): Request for the process of identity...
  WARN root [0x0003f1fc] [2017-11-15 17:20:24,154] - EntityApp::checkTickPeriod: tick took 19421% (19.42 seconds)!
  INFO root [0x0003f1fc] [2017-11-15 17:20:25,211] - Components::findComponents: find logger(1)...
  INFO root [0x0003f1fc] [2017-11-15 17:20:25,341] - Components::findComponents: found logger, addr:172.16.4.154:56414
  INFO root [0x0003f1fc] [2017-11-15 17:20:25,342] - Components::addComponent: reset orderLog, uid=1001!
  INFO root [0x0003f1fc] [2017-11-15 17:20:25,342] - Components::addComponent[logger], uid=1001, componentID=2000, globalorderid=1, grouporderid=1, totalcount=1
  INFO root [0x0003f1fc] [2017-11-15 17:20:25,346] - Components::findComponents: find dbmgr(2)...
  INFO root [0x0003f1fc] [2017-11-15 17:20:25,476] - Components::findComponents: found dbmgr, addr:172.16.4.154:56415
  INFO root [0x0003f1fc] [2017-11-15 17:20:25,476] - Components::addComponent: reset orderLog, uid=1001!
  INFO root [0x0003f1fc] [2017-11-15 17:20:25,477] - Components::addComponent[dbmgr], uid=1001, componentID=4000, globalorderid=1, grouporderid=1, totalcount=1
  INFO root [0x0003f1fc] [2017-11-15 17:20:25,477] - Components::findComponents: found dbmgr, addr:172.16.4.154:56415
  WARN root [0x0003f1fc] [2017-11-15 17:20:26,478] - EntityApp::checkTickPeriod: tick took 3939% (3.94 seconds)!
  WARN root [0x0003f1fc] [2017-11-15 17:20:26,478] - Forwarding logs to logger[172.16.4.154:56414/0/0/0]...
 ERROR root [0x0003f1fc] [2017-11-15 17:24:20,357] - Components::removeComponentByChannel: logger : 2000, Abnormal exit! errorno=10054
  INFO root [0x0003f1fc] [2017-11-15 17:24:20,366] - The following logs sent to logger failed:
  WARN root [0x0003f1fc] [2017-11-15 17:24:20,366] - ==> [2017-11-15 17:24:20 356] TCPPacketReceiver::processPendingEvents(172.16.4.154:56414): Throwing REASON_GENERAL_NETWORK - WSAECONNRESET
 ERROR root [0x0003f1fc] [2017-11-15 17:24:20,366] - ==> [2017-11-15 17:24:20 357] Components::removeComponentByChannel: logger : 2000, Abnormal exit! errorno=10054
  WARN root [0x0003f1fc] [2017-11-15 17:24:20,571] - TCPPacketReceiver::processPendingEvents(172.16.4.154:56415): Throwing REASON_GENERAL_NETWORK - WSAECONNRESET
 ERROR root [0x0003f1fc] [2017-11-15 17:24:20,576] - Components::removeComponentByChannel: dbmgr : 4000, Abnormal exit! errorno=10054
  INFO root [0x0003f1fc] [2017-11-15 17:24:20,577] - Shutdowner::onShutdownBegin: shutting down(period=0, tickPeriod=1)
S_INFO root [0x0003f1fc] [2017-11-15 17:24:20,577] - onBaseAppShutDown: state=0
  INFO root [0x0003f1fc] [2017-11-15 17:24:20,577] - Shutdowner::onShutdown: shutting down
S_INFO root [0x0003f1fc] [2017-11-15 17:24:20,578] - onBaseAppShutDown: state=1
  INFO root [0x0003f1fc] [2017-11-15 17:24:20,578] - Shutdowner::onShutdownEnd: shutting down
S_INFO root [0x0003f1fc] [2017-11-15 17:24:20,578] - onBaseAppShutDown: state=2
 ERROR root [0x0003f1fc] [2017-11-15 17:24:20,587] - Player::onCellWriteToDBCompleted(8): not found dbmgr!
 ERROR root [0x0003f1fc] [2017-11-15 17:24:20,588] - Base::onDestroy: not found dbmgr!
 DEBUG root [0x0003f1fc] [2017-11-15 17:24:20,589] - DdzHall::~DdzHall(): 4
 DEBUG root [0x0003f1fc] [2017-11-15 17:24:20,589] - DdzHall::~DdzHall(): 5
 DEBUG root [0x0003f1fc] [2017-11-15 17:24:20,589] - DdzHall::~DdzHall(): 6
 DEBUG root [0x0003f1fc] [2017-11-15 17:24:20,589] - DdzHall::~DdzHall(): 7
 DEBUG root [0x0003f1fc] [2017-11-15 17:24:20,589] - DdzGame::~DdzGame(): 3
 DEBUG root [0x0003f1fc] [2017-11-15 17:24:20,589] - Games::~Games(): 1
 DEBUG root [0x0003f1fc] [2017-11-15 17:24:20,589] - Ranks::~Ranks(): 2
 ERROR root [0x0003f1fc] [2017-11-15 17:24:20,590] - EntityGarbages::~EntityGarbages(): leaked, size=2.
 ERROR root [0x0003f1fc] [2017-11-15 17:24:20,590] - 	--> leaked: DdzAvatar(9).
 ERROR root [0x0003f1fc] [2017-11-15 17:24:20,591] - 	--> leaked: Player(8).
 ERROR root [0x0003f1fc] [2017-11-15 17:24:20,593] - PyGC::debugTracing(): Base : leaked(2)
 ERROR root [0x0003f1fc] [2017-11-15 17:24:20,595] - PyGC::debugTracing(): FixedArray : leaked(4)
 DEBUG root [0x0003f1fc] [2017-11-15 17:24:20,595] - Script::uninstall_py_dlls(): PyInit_pyexpat
 DEBUG root [0x0003f1fc] [2017-11-15 17:24:20,595] - Script::uninstall_py_dlls(): PyInit__socket
 DEBUG root [0x0003f1fc] [2017-11-15 17:24:20,595] - Script::uninstall_py_dlls(): PyInit__hashlib
 DEBUG root [0x0003f1fc] [2017-11-15 17:24:20,596] - Script::uninstall_py_dlls(): PyInit_select
 DEBUG root [0x0003f1fc] [2017-11-15 17:24:20,596] - Script::uninstall_py_dlls(): PyInit__ctypes
 DEBUG root [0x0003f1fc] [2017-11-15 17:24:20,596] - Script::uninstall_py_dlls(): PyInit__elementtree
 DEBUG root [0x0003f1fc] [2017-11-15 17:24:20,596] - Script::uninstall_py_dlls(): PyInit_unicodedata
 DEBUG root [0x0003f1fc] [2017-11-15 17:24:20,598] - DdzAvatar::~DdzAvatar(): 9
 DEBUG root [0x0003f1fc] [2017-11-15 17:24:20,599] - Player::~Player(): 8
  INFO root [0x0003f1fc] [2017-11-15 17:24:20,608] - Script::uninstall(): is successfully!
 DEBUG root [0x0003f1fc] [2017-11-15 17:24:20,608] - ThreadPool::destroy(): starting size 2.
  WARN root [0x0003f1fc] [2017-11-15 17:24:20,909] - ThreadPool::destroy(): waiting for thread(2)[0x258b98,0x258c68,], try=1
  INFO root [0x0003ff84] [2017-11-15 17:24:27,212] - 
  INFO root [0x0003ff84] [2017-11-15 17:24:27,212] - -----------------------------------------------------------------------------------------


  INFO root [0x0003ff84] [2017-11-15 17:24:27,213] - Resmgr::initialize: KBE_ROOT=C:/Users/hyc/Desktop/kbengine/
  INFO root [0x0003ff84] [2017-11-15 17:24:27,213] - Resmgr::initialize: KBE_RES_PATH=C:/Users/hyc/Desktop/kbengine/kbe/res/;C:/Users/hyc/Desktop/kbengine/llgame/;C:/Users/hyc/Desktop/kbengine/llgame/scripts/;C:/Users/hyc/Desktop/kbengine/llgame/res/
  INFO root [0x0003ff84] [2017-11-15 17:24:27,213] - Resmgr::initialize: KBE_BIN_PATH=C:/Users/hyc/Desktop/kbengine/kbe/bin/server/
  INFO root [0x0003ff84] [2017-11-15 17:24:27,215] - NetworkInterface::recreateListeningSocket(EXTERNAL): bound to all interfaces with default route interface on 172.16.4.154 ( 172.16.4.154:20015 )
  INFO root [0x0003ff84] [2017-11-15 17:24:27,216] - NetworkInterface::recreateListeningSocket(EXTERNAL): address 172.16.4.154:20015, SOMAXCONN=128.
  INFO root [0x0003ff84] [2017-11-15 17:24:27,217] - NetworkInterface::recreateListeningSocket(INTERNAL): bound to all interfaces with default route interface on 172.16.4.154 ( 172.16.4.154:56470 )
  INFO root [0x0003ff84] [2017-11-15 17:24:27,218] - NetworkInterface::recreateListeningSocket(INTERNAL): address 172.16.4.154:56470, SOMAXCONN=128.
  INFO root [0x0003ff84] [2017-11-15 17:24:27,218] - server-configs:
  INFO root [0x0003ff84] [2017-11-15 17:24:27,218] - 	gameUpdateHertz : 30
  INFO root [0x0003ff84] [2017-11-15 17:24:27,218] - 	entryScriptFile : kbemain
  INFO root [0x0003ff84] [2017-11-15 17:24:27,218] - 	internalAddr : 172.16.4.154:56470
  INFO root [0x0003ff84] [2017-11-15 17:24:27,218] - 	externalAddr : 172.16.4.154:20015
  INFO root [0x0003ff84] [2017-11-15 17:24:27,218] - 	componentID : 7001
  INFO root [0x0003ff84] [2017-11-15 17:24:27,849] - Components::findLogger: found logger, addr:172.16.4.154:56467
  INFO root [0x0003ff84] [2017-11-15 17:24:27,849] - Components::addComponent: reset orderLog, uid=1001!
  INFO root [0x0003ff84] [2017-11-15 17:24:27,849] - Components::addComponent[logger], uid=1001, componentID=2000, globalorderid=1, grouporderid=1, totalcount=1
  INFO root [0x0003ff84] [2017-11-15 17:24:27,854] - ---- baseapp Version: 0.9.12. ScriptVersion: 0.1.0. Protocol: 3832E49F6CC47A66EFBA02ABD3118CFB. Config: Debug X86. Built: 16:14:02 Jul  7 2017. AppID: 7001. UID: 1001. PID: 260388 ----
  INFO root [0x0003ff84] [2017-11-15 17:24:27,855] - Server : Intel(R) Core(TM) i5-4590 CPU @ 3.30GHz with 4194303kB RAM
  INFO root [0x0003ff84] [2017-11-15 17:24:27,855] - ThreadPool::createThreadPool: creating  threadpool...
  INFO root [0x0003ff84] [2017-11-15 17:24:27,855] - ThreadPool::createThreadPool: successfully(2), newThreadCount=1, normalMaxThreadCount=2, maxThreadCount=8
 DEBUG root [0x0003ff84] [2017-11-15 17:24:28,049] - Script::install_py_dlls(): PyInit_pyexpat
 DEBUG root [0x0003ff84] [2017-11-15 17:24:28,050] - Script::install_py_dlls(): PyInit__socket
 DEBUG root [0x0003ff84] [2017-11-15 17:24:28,050] - Script::install_py_dlls(): PyInit__hashlib
 DEBUG root [0x0003ff84] [2017-11-15 17:24:28,051] - Script::install_py_dlls(): PyInit_select
 DEBUG root [0x0003ff84] [2017-11-15 17:24:28,052] - Script::install_py_dlls(): PyInit__ctypes
 DEBUG root [0x0003ff84] [2017-11-15 17:24:28,052] - Script::install_py_dlls(): PyInit__elementtree
 DEBUG root [0x0003ff84] [2017-11-15 17:24:28,094] - Script::install_py_dlls(): PyInit_unicodedata
  INFO root [0x0003ff84] [2017-11-15 17:24:28,162] - Script::install(): is successfully, Python=(3.4.2 (default, Jul  7 2017, 16:13:50) [MSC v.1800 32 bit (Intel)])!
  INFO root [0x0003ff84] [2017-11-15 17:24:28,163] - Script::install(): KBExtra is successfully!
SCRIPT root [0x0003ff84] [2017-11-15 17:24:28,181] - 1
 DEBUG root [0x0003ff84] [2017-11-15 17:24:28,241] - loaded script:Player(1).
 DEBUG root [0x0003ff84] [2017-11-15 17:24:28,285] - loaded script:DdzAvatar(2).
 DEBUG root [0x0003ff84] [2017-11-15 17:24:28,292] - loaded script:Ranks(3).
 DEBUG root [0x0003ff84] [2017-11-15 17:24:28,295] - loaded script:Games(4).
 DEBUG root [0x0003ff84] [2017-11-15 17:24:28,296] - loaded script:DdzGame(5).
 DEBUG root [0x0003ff84] [2017-11-15 17:24:28,298] - loaded script:DdzHall(6).
 DEBUG root [0x0003ff84] [2017-11-15 17:24:28,300] - loaded script:DdzRoom(7).
 DEBUG root [0x0003ff84] [2017-11-15 17:24:28,301] - loaded script:ZjhHall(8).
 DEBUG root [0x0003ff84] [2017-11-15 17:24:28,303] - loaded script:ZjhRoom(9).
  INFO root [0x0003ff84] [2017-11-15 17:24:28,303] - Baseapp::initializeEnd: started resmgr tick(60s)!
  INFO root [0x0003ff84] [2017-11-15 17:24:28,304] - TelnetServer server is running on port 40000
  INFO root [0x0003ff84] [2017-11-15 17:24:28,592] - ---- baseapp is running ----
 DEBUG root [0x0003ff84] [2017-11-15 17:24:28,593] - Components::process(): Request for the process of identity...
  WARN root [0x0003ff84] [2017-11-15 17:24:35,157] - Forwarding logs to logger[172.16.4.154:56467/0/0/0]...
