  INFO root [0x0001abd8] [2017-11-07 15:18:15,941] - 
  INFO root [0x0001abd8] [2017-11-07 15:18:15,941] - -----------------------------------------------------------------------------------------


  INFO root [0x0001abd8] [2017-11-07 15:18:15,943] - NetworkInterface::recreateListeningSocket(INTERNAL): bound to all interfaces with default route interface on 172.16.4.154 ( 172.16.4.154:58409 )
  INFO root [0x0001abd8] [2017-11-07 15:18:15,943] - NetworkInterface::recreateListeningSocket(INTERNAL): address 172.16.4.154:58409, SOMAXCONN=5.
 DEBUG root [0x0001abd8] [2017-11-07 15:18:15,971] - Script::install_py_dlls(): PyInit_pyexpat
 DEBUG root [0x0001abd8] [2017-11-07 15:18:15,971] - Script::install_py_dlls(): PyInit__socket
 DEBUG root [0x0001abd8] [2017-11-07 15:18:15,972] - Script::install_py_dlls(): PyInit__hashlib
 DEBUG root [0x0001abd8] [2017-11-07 15:18:15,973] - Script::install_py_dlls(): PyInit_select
 DEBUG root [0x0001abd8] [2017-11-07 15:18:15,973] - Script::install_py_dlls(): PyInit__ctypes
 DEBUG root [0x0001abd8] [2017-11-07 15:18:15,974] - Script::install_py_dlls(): PyInit__elementtree
 DEBUG root [0x0001abd8] [2017-11-07 15:18:16,006] - Script::install_py_dlls(): PyInit_unicodedata
  INFO root [0x0001abd8] [2017-11-07 15:18:16,037] - Script::install(): is successfully, Python=(3.4.2 (default, Jul  7 2017, 16:13:50) [MSC v.1800 32 bit (Intel)])!
  INFO root [0x0001abd8] [2017-11-07 15:18:16,037] - Script::install(): KBExtra is successfully!
  INFO root [0x0001abd8] [2017-11-07 15:18:16,041] - ---- bots Version: 0.9.12. ScriptVersion: 0.1.0. Protocol: 124556E6025E0209A64D4D365F48CE09. Config: Debug. Built: 16:13:57 Jul  7 2017. AppID: 6485568529582587904. UID: 1001. PID: 109524 ----
  INFO root [0x0001abd8] [2017-11-07 15:18:16,042] - Server : Intel(R) Core(TM) i5-4590 CPU @ 3.30GHz with 4194303kB RAM
  INFO root [0x0001abd8] [2017-11-07 15:18:16,042] - ThreadPool::createThreadPool: creating  threadpool...
  INFO root [0x0001abd8] [2017-11-07 15:18:16,042] - ThreadPool::createThreadPool: successfully(1), newThreadCount=1, normalMaxThreadCount=1, maxThreadCount=4
SCRIPT root [0x0001abd8] [2017-11-07 15:18:16,198] - 3
 DEBUG root [0x0001abd8] [2017-11-07 15:18:16,205] - loaded script:Player(1).
 DEBUG root [0x0001abd8] [2017-11-07 15:18:16,206] - loaded script:DdzAvatar(2).
 DEBUG root [0x0001abd8] [2017-11-07 15:18:16,208] - loaded script:DdzRoom(4).
 DEBUG root [0x0001abd8] [2017-11-07 15:18:16,209] - loaded script:ZjhRoom(5).
  INFO root [0x0001abd8] [2017-11-07 15:18:16,214] - TelnetServer server is running on port 51000
 S_DBG root [0x0001abd8] [2017-11-07 15:18:16,214] - onInit::isReload:0
  INFO root [0x0001abd8] [2017-11-07 15:18:16,214] - ---- bots is running ----
 DEBUG root [0x0001abd8] [2017-11-07 15:18:16,214] - Components::process(): Request for the process of identity...
 DEBUG root [0x0001abd8] [2017-11-07 15:18:23,066] - KBEBlowfish::KBEBlowfish(): Using Blowfish key: 89 AE 11 29 26 49 D0 5D C4 4F 4D BF CB 94 95 A4
 DEBUG root [0x0001abd8] [2017-11-07 15:18:23,067] - KBEBlowfish::KBEBlowfish(): Using Blowfish key: DE B0 51 4E 1B 35 78 FD D1 6D 49 17 8A 6D 1C 90
  WARN root [0x0001abd8] [2017-11-07 15:18:23,068] - bots.cpp:284: Profile updateBots took 0.66 seconds
  INFO root [0x0001abd8] [2017-11-07 15:18:23,069] - ClientObjectBase::onHelloCB: verInfo=0.9.12, scriptVerInfo=0.1.0, protocolMD5=75C8DA776708D1E89693088467E5A4FB, entityDefMD5=F13E5F1A4DE7EE3C1E18A52BA9469BCF, addr:127.0.0.1:20013/0/0/0
  INFO root [0x0001abd8] [2017-11-07 15:18:23,111] - ClientObjectBase::onHelloCB: verInfo=0.9.12, scriptVerInfo=0.1.0, protocolMD5=75C8DA776708D1E89693088467E5A4FB, entityDefMD5=F13E5F1A4DE7EE3C1E18A52BA9469BCF, addr:127.0.0.1:20013/0/0/0
  INFO root [0x0001abd8] [2017-11-07 15:18:23,211] - ClientObject::onCreateAccountResult: bot_6485568529582587904_1 create is successfully!
  INFO root [0x0001abd8] [2017-11-07 15:18:23,244] - ClientObject::onCreateAccountResult: bot_6485568529582587904_2 create is successfully!
  INFO root [0x0001abd8] [2017-11-07 15:18:23,377] - ClientObject::onLoginSuccessfully: bot_6485568529582587904_1 addr=172.16.4.154:20015!
 DEBUG root [0x0001abd8] [2017-11-07 15:18:23,377] - KBEBlowfish::KBEBlowfish(): Using Blowfish key: 06 23 37 D5 99 20 8D 1C D0 88 54 BC 06 AA 27 12
  INFO root [0x0001abd8] [2017-11-07 15:18:23,410] - ClientObjectBase::onHelloCB: verInfo=0.9.12, scriptVerInfo=0.1.0, protocolMD5=3832E49F6CC47A66EFBA02ABD3118CFB, entityDefMD5=F13E5F1A4DE7EE3C1E18A52BA9469BCF, addr:172.16.4.154:20015/0/0/0
  INFO root [0x0001abd8] [2017-11-07 15:18:23,410] - ClientObject::onLoginSuccessfully: bot_6485568529582587904_2 addr=172.16.4.154:20015!
 DEBUG root [0x0001abd8] [2017-11-07 15:18:23,411] - KBEBlowfish::KBEBlowfish(): Using Blowfish key: F8 49 23 9E 26 B8 8F DE E5 69 8E 1E 30 F8 0B 25
  INFO root [0x0001abd8] [2017-11-07 15:18:23,444] - ClientObjectBase::onHelloCB: verInfo=0.9.12, scriptVerInfo=0.1.0, protocolMD5=3832E49F6CC47A66EFBA02ABD3118CFB, entityDefMD5=F13E5F1A4DE7EE3C1E18A52BA9469BCF, addr:172.16.4.154:20015/0/0/0
  INFO root [0x0001abd8] [2017-11-07 15:18:23,544] - ClientObject::onCreatedProxies(bot_6485568529582587904_1): rndUUID=6485568563066634240 eid=10013 entityType=Player!
  INFO root [0x0001abd8] [2017-11-07 15:18:23,545] - ClientObjectBase::createEntity: new Player (10013)
  INFO root [0x0001abd8] [2017-11-07 15:18:23,577] - ClientObject::onCreatedProxies(bot_6485568529582587904_2): rndUUID=6485568563066634241 eid=10014 entityType=Player!
  INFO root [0x0001abd8] [2017-11-07 15:18:23,577] - ClientObjectBase::createEntity: new Player (10014)
 DEBUG root [0x0001abd8] [2017-11-07 15:18:23,610] - ClientObjectBase::onEntityDestroyed: Player(10013).
 DEBUG root [0x0001abd8] [2017-11-07 15:18:23,610] - Player::~Player(): 10013
  INFO root [0x0001abd8] [2017-11-07 15:18:23,610] - ClientObject::onCreatedProxies(bot_6485568529582587904_1): rndUUID=6485568563066634242 eid=10015 entityType=DdzAvatar!
  INFO root [0x0001abd8] [2017-11-07 15:18:23,611] - ClientObjectBase::createEntity: new DdzAvatar (10015)
 S_DBG root [0x0001abd8] [2017-11-07 15:18:23,611] - Bots::DdzAvatar __init__
 DEBUG root [0x0001abd8] [2017-11-07 15:18:23,645] - ClientObjectBase::onEntityDestroyed: Player(10014).
 DEBUG root [0x0001abd8] [2017-11-07 15:18:23,646] - Player::~Player(): 10014
  INFO root [0x0001abd8] [2017-11-07 15:18:23,646] - ClientObject::onCreatedProxies(bot_6485568529582587904_2): rndUUID=6485568563066634243 eid=10016 entityType=DdzAvatar!
  INFO root [0x0001abd8] [2017-11-07 15:18:23,647] - ClientObjectBase::createEntity: new DdzAvatar (10016)
 S_DBG root [0x0001abd8] [2017-11-07 15:18:23,647] - Bots::DdzAvatar __init__
 DEBUG root [0x0001abd8] [2017-11-07 15:18:23,810] - ClientObjectBase::onPlayerEnterWorld: DdzAvatar(10015), isOnGround(0), appID(2).
 S_ERR root [0x0001abd8] [2017-11-07 15:18:23,811] - AttributeError: 'module' object has no attribute 'PlayerDdzAvatar'
 ERROR root [0x0001abd8] [2017-11-07 15:18:23,811] - DdzAvatar::onBecomePlayer(): please implement PlayerDdzAvatar.
 DEBUG root [0x0001abd8] [2017-11-07 15:18:23,812] - ClientObjectBase::setSpaceData: spaceID(1), key=state, value=0.
 DEBUG root [0x0001abd8] [2017-11-07 15:18:23,812] - ClientObjectBase::setSpaceData: spaceID(1), key=curfen, value=0.10.
 DEBUG root [0x0001abd8] [2017-11-07 15:18:23,812] - ClientObjectBase::setSpaceData: spaceID(1), key=multiple, value=1.
 DEBUG root [0x0001abd8] [2017-11-07 15:18:23,812] - ClientObjectBase::setSpaceData: spaceID(1), key=roomtime, value=15.
 DEBUG root [0x0001abd8] [2017-11-07 15:18:23,813] - ClientObjectBase::initSpaceData: spaceID(1), datasize=4.
 DEBUG root [0x0001abd8] [2017-11-07 15:18:23,813] - ClientObjectBase::onEntityEnterSpace: DdzAvatar(10015).
  INFO root [0x0001abd8] [2017-11-07 15:18:23,814] - ClientObjectBase::createEntity: new DdzAvatar (10016)
 S_ERR root [0x0001abd8] [2017-11-07 15:18:23,815] - Traceback (most recent call last):
  File "C:/Users/hyc/Desktop/kbengine/llgame/scripts/bots\DdzAvatar.py", line 12, in __init__
    self.base.reqEnterGame(1)
 S_ERR root [0x0001abd8] [2017-11-07 15:18:23,816] - AttributeError: 'NoneType' object has no attribute 'reqEnterGame'
 DEBUG root [0x0001abd8] [2017-11-07 15:18:23,817] - ClientObjectBase::onEntityEnterWorld: DdzAvatar(10016), isOnGround(0), appID(2).
 DEBUG root [0x0001abd8] [2017-11-07 15:18:23,818] - ClientObjectBase::onPlayerEnterWorld: DdzAvatar(10016), isOnGround(0), appID(3).
 S_ERR root [0x0001abd8] [2017-11-07 15:18:23,818] - AttributeError: 'module' object has no attribute 'PlayerDdzAvatar'
 ERROR root [0x0001abd8] [2017-11-07 15:18:23,818] - DdzAvatar::onBecomePlayer(): please implement PlayerDdzAvatar.
 DEBUG root [0x0001abd8] [2017-11-07 15:18:23,819] - ClientObjectBase::setSpaceData: spaceID(1), key=state, value=0.
 DEBUG root [0x0001abd8] [2017-11-07 15:18:23,819] - ClientObjectBase::setSpaceData: spaceID(1), key=curfen, value=0.10.
 DEBUG root [0x0001abd8] [2017-11-07 15:18:23,820] - ClientObjectBase::setSpaceData: spaceID(1), key=multiple, value=1.
 DEBUG root [0x0001abd8] [2017-11-07 15:18:23,820] - ClientObjectBase::setSpaceData: spaceID(1), key=roomtime, value=15.
 DEBUG root [0x0001abd8] [2017-11-07 15:18:23,820] - ClientObjectBase::initSpaceData: spaceID(1), datasize=4.
 DEBUG root [0x0001abd8] [2017-11-07 15:18:23,820] - ClientObjectBase::onEntityEnterSpace: DdzAvatar(10016).
  INFO root [0x0001abd8] [2017-11-07 15:18:23,822] - ClientObjectBase::createEntity: new DdzAvatar (10015)
 S_ERR root [0x0001abd8] [2017-11-07 15:18:23,823] - Traceback (most recent call last):
  File "C:/Users/hyc/Desktop/kbengine/llgame/scripts/bots\DdzAvatar.py", line 12, in __init__
    self.base.reqEnterGame(1)
 S_ERR root [0x0001abd8] [2017-11-07 15:18:23,823] - AttributeError: 'NoneType' object has no attribute 'reqEnterGame'
 DEBUG root [0x0001abd8] [2017-11-07 15:18:23,824] - ClientObjectBase::onEntityEnterWorld: DdzAvatar(10015), isOnGround(0), appID(3).
  INFO root [0x0001abd8] [2017-11-07 15:18:24,076] - Components::findComponents: find logger(1)...
  INFO root [0x0001abd8] [2017-11-07 15:18:24,189] - Components::findComponents: found logger, addr:172.16.4.154:58346
  INFO root [0x0001abd8] [2017-11-07 15:18:24,190] - Components::addComponent: reset orderLog, uid=1001!
  INFO root [0x0001abd8] [2017-11-07 15:18:24,191] - Components::addComponent[logger], uid=1001, componentID=2000, globalorderid=1, grouporderid=1, totalcount=1
  INFO root [0x0001abd8] [2017-11-07 15:18:24,210] - Components::process(): Found all the components!
 DEBUG root [0x0001abd8] [2017-11-07 15:18:29,177] - Bots::lookApp: 172.16.4.154:58418/0/0/0
 DEBUG root [0x0001abd8] [2017-11-07 15:18:40,810] - ClientObjectBase::setSpaceData: spaceID(1), key=state, value=1.
  INFO root [0x0001abd8] [2017-11-07 15:18:40,812] - ClientObjectBase::createEntity: new DdzAvatar (10019)
 S_ERR root [0x0001abd8] [2017-11-07 15:18:40,815] - Traceback (most recent call last):
  File "C:/Users/hyc/Desktop/kbengine/llgame/scripts/bots\DdzAvatar.py", line 12, in __init__
    self.base.reqEnterGame(1)
 S_ERR root [0x0001abd8] [2017-11-07 15:18:40,816] - AttributeError: 'NoneType' object has no attribute 'reqEnterGame'
 DEBUG root [0x0001abd8] [2017-11-07 15:18:40,817] - ClientObjectBase::onEntityEnterWorld: DdzAvatar(10019), isOnGround(0), appID(2).
 DEBUG root [0x0001abd8] [2017-11-07 15:18:40,818] - ClientObjectBase::setSpaceData: spaceID(1), key=state, value=1.
  INFO root [0x0001abd8] [2017-11-07 15:18:40,819] - ClientObjectBase::createEntity: new DdzAvatar (10019)
 S_ERR root [0x0001abd8] [2017-11-07 15:18:40,822] - Traceback (most recent call last):
  File "C:/Users/hyc/Desktop/kbengine/llgame/scripts/bots\DdzAvatar.py", line 12, in __init__
    self.base.reqEnterGame(1)
 S_ERR root [0x0001abd8] [2017-11-07 15:18:40,823] - AttributeError: 'NoneType' object has no attribute 'reqEnterGame'
 DEBUG root [0x0001abd8] [2017-11-07 15:18:40,824] - ClientObjectBase::onEntityEnterWorld: DdzAvatar(10019), isOnGround(0), appID(3).
 S_ERR root [0x0001abd8] [2017-11-07 15:18:41,811] - Traceback (most recent call last):
  File "C:/Users/hyc/Desktop/kbengine/llgame/scripts/bots\DdzAvatar.py", line 20, in onMessage
    data_json = json.loads(data)
 S_ERR root [0x0001abd8] [2017-11-07 15:18:41,814] -   File "C:/Users/hyc/Desktop/kbengine/kbe/res/scripts/common/Lib\json\__init__.py", line 318, in loads
    return _default_decoder.decode(s)
 S_ERR root [0x0001abd8] [2017-11-07 15:18:41,816] -   File "C:/Users/hyc/Desktop/kbengine/kbe/res/scripts/common/Lib\json\decoder.py", line 343, in decode
    obj, end = self.raw_decode(s, idx=_w(s, 0).end())
 S_ERR root [0x0001abd8] [2017-11-07 15:18:41,819] -   File "C:/Users/hyc/Desktop/kbengine/kbe/res/scripts/common/Lib\json\decoder.py", line 361, in raw_decode
    raise ValueError(errmsg("Expecting value", s, err.value)) from None
 S_ERR root [0x0001abd8] [2017-11-07 15:18:41,819] - ValueError: Expecting value: line 1 column 1 (char 0)
 S_ERR root [0x0001abd8] [2017-11-07 15:18:41,821] - Traceback (most recent call last):
  File "C:/Users/hyc/Desktop/kbengine/llgame/scripts/bots\DdzAvatar.py", line 20, in onMessage
    data_json = json.loads(data)
 S_ERR root [0x0001abd8] [2017-11-07 15:18:41,823] -   File "C:/Users/hyc/Desktop/kbengine/kbe/res/scripts/common/Lib\json\__init__.py", line 318, in loads
    return _default_decoder.decode(s)
 S_ERR root [0x0001abd8] [2017-11-07 15:18:41,824] -   File "C:/Users/hyc/Desktop/kbengine/kbe/res/scripts/common/Lib\json\decoder.py", line 343, in decode
    obj, end = self.raw_decode(s, idx=_w(s, 0).end())
 S_ERR root [0x0001abd8] [2017-11-07 15:18:41,825] -   File "C:/Users/hyc/Desktop/kbengine/kbe/res/scripts/common/Lib\json\decoder.py", line 361, in raw_decode
    raise ValueError(errmsg("Expecting value", s, err.value)) from None
 S_ERR root [0x0001abd8] [2017-11-07 15:18:41,826] - ValueError: Expecting value: line 1 column 1 (char 0)
 DEBUG root [0x0001abd8] [2017-11-07 15:18:42,810] - ClientObjectBase::setSpaceData: spaceID(1), key=ACTION_ROOM_JIAOPAI_NEXT, value={"type": 0, "curCid": 3, "curScore": 0}.
 DEBUG root [0x0001abd8] [2017-11-07 15:18:42,811] - ClientObjectBase::setSpaceData: spaceID(1), key=ACTION_ROOM_JIAOPAI_NEXT, value={"type": 0, "curCid": 3, "curScore": 0}.
 DEBUG root [0x0001abd8] [2017-11-07 15:18:57,811] - ClientObjectBase::setSpaceData: spaceID(1), key=ACTION_ROOM_JIAOPAI_NEXT, value={"type": 0, "curCid": 1, "curScore": 0}.
 DEBUG root [0x0001abd8] [2017-11-07 15:18:57,813] - ClientObjectBase::setSpaceData: spaceID(1), key=ACTION_ROOM_JIAOPAI_NEXT, value={"type": 0, "curCid": 1, "curScore": 0}.
 DEBUG root [0x0001abd8] [2017-11-07 15:19:12,810] - ClientObjectBase::setSpaceData: spaceID(1), key=ACTION_ROOM_JIAOPAI_NEXT, value={"type": 0, "curCid": 2, "curScore": 0}.
 DEBUG root [0x0001abd8] [2017-11-07 15:19:12,812] - ClientObjectBase::setSpaceData: spaceID(1), key=ACTION_ROOM_JIAOPAI_NEXT, value={"type": 0, "curCid": 2, "curScore": 0}.
  INFO root [0x0001abd8] [2017-11-07 15:19:24,193] - ClientApp::onChannelTimeOut: Channel 172.16.4.154:58346/0/0/0 timed out.
 S_ERR root [0x0001abd8] [2017-11-07 15:19:28,809] - Traceback (most recent call last):
  File "C:/Users/hyc/Desktop/kbengine/llgame/scripts/bots\DdzAvatar.py", line 20, in onMessage
    data_json = json.loads(data)
 S_ERR root [0x0001abd8] [2017-11-07 15:19:28,811] -   File "C:/Users/hyc/Desktop/kbengine/kbe/res/scripts/common/Lib\json\__init__.py", line 318, in loads
    return _default_decoder.decode(s)
 S_ERR root [0x0001abd8] [2017-11-07 15:19:28,812] -   File "C:/Users/hyc/Desktop/kbengine/kbe/res/scripts/common/Lib\json\decoder.py", line 343, in decode
    obj, end = self.raw_decode(s, idx=_w(s, 0).end())
 S_ERR root [0x0001abd8] [2017-11-07 15:19:28,813] -   File "C:/Users/hyc/Desktop/kbengine/kbe/res/scripts/common/Lib\json\decoder.py", line 361, in raw_decode
    raise ValueError(errmsg("Expecting value", s, err.value)) from None
 S_ERR root [0x0001abd8] [2017-11-07 15:19:28,813] - ValueError: Expecting value: line 1 column 1 (char 0)
 S_ERR root [0x0001abd8] [2017-11-07 15:19:28,814] - Traceback (most recent call last):
  File "C:/Users/hyc/Desktop/kbengine/llgame/scripts/bots\DdzAvatar.py", line 20, in onMessage
    data_json = json.loads(data)
 S_ERR root [0x0001abd8] [2017-11-07 15:19:28,815] -   File "C:/Users/hyc/Desktop/kbengine/kbe/res/scripts/common/Lib\json\__init__.py", line 318, in loads
    return _default_decoder.decode(s)
 S_ERR root [0x0001abd8] [2017-11-07 15:19:28,816] -   File "C:/Users/hyc/Desktop/kbengine/kbe/res/scripts/common/Lib\json\decoder.py", line 343, in decode
    obj, end = self.raw_decode(s, idx=_w(s, 0).end())
 S_ERR root [0x0001abd8] [2017-11-07 15:19:28,817] -   File "C:/Users/hyc/Desktop/kbengine/kbe/res/scripts/common/Lib\json\decoder.py", line 361, in raw_decode
    raise ValueError(errmsg("Expecting value", s, err.value)) from None
 S_ERR root [0x0001abd8] [2017-11-07 15:19:28,817] - ValueError: Expecting value: line 1 column 1 (char 0)
 DEBUG root [0x0001abd8] [2017-11-07 15:19:29,809] - ClientObjectBase::setSpaceData: spaceID(1), key=ACTION_ROOM_JIAOPAI_NEXT, value={"type": 0, "curCid": 3, "curScore": 0}.
 DEBUG root [0x0001abd8] [2017-11-07 15:19:29,810] - ClientObjectBase::setSpaceData: spaceID(1), key=ACTION_ROOM_JIAOPAI_NEXT, value={"type": 0, "curCid": 3, "curScore": 0}.
 DEBUG root [0x0001abd8] [2017-11-07 15:19:30,809] - ClientObjectBase::setSpaceData: spaceID(1), key=ACTION_ROOM_JIAOPAI_NEXT, value={"type": 0, "curCid": 1, "curScore": 0}.
 DEBUG root [0x0001abd8] [2017-11-07 15:19:30,811] - ClientObjectBase::setSpaceData: spaceID(1), key=ACTION_ROOM_JIAOPAI_NEXT, value={"type": 0, "curCid": 1, "curScore": 0}.
 DEBUG root [0x0001abd8] [2017-11-07 15:19:31,809] - ClientObjectBase::setSpaceData: spaceID(1), key=ACTION_ROOM_JIAOPAI_NEXT, value={"type": 0, "curCid": 2, "curScore": 0}.
 DEBUG root [0x0001abd8] [2017-11-07 15:19:31,810] - ClientObjectBase::setSpaceData: spaceID(1), key=ACTION_ROOM_JIAOPAI_NEXT, value={"type": 0, "curCid": 2, "curScore": 0}.
 S_ERR root [0x0001abd8] [2017-11-07 15:19:33,810] - Traceback (most recent call last):
  File "C:/Users/hyc/Desktop/kbengine/llgame/scripts/bots\DdzAvatar.py", line 20, in onMessage
    data_json = json.loads(data)
 S_ERR root [0x0001abd8] [2017-11-07 15:19:33,812] -   File "C:/Users/hyc/Desktop/kbengine/kbe/res/scripts/common/Lib\json\__init__.py", line 318, in loads
    return _default_decoder.decode(s)
 S_ERR root [0x0001abd8] [2017-11-07 15:19:33,816] -   File "C:/Users/hyc/Desktop/kbengine/kbe/res/scripts/common/Lib\json\decoder.py", line 343, in decode
    obj, end = self.raw_decode(s, idx=_w(s, 0).end())
 S_ERR root [0x0001abd8] [2017-11-07 15:19:33,820] -   File "C:/Users/hyc/Desktop/kbengine/kbe/res/scripts/common/Lib\json\decoder.py", line 361, in raw_decode
    raise ValueError(errmsg("Expecting value", s, err.value)) from None
 S_ERR root [0x0001abd8] [2017-11-07 15:19:33,821] - ValueError: Expecting value: line 1 column 1 (char 0)
 S_ERR root [0x0001abd8] [2017-11-07 15:19:33,824] - Traceback (most recent call last):
  File "C:/Users/hyc/Desktop/kbengine/llgame/scripts/bots\DdzAvatar.py", line 20, in onMessage
    data_json = json.loads(data)
 S_ERR root [0x0001abd8] [2017-11-07 15:19:33,836] -   File "C:/Users/hyc/Desktop/kbengine/kbe/res/scripts/common/Lib\json\__init__.py", line 318, in loads
    return _default_decoder.decode(s)
 S_ERR root [0x0001abd8] [2017-11-07 15:19:33,841] -   File "C:/Users/hyc/Desktop/kbengine/kbe/res/scripts/common/Lib\json\decoder.py", line 343, in decode
    obj, end = self.raw_decode(s, idx=_w(s, 0).end())
 S_ERR root [0x0001abd8] [2017-11-07 15:19:33,844] -   File "C:/Users/hyc/Desktop/kbengine/kbe/res/scripts/common/Lib\json\decoder.py", line 361, in raw_decode
    raise ValueError(errmsg("Expecting value", s, err.value)) from None
 S_ERR root [0x0001abd8] [2017-11-07 15:19:33,845] - ValueError: Expecting value: line 1 column 1 (char 0)
  WARN root [0x0001abd8] [2017-11-07 15:19:33,847] - bots.cpp:284: Profile updateBots took 0.04 seconds
 DEBUG root [0x0001abd8] [2017-11-07 15:19:34,810] - ClientObjectBase::setSpaceData: spaceID(1), key=ACTION_ROOM_JIAOPAI_NEXT, value={"type": 0, "curCid": 3, "curScore": 0}.
 DEBUG root [0x0001abd8] [2017-11-07 15:19:34,811] - ClientObjectBase::setSpaceData: spaceID(1), key=ACTION_ROOM_JIAOPAI_NEXT, value={"type": 0, "curCid": 3, "curScore": 0}.
 DEBUG root [0x0001abd8] [2017-11-07 15:19:35,810] - ClientObjectBase::setSpaceData: spaceID(1), key=ACTION_ROOM_JIAOPAI_NEXT, value={"type": 0, "curCid": 1, "curScore": 0}.
 DEBUG root [0x0001abd8] [2017-11-07 15:19:35,811] - ClientObjectBase::setSpaceData: spaceID(1), key=ACTION_ROOM_JIAOPAI_NEXT, value={"type": 0, "curCid": 1, "curScore": 0}.
 DEBUG root [0x0001abd8] [2017-11-07 15:19:36,810] - ClientObjectBase::setSpaceData: spaceID(1), key=ACTION_ROOM_JIAOPAI_NEXT, value={"type": 0, "curCid": 2, "curScore": 0}.
 DEBUG root [0x0001abd8] [2017-11-07 15:19:36,811] - ClientObjectBase::setSpaceData: spaceID(1), key=ACTION_ROOM_JIAOPAI_NEXT, value={"type": 0, "curCid": 2, "curScore": 0}.
 DEBUG root [0x0001abd8] [2017-11-07 15:19:37,810] - ClientObjectBase::setSpaceData: spaceID(1), key=threeCards, value=[49, 31, 10].
 DEBUG root [0x0001abd8] [2017-11-07 15:19:37,811] - ClientObjectBase::setSpaceData: spaceID(1), key=ACTION_ROOM_JIAOPAI_NEXT, value={"type": 2, "curCid": 1, "curScore": 0}.
 DEBUG root [0x0001abd8] [2017-11-07 15:19:37,812] - ClientObjectBase::setSpaceData: spaceID(1), key=threeCards, value=[49, 31, 10].
 DEBUG root [0x0001abd8] [2017-11-07 15:19:37,812] - ClientObjectBase::setSpaceData: spaceID(1), key=ACTION_ROOM_JIAOPAI_NEXT, value={"type": 2, "curCid": 1, "curScore": 0}.
 DEBUG root [0x0001abd8] [2017-11-07 15:19:38,810] - ClientObjectBase::setSpaceData: spaceID(1), key=ACTION_ROOM_JIAOPAI_NEXT, value={"type": 2, "curCid": 2, "curScore": 0}.
 DEBUG root [0x0001abd8] [2017-11-07 15:19:38,812] - ClientObjectBase::setSpaceData: spaceID(1), key=ACTION_ROOM_JIAOPAI_NEXT, value={"type": 2, "curCid": 2, "curScore": 0}.
 DEBUG root [0x0001abd8] [2017-11-07 15:19:39,810] - ClientObjectBase::setSpaceData: spaceID(1), key=ACTION_ROOM_NEXT, value={"powerCid": 3, "curCid": 3, "powerCards": []}.
 DEBUG root [0x0001abd8] [2017-11-07 15:19:39,810] - ClientObjectBase::setSpaceData: spaceID(1), key=ACTION_ROOM_NEXT, value={"powerCid": 3, "curCid": 3, "powerCards": []}.
 DEBUG root [0x0001abd8] [2017-11-07 15:19:40,809] - ClientObjectBase::setSpaceData: spaceID(1), key=ACTION_ROOM_NEXT, value={"powerCid": 3, "curCid": 1, "powerCards": [4, 1]}.
 DEBUG root [0x0001abd8] [2017-11-07 15:19:40,811] - ClientObjectBase::setSpaceData: spaceID(1), key=ACTION_ROOM_NEXT, value={"powerCid": 3, "curCid": 1, "powerCards": [4, 1]}.
 DEBUG root [0x0001abd8] [2017-11-07 15:19:41,809] - ClientObjectBase::setSpaceData: spaceID(1), key=ACTION_ROOM_NEXT, value={"powerCid": 1, "curCid": 2, "powerCards": [12, 9]}.
 DEBUG root [0x0001abd8] [2017-11-07 15:19:41,811] - ClientObjectBase::setSpaceData: spaceID(1), key=ACTION_ROOM_NEXT, value={"powerCid": 1, "curCid": 2, "powerCards": [12, 9]}.
 DEBUG root [0x0001abd8] [2017-11-07 15:19:42,810] - ClientObjectBase::setSpaceData: spaceID(1), key=ACTION_ROOM_NEXT, value={"powerCid": 2, "curCid": 3, "powerCards": [24, 21]}.
 DEBUG root [0x0001abd8] [2017-11-07 15:19:42,812] - ClientObjectBase::setSpaceData: spaceID(1), key=ACTION_ROOM_NEXT, value={"powerCid": 2, "curCid": 3, "powerCards": [24, 21]}.
 DEBUG root [0x0001abd8] [2017-11-07 15:19:43,810] - ClientObjectBase::setSpaceData: spaceID(1), key=ACTION_ROOM_NEXT, value={"powerCid": 3, "curCid": 1, "powerCards": [26, 25]}.
 DEBUG root [0x0001abd8] [2017-11-07 15:19:43,810] - ClientObjectBase::setSpaceData: spaceID(1), key=ACTION_ROOM_NEXT, value={"powerCid": 3, "curCid": 1, "powerCards": [26, 25]}.
 DEBUG root [0x0001abd8] [2017-11-07 15:19:44,810] - ClientObjectBase::setSpaceData: spaceID(1), key=ACTION_ROOM_NEXT, value={"powerCid": 1, "curCid": 2, "powerCards": [39, 38]}.
 DEBUG root [0x0001abd8] [2017-11-07 15:19:44,811] - ClientObjectBase::setSpaceData: spaceID(1), key=ACTION_ROOM_NEXT, value={"powerCid": 1, "curCid": 2, "powerCards": [39, 38]}.
 DEBUG root [0x0001abd8] [2017-11-07 15:19:45,810] - ClientObjectBase::setSpaceData: spaceID(1), key=ACTION_ROOM_NEXT, value={"powerCid": 1, "curCid": 3, "powerCards": [39, 38]}.
 DEBUG root [0x0001abd8] [2017-11-07 15:19:45,812] - ClientObjectBase::setSpaceData: spaceID(1), key=ACTION_ROOM_NEXT, value={"powerCid": 1, "curCid": 3, "powerCards": [39, 38]}.
 DEBUG root [0x0001abd8] [2017-11-07 15:19:46,809] - ClientObjectBase::setSpaceData: spaceID(1), key=ACTION_ROOM_NEXT, value={"powerCid": 1, "curCid": 1, "powerCards": [39, 38]}.
 DEBUG root [0x0001abd8] [2017-11-07 15:19:46,811] - ClientObjectBase::setSpaceData: spaceID(1), key=ACTION_ROOM_NEXT, value={"powerCid": 1, "curCid": 1, "powerCards": [39, 38]}.
 DEBUG root [0x0001abd8] [2017-11-07 15:19:47,809] - ClientObjectBase::setSpaceData: spaceID(1), key=ACTION_ROOM_NEXT, value={"powerCid": 1, "curCid": 2, "powerCards": [3]}.
 DEBUG root [0x0001abd8] [2017-11-07 15:19:47,811] - ClientObjectBase::setSpaceData: spaceID(1), key=ACTION_ROOM_NEXT, value={"powerCid": 1, "curCid": 2, "powerCards": [3]}.
 DEBUG root [0x0001abd8] [2017-11-07 15:19:48,810] - ClientObjectBase::setSpaceData: spaceID(1), key=ACTION_ROOM_NEXT, value={"powerCid": 2, "curCid": 3, "powerCards": [14]}.
 DEBUG root [0x0001abd8] [2017-11-07 15:19:48,811] - ClientObjectBase::setSpaceData: spaceID(1), key=ACTION_ROOM_NEXT, value={"powerCid": 2, "curCid": 3, "powerCards": [14]}.
 DEBUG root [0x0001abd8] [2017-11-07 15:19:49,811] - ClientObjectBase::setSpaceData: spaceID(1), key=ACTION_ROOM_NEXT, value={"powerCid": 3, "curCid": 1, "powerCards": [31]}.
 DEBUG root [0x0001abd8] [2017-11-07 15:19:49,812] - ClientObjectBase::setSpaceData: spaceID(1), key=ACTION_ROOM_NEXT, value={"powerCid": 3, "curCid": 1, "powerCards": [31]}.
 DEBUG root [0x0001abd8] [2017-11-07 15:19:50,809] - ClientObjectBase::setSpaceData: spaceID(1), key=ACTION_ROOM_NEXT, value={"powerCid": 1, "curCid": 2, "powerCards": [33]}.
 DEBUG root [0x0001abd8] [2017-11-07 15:19:50,811] - ClientObjectBase::setSpaceData: spaceID(1), key=ACTION_ROOM_NEXT, value={"powerCid": 1, "curCid": 2, "powerCards": [33]}.
 DEBUG root [0x0001abd8] [2017-11-07 15:19:51,810] - ClientObjectBase::setSpaceData: spaceID(1), key=ACTION_ROOM_NEXT, value={"powerCid": 2, "curCid": 3, "powerCards": [42]}.
 DEBUG root [0x0001abd8] [2017-11-07 15:19:51,811] - ClientObjectBase::setSpaceData: spaceID(1), key=ACTION_ROOM_NEXT, value={"powerCid": 2, "curCid": 3, "powerCards": [42]}.
 DEBUG root [0x0001abd8] [2017-11-07 15:19:52,809] - ClientObjectBase::setSpaceData: spaceID(1), key=ACTION_ROOM_NEXT, value={"powerCid": 3, "curCid": 1, "powerCards": [48]}.
 DEBUG root [0x0001abd8] [2017-11-07 15:19:52,809] - ClientObjectBase::setSpaceData: spaceID(1), key=ACTION_ROOM_NEXT, value={"powerCid": 3, "curCid": 1, "powerCards": [48]}.
 DEBUG root [0x0001abd8] [2017-11-07 15:19:53,809] - ClientObjectBase::setSpaceData: spaceID(1), key=ACTION_ROOM_NEXT, value={"powerCid": 1, "curCid": 2, "powerCards": [53]}.
 DEBUG root [0x0001abd8] [2017-11-07 15:19:53,810] - ClientObjectBase::setSpaceData: spaceID(1), key=ACTION_ROOM_NEXT, value={"powerCid": 1, "curCid": 2, "powerCards": [53]}.
 DEBUG root [0x0001abd8] [2017-11-07 15:19:54,810] - ClientObjectBase::setSpaceData: spaceID(1), key=ACTION_ROOM_NEXT, value={"powerCid": 1, "curCid": 3, "powerCards": [53]}.
 DEBUG root [0x0001abd8] [2017-11-07 15:19:54,810] - ClientObjectBase::setSpaceData: spaceID(1), key=ACTION_ROOM_NEXT, value={"powerCid": 1, "curCid": 3, "powerCards": [53]}.
 DEBUG root [0x0001abd8] [2017-11-07 15:19:55,810] - ClientObjectBase::setSpaceData: spaceID(1), key=ACTION_ROOM_NEXT, value={"powerCid": 3, "curCid": 1, "powerCards": [54]}.
 DEBUG root [0x0001abd8] [2017-11-07 15:19:55,812] - ClientObjectBase::setSpaceData: spaceID(1), key=ACTION_ROOM_NEXT, value={"powerCid": 3, "curCid": 1, "powerCards": [54]}.
 DEBUG root [0x0001abd8] [2017-11-07 15:19:56,809] - ClientObjectBase::setSpaceData: spaceID(1), key=ACTION_ROOM_NEXT, value={"powerCid": 3, "curCid": 2, "powerCards": [54]}.
 DEBUG root [0x0001abd8] [2017-11-07 15:19:56,811] - ClientObjectBase::setSpaceData: spaceID(1), key=ACTION_ROOM_NEXT, value={"powerCid": 3, "curCid": 2, "powerCards": [54]}.
 DEBUG root [0x0001abd8] [2017-11-07 15:19:57,809] - ClientObjectBase::setSpaceData: spaceID(1), key=ACTION_ROOM_NEXT, value={"powerCid": 3, "curCid": 3, "powerCards": [54]}.
 DEBUG root [0x0001abd8] [2017-11-07 15:19:57,811] - ClientObjectBase::setSpaceData: spaceID(1), key=ACTION_ROOM_NEXT, value={"powerCid": 3, "curCid": 3, "powerCards": [54]}.
 DEBUG root [0x0001abd8] [2017-11-07 15:19:58,810] - ClientObjectBase::setSpaceData: spaceID(1), key=ACTION_ROOM_NEXT, value={"powerCid": 3, "curCid": 1, "powerCards": [8]}.
 DEBUG root [0x0001abd8] [2017-11-07 15:19:58,811] - ClientObjectBase::setSpaceData: spaceID(1), key=ACTION_ROOM_NEXT, value={"powerCid": 3, "curCid": 1, "powerCards": [8]}.
 DEBUG root [0x0001abd8] [2017-11-07 15:19:59,810] - ClientObjectBase::setSpaceData: spaceID(1), key=ACTION_ROOM_NEXT, value={"powerCid": 1, "curCid": 2, "powerCards": [20]}.
 DEBUG root [0x0001abd8] [2017-11-07 15:19:59,811] - ClientObjectBase::setSpaceData: spaceID(1), key=ACTION_ROOM_NEXT, value={"powerCid": 1, "curCid": 2, "powerCards": [20]}.
 DEBUG root [0x0001abd8] [2017-11-07 15:20:00,810] - ClientObjectBase::setSpaceData: spaceID(1), key=ACTION_ROOM_NEXT, value={"powerCid": 2, "curCid": 3, "powerCards": [27]}.
 DEBUG root [0x0001abd8] [2017-11-07 15:20:00,811] - ClientObjectBase::setSpaceData: spaceID(1), key=ACTION_ROOM_NEXT, value={"powerCid": 2, "curCid": 3, "powerCards": [27]}.
 DEBUG root [0x0001abd8] [2017-11-07 15:20:01,809] - ClientObjectBase::setSpaceData: spaceID(1), key=ACTION_ROOM_NEXT, value={"powerCid": 3, "curCid": 1, "powerCards": [35]}.
 DEBUG root [0x0001abd8] [2017-11-07 15:20:01,811] - ClientObjectBase::setSpaceData: spaceID(1), key=ACTION_ROOM_NEXT, value={"powerCid": 3, "curCid": 1, "powerCards": [35]}.
 DEBUG root [0x0001abd8] [2017-11-07 15:20:02,809] - ClientObjectBase::setSpaceData: spaceID(1), key=ACTION_ROOM_NEXT, value={"powerCid": 3, "curCid": 2, "powerCards": [35]}.
 DEBUG root [0x0001abd8] [2017-11-07 15:20:02,810] - ClientObjectBase::setSpaceData: spaceID(1), key=ACTION_ROOM_NEXT, value={"powerCid": 3, "curCid": 2, "powerCards": [35]}.
 DEBUG root [0x0001abd8] [2017-11-07 15:20:03,809] - ClientObjectBase::setSpaceData: spaceID(1), key=ACTION_ROOM_NEXT, value={"powerCid": 2, "curCid": 3, "powerCards": [50]}.
 DEBUG root [0x0001abd8] [2017-11-07 15:20:03,811] - ClientObjectBase::setSpaceData: spaceID(1), key=ACTION_ROOM_NEXT, value={"powerCid": 2, "curCid": 3, "powerCards": [50]}.
 DEBUG root [0x0001abd8] [2017-11-07 15:20:04,809] - ClientObjectBase::setSpaceData: spaceID(1), key=ACTION_ROOM_NEXT, value={"powerCid": 2, "curCid": 1, "powerCards": [50]}.
 DEBUG root [0x0001abd8] [2017-11-07 15:20:04,809] - ClientObjectBase::setSpaceData: spaceID(1), key=ACTION_ROOM_NEXT, value={"powerCid": 2, "curCid": 1, "powerCards": [50]}.
 DEBUG root [0x0001abd8] [2017-11-07 15:20:05,809] - ClientObjectBase::setSpaceData: spaceID(1), key=ACTION_ROOM_NEXT, value={"powerCid": 2, "curCid": 2, "powerCards": [50]}.
 DEBUG root [0x0001abd8] [2017-11-07 15:20:05,809] - ClientObjectBase::setSpaceData: spaceID(1), key=ACTION_ROOM_NEXT, value={"powerCid": 2, "curCid": 2, "powerCards": [50]}.
 DEBUG root [0x0001abd8] [2017-11-07 15:20:06,811] - ClientObjectBase::setSpaceData: spaceID(1), key=ACTION_ROOM_NEXT, value={"powerCid": 2, "curCid": 3, "powerCards": [2]}.
 DEBUG root [0x0001abd8] [2017-11-07 15:20:06,812] - ClientObjectBase::setSpaceData: spaceID(1), key=ACTION_ROOM_NEXT, value={"powerCid": 2, "curCid": 3, "powerCards": [2]}.
 DEBUG root [0x0001abd8] [2017-11-07 15:20:07,810] - ClientObjectBase::setSpaceData: spaceID(1), key=ACTION_ROOM_NEXT, value={"powerCid": 3, "curCid": 1, "powerCards": [13]}.
 DEBUG root [0x0001abd8] [2017-11-07 15:20:07,812] - ClientObjectBase::setSpaceData: spaceID(1), key=ACTION_ROOM_NEXT, value={"powerCid": 3, "curCid": 1, "powerCards": [13]}.
 DEBUG root [0x0001abd8] [2017-11-07 15:20:08,809] - ClientObjectBase::setSpaceData: spaceID(1), key=ACTION_ROOM_NEXT, value={"powerCid": 1, "curCid": 2, "powerCards": [28]}.
 DEBUG root [0x0001abd8] [2017-11-07 15:20:08,811] - ClientObjectBase::setSpaceData: spaceID(1), key=ACTION_ROOM_NEXT, value={"powerCid": 1, "curCid": 2, "powerCards": [28]}.
 DEBUG root [0x0001abd8] [2017-11-07 15:20:09,810] - ClientObjectBase::setSpaceData: spaceID(1), key=ACTION_ROOM_NEXT, value={"powerCid": 1, "curCid": 3, "powerCards": [28]}.
 DEBUG root [0x0001abd8] [2017-11-07 15:20:09,812] - ClientObjectBase::setSpaceData: spaceID(1), key=ACTION_ROOM_NEXT, value={"powerCid": 1, "curCid": 3, "powerCards": [28]}.
 DEBUG root [0x0001abd8] [2017-11-07 15:20:10,810] - ClientObjectBase::setSpaceData: spaceID(1), key=ACTION_ROOM_NEXT, value={"powerCid": 3, "curCid": 1, "powerCards": [41]}.
 DEBUG root [0x0001abd8] [2017-11-07 15:20:10,812] - ClientObjectBase::setSpaceData: spaceID(1), key=ACTION_ROOM_NEXT, value={"powerCid": 3, "curCid": 1, "powerCards": [41]}.
 DEBUG root [0x0001abd8] [2017-11-07 15:20:11,810] - ClientObjectBase::setSpaceData: spaceID(1), key=ACTION_ROOM_NEXT, value={"powerCid": 3, "curCid": 2, "powerCards": [41]}.
 DEBUG root [0x0001abd8] [2017-11-07 15:20:11,812] - ClientObjectBase::setSpaceData: spaceID(1), key=ACTION_ROOM_NEXT, value={"powerCid": 3, "curCid": 2, "powerCards": [41]}.
 DEBUG root [0x0001abd8] [2017-11-07 15:20:12,809] - ClientObjectBase::setSpaceData: spaceID(1), key=ACTION_ROOM_NEXT, value={"powerCid": 3, "curCid": 3, "powerCards": [41]}.
 DEBUG root [0x0001abd8] [2017-11-07 15:20:12,809] - ClientObjectBase::setSpaceData: spaceID(1), key=ACTION_ROOM_NEXT, value={"powerCid": 3, "curCid": 3, "powerCards": [41]}.
 DEBUG root [0x0001abd8] [2017-11-07 15:20:13,809] - ClientObjectBase::setSpaceData: spaceID(1), key=ACTION_ROOM_NEXT, value={"powerCid": 3, "curCid": 1, "powerCards": [11, 10]}.
 DEBUG root [0x0001abd8] [2017-11-07 15:20:13,811] - ClientObjectBase::setSpaceData: spaceID(1), key=ACTION_ROOM_NEXT, value={"powerCid": 3, "curCid": 1, "powerCards": [11, 10]}.
 DEBUG root [0x0001abd8] [2017-11-07 15:20:14,809] - ClientObjectBase::setSpaceData: spaceID(1), key=ACTION_ROOM_NEXT, value={"powerCid": 1, "curCid": 2, "powerCards": [16, 15]}.
 DEBUG root [0x0001abd8] [2017-11-07 15:20:14,811] - ClientObjectBase::setSpaceData: spaceID(1), key=ACTION_ROOM_NEXT, value={"powerCid": 1, "curCid": 2, "powerCards": [16, 15]}.
 DEBUG root [0x0001abd8] [2017-11-07 15:20:15,810] - ClientObjectBase::setSpaceData: spaceID(1), key=ACTION_ROOM_NEXT, value={"powerCid": 2, "curCid": 3, "powerCards": [36, 34]}.
 DEBUG root [0x0001abd8] [2017-11-07 15:20:15,810] - ClientObjectBase::setSpaceData: spaceID(1), key=ACTION_ROOM_NEXT, value={"powerCid": 2, "curCid": 3, "powerCards": [36, 34]}.
 DEBUG root [0x0001abd8] [2017-11-07 15:20:16,809] - ClientObjectBase::setSpaceData: spaceID(1), key=ACTION_ROOM_NEXT, value={"powerCid": 2, "curCid": 1, "powerCards": [36, 34]}.
 DEBUG root [0x0001abd8] [2017-11-07 15:20:16,809] - ClientObjectBase::setSpaceData: spaceID(1), key=ACTION_ROOM_NEXT, value={"powerCid": 2, "curCid": 1, "powerCards": [36, 34]}.
 DEBUG root [0x0001abd8] [2017-11-07 15:20:17,809] - ClientObjectBase::setSpaceData: spaceID(1), key=ACTION_ROOM_NEXT, value={"powerCid": 1, "curCid": 2, "powerCards": [44, 43]}.
 DEBUG root [0x0001abd8] [2017-11-07 15:20:17,810] - ClientObjectBase::setSpaceData: spaceID(1), key=ACTION_ROOM_NEXT, value={"powerCid": 1, "curCid": 2, "powerCards": [44, 43]}.
 DEBUG root [0x0001abd8] [2017-11-07 15:20:18,809] - ClientObjectBase::setSpaceData: spaceID(1), key=ACTION_ROOM_NEXT, value={"powerCid": 1, "curCid": 3, "powerCards": [44, 43]}.
 DEBUG root [0x0001abd8] [2017-11-07 15:20:18,809] - ClientObjectBase::setSpaceData: spaceID(1), key=ACTION_ROOM_NEXT, value={"powerCid": 1, "curCid": 3, "powerCards": [44, 43]}.
 DEBUG root [0x0001abd8] [2017-11-07 15:20:19,809] - ClientObjectBase::setSpaceData: spaceID(1), key=ACTION_ROOM_NEXT, value={"powerCid": 1, "curCid": 1, "powerCards": [44, 43]}.
 DEBUG root [0x0001abd8] [2017-11-07 15:20:19,810] - ClientObjectBase::setSpaceData: spaceID(1), key=ACTION_ROOM_NEXT, value={"powerCid": 1, "curCid": 1, "powerCards": [44, 43]}.
 DEBUG root [0x0001abd8] [2017-11-07 15:20:20,809] - ClientObjectBase::setSpaceData: spaceID(1), key=ACTION_ROOM_NEXT, value={"powerCid": 1, "curCid": 2, "powerCards": [30]}.
 DEBUG root [0x0001abd8] [2017-11-07 15:20:20,811] - ClientObjectBase::setSpaceData: spaceID(1), key=ACTION_ROOM_NEXT, value={"powerCid": 1, "curCid": 2, "powerCards": [30]}.
 DEBUG root [0x0001abd8] [2017-11-07 15:20:21,809] - ClientObjectBase::setSpaceData: spaceID(1), key=ACTION_ROOM_NEXT, value={"powerCid": 1, "curCid": 3, "powerCards": [30]}.
 DEBUG root [0x0001abd8] [2017-11-07 15:20:21,811] - ClientObjectBase::setSpaceData: spaceID(1), key=ACTION_ROOM_NEXT, value={"powerCid": 1, "curCid": 3, "powerCards": [30]}.
 DEBUG root [0x0001abd8] [2017-11-07 15:20:22,809] - ClientObjectBase::setSpaceData: spaceID(1), key=ACTION_ROOM_NEXT, value={"powerCid": 1, "curCid": 1, "powerCards": [30]}.
 DEBUG root [0x0001abd8] [2017-11-07 15:20:22,810] - ClientObjectBase::setSpaceData: spaceID(1), key=ACTION_ROOM_NEXT, value={"powerCid": 1, "curCid": 1, "powerCards": [30]}.
 DEBUG root [0x0001abd8] [2017-11-07 15:20:25,343] - ClientObjectBase::onEntityLeaveWorld: DdzAvatar(10019), appID(2).
 DEBUG root [0x0001abd8] [2017-11-07 15:20:25,343] - DdzAvatar::~DdzAvatar(): 10019
 DEBUG root [0x0001abd8] [2017-11-07 15:20:25,343] - ClientObjectBase::onEntityLeaveWorld: DdzAvatar(10019), appID(3).
 DEBUG root [0x0001abd8] [2017-11-07 15:20:25,343] - DdzAvatar::~DdzAvatar(): 10019
 DEBUG root [0x0001abd8] [2017-11-07 15:20:25,376] - ClientObjectBase::onEntityLeaveWorld: DdzAvatar(10015), appID(2).
 DEBUG root [0x0001abd8] [2017-11-07 15:20:25,376] - DdzAvatar::~DdzAvatar(): 10016
 DEBUG root [0x0001abd8] [2017-11-07 15:20:25,376] - ClientObjectBase::onEntityLeaveWorld: DdzAvatar(10016), appID(3).
 DEBUG root [0x0001abd8] [2017-11-07 15:20:25,376] - DdzAvatar::~DdzAvatar(): 10015
 DEBUG root [0x0001abd8] [2017-11-07 15:20:25,476] - ClientObjectBase::onPlayerEnterWorld: DdzAvatar(10015), isOnGround(0), appID(2).
 S_ERR root [0x0001abd8] [2017-11-07 15:20:25,476] - AttributeError: 'module' object has no attribute 'PlayerDdzAvatar'
 ERROR root [0x0001abd8] [2017-11-07 15:20:25,477] - DdzAvatar::onBecomePlayer(): please implement PlayerDdzAvatar.
 DEBUG root [0x0001abd8] [2017-11-07 15:20:25,477] - ClientObjectBase::setSpaceData: spaceID(2), key=state, value=0.
 DEBUG root [0x0001abd8] [2017-11-07 15:20:25,477] - ClientObjectBase::setSpaceData: spaceID(2), key=curfen, value=0.10.
 DEBUG root [0x0001abd8] [2017-11-07 15:20:25,478] - ClientObjectBase::setSpaceData: spaceID(2), key=multiple, value=1.
 DEBUG root [0x0001abd8] [2017-11-07 15:20:25,478] - ClientObjectBase::setSpaceData: spaceID(2), key=roomtime, value=15.
 DEBUG root [0x0001abd8] [2017-11-07 15:20:25,478] - ClientObjectBase::initSpaceData: spaceID(2), datasize=4.
 DEBUG root [0x0001abd8] [2017-11-07 15:20:25,478] - ClientObjectBase::onEntityEnterSpace: DdzAvatar(10015).
  INFO root [0x0001abd8] [2017-11-07 15:20:25,478] - ClientObjectBase::createEntity: new DdzAvatar (10016)
 S_ERR root [0x0001abd8] [2017-11-07 15:20:25,479] - Traceback (most recent call last):
  File "C:/Users/hyc/Desktop/kbengine/llgame/scripts/bots\DdzAvatar.py", line 12, in __init__
    self.base.reqEnterGame(1)
 S_ERR root [0x0001abd8] [2017-11-07 15:20:25,480] - AttributeError: 'NoneType' object has no attribute 'reqEnterGame'
 DEBUG root [0x0001abd8] [2017-11-07 15:20:25,480] - ClientObjectBase::onEntityEnterWorld: DdzAvatar(10016), isOnGround(0), appID(2).
 DEBUG root [0x0001abd8] [2017-11-07 15:20:25,480] - ClientObjectBase::onPlayerEnterWorld: DdzAvatar(10016), isOnGround(0), appID(3).
 S_ERR root [0x0001abd8] [2017-11-07 15:20:25,481] - AttributeError: 'module' object has no attribute 'PlayerDdzAvatar'
 ERROR root [0x0001abd8] [2017-11-07 15:20:25,481] - DdzAvatar::onBecomePlayer(): please implement PlayerDdzAvatar.
 DEBUG root [0x0001abd8] [2017-11-07 15:20:25,481] - ClientObjectBase::setSpaceData: spaceID(2), key=state, value=0.
 DEBUG root [0x0001abd8] [2017-11-07 15:20:25,481] - ClientObjectBase::setSpaceData: spaceID(2), key=curfen, value=0.10.
 DEBUG root [0x0001abd8] [2017-11-07 15:20:25,481] - ClientObjectBase::setSpaceData: spaceID(2), key=multiple, value=1.
 DEBUG root [0x0001abd8] [2017-11-07 15:20:25,481] - ClientObjectBase::setSpaceData: spaceID(2), key=roomtime, value=15.
 DEBUG root [0x0001abd8] [2017-11-07 15:20:25,481] - ClientObjectBase::initSpaceData: spaceID(2), datasize=4.
 DEBUG root [0x0001abd8] [2017-11-07 15:20:25,481] - ClientObjectBase::onEntityEnterSpace: DdzAvatar(10016).
  INFO root [0x0001abd8] [2017-11-07 15:20:25,482] - ClientObjectBase::createEntity: new DdzAvatar (10015)
 S_ERR root [0x0001abd8] [2017-11-07 15:20:25,482] - Traceback (most recent call last):
  File "C:/Users/hyc/Desktop/kbengine/llgame/scripts/bots\DdzAvatar.py", line 12, in __init__
    self.base.reqEnterGame(1)
 S_ERR root [0x0001abd8] [2017-11-07 15:20:25,483] - AttributeError: 'NoneType' object has no attribute 'reqEnterGame'
 DEBUG root [0x0001abd8] [2017-11-07 15:20:25,483] - ClientObjectBase::onEntityEnterWorld: DdzAvatar(10015), isOnGround(0), appID(3).
 DEBUG root [0x0001abd8] [2017-11-07 15:23:46,073] - Bots::lookApp: 172.16.4.154:58465/0/0/0
 DEBUG root [0x0001abd8] [2017-11-07 15:24:28,740] - Bots::lookApp: 172.16.4.154:58479/0/0/0
 DEBUG root [0x0001abd8] [2017-11-07 15:24:34,339] - Bots::lookApp: 172.16.4.154:58488/0/0/0
  INFO root [0x0001abd8] [2017-11-07 19:48:17,544] - ClientObjectBase::onKicked: code=11
 DEBUG root [0x0001abd8] [2017-11-07 19:48:17,544] - ClientObjectBase::tickSend: serverCloased!
  INFO root [0x0001abd8] [2017-11-07 19:48:17,544] - ClientObjectBase::onKicked: code=11
 DEBUG root [0x0001abd8] [2017-11-07 19:48:17,544] - ClientObjectBase::tickSend: serverCloased!
  WARN root [0x0001abd8] [2017-11-07 19:48:18,225] - TCPPacketReceiver::processPendingEvents(172.16.4.154:20015): Throwing REASON_GENERAL_NETWORK - WSAECONNRESET
  WARN root [0x0001abd8] [2017-11-07 19:48:18,225] - TCPPacketReceiver::processPendingEvents(172.16.4.154:20015): Throwing REASON_GENERAL_NETWORK - WSAECONNRESET
  WARN root [0x0001abd8] [2017-11-07 19:48:18,225] - TCPPacketReceiver::processPendingEvents(172.16.4.154:20015): Throwing REASON_GENERAL_NETWORK - WSAECONNRESET
  WARN root [0x0001abd8] [2017-11-07 19:48:18,225] - TCPPacketReceiver::processPendingEvents(172.16.4.154:20015): Throwing REASON_GENERAL_NETWORK - WSAECONNRESET
  WARN root [0x0001abd8] [2017-11-07 19:48:18,226] - TCPPacketReceiver::processPendingEvents(172.16.4.154:20015): Throwing REASON_GENERAL_NETWORK - WSAECONNRESET
  WARN root [0x0001abd8] [2017-11-07 19:48:18,226] - TCPPacketReceiver::processPendingEvents(172.16.4.154:20015): Throwing REASON_GENERAL_NETWORK - WSAECONNRESET
  WARN root [0x0001abd8] [2017-11-07 19:48:18,226] - TCPPacketReceiver::processPendingEvents(172.16.4.154:20015): Throwing REASON_GENERAL_NETWORK - WSAECONNRESET
  WARN root [0x0001abd8] [2017-11-07 19:48:18,226] - TCPPacketReceiver::processPendingEvents(172.16.4.154:20015): Throwing REASON_GENERAL_NETWORK - WSAECONNRESET
  WARN root [0x0001abd8] [2017-11-07 19:48:18,226] - TCPPacketReceiver::processPendingEvents(172.16.4.154:20015): Throwing REASON_GENERAL_NETWORK - WSAECONNRESET
  WARN root [0x0001abd8] [2017-11-07 19:48:18,226] - TCPPacketReceiver::processPendingEvents(172.16.4.154:20015): Throwing REASON_GENERAL_NETWORK - WSAECONNRESET
  WARN root [0x0001abd8] [2017-11-07 19:48:18,226] - TCPPacketReceiver::processPendingEvents(172.16.4.154:20015): Throwing REASON_GENERAL_NETWORK - WSAECONNRESET
  WARN root [0x0001abd8] [2017-11-07 19:48:18,227] - TCPPacketReceiver::processPendingEvents(172.16.4.154:20015): Throwing REASON_GENERAL_NETWORK - WSAECONNRESET
  WARN root [0x0001abd8] [2017-11-07 19:48:18,227] - TCPPacketReceiver::processPendingEvents(172.16.4.154:20015): Throwing REASON_GENERAL_NETWORK - WSAECONNRESET
  WARN root [0x0001abd8] [2017-11-07 19:48:18,227] - TCPPacketReceiver::processPendingEvents(172.16.4.154:20015): Throwing REASON_GENERAL_NETWORK - WSAECONNRESET
  WARN root [0x0001abd8] [2017-11-07 19:48:18,227] - TCPPacketReceiver::processPendingEvents(172.16.4.154:20015): Throwing REASON_GENERAL_NETWORK - WSAECONNRESET
  WARN root [0x0001abd8] [2017-11-07 19:48:18,227] - TCPPacketReceiver::processPendingEvents(172.16.4.154:20015): Throwing REASON_GENERAL_NETWORK - WSAECONNRESET
  WARN root [0x0001abd8] [2017-11-07 19:48:18,227] - TCPPacketReceiver::processPendingEvents(172.16.4.154:20015): Throwing REASON_GENERAL_NETWORK - WSAECONNRESET
  WARN root [0x0001abd8] [2017-11-07 19:48:18,227] - TCPPacketReceiver::processPendingEvents(172.16.4.154:20015): Throwing REASON_GENERAL_NETWORK - WSAECONNRESET
  WARN root [0x0001abd8] [2017-11-07 19:48:18,228] - TCPPacketReceiver::processPendingEvents(172.16.4.154:20015): Throwing REASON_GENERAL_NETWORK - WSAECONNRESET
  WARN root [0x0001abd8] [2017-11-07 19:48:18,228] - TCPPacketReceiver::processPendingEvents(172.16.4.154:20015): Throwing REASON_GENERAL_NETWORK - WSAECONNRESET
  WARN root [0x0001abd8] [2017-11-07 19:48:18,228] - TCPPacketReceiver::processPendingEvents(172.16.4.154:20015): Throwing REASON_GENERAL_NETWORK - WSAECONNRESET
  WARN root [0x0001abd8] [2017-11-07 19:48:18,228] - TCPPacketReceiver::processPendingEvents(172.16.4.154:20015): Throwing REASON_GENERAL_NETWORK - WSAECONNRESET
  WARN root [0x0001abd8] [2017-11-07 19:48:18,228] - TCPPacketReceiver::processPendingEvents(172.16.4.154:20015): Throwing REASON_GENERAL_NETWORK - WSAECONNRESET
  WARN root [0x0001abd8] [2017-11-07 19:48:18,228] - TCPPacketReceiver::processPendingEvents(172.16.4.154:20015): Throwing REASON_GENERAL_NETWORK - WSAECONNRESET
  WARN root [0x0001abd8] [2017-11-07 19:48:18,229] - TCPPacketReceiver::processPendingEvents(172.16.4.154:20015): Throwing REASON_GENERAL_NETWORK - WSAECONNRESET
  WARN root [0x0001abd8] [2017-11-07 19:48:18,229] - TCPPacketReceiver::processPendingEvents(172.16.4.154:20015): Throwing REASON_GENERAL_NETWORK - WSAECONNRESET
  WARN root [0x0001abd8] [2017-11-07 19:48:18,229] - TCPPacketReceiver::processPendingEvents(172.16.4.154:20015): Throwing REASON_GENERAL_NETWORK - WSAECONNRESET
  WARN root [0x0001abd8] [2017-11-07 19:48:18,229] - TCPPacketReceiver::processPendingEvents(172.16.4.154:20015): Throwing REASON_GENERAL_NETWORK - WSAECONNRESET
  WARN root [0x0001abd8] [2017-11-07 19:48:18,229] - TCPPacketReceiver::processPendingEvents(172.16.4.154:20015): Throwing REASON_GENERAL_NETWORK - WSAECONNRESET
  WARN root [0x0001abd8] [2017-11-07 19:48:18,229] - TCPPacketReceiver::processPendingEvents(172.16.4.154:20015): Throwing REASON_GENERAL_NETWORK - WSAECONNRESET
  WARN root [0x0001abd8] [2017-11-07 19:48:18,230] - TCPPacketReceiver::processPendingEvents(172.16.4.154:20015): Throwing REASON_GENERAL_NETWORK - WSAECONNRESET
  WARN root [0x0001abd8] [2017-11-07 19:48:18,230] - TCPPacketReceiver::processPendingEvents(172.16.4.154:20015): Throwing REASON_GENERAL_NETWORK - WSAECONNRESET
  WARN root [0x0001abd8] [2017-11-07 19:48:18,230] - TCPPacketReceiver::processPendingEvents(172.16.4.154:20015): Throwing REASON_GENERAL_NETWORK - WSAECONNRESET
  WARN root [0x0001abd8] [2017-11-07 19:48:18,230] - TCPPacketReceiver::processPendingEvents(172.16.4.154:20015): Throwing REASON_GENERAL_NETWORK - WSAECONNRESET
  WARN root [0x0001abd8] [2017-11-07 19:48:18,230] - TCPPacketReceiver::processPendingEvents(172.16.4.154:20015): Throwing REASON_GENERAL_NETWORK - WSAECONNRESET
  WARN root [0x0001abd8] [2017-11-07 19:48:18,230] - TCPPacketReceiver::processPendingEvents(172.16.4.154:20015): Throwing REASON_GENERAL_NETWORK - WSAECONNRESET
  WARN root [0x0001abd8] [2017-11-07 19:48:18,230] - TCPPacketReceiver::processPendingEvents(172.16.4.154:20015): Throwing REASON_GENERAL_NETWORK - WSAECONNRESET
  WARN root [0x0001abd8] [2017-11-07 19:48:18,231] - TCPPacketReceiver::processPendingEvents(172.16.4.154:20015): Throwing REASON_GENERAL_NETWORK - WSAECONNRESET
  WARN root [0x0001abd8] [2017-11-07 19:48:18,231] - TCPPacketReceiver::processPendingEvents(172.16.4.154:20015): Throwing REASON_GENERAL_NETWORK - WSAECONNRESET
  WARN root [0x0001abd8] [2017-11-07 19:48:18,231] - TCPPacketReceiver::processPendingEvents(172.16.4.154:20015): Throwing REASON_GENERAL_NETWORK - WSAECONNRESET
  WARN root [0x0001abd8] [2017-11-07 19:48:18,231] - TCPPacketReceiver::processPendingEvents(172.16.4.154:20015): Throwing REASON_GENERAL_NETWORK - WSAECONNRESET
  WARN root [0x0001abd8] [2017-11-07 19:48:18,231] - TCPPacketReceiver::processPendingEvents(172.16.4.154:20015): Throwing REASON_GENERAL_NETWORK - WSAECONNRESET
  WARN root [0x0001abd8] [2017-11-07 19:48:18,231] - TCPPacketReceiver::processPendingEvents(172.16.4.154:20015): Throwing REASON_GENERAL_NETWORK - WSAECONNRESET
  WARN root [0x0001abd8] [2017-11-07 19:48:18,232] - TCPPacketReceiver::processPendingEvents(172.16.4.154:20015): Throwing REASON_GENERAL_NETWORK - WSAECONNRESET
  WARN root [0x0001abd8] [2017-11-07 19:48:18,232] - TCPPacketReceiver::processPendingEvents(172.16.4.154:20015): Throwing REASON_GENERAL_NETWORK - WSAECONNRESET
  WARN root [0x0001abd8] [2017-11-07 19:48:18,232] - TCPPacketReceiver::processPendingEvents(172.16.4.154:20015): Throwing REASON_GENERAL_NETWORK - WSAECONNRESET
  WARN root [0x0001abd8] [2017-11-07 19:48:18,232] - TCPPacketReceiver::processPendingEvents(172.16.4.154:20015): Throwing REASON_GENERAL_NETWORK - WSAECONNRESET
  WARN root [0x0001abd8] [2017-11-07 19:48:18,232] - TCPPacketReceiver::processPendingEvents(172.16.4.154:20015): Throwing REASON_GENERAL_NETWORK - WSAECONNRESET
  WARN root [0x0001abd8] [2017-11-07 19:48:18,233] - TCPPacketReceiver::processPendingEvents(172.16.4.154:20015): Throwing REASON_GENERAL_NETWORK - WSAECONNRESET
  WARN root [0x0001abd8] [2017-11-07 19:48:18,233] - TCPPacketReceiver::processPendingEvents(172.16.4.154:20015): Throwing REASON_GENERAL_NETWORK - WSAECONNRESET
  WARN root [0x0001abd8] [2017-11-07 19:48:18,233] - TCPPacketReceiver::processPendingEvents(172.16.4.154:20015): Throwing REASON_GENERAL_NETWORK - WSAECONNRESET
  WARN root [0x0001abd8] [2017-11-07 19:48:18,233] - TCPPacketReceiver::processPendingEvents(172.16.4.154:20015): Throwing REASON_GENERAL_NETWORK - WSAECONNRESET
  WARN root [0x0001abd8] [2017-11-07 19:48:18,233] - TCPPacketReceiver::processPendingEvents(172.16.4.154:20015): Throwing REASON_GENERAL_NETWORK - WSAECONNRESET
  WARN root [0x0001abd8] [2017-11-07 19:48:18,233] - TCPPacketReceiver::processPendingEvents(172.16.4.154:20015): Throwing REASON_GENERAL_NETWORK - WSAECONNRESET
  WARN root [0x0001abd8] [2017-11-07 19:48:18,234] - TCPPacketReceiver::processPendingEvents(172.16.4.154:20015): Throwing REASON_GENERAL_NETWORK - WSAECONNRESET
  WARN root [0x0001abd8] [2017-11-07 19:48:18,234] - TCPPacketReceiver::processPendingEvents(172.16.4.154:20015): Throwing REASON_GENERAL_NETWORK - WSAECONNRESET
  WARN root [0x0001abd8] [2017-11-07 19:48:18,234] - TCPPacketReceiver::processPendingEvents(172.16.4.154:20015): Throwing REASON_GENERAL_NETWORK - WSAECONNRESET
  WARN root [0x0001abd8] [2017-11-07 19:48:18,234] - TCPPacketReceiver::processPendingEvents(172.16.4.154:20015): Throwing REASON_GENERAL_NETWORK - WSAECONNRESET
  WARN root [0x0001abd8] [2017-11-07 19:48:18,235] - TCPPacketReceiver::processPendingEvents(172.16.4.154:20015): Throwing REASON_GENERAL_NETWORK - WSAECONNRESET
  WARN root [0x0001abd8] [2017-11-07 19:48:18,235] - TCPPacketReceiver::processPendingEvents(172.16.4.154:20015): Throwing REASON_GENERAL_NETWORK - WSAECONNRESET
  WARN root [0x0001abd8] [2017-11-07 19:48:18,235] - TCPPacketReceiver::processPendingEvents(172.16.4.154:20015): Throwing REASON_GENERAL_NETWORK - WSAECONNRESET
  WARN root [0x0001abd8] [2017-11-07 19:48:18,235] - TCPPacketReceiver::processPendingEvents(172.16.4.154:20015): Throwing REASON_GENERAL_NETWORK - WSAECONNRESET
  WARN root [0x0001abd8] [2017-11-07 19:48:18,235] - TCPPacketReceiver::processPendingEvents(172.16.4.154:20015): Throwing REASON_GENERAL_NETWORK - WSAECONNRESET
  WARN root [0x0001abd8] [2017-11-07 19:48:18,235] - TCPPacketReceiver::processPendingEvents(172.16.4.154:20015): Throwing REASON_GENERAL_NETWORK - WSAECONNRESET
  WARN root [0x0001abd8] [2017-11-07 19:48:18,236] - TCPPacketReceiver::processPendingEvents(172.16.4.154:20015): Throwing REASON_GENERAL_NETWORK - WSAECONNRESET
  WARN root [0x0001abd8] [2017-11-07 19:48:18,236] - TCPPacketReceiver::processPendingEvents(172.16.4.154:20015): Throwing REASON_GENERAL_NETWORK - WSAECONNRESET
  WARN root [0x0001abd8] [2017-11-07 19:48:18,236] - TCPPacketReceiver::processPendingEvents(172.16.4.154:20015): Throwing REASON_GENERAL_NETWORK - WSAECONNRESET
  WARN root [0x0001abd8] [2017-11-07 19:48:18,236] - TCPPacketReceiver::processPendingEvents(172.16.4.154:20015): Throwing REASON_GENERAL_NETWORK - WSAECONNRESET
  WARN root [0x0001abd8] [2017-11-07 19:48:18,236] - TCPPacketReceiver::processPendingEvents(172.16.4.154:20015): Throwing REASON_GENERAL_NETWORK - WSAECONNRESET
  WARN root [0x0001abd8] [2017-11-07 19:48:18,236] - TCPPacketReceiver::processPendingEvents(172.16.4.154:20015): Throwing REASON_GENERAL_NETWORK - WSAECONNRESET
  WARN root [0x0001abd8] [2017-11-07 19:48:18,236] - TCPPacketReceiver::processPendingEvents(172.16.4.154:20015): Throwing REASON_GENERAL_NETWORK - WSAECONNRESET
  WARN root [0x0001abd8] [2017-11-07 19:48:18,237] - TCPPacketReceiver::processPendingEvents(172.16.4.154:20015): Throwing REASON_GENERAL_NETWORK - WSAECONNRESET
  WARN root [0x0001abd8] [2017-11-07 19:48:18,237] - TCPPacketReceiver::processPendingEvents(172.16.4.154:20015): Throwing REASON_GENERAL_NETWORK - WSAECONNRESET
  WARN root [0x0001abd8] [2017-11-07 19:48:18,237] - TCPPacketReceiver::processPendingEvents(172.16.4.154:20015): Throwing REASON_GENERAL_NETWORK - WSAECONNRESET
  WARN root [0x0001abd8] [2017-11-07 19:48:18,237] - TCPPacketReceiver::processPendingEvents(172.16.4.154:20015): Throwing REASON_GENERAL_NETWORK - WSAECONNRESET
  WARN root [0x0001abd8] [2017-11-07 19:48:18,237] - TCPPacketReceiver::processPendingEvents(172.16.4.154:20015): Throwing REASON_GENERAL_NETWORK - WSAECONNRESET
  WARN root [0x0001abd8] [2017-11-07 19:48:18,237] - TCPPacketReceiver::processPendingEvents(172.16.4.154:20015): Throwing REASON_GENERAL_NETWORK - WSAECONNRESET
  WARN root [0x0001abd8] [2017-11-07 19:48:18,237] - TCPPacketReceiver::processPendingEvents(172.16.4.154:20015): Throwing REASON_GENERAL_NETWORK - WSAECONNRESET
  WARN root [0x0001abd8] [2017-11-07 19:48:18,238] - TCPPacketReceiver::processPendingEvents(172.16.4.154:20015): Throwing REASON_GENERAL_NETWORK - WSAECONNRESET
  WARN root [0x0001abd8] [2017-11-07 19:48:18,238] - TCPPacketReceiver::processPendingEvents(172.16.4.154:20015): Throwing REASON_GENERAL_NETWORK - WSAECONNRESET
  WARN root [0x0001abd8] [2017-11-07 19:48:18,238] - TCPPacketReceiver::processPendingEvents(172.16.4.154:20015): Throwing REASON_GENERAL_NETWORK - WSAECONNRESET
  WARN root [0x0001abd8] [2017-11-07 19:48:18,238] - TCPPacketReceiver::processPendingEvents(172.16.4.154:20015): Throwing REASON_GENERAL_NETWORK - WSAECONNRESET
  WARN root [0x0001abd8] [2017-11-07 19:48:18,238] - TCPPacketReceiver::processPendingEvents(172.16.4.154:20015): Throwing REASON_GENERAL_NETWORK - WSAECONNRESET
  WARN root [0x0001abd8] [2017-11-07 19:48:18,238] - TCPPacketReceiver::processPendingEvents(172.16.4.154:20015): Throwing REASON_GENERAL_NETWORK - WSAECONNRESET
  WARN root [0x0001abd8] [2017-11-07 19:48:18,238] - TCPPacketReceiver::processPendingEvents(172.16.4.154:20015): Throwing REASON_GENERAL_NETWORK - WSAECONNRESET
  WARN root [0x0001abd8] [2017-11-07 19:48:18,239] - TCPPacketReceiver::processPendingEvents(172.16.4.154:20015): Throwing REASON_GENERAL_NETWORK - WSAECONNRESET
  WARN root [0x0001abd8] [2017-11-07 19:48:18,239] - TCPPacketReceiver::processPendingEvents(172.16.4.154:20015): Throwing REASON_GENERAL_NETWORK - WSAECONNRESET
  WARN root [0x0001abd8] [2017-11-07 19:48:18,239] - TCPPacketReceiver::processPendingEvents(172.16.4.154:20015): Throwing REASON_GENERAL_NETWORK - WSAECONNRESET
  WARN root [0x0001abd8] [2017-11-07 19:48:18,239] - TCPPacketReceiver::processPendingEvents(172.16.4.154:20015): Throwing REASON_GENERAL_NETWORK - WSAECONNRESET
  WARN root [0x0001abd8] [2017-11-07 19:48:18,239] - TCPPacketReceiver::processPendingEvents(172.16.4.154:20015): Throwing REASON_GENERAL_NETWORK - WSAECONNRESET
  WARN root [0x0001abd8] [2017-11-07 19:48:18,239] - TCPPacketReceiver::processPendingEvents(172.16.4.154:20015): Throwing REASON_GENERAL_NETWORK - WSAECONNRESET
  WARN root [0x0001abd8] [2017-11-07 19:48:18,239] - TCPPacketReceiver::processPendingEvents(172.16.4.154:20015): Throwing REASON_GENERAL_NETWORK - WSAECONNRESET
  WARN root [0x0001abd8] [2017-11-07 19:48:18,240] - TCPPacketReceiver::processPendingEvents(172.16.4.154:20015): Throwing REASON_GENERAL_NETWORK - WSAECONNRESET
  WARN root [0x0001abd8] [2017-11-07 19:48:18,240] - TCPPacketReceiver::processPendingEvents(172.16.4.154:20015): Throwing REASON_GENERAL_NETWORK - WSAECONNRESET
  WARN root [0x0001abd8] [2017-11-07 19:48:18,240] - TCPPacketReceiver::processPendingEvents(172.16.4.154:20015): Throwing REASON_GENERAL_NETWORK - WSAECONNRESET
  WARN root [0x0001abd8] [2017-11-07 19:48:18,240] - TCPPacketReceiver::processPendingEvents(172.16.4.154:20015): Throwing REASON_GENERAL_NETWORK - WSAECONNRESET
  WARN root [0x0001abd8] [2017-11-07 19:48:18,240] - TCPPacketReceiver::processPendingEvents(172.16.4.154:20015): Throwing REASON_GENERAL_NETWORK - WSAECONNRESET
  WARN root [0x0001abd8] [2017-11-07 19:48:18,240] - TCPPacketReceiver::processPendingEvents(172.16.4.154:20015): Throwing REASON_GENERAL_NETWORK - WSAECONNRESET
  WARN root [0x0001abd8] [2017-11-07 19:48:18,241] - TCPPacketReceiver::processPendingEvents(172.16.4.154:20015): Throwing REASON_GENERAL_NETWORK - WSAECONNRESET
  WARN root [0x0001abd8] [2017-11-07 19:48:18,241] - TCPPacketReceiver::processPendingEvents(172.16.4.154:20015): Throwing REASON_GENERAL_NETWORK - WSAECONNRESET
  WARN root [0x0001abd8] [2017-11-07 19:48:18,241] - TCPPacketReceiver::processPendingEvents(172.16.4.154:20015): Throwing REASON_GENERAL_NETWORK - WSAECONNRESET
  WARN root [0x0001abd8] [2017-11-07 19:48:18,241] - TCPPacketReceiver::processPendingEvents(172.16.4.154:20015): Throwing REASON_GENERAL_NETWORK - WSAECONNRESET
  WARN root [0x0001abd8] [2017-11-07 19:48:18,241] - TCPPacketReceiver::processPendingEvents(172.16.4.154:20015): Throwing REASON_GENERAL_NETWORK - WSAECONNRESET
  WARN root [0x0001abd8] [2017-11-07 19:48:18,241] - TCPPacketReceiver::processPendingEvents(172.16.4.154:20015): Throwing REASON_GENERAL_NETWORK - WSAECONNRESET
  WARN root [0x0001abd8] [2017-11-07 19:48:18,241] - TCPPacketReceiver::processPendingEvents(172.16.4.154:20015): Throwing REASON_GENERAL_NETWORK - WSAECONNRESET
  WARN root [0x0001abd8] [2017-11-07 19:48:18,242] - TCPPacketReceiver::processPendingEvents(172.16.4.154:20015): Throwing REASON_GENERAL_NETWORK - WSAECONNRESET
  WARN root [0x0001abd8] [2017-11-07 19:48:18,242] - TCPPacketReceiver::processPendingEvents(172.16.4.154:20015): Throwing REASON_GENERAL_NETWORK - WSAECONNRESET
  WARN root [0x0001abd8] [2017-11-07 19:48:18,242] - TCPPacketReceiver::processPendingEvents(172.16.4.154:20015): Throwing REASON_GENERAL_NETWORK - WSAECONNRESET
  WARN root [0x0001abd8] [2017-11-07 19:48:18,242] - TCPPacketReceiver::processPendingEvents(172.16.4.154:20015): Throwing REASON_GENERAL_NETWORK - WSAECONNRESET
  WARN root [0x0001abd8] [2017-11-07 19:48:18,242] - TCPPacketReceiver::processPendingEvents(172.16.4.154:20015): Throwing REASON_GENERAL_NETWORK - WSAECONNRESET
  WARN root [0x0001abd8] [2017-11-07 19:48:18,242] - TCPPacketReceiver::processPendingEvents(172.16.4.154:20015): Throwing REASON_GENERAL_NETWORK - WSAECONNRESET
  WARN root [0x0001abd8] [2017-11-07 19:48:18,243] - TCPPacketReceiver::processPendingEvents(172.16.4.154:20015): Throwing REASON_GENERAL_NETWORK - WSAECONNRESET
  WARN root [0x0001abd8] [2017-11-07 19:48:18,243] - TCPPacketReceiver::processPendingEvents(172.16.4.154:20015): Throwing REASON_GENERAL_NETWORK - WSAECONNRESET
  WARN root [0x0001abd8] [2017-11-07 19:48:18,243] - TCPPacketReceiver::processPendingEvents(172.16.4.154:20015): Throwing REASON_GENERAL_NETWORK - WSAECONNRESET
  WARN root [0x0001abd8] [2017-11-07 19:48:18,243] - TCPPacketReceiver::processPendingEvents(172.16.4.154:20015): Throwing REASON_GENERAL_NETWORK - WSAECONNRESET
  WARN root [0x0001abd8] [2017-11-07 19:48:18,243] - TCPPacketReceiver::processPendingEvents(172.16.4.154:20015): Throwing REASON_GENERAL_NETWORK - WSAECONNRESET
  WARN root [0x0001abd8] [2017-11-07 19:48:18,243] - TCPPacketReceiver::processPendingEvents(172.16.4.154:20015): Throwing REASON_GENERAL_NETWORK - WSAECONNRESET
 DEBUG root [0x0001abd8] [2017-11-07 19:48:18,244] - DdzAvatar::~DdzAvatar(): 10015
 DEBUG root [0x0001abd8] [2017-11-07 19:48:18,244] - DdzAvatar::~DdzAvatar(): 10016
 DEBUG root [0x0001abd8] [2017-11-07 19:48:18,244] - DdzAvatar::~DdzAvatar(): 10016
 DEBUG root [0x0001abd8] [2017-11-07 19:48:18,244] - DdzAvatar::~DdzAvatar(): 10015
