  INFO root [0x00040598] [2017-11-16 20:51:27,222] - 
  INFO root [0x00040598] [2017-11-16 20:51:27,222] - -----------------------------------------------------------------------------------------


  INFO root [0x00040598] [2017-11-16 20:51:27,224] - NetworkInterface::recreateListeningSocket(INTERNAL): bound to all interfaces with default route interface on 172.16.4.154 ( 172.16.4.154:49821 )
  INFO root [0x00040598] [2017-11-16 20:51:27,224] - NetworkInterface::recreateListeningSocket(INTERNAL): address 172.16.4.154:49821, SOMAXCONN=5.
 DEBUG root [0x00040598] [2017-11-16 20:51:27,251] - Script::install_py_dlls(): PyInit_pyexpat
 DEBUG root [0x00040598] [2017-11-16 20:51:27,252] - Script::install_py_dlls(): PyInit__socket
 DEBUG root [0x00040598] [2017-11-16 20:51:27,252] - Script::install_py_dlls(): PyInit__hashlib
 DEBUG root [0x00040598] [2017-11-16 20:51:27,254] - Script::install_py_dlls(): PyInit_select
 DEBUG root [0x00040598] [2017-11-16 20:51:27,254] - Script::install_py_dlls(): PyInit__ctypes
 DEBUG root [0x00040598] [2017-11-16 20:51:27,254] - Script::install_py_dlls(): PyInit__elementtree
 DEBUG root [0x00040598] [2017-11-16 20:51:27,285] - Script::install_py_dlls(): PyInit_unicodedata
  INFO root [0x00040598] [2017-11-16 20:51:27,315] - Script::install(): is successfully, Python=(3.4.2 (default, Jul  7 2017, 16:13:50) [MSC v.1800 32 bit (Intel)])!
  INFO root [0x00040598] [2017-11-16 20:51:27,315] - Script::install(): KBExtra is successfully!
  INFO root [0x00040598] [2017-11-16 20:51:27,320] - ---- bots Version: 0.9.12. ScriptVersion: 0.1.0. Protocol: 124556E6025E0209A64D4D365F48CE09. Config: Debug. Built: 16:13:57 Jul  7 2017. AppID: 6488994162138939392. UID: 1001. PID: 283176 ----
  INFO root [0x00040598] [2017-11-16 20:51:27,320] - Server : Intel(R) Core(TM) i5-4590 CPU @ 3.30GHz with 4194303kB RAM
  INFO root [0x00040598] [2017-11-16 20:51:27,320] - ThreadPool::createThreadPool: creating  threadpool...
  INFO root [0x00040598] [2017-11-16 20:51:27,320] - ThreadPool::createThreadPool: successfully(1), newThreadCount=1, normalMaxThreadCount=1, maxThreadCount=4
SCRIPT root [0x00040598] [2017-11-16 20:51:27,508] - 3
 DEBUG root [0x00040598] [2017-11-16 20:51:27,514] - loaded script:Player(1).
 DEBUG root [0x00040598] [2017-11-16 20:51:27,542] - loaded script:DdzAvatar(2).
 DEBUG root [0x00040598] [2017-11-16 20:51:27,546] - loaded script:DdzRoom(7).
 DEBUG root [0x00040598] [2017-11-16 20:51:27,548] - loaded script:ZjhRoom(9).
  INFO root [0x00040598] [2017-11-16 20:51:27,548] - TelnetServer server is running on port 51000
 S_DBG root [0x00040598] [2017-11-16 20:51:27,548] - onInit::isReload:0
  INFO root [0x00040598] [2017-11-16 20:51:27,549] - ---- bots is running ----
 DEBUG root [0x00040598] [2017-11-16 20:51:27,549] - Components::process(): Request for the process of identity...
 DEBUG root [0x00040598] [2017-11-16 20:51:34,626] - KBEBlowfish::KBEBlowfish(): Using Blowfish key: 6B BE 4D 92 FA F4 39 86 D2 FD 5A 5E 0F 57 52 40
 DEBUG root [0x00040598] [2017-11-16 20:51:34,627] - KBEBlowfish::KBEBlowfish(): Using Blowfish key: 96 3B 54 CE 74 C8 61 94 17 4D E3 C8 D8 86 88 FA
  WARN root [0x00040598] [2017-11-16 20:51:34,628] - bots.cpp:284: Profile updateBots took 0.67 seconds
  INFO root [0x00040598] [2017-11-16 20:51:34,655] - ClientObjectBase::onHelloCB: verInfo=0.9.12, scriptVerInfo=0.1.0, protocolMD5=75C8DA776708D1E89693088467E5A4FB, entityDefMD5=9477EF45894C4D1ED11B6FA6B1C16406, addr:127.0.0.1:20013/0/0/0
  INFO root [0x00040598] [2017-11-16 20:51:34,655] - ClientObjectBase::onHelloCB: verInfo=0.9.12, scriptVerInfo=0.1.0, protocolMD5=75C8DA776708D1E89693088467E5A4FB, entityDefMD5=9477EF45894C4D1ED11B6FA6B1C16406, addr:127.0.0.1:20013/0/0/0
  INFO root [0x00040598] [2017-11-16 20:51:34,821] - ClientObject::onCreateAccountResult: bot_6488994162138939392_1 create is successfully!
  INFO root [0x00040598] [2017-11-16 20:51:34,855] - ClientObject::onCreateAccountResult: bot_6488994162138939392_2 create is successfully!
  INFO root [0x00040598] [2017-11-16 20:51:34,954] - ClientObject::onLoginSuccessfully: bot_6488994162138939392_1 addr=172.16.4.154:20015!
 DEBUG root [0x00040598] [2017-11-16 20:51:34,955] - KBEBlowfish::KBEBlowfish(): Using Blowfish key: 39 0B 0C 5A 6B 00 09 C8 76 28 5D 69 B6 25 8B CB
  INFO root [0x00040598] [2017-11-16 20:51:34,988] - ClientObjectBase::onHelloCB: verInfo=0.9.12, scriptVerInfo=0.1.0, protocolMD5=3832E49F6CC47A66EFBA02ABD3118CFB, entityDefMD5=9477EF45894C4D1ED11B6FA6B1C16406, addr:172.16.4.154:20015/0/0/0
  INFO root [0x00040598] [2017-11-16 20:51:35,054] - ClientObject::onLoginSuccessfully: bot_6488994162138939392_2 addr=172.16.4.154:20015!
 DEBUG root [0x00040598] [2017-11-16 20:51:35,055] - KBEBlowfish::KBEBlowfish(): Using Blowfish key: 2B F1 06 EA 9A 87 2B 11 CF F4 DC 68 0A 39 C2 10
  INFO root [0x00040598] [2017-11-16 20:51:35,088] - ClientObjectBase::onHelloCB: verInfo=0.9.12, scriptVerInfo=0.1.0, protocolMD5=3832E49F6CC47A66EFBA02ABD3118CFB, entityDefMD5=9477EF45894C4D1ED11B6FA6B1C16406, addr:172.16.4.154:20015/0/0/0
  INFO root [0x00040598] [2017-11-16 20:51:35,121] - ClientObject::onCreatedProxies(bot_6488994162138939392_1): rndUUID=6488994194622185472 eid=10008 entityType=Player!
  INFO root [0x00040598] [2017-11-16 20:51:35,121] - ClientObjectBase::createEntity: new Player (10008)
 DEBUG root [0x00040598] [2017-11-16 20:51:35,188] - ClientObjectBase::onEntityDestroyed: Player(10008).
 DEBUG root [0x00040598] [2017-11-16 20:51:35,188] - Player::~Player(): 10008
  INFO root [0x00040598] [2017-11-16 20:51:35,188] - ClientObject::onCreatedProxies(bot_6488994162138939392_1): rndUUID=6488994194622185473 eid=10010 entityType=DdzAvatar!
  INFO root [0x00040598] [2017-11-16 20:51:35,188] - ClientObjectBase::createEntity: new DdzAvatar (10010)
 S_DBG root [0x00040598] [2017-11-16 20:51:35,188] - Bots::DdzAvatar __init__
  INFO root [0x00040598] [2017-11-16 20:51:35,221] - ClientObject::onCreatedProxies(bot_6488994162138939392_2): rndUUID=6488994194622185474 eid=10009 entityType=Player!
  INFO root [0x00040598] [2017-11-16 20:51:35,221] - ClientObjectBase::createEntity: new Player (10009)
 DEBUG root [0x00040598] [2017-11-16 20:51:35,288] - ClientObjectBase::onEntityDestroyed: Player(10009).
 DEBUG root [0x00040598] [2017-11-16 20:51:35,288] - Player::~Player(): 10009
  INFO root [0x00040598] [2017-11-16 20:51:35,288] - ClientObject::onCreatedProxies(bot_6488994162138939392_2): rndUUID=6488994194622185475 eid=10011 entityType=DdzAvatar!
  INFO root [0x00040598] [2017-11-16 20:51:35,289] - ClientObjectBase::createEntity: new DdzAvatar (10011)
 S_DBG root [0x00040598] [2017-11-16 20:51:35,289] - Bots::DdzAvatar __init__
  INFO root [0x00040598] [2017-11-16 20:51:35,655] - Components::findComponents: find logger(1)...
  INFO root [0x00040598] [2017-11-16 20:51:35,735] - Components::findComponents: found logger, addr:172.16.4.154:49774
  INFO root [0x00040598] [2017-11-16 20:51:35,735] - Components::addComponent: reset orderLog, uid=1001!
  INFO root [0x00040598] [2017-11-16 20:51:35,736] - Components::addComponent[logger], uid=1001, componentID=2000, globalorderid=1, grouporderid=1, totalcount=1
  INFO root [0x00040598] [2017-11-16 20:51:35,755] - Components::process(): Found all the components!
  INFO root [0x00040598] [2017-11-16 20:52:35,737] - ClientApp::onChannelTimeOut: Channel 172.16.4.154:49774/0/0/0 timed out.
 DEBUG root [0x00040598] [2017-11-16 20:54:10,251] - Bots::lookApp: 172.16.4.154:49848/0/0/0
