  INFO root [0x0001a654] [2017-11-07 14:27:27,041] - 
  INFO root [0x0001a654] [2017-11-07 14:27:27,042] - -----------------------------------------------------------------------------------------


  INFO root [0x0001a654] [2017-11-07 14:27:27,043] - NetworkInterface::recreateListeningSocket(INTERNAL): bound to all interfaces with default route interface on 172.16.4.154 ( 172.16.4.154:57908 )
  INFO root [0x0001a654] [2017-11-07 14:27:27,043] - NetworkInterface::recreateListeningSocket(INTERNAL): address 172.16.4.154:57908, SOMAXCONN=5.
 DEBUG root [0x0001a654] [2017-11-07 14:27:27,071] - Script::install_py_dlls(): PyInit_pyexpat
 DEBUG root [0x0001a654] [2017-11-07 14:27:27,072] - Script::install_py_dlls(): PyInit__socket
 DEBUG root [0x0001a654] [2017-11-07 14:27:27,072] - Script::install_py_dlls(): PyInit__hashlib
 DEBUG root [0x0001a654] [2017-11-07 14:27:27,074] - Script::install_py_dlls(): PyInit_select
 DEBUG root [0x0001a654] [2017-11-07 14:27:27,074] - Script::install_py_dlls(): PyInit__ctypes
 DEBUG root [0x0001a654] [2017-11-07 14:27:27,074] - Script::install_py_dlls(): PyInit__elementtree
 DEBUG root [0x0001a654] [2017-11-07 14:27:27,106] - Script::install_py_dlls(): PyInit_unicodedata
  INFO root [0x0001a654] [2017-11-07 14:27:27,138] - Script::install(): is successfully, Python=(3.4.2 (default, Jul  7 2017, 16:13:50) [MSC v.1800 32 bit (Intel)])!
  INFO root [0x0001a654] [2017-11-07 14:27:27,138] - Script::install(): KBExtra is successfully!
  INFO root [0x0001a654] [2017-11-07 14:27:27,142] - ---- bots Version: 0.9.12. ScriptVersion: 0.1.0. Protocol: 124556E6025E0209A64D4D365F48CE09. Config: Debug. Built: 16:13:57 Jul  7 2017. AppID: 6485555438851588096. UID: 1001. PID: 108112 ----
  INFO root [0x0001a654] [2017-11-07 14:27:27,142] - Server : Intel(R) Core(TM) i5-4590 CPU @ 3.30GHz with 4194303kB RAM
  INFO root [0x0001a654] [2017-11-07 14:27:27,143] - ThreadPool::createThreadPool: creating  threadpool...
  INFO root [0x0001a654] [2017-11-07 14:27:27,143] - ThreadPool::createThreadPool: successfully(1), newThreadCount=1, normalMaxThreadCount=1, maxThreadCount=4
SCRIPT root [0x0001a654] [2017-11-07 14:27:27,300] - 3
 DEBUG root [0x0001a654] [2017-11-07 14:27:27,306] - loaded script:Player(1).
 DEBUG root [0x0001a654] [2017-11-07 14:27:27,308] - loaded script:DdzAvatar(2).
 DEBUG root [0x0001a654] [2017-11-07 14:27:27,309] - loaded script:DdzRoom(4).
 DEBUG root [0x0001a654] [2017-11-07 14:27:27,310] - loaded script:ZjhRoom(5).
  INFO root [0x0001a654] [2017-11-07 14:27:27,315] - TelnetServer server is running on port 51000
 S_DBG root [0x0001a654] [2017-11-07 14:27:27,316] - onInit::isReload:0
  INFO root [0x0001a654] [2017-11-07 14:27:27,316] - ---- bots is running ----
 DEBUG root [0x0001a654] [2017-11-07 14:27:27,316] - Components::process(): Request for the process of identity...
 DEBUG root [0x0001a654] [2017-11-07 14:27:34,108] - KBEBlowfish::KBEBlowfish(): Using Blowfish key: 3B A4 AA 35 1C 00 08 08 C5 B3 0A 71 34 35 C1 B9
 DEBUG root [0x0001a654] [2017-11-07 14:27:34,109] - KBEBlowfish::KBEBlowfish(): Using Blowfish key: 4F 7D 27 7C 39 88 9A 22 BE 00 ED B6 D4 E6 C6 7D
  WARN root [0x0001a654] [2017-11-07 14:27:34,110] - bots.cpp:284: Profile updateBots took 0.64 seconds
  INFO root [0x0001a654] [2017-11-07 14:27:34,111] - ClientObjectBase::onHelloCB: verInfo=0.9.12, scriptVerInfo=0.1.0, protocolMD5=75C8DA776708D1E89693088467E5A4FB, entityDefMD5=F13E5F1A4DE7EE3C1E18A52BA9469BCF, addr:127.0.0.1:20013/0/0/0
  INFO root [0x0001a654] [2017-11-07 14:27:34,144] - ClientObjectBase::onHelloCB: verInfo=0.9.12, scriptVerInfo=0.1.0, protocolMD5=75C8DA776708D1E89693088467E5A4FB, entityDefMD5=F13E5F1A4DE7EE3C1E18A52BA9469BCF, addr:127.0.0.1:20013/0/0/0
  INFO root [0x0001a654] [2017-11-07 14:27:34,311] - ClientObject::onCreateAccountResult: bot_6485555438851588096_2 create is successfully!
  INFO root [0x0001a654] [2017-11-07 14:27:34,311] - ClientObject::onCreateAccountResult: bot_6485555438851588096_1 create is successfully!
  INFO root [0x0001a654] [2017-11-07 14:27:34,512] - ClientObject::onLoginSuccessfully: bot_6485555438851588096_2 addr=172.16.4.154:20015!
 DEBUG root [0x0001a654] [2017-11-07 14:27:34,512] - KBEBlowfish::KBEBlowfish(): Using Blowfish key: ED F0 7E 00 1E C5 4D 18 CB C0 96 09 9E CA D9 D1
  INFO root [0x0001a654] [2017-11-07 14:27:34,545] - ClientObjectBase::onHelloCB: verInfo=0.9.12, scriptVerInfo=0.1.0, protocolMD5=3832E49F6CC47A66EFBA02ABD3118CFB, entityDefMD5=F13E5F1A4DE7EE3C1E18A52BA9469BCF, addr:172.16.4.154:20015/0/0/0
  INFO root [0x0001a654] [2017-11-07 14:27:34,546] - ClientObject::onLoginSuccessfully: bot_6485555438851588096_1 addr=172.16.4.154:20015!
 DEBUG root [0x0001a654] [2017-11-07 14:27:34,547] - KBEBlowfish::KBEBlowfish(): Using Blowfish key: C6 51 ED 9A BD 6A 53 E4 27 6D B5 35 EC CB 62 73
  INFO root [0x0001a654] [2017-11-07 14:27:34,578] - ClientObjectBase::onHelloCB: verInfo=0.9.12, scriptVerInfo=0.1.0, protocolMD5=3832E49F6CC47A66EFBA02ABD3118CFB, entityDefMD5=F13E5F1A4DE7EE3C1E18A52BA9469BCF, addr:172.16.4.154:20015/0/0/0
  INFO root [0x0001a654] [2017-11-07 14:27:34,678] - ClientObject::onCreatedProxies(bot_6485555438851588096_2): rndUUID=6485555467711348736 eid=10013 entityType=Player!
  INFO root [0x0001a654] [2017-11-07 14:27:34,678] - ClientObjectBase::createEntity: new Player (10013)
  INFO root [0x0001a654] [2017-11-07 14:27:34,712] - ClientObject::onCreatedProxies(bot_6485555438851588096_1): rndUUID=6485555467711348737 eid=10014 entityType=Player!
  INFO root [0x0001a654] [2017-11-07 14:27:34,712] - ClientObjectBase::createEntity: new Player (10014)
 DEBUG root [0x0001a654] [2017-11-07 14:27:34,745] - ClientObjectBase::onEntityDestroyed: Player(10013).
 DEBUG root [0x0001a654] [2017-11-07 14:27:34,745] - Player::~Player(): 10013
  INFO root [0x0001a654] [2017-11-07 14:27:34,745] - ClientObject::onCreatedProxies(bot_6485555438851588096_2): rndUUID=6485555467711348738 eid=10015 entityType=DdzAvatar!
  INFO root [0x0001a654] [2017-11-07 14:27:34,745] - ClientObjectBase::createEntity: new DdzAvatar (10015)
 S_DBG root [0x0001a654] [2017-11-07 14:27:34,746] - Bots::DdzAvatar __init__
 DEBUG root [0x0001a654] [2017-11-07 14:27:34,779] - ClientObjectBase::onEntityDestroyed: Player(10014).
 DEBUG root [0x0001a654] [2017-11-07 14:27:34,779] - Player::~Player(): 10014
  INFO root [0x0001a654] [2017-11-07 14:27:34,779] - ClientObject::onCreatedProxies(bot_6485555438851588096_1): rndUUID=6485555467711348739 eid=10016 entityType=DdzAvatar!
  INFO root [0x0001a654] [2017-11-07 14:27:34,779] - ClientObjectBase::createEntity: new DdzAvatar (10016)
 S_DBG root [0x0001a654] [2017-11-07 14:27:34,780] - Bots::DdzAvatar __init__
 DEBUG root [0x0001a654] [2017-11-07 14:27:34,912] - ClientObjectBase::onPlayerEnterWorld: DdzAvatar(10015), isOnGround(0), appID(3).
 S_ERR root [0x0001a654] [2017-11-07 14:27:34,912] - AttributeError: 'module' object has no attribute 'PlayerDdzAvatar'
 ERROR root [0x0001a654] [2017-11-07 14:27:34,912] - DdzAvatar::onBecomePlayer(): please implement PlayerDdzAvatar.
 DEBUG root [0x0001a654] [2017-11-07 14:27:34,913] - ClientObjectBase::setSpaceData: spaceID(1), key=state, value=0.
 DEBUG root [0x0001a654] [2017-11-07 14:27:34,913] - ClientObjectBase::setSpaceData: spaceID(1), key=curfen, value=0.10.
 DEBUG root [0x0001a654] [2017-11-07 14:27:34,913] - ClientObjectBase::setSpaceData: spaceID(1), key=multiple, value=1.
 DEBUG root [0x0001a654] [2017-11-07 14:27:34,913] - ClientObjectBase::setSpaceData: spaceID(1), key=roomtime, value=15.
 DEBUG root [0x0001a654] [2017-11-07 14:27:34,913] - ClientObjectBase::initSpaceData: spaceID(1), datasize=4.
 DEBUG root [0x0001a654] [2017-11-07 14:27:34,913] - ClientObjectBase::onEntityEnterSpace: DdzAvatar(10015).
  INFO root [0x0001a654] [2017-11-07 14:27:34,914] - ClientObjectBase::createEntity: new DdzAvatar (10016)
 S_ERR root [0x0001a654] [2017-11-07 14:27:34,914] - Traceback (most recent call last):
  File "C:/Users/hyc/Desktop/kbengine/llgame/scripts/bots\DdzAvatar.py", line 12, in __init__
    self.base.reqEnterGame(1)
 S_ERR root [0x0001a654] [2017-11-07 14:27:34,915] - AttributeError: 'NoneType' object has no attribute 'reqEnterGame'
 DEBUG root [0x0001a654] [2017-11-07 14:27:34,915] - ClientObjectBase::onEntityEnterWorld: DdzAvatar(10016), isOnGround(0), appID(3).
 DEBUG root [0x0001a654] [2017-11-07 14:27:34,915] - ClientObjectBase::onPlayerEnterWorld: DdzAvatar(10016), isOnGround(0), appID(2).
 S_ERR root [0x0001a654] [2017-11-07 14:27:34,915] - AttributeError: 'module' object has no attribute 'PlayerDdzAvatar'
 ERROR root [0x0001a654] [2017-11-07 14:27:34,916] - DdzAvatar::onBecomePlayer(): please implement PlayerDdzAvatar.
 DEBUG root [0x0001a654] [2017-11-07 14:27:34,916] - ClientObjectBase::setSpaceData: spaceID(1), key=state, value=0.
 DEBUG root [0x0001a654] [2017-11-07 14:27:34,916] - ClientObjectBase::setSpaceData: spaceID(1), key=curfen, value=0.10.
 DEBUG root [0x0001a654] [2017-11-07 14:27:34,916] - ClientObjectBase::setSpaceData: spaceID(1), key=multiple, value=1.
 DEBUG root [0x0001a654] [2017-11-07 14:27:34,916] - ClientObjectBase::setSpaceData: spaceID(1), key=roomtime, value=15.
 DEBUG root [0x0001a654] [2017-11-07 14:27:34,916] - ClientObjectBase::initSpaceData: spaceID(1), datasize=4.
 DEBUG root [0x0001a654] [2017-11-07 14:27:34,917] - ClientObjectBase::onEntityEnterSpace: DdzAvatar(10016).
  INFO root [0x0001a654] [2017-11-07 14:27:34,918] - ClientObjectBase::createEntity: new DdzAvatar (10015)
 S_ERR root [0x0001a654] [2017-11-07 14:27:34,918] - Traceback (most recent call last):
  File "C:/Users/hyc/Desktop/kbengine/llgame/scripts/bots\DdzAvatar.py", line 12, in __init__
    self.base.reqEnterGame(1)
 S_ERR root [0x0001a654] [2017-11-07 14:27:34,919] - AttributeError: 'NoneType' object has no attribute 'reqEnterGame'
 DEBUG root [0x0001a654] [2017-11-07 14:27:34,919] - ClientObjectBase::onEntityEnterWorld: DdzAvatar(10015), isOnGround(0), appID(2).
  INFO root [0x0001a654] [2017-11-07 14:27:35,143] - Components::findComponents: find logger(1)...
  INFO root [0x0001a654] [2017-11-07 14:27:35,230] - Components::findComponents: found logger, addr:172.16.4.154:57855
  INFO root [0x0001a654] [2017-11-07 14:27:35,230] - Components::addComponent: reset orderLog, uid=1001!
  INFO root [0x0001a654] [2017-11-07 14:27:35,230] - Components::addComponent[logger], uid=1001, componentID=2000, globalorderid=1, grouporderid=1, totalcount=1
  INFO root [0x0001a654] [2017-11-07 14:27:35,245] - Components::process(): Found all the components!
 DEBUG root [0x0001a654] [2017-11-07 14:27:45,711] - ClientObjectBase::setSpaceData: spaceID(1), key=state, value=1.
  INFO root [0x0001a654] [2017-11-07 14:27:45,711] - ClientObjectBase::createEntity: new DdzAvatar (10019)
 S_ERR root [0x0001a654] [2017-11-07 14:27:45,712] - Traceback (most recent call last):
  File "C:/Users/hyc/Desktop/kbengine/llgame/scripts/bots\DdzAvatar.py", line 12, in __init__
    self.base.reqEnterGame(1)
 S_ERR root [0x0001a654] [2017-11-07 14:27:45,713] - AttributeError: 'NoneType' object has no attribute 'reqEnterGame'
 DEBUG root [0x0001a654] [2017-11-07 14:27:45,714] - ClientObjectBase::onEntityEnterWorld: DdzAvatar(10019), isOnGround(0), appID(3).
 DEBUG root [0x0001a654] [2017-11-07 14:27:45,714] - ClientObjectBase::setSpaceData: spaceID(1), key=state, value=1.
  INFO root [0x0001a654] [2017-11-07 14:27:45,714] - ClientObjectBase::createEntity: new DdzAvatar (10019)
 S_ERR root [0x0001a654] [2017-11-07 14:27:45,715] - Traceback (most recent call last):
  File "C:/Users/hyc/Desktop/kbengine/llgame/scripts/bots\DdzAvatar.py", line 12, in __init__
    self.base.reqEnterGame(1)
 S_ERR root [0x0001a654] [2017-11-07 14:27:45,717] - AttributeError: 'NoneType' object has no attribute 'reqEnterGame'
 DEBUG root [0x0001a654] [2017-11-07 14:27:45,717] - ClientObjectBase::onEntityEnterWorld: DdzAvatar(10019), isOnGround(0), appID(2).
 S_ERR root [0x0001a654] [2017-11-07 14:27:46,711] - Traceback (most recent call last):
  File "C:/Users/hyc/Desktop/kbengine/llgame/scripts/bots\DdzAvatar.py", line 20, in onMessage
    data_json = json.loads(data)
 S_ERR root [0x0001a654] [2017-11-07 14:27:46,717] -   File "C:/Users/hyc/Desktop/kbengine/kbe/res/scripts/common/Lib\json\__init__.py", line 318, in loads
    return _default_decoder.decode(s)
 S_ERR root [0x0001a654] [2017-11-07 14:27:46,724] -   File "C:/Users/hyc/Desktop/kbengine/kbe/res/scripts/common/Lib\json\decoder.py", line 343, in decode
    obj, end = self.raw_decode(s, idx=_w(s, 0).end())
 S_ERR root [0x0001a654] [2017-11-07 14:27:46,729] -   File "C:/Users/hyc/Desktop/kbengine/kbe/res/scripts/common/Lib\json\decoder.py", line 361, in raw_decode
    raise ValueError(errmsg("Expecting value", s, err.value)) from None
 S_ERR root [0x0001a654] [2017-11-07 14:27:46,731] - ValueError: Expecting value: line 1 column 1 (char 0)
 S_ERR root [0x0001a654] [2017-11-07 14:27:46,735] - Traceback (most recent call last):
  File "C:/Users/hyc/Desktop/kbengine/llgame/scripts/bots\DdzAvatar.py", line 20, in onMessage
    data_json = json.loads(data)
 S_ERR root [0x0001a654] [2017-11-07 14:27:46,741] -   File "C:/Users/hyc/Desktop/kbengine/kbe/res/scripts/common/Lib\json\__init__.py", line 318, in loads
    return _default_decoder.decode(s)
 S_ERR root [0x0001a654] [2017-11-07 14:27:46,745] -   File "C:/Users/hyc/Desktop/kbengine/kbe/res/scripts/common/Lib\json\decoder.py", line 343, in decode
    obj, end = self.raw_decode(s, idx=_w(s, 0).end())
 S_ERR root [0x0001a654] [2017-11-07 14:27:46,748] -   File "C:/Users/hyc/Desktop/kbengine/kbe/res/scripts/common/Lib\json\decoder.py", line 361, in raw_decode
    raise ValueError(errmsg("Expecting value", s, err.value)) from None
 S_ERR root [0x0001a654] [2017-11-07 14:27:46,750] - ValueError: Expecting value: line 1 column 1 (char 0)
  WARN root [0x0001a654] [2017-11-07 14:27:46,751] - bots.cpp:284: Profile updateBots took 0.04 seconds
 DEBUG root [0x0001a654] [2017-11-07 14:27:47,712] - ClientObjectBase::setSpaceData: spaceID(1), key=ACTION_ROOM_JIAOPAI_NEXT, value={"curCid": 2, "curScore": 0, "type": 0}.
 DEBUG root [0x0001a654] [2017-11-07 14:27:47,713] - ClientObjectBase::setSpaceData: spaceID(1), key=ACTION_ROOM_JIAOPAI_NEXT, value={"curCid": 2, "curScore": 0, "type": 0}.
 DEBUG root [0x0001a654] [2017-11-07 14:28:02,711] - ClientObjectBase::setSpaceData: spaceID(1), key=ACTION_ROOM_JIAOPAI_NEXT, value={"curCid": 3, "curScore": 0, "type": 0}.
 DEBUG root [0x0001a654] [2017-11-07 14:28:02,714] - ClientObjectBase::setSpaceData: spaceID(1), key=ACTION_ROOM_JIAOPAI_NEXT, value={"curCid": 3, "curScore": 0, "type": 0}.
 DEBUG root [0x0001a654] [2017-11-07 14:28:17,711] - ClientObjectBase::setSpaceData: spaceID(1), key=ACTION_ROOM_JIAOPAI_NEXT, value={"curCid": 1, "curScore": 0, "type": 0}.
 DEBUG root [0x0001a654] [2017-11-07 14:28:17,713] - ClientObjectBase::setSpaceData: spaceID(1), key=ACTION_ROOM_JIAOPAI_NEXT, value={"curCid": 1, "curScore": 0, "type": 0}.
 S_ERR root [0x0001a654] [2017-11-07 14:28:33,713] - Traceback (most recent call last):
  File "C:/Users/hyc/Desktop/kbengine/llgame/scripts/bots\DdzAvatar.py", line 20, in onMessage
    data_json = json.loads(data)
 S_ERR root [0x0001a654] [2017-11-07 14:28:33,723] -   File "C:/Users/hyc/Desktop/kbengine/kbe/res/scripts/common/Lib\json\__init__.py", line 318, in loads
    return _default_decoder.decode(s)
 S_ERR root [0x0001a654] [2017-11-07 14:28:33,726] -   File "C:/Users/hyc/Desktop/kbengine/kbe/res/scripts/common/Lib\json\decoder.py", line 343, in decode
    obj, end = self.raw_decode(s, idx=_w(s, 0).end())
 S_ERR root [0x0001a654] [2017-11-07 14:28:33,729] -   File "C:/Users/hyc/Desktop/kbengine/kbe/res/scripts/common/Lib\json\decoder.py", line 361, in raw_decode
    raise ValueError(errmsg("Expecting value", s, err.value)) from None
 S_ERR root [0x0001a654] [2017-11-07 14:28:33,731] - ValueError: Expecting value: line 1 column 1 (char 0)
 S_ERR root [0x0001a654] [2017-11-07 14:28:33,734] - Traceback (most recent call last):
  File "C:/Users/hyc/Desktop/kbengine/llgame/scripts/bots\DdzAvatar.py", line 20, in onMessage
    data_json = json.loads(data)
 S_ERR root [0x0001a654] [2017-11-07 14:28:33,737] -   File "C:/Users/hyc/Desktop/kbengine/kbe/res/scripts/common/Lib\json\__init__.py", line 318, in loads
    return _default_decoder.decode(s)
 S_ERR root [0x0001a654] [2017-11-07 14:28:33,741] -   File "C:/Users/hyc/Desktop/kbengine/kbe/res/scripts/common/Lib\json\decoder.py", line 343, in decode
    obj, end = self.raw_decode(s, idx=_w(s, 0).end())
 S_ERR root [0x0001a654] [2017-11-07 14:28:33,745] -   File "C:/Users/hyc/Desktop/kbengine/kbe/res/scripts/common/Lib\json\decoder.py", line 361, in raw_decode
    raise ValueError(errmsg("Expecting value", s, err.value)) from None
 S_ERR root [0x0001a654] [2017-11-07 14:28:33,747] - ValueError: Expecting value: line 1 column 1 (char 0)
  WARN root [0x0001a654] [2017-11-07 14:28:33,748] - bots.cpp:284: Profile updateBots took 0.04 seconds
 DEBUG root [0x0001a654] [2017-11-07 14:28:34,711] - ClientObjectBase::setSpaceData: spaceID(1), key=ACTION_ROOM_JIAOPAI_NEXT, value={"curCid": 2, "curScore": 0, "type": 0}.
 DEBUG root [0x0001a654] [2017-11-07 14:28:34,711] - ClientObjectBase::setSpaceData: spaceID(1), key=ACTION_ROOM_JIAOPAI_NEXT, value={"curCid": 2, "curScore": 0, "type": 0}.
  INFO root [0x0001a654] [2017-11-07 14:28:35,231] - ClientApp::onChannelTimeOut: Channel 172.16.4.154:57855/0/0/0 timed out.
 DEBUG root [0x0001a654] [2017-11-07 14:28:35,711] - ClientObjectBase::setSpaceData: spaceID(1), key=ACTION_ROOM_JIAOPAI_NEXT, value={"curCid": 3, "curScore": 0, "type": 0}.
 DEBUG root [0x0001a654] [2017-11-07 14:28:35,712] - ClientObjectBase::setSpaceData: spaceID(1), key=ACTION_ROOM_JIAOPAI_NEXT, value={"curCid": 3, "curScore": 0, "type": 0}.
 DEBUG root [0x0001a654] [2017-11-07 14:28:36,711] - ClientObjectBase::setSpaceData: spaceID(1), key=ACTION_ROOM_JIAOPAI_NEXT, value={"curCid": 1, "curScore": 0, "type": 0}.
 DEBUG root [0x0001a654] [2017-11-07 14:28:36,712] - ClientObjectBase::setSpaceData: spaceID(1), key=ACTION_ROOM_JIAOPAI_NEXT, value={"curCid": 1, "curScore": 0, "type": 0}.
 S_ERR root [0x0001a654] [2017-11-07 14:28:38,710] - Traceback (most recent call last):
  File "C:/Users/hyc/Desktop/kbengine/llgame/scripts/bots\DdzAvatar.py", line 20, in onMessage
    data_json = json.loads(data)
 S_ERR root [0x0001a654] [2017-11-07 14:28:38,712] -   File "C:/Users/hyc/Desktop/kbengine/kbe/res/scripts/common/Lib\json\__init__.py", line 318, in loads
    return _default_decoder.decode(s)
 S_ERR root [0x0001a654] [2017-11-07 14:28:38,713] -   File "C:/Users/hyc/Desktop/kbengine/kbe/res/scripts/common/Lib\json\decoder.py", line 343, in decode
    obj, end = self.raw_decode(s, idx=_w(s, 0).end())
 S_ERR root [0x0001a654] [2017-11-07 14:28:38,715] -   File "C:/Users/hyc/Desktop/kbengine/kbe/res/scripts/common/Lib\json\decoder.py", line 361, in raw_decode
    raise ValueError(errmsg("Expecting value", s, err.value)) from None
 S_ERR root [0x0001a654] [2017-11-07 14:28:38,715] - ValueError: Expecting value: line 1 column 1 (char 0)
 S_ERR root [0x0001a654] [2017-11-07 14:28:38,716] - Traceback (most recent call last):
  File "C:/Users/hyc/Desktop/kbengine/llgame/scripts/bots\DdzAvatar.py", line 20, in onMessage
    data_json = json.loads(data)
 S_ERR root [0x0001a654] [2017-11-07 14:28:38,718] -   File "C:/Users/hyc/Desktop/kbengine/kbe/res/scripts/common/Lib\json\__init__.py", line 318, in loads
    return _default_decoder.decode(s)
 S_ERR root [0x0001a654] [2017-11-07 14:28:38,719] -   File "C:/Users/hyc/Desktop/kbengine/kbe/res/scripts/common/Lib\json\decoder.py", line 343, in decode
    obj, end = self.raw_decode(s, idx=_w(s, 0).end())
 S_ERR root [0x0001a654] [2017-11-07 14:28:38,720] -   File "C:/Users/hyc/Desktop/kbengine/kbe/res/scripts/common/Lib\json\decoder.py", line 361, in raw_decode
    raise ValueError(errmsg("Expecting value", s, err.value)) from None
 S_ERR root [0x0001a654] [2017-11-07 14:28:38,720] - ValueError: Expecting value: line 1 column 1 (char 0)
 DEBUG root [0x0001a654] [2017-11-07 14:28:39,710] - ClientObjectBase::setSpaceData: spaceID(1), key=ACTION_ROOM_JIAOPAI_NEXT, value={"curCid": 2, "curScore": 0, "type": 0}.
 DEBUG root [0x0001a654] [2017-11-07 14:28:39,710] - ClientObjectBase::setSpaceData: spaceID(1), key=ACTION_ROOM_JIAOPAI_NEXT, value={"curCid": 2, "curScore": 0, "type": 0}.
 DEBUG root [0x0001a654] [2017-11-07 14:28:40,710] - ClientObjectBase::setSpaceData: spaceID(1), key=ACTION_ROOM_JIAOPAI_NEXT, value={"curCid": 3, "curScore": 0, "type": 0}.
 DEBUG root [0x0001a654] [2017-11-07 14:28:40,711] - ClientObjectBase::setSpaceData: spaceID(1), key=ACTION_ROOM_JIAOPAI_NEXT, value={"curCid": 3, "curScore": 0, "type": 0}.
 DEBUG root [0x0001a654] [2017-11-07 14:28:41,710] - ClientObjectBase::setSpaceData: spaceID(1), key=ACTION_ROOM_JIAOPAI_NEXT, value={"curCid": 1, "curScore": 0, "type": 0}.
 DEBUG root [0x0001a654] [2017-11-07 14:28:41,711] - ClientObjectBase::setSpaceData: spaceID(1), key=ACTION_ROOM_JIAOPAI_NEXT, value={"curCid": 1, "curScore": 0, "type": 0}.
 DEBUG root [0x0001a654] [2017-11-07 14:28:42,711] - ClientObjectBase::setSpaceData: spaceID(1), key=threeCards, value=[54, 45, 25].
 DEBUG root [0x0001a654] [2017-11-07 14:28:42,713] - ClientObjectBase::setSpaceData: spaceID(1), key=ACTION_ROOM_JIAOPAI_NEXT, value={"curCid": 3, "curScore": 0, "type": 2}.
 DEBUG root [0x0001a654] [2017-11-07 14:28:42,714] - ClientObjectBase::setSpaceData: spaceID(1), key=threeCards, value=[54, 45, 25].
 DEBUG root [0x0001a654] [2017-11-07 14:28:42,715] - ClientObjectBase::setSpaceData: spaceID(1), key=ACTION_ROOM_JIAOPAI_NEXT, value={"curCid": 3, "curScore": 0, "type": 2}.
 DEBUG root [0x0001a654] [2017-11-07 14:28:43,711] - ClientObjectBase::setSpaceData: spaceID(1), key=ACTION_ROOM_JIAOPAI_NEXT, value={"curCid": 1, "curScore": 0, "type": 2}.
 DEBUG root [0x0001a654] [2017-11-07 14:28:43,713] - ClientObjectBase::setSpaceData: spaceID(1), key=ACTION_ROOM_JIAOPAI_NEXT, value={"curCid": 1, "curScore": 0, "type": 2}.
 DEBUG root [0x0001a654] [2017-11-07 14:28:44,711] - ClientObjectBase::setSpaceData: spaceID(1), key=ACTION_ROOM_NEXT, value={"curCid": 2, "powerCards": [], "powerCid": 2}.
 DEBUG root [0x0001a654] [2017-11-07 14:28:44,713] - ClientObjectBase::setSpaceData: spaceID(1), key=ACTION_ROOM_NEXT, value={"curCid": 2, "powerCards": [], "powerCid": 2}.
 DEBUG root [0x0001a654] [2017-11-07 14:28:45,711] - ClientObjectBase::setSpaceData: spaceID(1), key=ACTION_ROOM_NEXT, value={"curCid": 3, "powerCards": [3], "powerCid": 2}.
 DEBUG root [0x0001a654] [2017-11-07 14:28:45,711] - ClientObjectBase::setSpaceData: spaceID(1), key=ACTION_ROOM_NEXT, value={"curCid": 3, "powerCards": [3], "powerCid": 2}.
 DEBUG root [0x0001a654] [2017-11-07 14:28:46,711] - ClientObjectBase::setSpaceData: spaceID(1), key=ACTION_ROOM_NEXT, value={"curCid": 1, "powerCards": [5], "powerCid": 3}.
 DEBUG root [0x0001a654] [2017-11-07 14:28:46,713] - ClientObjectBase::setSpaceData: spaceID(1), key=ACTION_ROOM_NEXT, value={"curCid": 1, "powerCards": [5], "powerCid": 3}.
 DEBUG root [0x0001a654] [2017-11-07 14:28:47,711] - ClientObjectBase::setSpaceData: spaceID(1), key=ACTION_ROOM_NEXT, value={"curCid": 2, "powerCards": [12], "powerCid": 1}.
 DEBUG root [0x0001a654] [2017-11-07 14:28:47,711] - ClientObjectBase::setSpaceData: spaceID(1), key=ACTION_ROOM_NEXT, value={"curCid": 2, "powerCards": [12], "powerCid": 1}.
 DEBUG root [0x0001a654] [2017-11-07 14:28:48,711] - ClientObjectBase::setSpaceData: spaceID(1), key=ACTION_ROOM_NEXT, value={"curCid": 3, "powerCards": [18], "powerCid": 2}.
 DEBUG root [0x0001a654] [2017-11-07 14:28:48,711] - ClientObjectBase::setSpaceData: spaceID(1), key=ACTION_ROOM_NEXT, value={"curCid": 3, "powerCards": [18], "powerCid": 2}.
 DEBUG root [0x0001a654] [2017-11-07 14:28:49,711] - ClientObjectBase::setSpaceData: spaceID(1), key=ACTION_ROOM_NEXT, value={"curCid": 1, "powerCards": [28], "powerCid": 3}.
 DEBUG root [0x0001a654] [2017-11-07 14:28:49,711] - ClientObjectBase::setSpaceData: spaceID(1), key=ACTION_ROOM_NEXT, value={"curCid": 1, "powerCards": [28], "powerCid": 3}.
 DEBUG root [0x0001a654] [2017-11-07 14:28:50,711] - ClientObjectBase::setSpaceData: spaceID(1), key=ACTION_ROOM_NEXT, value={"curCid": 2, "powerCards": [29], "powerCid": 1}.
 DEBUG root [0x0001a654] [2017-11-07 14:28:50,713] - ClientObjectBase::setSpaceData: spaceID(1), key=ACTION_ROOM_NEXT, value={"curCid": 2, "powerCards": [29], "powerCid": 1}.
 DEBUG root [0x0001a654] [2017-11-07 14:28:51,711] - ClientObjectBase::setSpaceData: spaceID(1), key=ACTION_ROOM_NEXT, value={"curCid": 3, "powerCards": [37], "powerCid": 2}.
 DEBUG root [0x0001a654] [2017-11-07 14:28:51,712] - ClientObjectBase::setSpaceData: spaceID(1), key=ACTION_ROOM_NEXT, value={"curCid": 3, "powerCards": [37], "powerCid": 2}.
 DEBUG root [0x0001a654] [2017-11-07 14:28:52,711] - ClientObjectBase::setSpaceData: spaceID(1), key=ACTION_ROOM_NEXT, value={"curCid": 1, "powerCards": [41], "powerCid": 3}.
 DEBUG root [0x0001a654] [2017-11-07 14:28:52,713] - ClientObjectBase::setSpaceData: spaceID(1), key=ACTION_ROOM_NEXT, value={"curCid": 1, "powerCards": [41], "powerCid": 3}.
 DEBUG root [0x0001a654] [2017-11-07 14:28:53,711] - ClientObjectBase::setSpaceData: spaceID(1), key=ACTION_ROOM_NEXT, value={"curCid": 2, "powerCards": [46], "powerCid": 1}.
 DEBUG root [0x0001a654] [2017-11-07 14:28:53,711] - ClientObjectBase::setSpaceData: spaceID(1), key=ACTION_ROOM_NEXT, value={"curCid": 2, "powerCards": [46], "powerCid": 1}.
 DEBUG root [0x0001a654] [2017-11-07 14:28:54,711] - ClientObjectBase::setSpaceData: spaceID(1), key=ACTION_ROOM_NEXT, value={"curCid": 3, "powerCards": [50], "powerCid": 2}.
 DEBUG root [0x0001a654] [2017-11-07 14:28:54,713] - ClientObjectBase::setSpaceData: spaceID(1), key=ACTION_ROOM_NEXT, value={"curCid": 3, "powerCards": [50], "powerCid": 2}.
 DEBUG root [0x0001a654] [2017-11-07 14:28:55,711] - ClientObjectBase::setSpaceData: spaceID(1), key=ACTION_ROOM_NEXT, value={"curCid": 1, "powerCards": [50], "powerCid": 2}.
 DEBUG root [0x0001a654] [2017-11-07 14:28:55,713] - ClientObjectBase::setSpaceData: spaceID(1), key=ACTION_ROOM_NEXT, value={"curCid": 1, "powerCards": [50], "powerCid": 2}.
 DEBUG root [0x0001a654] [2017-11-07 14:28:56,711] - ClientObjectBase::setSpaceData: spaceID(1), key=ACTION_ROOM_NEXT, value={"curCid": 2, "powerCards": [50], "powerCid": 2}.
 DEBUG root [0x0001a654] [2017-11-07 14:28:56,711] - ClientObjectBase::setSpaceData: spaceID(1), key=ACTION_ROOM_NEXT, value={"curCid": 2, "powerCards": [50], "powerCid": 2}.
 DEBUG root [0x0001a654] [2017-11-07 14:28:57,710] - ClientObjectBase::setSpaceData: spaceID(1), key=ACTION_ROOM_NEXT, value={"curCid": 3, "powerCards": [8, 6], "powerCid": 2}.
 DEBUG root [0x0001a654] [2017-11-07 14:28:57,710] - ClientObjectBase::setSpaceData: spaceID(1), key=ACTION_ROOM_NEXT, value={"curCid": 3, "powerCards": [8, 6], "powerCid": 2}.
 DEBUG root [0x0001a654] [2017-11-07 14:28:58,711] - ClientObjectBase::setSpaceData: spaceID(1), key=ACTION_ROOM_NEXT, value={"curCid": 1, "powerCards": [11, 9], "powerCid": 3}.
 DEBUG root [0x0001a654] [2017-11-07 14:28:58,713] - ClientObjectBase::setSpaceData: spaceID(1), key=ACTION_ROOM_NEXT, value={"curCid": 1, "powerCards": [11, 9], "powerCid": 3}.
 DEBUG root [0x0001a654] [2017-11-07 14:28:59,711] - ClientObjectBase::setSpaceData: spaceID(1), key=multiple, value=2.
 DEBUG root [0x0001a654] [2017-11-07 14:28:59,711] - ClientObjectBase::setSpaceData: spaceID(1), key=ACTION_ROOM_NEXT, value={"curCid": 2, "powerCards": [16, 15, 14, 13], "powerCid": 1}.
 DEBUG root [0x0001a654] [2017-11-07 14:28:59,711] - ClientObjectBase::setSpaceData: spaceID(1), key=multiple, value=2.
 DEBUG root [0x0001a654] [2017-11-07 14:28:59,712] - ClientObjectBase::setSpaceData: spaceID(1), key=ACTION_ROOM_NEXT, value={"curCid": 2, "powerCards": [16, 15, 14, 13], "powerCid": 1}.
 DEBUG root [0x0001a654] [2017-11-07 14:29:00,710] - ClientObjectBase::setSpaceData: spaceID(1), key=multiple, value=4.
 DEBUG root [0x0001a654] [2017-11-07 14:29:00,711] - ClientObjectBase::setSpaceData: spaceID(1), key=ACTION_ROOM_NEXT, value={"curCid": 3, "powerCards": [54, 53], "powerCid": 2}.
 DEBUG root [0x0001a654] [2017-11-07 14:29:00,711] - ClientObjectBase::setSpaceData: spaceID(1), key=multiple, value=4.
 DEBUG root [0x0001a654] [2017-11-07 14:29:00,712] - ClientObjectBase::setSpaceData: spaceID(1), key=ACTION_ROOM_NEXT, value={"curCid": 3, "powerCards": [54, 53], "powerCid": 2}.
 DEBUG root [0x0001a654] [2017-11-07 14:29:01,710] - ClientObjectBase::setSpaceData: spaceID(1), key=ACTION_ROOM_NEXT, value={"curCid": 1, "powerCards": [54, 53], "powerCid": 2}.
 DEBUG root [0x0001a654] [2017-11-07 14:29:01,710] - ClientObjectBase::setSpaceData: spaceID(1), key=ACTION_ROOM_NEXT, value={"curCid": 1, "powerCards": [54, 53], "powerCid": 2}.
 DEBUG root [0x0001a654] [2017-11-07 14:29:02,710] - ClientObjectBase::setSpaceData: spaceID(1), key=ACTION_ROOM_NEXT, value={"curCid": 2, "powerCards": [54, 53], "powerCid": 2}.
 DEBUG root [0x0001a654] [2017-11-07 14:29:02,712] - ClientObjectBase::setSpaceData: spaceID(1), key=ACTION_ROOM_NEXT, value={"curCid": 2, "powerCards": [54, 53], "powerCid": 2}.
 DEBUG root [0x0001a654] [2017-11-07 14:29:03,711] - ClientObjectBase::setSpaceData: spaceID(1), key=ACTION_ROOM_NEXT, value={"curCid": 3, "powerCards": [10], "powerCid": 2}.
 DEBUG root [0x0001a654] [2017-11-07 14:29:03,712] - ClientObjectBase::setSpaceData: spaceID(1), key=ACTION_ROOM_NEXT, value={"curCid": 3, "powerCards": [10], "powerCid": 2}.
 DEBUG root [0x0001a654] [2017-11-07 14:29:04,710] - ClientObjectBase::setSpaceData: spaceID(1), key=ACTION_ROOM_NEXT, value={"curCid": 1, "powerCards": [31], "powerCid": 3}.
 DEBUG root [0x0001a654] [2017-11-07 14:29:04,710] - ClientObjectBase::setSpaceData: spaceID(1), key=ACTION_ROOM_NEXT, value={"curCid": 1, "powerCards": [31], "powerCid": 3}.
 DEBUG root [0x0001a654] [2017-11-07 14:29:05,710] - ClientObjectBase::setSpaceData: spaceID(1), key=ACTION_ROOM_NEXT, value={"curCid": 2, "powerCards": [49], "powerCid": 1}.
 DEBUG root [0x0001a654] [2017-11-07 14:29:05,710] - ClientObjectBase::setSpaceData: spaceID(1), key=ACTION_ROOM_NEXT, value={"curCid": 2, "powerCards": [49], "powerCid": 1}.
 DEBUG root [0x0001a654] [2017-11-07 14:29:06,711] - ClientObjectBase::setSpaceData: spaceID(1), key=ACTION_ROOM_NEXT, value={"curCid": 3, "powerCards": [49], "powerCid": 1}.
 DEBUG root [0x0001a654] [2017-11-07 14:29:06,713] - ClientObjectBase::setSpaceData: spaceID(1), key=ACTION_ROOM_NEXT, value={"curCid": 3, "powerCards": [49], "powerCid": 1}.
 DEBUG root [0x0001a654] [2017-11-07 14:29:07,710] - ClientObjectBase::setSpaceData: spaceID(1), key=ACTION_ROOM_NEXT, value={"curCid": 1, "powerCards": [49], "powerCid": 1}.
 DEBUG root [0x0001a654] [2017-11-07 14:29:07,712] - ClientObjectBase::setSpaceData: spaceID(1), key=ACTION_ROOM_NEXT, value={"curCid": 1, "powerCards": [49], "powerCid": 1}.
 DEBUG root [0x0001a654] [2017-11-07 14:29:08,711] - ClientObjectBase::setSpaceData: spaceID(1), key=ACTION_ROOM_NEXT, value={"curCid": 2, "powerCards": [4, 2, 1], "powerCid": 1}.
 DEBUG root [0x0001a654] [2017-11-07 14:29:08,713] - ClientObjectBase::setSpaceData: spaceID(1), key=ACTION_ROOM_NEXT, value={"curCid": 2, "powerCards": [4, 2, 1], "powerCid": 1}.
 DEBUG root [0x0001a654] [2017-11-07 14:29:09,710] - ClientObjectBase::setSpaceData: spaceID(1), key=ACTION_ROOM_NEXT, value={"curCid": 3, "powerCards": [44, 43, 42], "powerCid": 2}.
 DEBUG root [0x0001a654] [2017-11-07 14:29:09,711] - ClientObjectBase::setSpaceData: spaceID(1), key=ACTION_ROOM_NEXT, value={"curCid": 3, "powerCards": [44, 43, 42], "powerCid": 2}.
 DEBUG root [0x0001a654] [2017-11-07 14:29:10,711] - ClientObjectBase::setSpaceData: spaceID(1), key=ACTION_ROOM_NEXT, value={"curCid": 1, "powerCards": [44, 43, 42], "powerCid": 2}.
 DEBUG root [0x0001a654] [2017-11-07 14:29:10,711] - ClientObjectBase::setSpaceData: spaceID(1), key=ACTION_ROOM_NEXT, value={"curCid": 1, "powerCards": [44, 43, 42], "powerCid": 2}.
 DEBUG root [0x0001a654] [2017-11-07 14:29:11,710] - ClientObjectBase::setSpaceData: spaceID(1), key=ACTION_ROOM_NEXT, value={"curCid": 2, "powerCards": [44, 43, 42], "powerCid": 2}.
 DEBUG root [0x0001a654] [2017-11-07 14:29:11,711] - ClientObjectBase::setSpaceData: spaceID(1), key=ACTION_ROOM_NEXT, value={"curCid": 2, "powerCards": [44, 43, 42], "powerCid": 2}.
 DEBUG root [0x0001a654] [2017-11-07 14:29:12,710] - ClientObjectBase::setSpaceData: spaceID(1), key=ACTION_ROOM_NEXT, value={"curCid": 3, "powerCards": [23], "powerCid": 2}.
 DEBUG root [0x0001a654] [2017-11-07 14:29:12,710] - ClientObjectBase::setSpaceData: spaceID(1), key=ACTION_ROOM_NEXT, value={"curCid": 3, "powerCards": [23], "powerCid": 2}.
 DEBUG root [0x0001a654] [2017-11-07 14:29:13,710] - ClientObjectBase::setSpaceData: spaceID(1), key=ACTION_ROOM_NEXT, value={"curCid": 1, "powerCards": [36], "powerCid": 3}.
 DEBUG root [0x0001a654] [2017-11-07 14:29:13,712] - ClientObjectBase::setSpaceData: spaceID(1), key=ACTION_ROOM_NEXT, value={"curCid": 1, "powerCards": [36], "powerCid": 3}.
 DEBUG root [0x0001a654] [2017-11-07 14:29:14,710] - ClientObjectBase::setSpaceData: spaceID(1), key=ACTION_ROOM_NEXT, value={"curCid": 2, "powerCards": [36], "powerCid": 3}.
 DEBUG root [0x0001a654] [2017-11-07 14:29:14,712] - ClientObjectBase::setSpaceData: spaceID(1), key=ACTION_ROOM_NEXT, value={"curCid": 2, "powerCards": [36], "powerCid": 3}.
 DEBUG root [0x0001a654] [2017-11-07 14:29:15,710] - ClientObjectBase::setSpaceData: spaceID(1), key=ACTION_ROOM_NEXT, value={"curCid": 3, "powerCards": [36], "powerCid": 3}.
 DEBUG root [0x0001a654] [2017-11-07 14:29:15,712] - ClientObjectBase::setSpaceData: spaceID(1), key=ACTION_ROOM_NEXT, value={"curCid": 3, "powerCards": [36], "powerCid": 3}.
 DEBUG root [0x0001a654] [2017-11-07 14:29:16,710] - ClientObjectBase::setSpaceData: spaceID(1), key=ACTION_ROOM_NEXT, value={"curCid": 1, "powerCards": [20, 19, 17], "powerCid": 3}.
 DEBUG root [0x0001a654] [2017-11-07 14:29:16,711] - ClientObjectBase::setSpaceData: spaceID(1), key=ACTION_ROOM_NEXT, value={"curCid": 1, "powerCards": [20, 19, 17], "powerCid": 3}.
 DEBUG root [0x0001a654] [2017-11-07 14:29:17,710] - ClientObjectBase::setSpaceData: spaceID(1), key=ACTION_ROOM_NEXT, value={"curCid": 2, "powerCards": [35, 34, 33], "powerCid": 1}.
 DEBUG root [0x0001a654] [2017-11-07 14:29:17,712] - ClientObjectBase::setSpaceData: spaceID(1), key=ACTION_ROOM_NEXT, value={"curCid": 2, "powerCards": [35, 34, 33], "powerCid": 1}.
 DEBUG root [0x0001a654] [2017-11-07 14:29:18,711] - ClientObjectBase::setSpaceData: spaceID(1), key=ACTION_ROOM_NEXT, value={"curCid": 3, "powerCards": [48, 47, 45], "powerCid": 2}.
 DEBUG root [0x0001a654] [2017-11-07 14:29:18,712] - ClientObjectBase::setSpaceData: spaceID(1), key=ACTION_ROOM_NEXT, value={"curCid": 3, "powerCards": [48, 47, 45], "powerCid": 2}.
 DEBUG root [0x0001a654] [2017-11-07 14:29:19,710] - ClientObjectBase::setSpaceData: spaceID(1), key=ACTION_ROOM_NEXT, value={"curCid": 1, "powerCards": [48, 47, 45], "powerCid": 2}.
 DEBUG root [0x0001a654] [2017-11-07 14:29:19,710] - ClientObjectBase::setSpaceData: spaceID(1), key=ACTION_ROOM_NEXT, value={"curCid": 1, "powerCards": [48, 47, 45], "powerCid": 2}.
 DEBUG root [0x0001a654] [2017-11-07 14:29:20,710] - ClientObjectBase::setSpaceData: spaceID(1), key=ACTION_ROOM_NEXT, value={"curCid": 2, "powerCards": [48, 47, 45], "powerCid": 2}.
 DEBUG root [0x0001a654] [2017-11-07 14:29:20,712] - ClientObjectBase::setSpaceData: spaceID(1), key=ACTION_ROOM_NEXT, value={"curCid": 2, "powerCards": [48, 47, 45], "powerCid": 2}.
 DEBUG root [0x0001a654] [2017-11-07 14:29:21,710] - ClientObjectBase::setSpaceData: spaceID(1), key=ACTION_ROOM_NEXT, value={"curCid": 3, "powerCards": [26, 25], "powerCid": 2}.
 DEBUG root [0x0001a654] [2017-11-07 14:29:21,710] - ClientObjectBase::setSpaceData: spaceID(1), key=ACTION_ROOM_NEXT, value={"curCid": 3, "powerCards": [26, 25], "powerCid": 2}.
 DEBUG root [0x0001a654] [2017-11-07 14:29:22,711] - ClientObjectBase::setSpaceData: spaceID(1), key=ACTION_ROOM_NEXT, value={"curCid": 1, "powerCards": [52, 51], "powerCid": 3}.
 DEBUG root [0x0001a654] [2017-11-07 14:29:22,711] - ClientObjectBase::setSpaceData: spaceID(1), key=ACTION_ROOM_NEXT, value={"curCid": 1, "powerCards": [52, 51], "powerCid": 3}.
 DEBUG root [0x0001a654] [2017-11-07 14:29:23,711] - ClientObjectBase::setSpaceData: spaceID(1), key=ACTION_ROOM_NEXT, value={"curCid": 2, "powerCards": [52, 51], "powerCid": 3}.
 DEBUG root [0x0001a654] [2017-11-07 14:29:23,712] - ClientObjectBase::setSpaceData: spaceID(1), key=ACTION_ROOM_NEXT, value={"curCid": 2, "powerCards": [52, 51], "powerCid": 3}.
 DEBUG root [0x0001a654] [2017-11-07 14:29:24,710] - ClientObjectBase::setSpaceData: spaceID(1), key=ACTION_ROOM_NEXT, value={"curCid": 3, "powerCards": [52, 51], "powerCid": 3}.
 DEBUG root [0x0001a654] [2017-11-07 14:29:24,710] - ClientObjectBase::setSpaceData: spaceID(1), key=ACTION_ROOM_NEXT, value={"curCid": 3, "powerCards": [52, 51], "powerCid": 3}.
 DEBUG root [0x0001a654] [2017-11-07 14:29:25,710] - ClientObjectBase::setSpaceData: spaceID(1), key=ACTION_ROOM_NEXT, value={"curCid": 1, "powerCards": [24, 22], "powerCid": 3}.
 DEBUG root [0x0001a654] [2017-11-07 14:29:25,711] - ClientObjectBase::setSpaceData: spaceID(1), key=ACTION_ROOM_NEXT, value={"curCid": 1, "powerCards": [24, 22], "powerCid": 3}.
 DEBUG root [0x0001a654] [2017-11-07 14:29:26,710] - ClientObjectBase::setSpaceData: spaceID(1), key=ACTION_ROOM_NEXT, value={"curCid": 2, "powerCards": [24, 22], "powerCid": 3}.
 DEBUG root [0x0001a654] [2017-11-07 14:29:26,712] - ClientObjectBase::setSpaceData: spaceID(1), key=ACTION_ROOM_NEXT, value={"curCid": 2, "powerCards": [24, 22], "powerCid": 3}.
 DEBUG root [0x0001a654] [2017-11-07 14:29:29,243] - ClientObjectBase::onEntityLeaveWorld: DdzAvatar(10019), appID(3).
 DEBUG root [0x0001a654] [2017-11-07 14:29:29,243] - DdzAvatar::~DdzAvatar(): 10019
 DEBUG root [0x0001a654] [2017-11-07 14:29:29,243] - ClientObjectBase::onEntityLeaveWorld: DdzAvatar(10019), appID(2).
 DEBUG root [0x0001a654] [2017-11-07 14:29:29,243] - DdzAvatar::~DdzAvatar(): 10019
 DEBUG root [0x0001a654] [2017-11-07 14:29:29,277] - ClientObjectBase::onEntityLeaveWorld: DdzAvatar(10015), appID(3).
 DEBUG root [0x0001a654] [2017-11-07 14:29:29,277] - DdzAvatar::~DdzAvatar(): 10016
 DEBUG root [0x0001a654] [2017-11-07 14:29:29,277] - ClientObjectBase::onEntityLeaveWorld: DdzAvatar(10016), appID(2).
 DEBUG root [0x0001a654] [2017-11-07 14:29:29,277] - DdzAvatar::~DdzAvatar(): 10015
 DEBUG root [0x0001a654] [2017-11-07 14:29:29,377] - ClientObjectBase::onPlayerEnterWorld: DdzAvatar(10015), isOnGround(0), appID(3).
 S_ERR root [0x0001a654] [2017-11-07 14:29:29,377] - AttributeError: 'module' object has no attribute 'PlayerDdzAvatar'
 ERROR root [0x0001a654] [2017-11-07 14:29:29,378] - DdzAvatar::onBecomePlayer(): please implement PlayerDdzAvatar.
 DEBUG root [0x0001a654] [2017-11-07 14:29:29,379] - ClientObjectBase::setSpaceData: spaceID(2), key=state, value=0.
 DEBUG root [0x0001a654] [2017-11-07 14:29:29,379] - ClientObjectBase::setSpaceData: spaceID(2), key=curfen, value=0.10.
 DEBUG root [0x0001a654] [2017-11-07 14:29:29,379] - ClientObjectBase::setSpaceData: spaceID(2), key=multiple, value=1.
 DEBUG root [0x0001a654] [2017-11-07 14:29:29,379] - ClientObjectBase::setSpaceData: spaceID(2), key=roomtime, value=15.
 DEBUG root [0x0001a654] [2017-11-07 14:29:29,379] - ClientObjectBase::initSpaceData: spaceID(2), datasize=4.
 DEBUG root [0x0001a654] [2017-11-07 14:29:29,379] - ClientObjectBase::onEntityEnterSpace: DdzAvatar(10015).
  INFO root [0x0001a654] [2017-11-07 14:29:29,380] - ClientObjectBase::createEntity: new DdzAvatar (10016)
 S_ERR root [0x0001a654] [2017-11-07 14:29:29,381] - Traceback (most recent call last):
  File "C:/Users/hyc/Desktop/kbengine/llgame/scripts/bots\DdzAvatar.py", line 12, in __init__
    self.base.reqEnterGame(1)
 S_ERR root [0x0001a654] [2017-11-07 14:29:29,381] - AttributeError: 'NoneType' object has no attribute 'reqEnterGame'
 DEBUG root [0x0001a654] [2017-11-07 14:29:29,382] - ClientObjectBase::onEntityEnterWorld: DdzAvatar(10016), isOnGround(0), appID(3).
 DEBUG root [0x0001a654] [2017-11-07 14:29:29,382] - ClientObjectBase::onPlayerEnterWorld: DdzAvatar(10016), isOnGround(0), appID(2).
 S_ERR root [0x0001a654] [2017-11-07 14:29:29,382] - AttributeError: 'module' object has no attribute 'PlayerDdzAvatar'
 ERROR root [0x0001a654] [2017-11-07 14:29:29,383] - DdzAvatar::onBecomePlayer(): please implement PlayerDdzAvatar.
 DEBUG root [0x0001a654] [2017-11-07 14:29:29,384] - ClientObjectBase::setSpaceData: spaceID(2), key=state, value=0.
 DEBUG root [0x0001a654] [2017-11-07 14:29:29,384] - ClientObjectBase::setSpaceData: spaceID(2), key=curfen, value=0.10.
 DEBUG root [0x0001a654] [2017-11-07 14:29:29,384] - ClientObjectBase::setSpaceData: spaceID(2), key=multiple, value=1.
 DEBUG root [0x0001a654] [2017-11-07 14:29:29,384] - ClientObjectBase::setSpaceData: spaceID(2), key=roomtime, value=15.
 DEBUG root [0x0001a654] [2017-11-07 14:29:29,385] - ClientObjectBase::initSpaceData: spaceID(2), datasize=4.
 DEBUG root [0x0001a654] [2017-11-07 14:29:29,385] - ClientObjectBase::onEntityEnterSpace: DdzAvatar(10016).
  INFO root [0x0001a654] [2017-11-07 14:29:29,385] - ClientObjectBase::createEntity: new DdzAvatar (10015)
 S_ERR root [0x0001a654] [2017-11-07 14:29:29,386] - Traceback (most recent call last):
  File "C:/Users/hyc/Desktop/kbengine/llgame/scripts/bots\DdzAvatar.py", line 12, in __init__
    self.base.reqEnterGame(1)
 S_ERR root [0x0001a654] [2017-11-07 14:29:29,387] - AttributeError: 'NoneType' object has no attribute 'reqEnterGame'
 DEBUG root [0x0001a654] [2017-11-07 14:29:29,387] - ClientObjectBase::onEntityEnterWorld: DdzAvatar(10015), isOnGround(0), appID(2).
 DEBUG root [0x0001a654] [2017-11-07 14:33:22,374] - Bots::lookApp: 172.16.4.154:57964/0/0/0
  INFO root [0x0001a654] [2017-11-07 14:38:56,471] - ClientObjectBase::onKicked: code=11
 DEBUG root [0x0001a654] [2017-11-07 14:38:56,471] - ClientObjectBase::tickSend: serverCloased!
  INFO root [0x0001a654] [2017-11-07 14:38:56,471] - ClientObjectBase::onKicked: code=11
 DEBUG root [0x0001a654] [2017-11-07 14:38:56,471] - ClientObjectBase::tickSend: serverCloased!
  WARN root [0x0001a654] [2017-11-07 14:38:57,147] - TCPPacketReceiver::processPendingEvents(172.16.4.154:20015): Throwing REASON_GENERAL_NETWORK - WSAECONNRESET
  WARN root [0x0001a654] [2017-11-07 14:38:57,148] - TCPPacketReceiver::processPendingEvents(172.16.4.154:20015): Throwing REASON_GENERAL_NETWORK - WSAECONNRESET
  WARN root [0x0001a654] [2017-11-07 14:38:57,149] - TCPPacketReceiver::processPendingEvents(172.16.4.154:20015): Throwing REASON_GENERAL_NETWORK - WSAECONNRESET
  WARN root [0x0001a654] [2017-11-07 14:38:57,149] - TCPPacketReceiver::processPendingEvents(172.16.4.154:20015): Throwing REASON_GENERAL_NETWORK - WSAECONNRESET
  WARN root [0x0001a654] [2017-11-07 14:38:57,149] - TCPPacketReceiver::processPendingEvents(172.16.4.154:20015): Throwing REASON_GENERAL_NETWORK - WSAECONNRESET
  WARN root [0x0001a654] [2017-11-07 14:38:57,149] - TCPPacketReceiver::processPendingEvents(172.16.4.154:20015): Throwing REASON_GENERAL_NETWORK - WSAECONNRESET
  WARN root [0x0001a654] [2017-11-07 14:38:57,150] - TCPPacketReceiver::processPendingEvents(172.16.4.154:20015): Throwing REASON_GENERAL_NETWORK - WSAECONNRESET
  WARN root [0x0001a654] [2017-11-07 14:38:57,150] - TCPPacketReceiver::processPendingEvents(172.16.4.154:20015): Throwing REASON_GENERAL_NETWORK - WSAECONNRESET
  WARN root [0x0001a654] [2017-11-07 14:38:57,150] - TCPPacketReceiver::processPendingEvents(172.16.4.154:20015): Throwing REASON_GENERAL_NETWORK - WSAECONNRESET
  WARN root [0x0001a654] [2017-11-07 14:38:57,151] - TCPPacketReceiver::processPendingEvents(172.16.4.154:20015): Throwing REASON_GENERAL_NETWORK - WSAECONNRESET
  WARN root [0x0001a654] [2017-11-07 14:38:57,151] - TCPPacketReceiver::processPendingEvents(172.16.4.154:20015): Throwing REASON_GENERAL_NETWORK - WSAECONNRESET
  WARN root [0x0001a654] [2017-11-07 14:38:57,152] - TCPPacketReceiver::processPendingEvents(172.16.4.154:20015): Throwing REASON_GENERAL_NETWORK - WSAECONNRESET
  WARN root [0x0001a654] [2017-11-07 14:38:57,152] - TCPPacketReceiver::processPendingEvents(172.16.4.154:20015): Throwing REASON_GENERAL_NETWORK - WSAECONNRESET
  WARN root [0x0001a654] [2017-11-07 14:38:57,152] - TCPPacketReceiver::processPendingEvents(172.16.4.154:20015): Throwing REASON_GENERAL_NETWORK - WSAECONNRESET
  WARN root [0x0001a654] [2017-11-07 14:38:57,152] - TCPPacketReceiver::processPendingEvents(172.16.4.154:20015): Throwing REASON_GENERAL_NETWORK - WSAECONNRESET
  WARN root [0x0001a654] [2017-11-07 14:38:57,152] - TCPPacketReceiver::processPendingEvents(172.16.4.154:20015): Throwing REASON_GENERAL_NETWORK - WSAECONNRESET
  WARN root [0x0001a654] [2017-11-07 14:38:57,153] - TCPPacketReceiver::processPendingEvents(172.16.4.154:20015): Throwing REASON_GENERAL_NETWORK - WSAECONNRESET
  WARN root [0x0001a654] [2017-11-07 14:38:57,153] - TCPPacketReceiver::processPendingEvents(172.16.4.154:20015): Throwing REASON_GENERAL_NETWORK - WSAECONNRESET
  WARN root [0x0001a654] [2017-11-07 14:38:57,153] - TCPPacketReceiver::processPendingEvents(172.16.4.154:20015): Throwing REASON_GENERAL_NETWORK - WSAECONNRESET
  WARN root [0x0001a654] [2017-11-07 14:38:57,153] - TCPPacketReceiver::processPendingEvents(172.16.4.154:20015): Throwing REASON_GENERAL_NETWORK - WSAECONNRESET
  WARN root [0x0001a654] [2017-11-07 14:38:57,154] - TCPPacketReceiver::processPendingEvents(172.16.4.154:20015): Throwing REASON_GENERAL_NETWORK - WSAECONNRESET
  WARN root [0x0001a654] [2017-11-07 14:38:57,154] - TCPPacketReceiver::processPendingEvents(172.16.4.154:20015): Throwing REASON_GENERAL_NETWORK - WSAECONNRESET
  WARN root [0x0001a654] [2017-11-07 14:38:57,154] - TCPPacketReceiver::processPendingEvents(172.16.4.154:20015): Throwing REASON_GENERAL_NETWORK - WSAECONNRESET
  WARN root [0x0001a654] [2017-11-07 14:38:57,154] - TCPPacketReceiver::processPendingEvents(172.16.4.154:20015): Throwing REASON_GENERAL_NETWORK - WSAECONNRESET
  WARN root [0x0001a654] [2017-11-07 14:38:57,155] - TCPPacketReceiver::processPendingEvents(172.16.4.154:20015): Throwing REASON_GENERAL_NETWORK - WSAECONNRESET
  WARN root [0x0001a654] [2017-11-07 14:38:57,155] - TCPPacketReceiver::processPendingEvents(172.16.4.154:20015): Throwing REASON_GENERAL_NETWORK - WSAECONNRESET
  WARN root [0x0001a654] [2017-11-07 14:38:57,155] - TCPPacketReceiver::processPendingEvents(172.16.4.154:20015): Throwing REASON_GENERAL_NETWORK - WSAECONNRESET
  WARN root [0x0001a654] [2017-11-07 14:38:57,155] - TCPPacketReceiver::processPendingEvents(172.16.4.154:20015): Throwing REASON_GENERAL_NETWORK - WSAECONNRESET
  WARN root [0x0001a654] [2017-11-07 14:38:57,155] - TCPPacketReceiver::processPendingEvents(172.16.4.154:20015): Throwing REASON_GENERAL_NETWORK - WSAECONNRESET
  WARN root [0x0001a654] [2017-11-07 14:38:57,155] - TCPPacketReceiver::processPendingEvents(172.16.4.154:20015): Throwing REASON_GENERAL_NETWORK - WSAECONNRESET
  WARN root [0x0001a654] [2017-11-07 14:38:57,156] - TCPPacketReceiver::processPendingEvents(172.16.4.154:20015): Throwing REASON_GENERAL_NETWORK - WSAECONNRESET
  WARN root [0x0001a654] [2017-11-07 14:38:57,156] - TCPPacketReceiver::processPendingEvents(172.16.4.154:20015): Throwing REASON_GENERAL_NETWORK - WSAECONNRESET
  WARN root [0x0001a654] [2017-11-07 14:38:57,156] - TCPPacketReceiver::processPendingEvents(172.16.4.154:20015): Throwing REASON_GENERAL_NETWORK - WSAECONNRESET
  WARN root [0x0001a654] [2017-11-07 14:38:57,156] - TCPPacketReceiver::processPendingEvents(172.16.4.154:20015): Throwing REASON_GENERAL_NETWORK - WSAECONNRESET
  WARN root [0x0001a654] [2017-11-07 14:38:57,157] - TCPPacketReceiver::processPendingEvents(172.16.4.154:20015): Throwing REASON_GENERAL_NETWORK - WSAECONNRESET
  WARN root [0x0001a654] [2017-11-07 14:38:57,157] - TCPPacketReceiver::processPendingEvents(172.16.4.154:20015): Throwing REASON_GENERAL_NETWORK - WSAECONNRESET
  WARN root [0x0001a654] [2017-11-07 14:38:57,157] - TCPPacketReceiver::processPendingEvents(172.16.4.154:20015): Throwing REASON_GENERAL_NETWORK - WSAECONNRESET
  WARN root [0x0001a654] [2017-11-07 14:38:57,157] - TCPPacketReceiver::processPendingEvents(172.16.4.154:20015): Throwing REASON_GENERAL_NETWORK - WSAECONNRESET
  WARN root [0x0001a654] [2017-11-07 14:38:57,157] - TCPPacketReceiver::processPendingEvents(172.16.4.154:20015): Throwing REASON_GENERAL_NETWORK - WSAECONNRESET
  WARN root [0x0001a654] [2017-11-07 14:38:57,158] - TCPPacketReceiver::processPendingEvents(172.16.4.154:20015): Throwing REASON_GENERAL_NETWORK - WSAECONNRESET
  WARN root [0x0001a654] [2017-11-07 14:38:57,158] - TCPPacketReceiver::processPendingEvents(172.16.4.154:20015): Throwing REASON_GENERAL_NETWORK - WSAECONNRESET
  WARN root [0x0001a654] [2017-11-07 14:38:57,158] - TCPPacketReceiver::processPendingEvents(172.16.4.154:20015): Throwing REASON_GENERAL_NETWORK - WSAECONNRESET
  WARN root [0x0001a654] [2017-11-07 14:38:57,158] - TCPPacketReceiver::processPendingEvents(172.16.4.154:20015): Throwing REASON_GENERAL_NETWORK - WSAECONNRESET
  WARN root [0x0001a654] [2017-11-07 14:38:57,158] - TCPPacketReceiver::processPendingEvents(172.16.4.154:20015): Throwing REASON_GENERAL_NETWORK - WSAECONNRESET
  WARN root [0x0001a654] [2017-11-07 14:38:57,158] - TCPPacketReceiver::processPendingEvents(172.16.4.154:20015): Throwing REASON_GENERAL_NETWORK - WSAECONNRESET
  WARN root [0x0001a654] [2017-11-07 14:38:57,159] - TCPPacketReceiver::processPendingEvents(172.16.4.154:20015): Throwing REASON_GENERAL_NETWORK - WSAECONNRESET
  WARN root [0x0001a654] [2017-11-07 14:38:57,159] - TCPPacketReceiver::processPendingEvents(172.16.4.154:20015): Throwing REASON_GENERAL_NETWORK - WSAECONNRESET
  WARN root [0x0001a654] [2017-11-07 14:38:57,159] - TCPPacketReceiver::processPendingEvents(172.16.4.154:20015): Throwing REASON_GENERAL_NETWORK - WSAECONNRESET
  WARN root [0x0001a654] [2017-11-07 14:38:57,159] - TCPPacketReceiver::processPendingEvents(172.16.4.154:20015): Throwing REASON_GENERAL_NETWORK - WSAECONNRESET
  WARN root [0x0001a654] [2017-11-07 14:38:57,159] - TCPPacketReceiver::processPendingEvents(172.16.4.154:20015): Throwing REASON_GENERAL_NETWORK - WSAECONNRESET
  WARN root [0x0001a654] [2017-11-07 14:38:57,160] - TCPPacketReceiver::processPendingEvents(172.16.4.154:20015): Throwing REASON_GENERAL_NETWORK - WSAECONNRESET
  WARN root [0x0001a654] [2017-11-07 14:38:57,160] - TCPPacketReceiver::processPendingEvents(172.16.4.154:20015): Throwing REASON_GENERAL_NETWORK - WSAECONNRESET
  WARN root [0x0001a654] [2017-11-07 14:38:57,160] - TCPPacketReceiver::processPendingEvents(172.16.4.154:20015): Throwing REASON_GENERAL_NETWORK - WSAECONNRESET
  WARN root [0x0001a654] [2017-11-07 14:38:57,160] - TCPPacketReceiver::processPendingEvents(172.16.4.154:20015): Throwing REASON_GENERAL_NETWORK - WSAECONNRESET
  WARN root [0x0001a654] [2017-11-07 14:38:57,160] - TCPPacketReceiver::processPendingEvents(172.16.4.154:20015): Throwing REASON_GENERAL_NETWORK - WSAECONNRESET
  WARN root [0x0001a654] [2017-11-07 14:38:57,160] - TCPPacketReceiver::processPendingEvents(172.16.4.154:20015): Throwing REASON_GENERAL_NETWORK - WSAECONNRESET
  WARN root [0x0001a654] [2017-11-07 14:38:57,161] - TCPPacketReceiver::processPendingEvents(172.16.4.154:20015): Throwing REASON_GENERAL_NETWORK - WSAECONNRESET
  WARN root [0x0001a654] [2017-11-07 14:38:57,161] - TCPPacketReceiver::processPendingEvents(172.16.4.154:20015): Throwing REASON_GENERAL_NETWORK - WSAECONNRESET
  WARN root [0x0001a654] [2017-11-07 14:38:57,161] - TCPPacketReceiver::processPendingEvents(172.16.4.154:20015): Throwing REASON_GENERAL_NETWORK - WSAECONNRESET
  WARN root [0x0001a654] [2017-11-07 14:38:57,161] - TCPPacketReceiver::processPendingEvents(172.16.4.154:20015): Throwing REASON_GENERAL_NETWORK - WSAECONNRESET
  WARN root [0x0001a654] [2017-11-07 14:38:57,161] - TCPPacketReceiver::processPendingEvents(172.16.4.154:20015): Throwing REASON_GENERAL_NETWORK - WSAECONNRESET
  WARN root [0x0001a654] [2017-11-07 14:38:57,161] - TCPPacketReceiver::processPendingEvents(172.16.4.154:20015): Throwing REASON_GENERAL_NETWORK - WSAECONNRESET
  WARN root [0x0001a654] [2017-11-07 14:38:57,162] - TCPPacketReceiver::processPendingEvents(172.16.4.154:20015): Throwing REASON_GENERAL_NETWORK - WSAECONNRESET
  WARN root [0x0001a654] [2017-11-07 14:38:57,162] - TCPPacketReceiver::processPendingEvents(172.16.4.154:20015): Throwing REASON_GENERAL_NETWORK - WSAECONNRESET
  WARN root [0x0001a654] [2017-11-07 14:38:57,162] - TCPPacketReceiver::processPendingEvents(172.16.4.154:20015): Throwing REASON_GENERAL_NETWORK - WSAECONNRESET
  WARN root [0x0001a654] [2017-11-07 14:38:57,162] - TCPPacketReceiver::processPendingEvents(172.16.4.154:20015): Throwing REASON_GENERAL_NETWORK - WSAECONNRESET
  WARN root [0x0001a654] [2017-11-07 14:38:57,162] - TCPPacketReceiver::processPendingEvents(172.16.4.154:20015): Throwing REASON_GENERAL_NETWORK - WSAECONNRESET
  WARN root [0x0001a654] [2017-11-07 14:38:57,162] - TCPPacketReceiver::processPendingEvents(172.16.4.154:20015): Throwing REASON_GENERAL_NETWORK - WSAECONNRESET
  WARN root [0x0001a654] [2017-11-07 14:38:57,163] - TCPPacketReceiver::processPendingEvents(172.16.4.154:20015): Throwing REASON_GENERAL_NETWORK - WSAECONNRESET
  WARN root [0x0001a654] [2017-11-07 14:38:57,163] - TCPPacketReceiver::processPendingEvents(172.16.4.154:20015): Throwing REASON_GENERAL_NETWORK - WSAECONNRESET
  WARN root [0x0001a654] [2017-11-07 14:38:57,163] - TCPPacketReceiver::processPendingEvents(172.16.4.154:20015): Throwing REASON_GENERAL_NETWORK - WSAECONNRESET
  WARN root [0x0001a654] [2017-11-07 14:38:57,163] - TCPPacketReceiver::processPendingEvents(172.16.4.154:20015): Throwing REASON_GENERAL_NETWORK - WSAECONNRESET
  WARN root [0x0001a654] [2017-11-07 14:38:57,163] - TCPPacketReceiver::processPendingEvents(172.16.4.154:20015): Throwing REASON_GENERAL_NETWORK - WSAECONNRESET
  WARN root [0x0001a654] [2017-11-07 14:38:57,163] - TCPPacketReceiver::processPendingEvents(172.16.4.154:20015): Throwing REASON_GENERAL_NETWORK - WSAECONNRESET
  WARN root [0x0001a654] [2017-11-07 14:38:57,164] - TCPPacketReceiver::processPendingEvents(172.16.4.154:20015): Throwing REASON_GENERAL_NETWORK - WSAECONNRESET
  WARN root [0x0001a654] [2017-11-07 14:38:57,164] - TCPPacketReceiver::processPendingEvents(172.16.4.154:20015): Throwing REASON_GENERAL_NETWORK - WSAECONNRESET
  WARN root [0x0001a654] [2017-11-07 14:38:57,164] - TCPPacketReceiver::processPendingEvents(172.16.4.154:20015): Throwing REASON_GENERAL_NETWORK - WSAECONNRESET
  WARN root [0x0001a654] [2017-11-07 14:38:57,164] - TCPPacketReceiver::processPendingEvents(172.16.4.154:20015): Throwing REASON_GENERAL_NETWORK - WSAECONNRESET
  WARN root [0x0001a654] [2017-11-07 14:38:57,164] - TCPPacketReceiver::processPendingEvents(172.16.4.154:20015): Throwing REASON_GENERAL_NETWORK - WSAECONNRESET
  WARN root [0x0001a654] [2017-11-07 14:38:57,164] - TCPPacketReceiver::processPendingEvents(172.16.4.154:20015): Throwing REASON_GENERAL_NETWORK - WSAECONNRESET
  WARN root [0x0001a654] [2017-11-07 14:38:57,164] - TCPPacketReceiver::processPendingEvents(172.16.4.154:20015): Throwing REASON_GENERAL_NETWORK - WSAECONNRESET
  WARN root [0x0001a654] [2017-11-07 14:38:57,165] - TCPPacketReceiver::processPendingEvents(172.16.4.154:20015): Throwing REASON_GENERAL_NETWORK - WSAECONNRESET
  WARN root [0x0001a654] [2017-11-07 14:38:57,165] - TCPPacketReceiver::processPendingEvents(172.16.4.154:20015): Throwing REASON_GENERAL_NETWORK - WSAECONNRESET
  WARN root [0x0001a654] [2017-11-07 14:38:57,165] - TCPPacketReceiver::processPendingEvents(172.16.4.154:20015): Throwing REASON_GENERAL_NETWORK - WSAECONNRESET
  WARN root [0x0001a654] [2017-11-07 14:38:57,165] - TCPPacketReceiver::processPendingEvents(172.16.4.154:20015): Throwing REASON_GENERAL_NETWORK - WSAECONNRESET
  WARN root [0x0001a654] [2017-11-07 14:38:57,165] - TCPPacketReceiver::processPendingEvents(172.16.4.154:20015): Throwing REASON_GENERAL_NETWORK - WSAECONNRESET
  WARN root [0x0001a654] [2017-11-07 14:38:57,165] - TCPPacketReceiver::processPendingEvents(172.16.4.154:20015): Throwing REASON_GENERAL_NETWORK - WSAECONNRESET
  WARN root [0x0001a654] [2017-11-07 14:38:57,166] - TCPPacketReceiver::processPendingEvents(172.16.4.154:20015): Throwing REASON_GENERAL_NETWORK - WSAECONNRESET
  WARN root [0x0001a654] [2017-11-07 14:38:57,166] - TCPPacketReceiver::processPendingEvents(172.16.4.154:20015): Throwing REASON_GENERAL_NETWORK - WSAECONNRESET
  WARN root [0x0001a654] [2017-11-07 14:38:57,166] - TCPPacketReceiver::processPendingEvents(172.16.4.154:20015): Throwing REASON_GENERAL_NETWORK - WSAECONNRESET
  WARN root [0x0001a654] [2017-11-07 14:38:57,166] - TCPPacketReceiver::processPendingEvents(172.16.4.154:20015): Throwing REASON_GENERAL_NETWORK - WSAECONNRESET
  WARN root [0x0001a654] [2017-11-07 14:38:57,166] - TCPPacketReceiver::processPendingEvents(172.16.4.154:20015): Throwing REASON_GENERAL_NETWORK - WSAECONNRESET
  WARN root [0x0001a654] [2017-11-07 14:38:57,166] - TCPPacketReceiver::processPendingEvents(172.16.4.154:20015): Throwing REASON_GENERAL_NETWORK - WSAECONNRESET
  WARN root [0x0001a654] [2017-11-07 14:38:57,167] - TCPPacketReceiver::processPendingEvents(172.16.4.154:20015): Throwing REASON_GENERAL_NETWORK - WSAECONNRESET
  WARN root [0x0001a654] [2017-11-07 14:38:57,167] - TCPPacketReceiver::processPendingEvents(172.16.4.154:20015): Throwing REASON_GENERAL_NETWORK - WSAECONNRESET
  WARN root [0x0001a654] [2017-11-07 14:38:57,167] - TCPPacketReceiver::processPendingEvents(172.16.4.154:20015): Throwing REASON_GENERAL_NETWORK - WSAECONNRESET
  WARN root [0x0001a654] [2017-11-07 14:38:57,167] - TCPPacketReceiver::processPendingEvents(172.16.4.154:20015): Throwing REASON_GENERAL_NETWORK - WSAECONNRESET
  WARN root [0x0001a654] [2017-11-07 14:38:57,167] - TCPPacketReceiver::processPendingEvents(172.16.4.154:20015): Throwing REASON_GENERAL_NETWORK - WSAECONNRESET
  WARN root [0x0001a654] [2017-11-07 14:38:57,167] - TCPPacketReceiver::processPendingEvents(172.16.4.154:20015): Throwing REASON_GENERAL_NETWORK - WSAECONNRESET
  WARN root [0x0001a654] [2017-11-07 14:38:57,168] - TCPPacketReceiver::processPendingEvents(172.16.4.154:20015): Throwing REASON_GENERAL_NETWORK - WSAECONNRESET
  WARN root [0x0001a654] [2017-11-07 14:38:57,168] - TCPPacketReceiver::processPendingEvents(172.16.4.154:20015): Throwing REASON_GENERAL_NETWORK - WSAECONNRESET
  WARN root [0x0001a654] [2017-11-07 14:38:57,168] - TCPPacketReceiver::processPendingEvents(172.16.4.154:20015): Throwing REASON_GENERAL_NETWORK - WSAECONNRESET
  WARN root [0x0001a654] [2017-11-07 14:38:57,169] - TCPPacketReceiver::processPendingEvents(172.16.4.154:20015): Throwing REASON_GENERAL_NETWORK - WSAECONNRESET
  WARN root [0x0001a654] [2017-11-07 14:38:57,169] - TCPPacketReceiver::processPendingEvents(172.16.4.154:20015): Throwing REASON_GENERAL_NETWORK - WSAECONNRESET
  WARN root [0x0001a654] [2017-11-07 14:38:57,169] - TCPPacketReceiver::processPendingEvents(172.16.4.154:20015): Throwing REASON_GENERAL_NETWORK - WSAECONNRESET
  WARN root [0x0001a654] [2017-11-07 14:38:57,169] - TCPPacketReceiver::processPendingEvents(172.16.4.154:20015): Throwing REASON_GENERAL_NETWORK - WSAECONNRESET
  WARN root [0x0001a654] [2017-11-07 14:38:57,170] - TCPPacketReceiver::processPendingEvents(172.16.4.154:20015): Throwing REASON_GENERAL_NETWORK - WSAECONNRESET
  WARN root [0x0001a654] [2017-11-07 14:38:57,170] - TCPPacketReceiver::processPendingEvents(172.16.4.154:20015): Throwing REASON_GENERAL_NETWORK - WSAECONNRESET
  WARN root [0x0001a654] [2017-11-07 14:38:57,170] - TCPPacketReceiver::processPendingEvents(172.16.4.154:20015): Throwing REASON_GENERAL_NETWORK - WSAECONNRESET
  WARN root [0x0001a654] [2017-11-07 14:38:57,170] - TCPPacketReceiver::processPendingEvents(172.16.4.154:20015): Throwing REASON_GENERAL_NETWORK - WSAECONNRESET
  WARN root [0x0001a654] [2017-11-07 14:38:57,170] - TCPPacketReceiver::processPendingEvents(172.16.4.154:20015): Throwing REASON_GENERAL_NETWORK - WSAECONNRESET
  WARN root [0x0001a654] [2017-11-07 14:38:57,170] - TCPPacketReceiver::processPendingEvents(172.16.4.154:20015): Throwing REASON_GENERAL_NETWORK - WSAECONNRESET
  WARN root [0x0001a654] [2017-11-07 14:38:57,171] - TCPPacketReceiver::processPendingEvents(172.16.4.154:20015): Throwing REASON_GENERAL_NETWORK - WSAECONNRESET
 DEBUG root [0x0001a654] [2017-11-07 14:38:57,171] - DdzAvatar::~DdzAvatar(): 10015
 DEBUG root [0x0001a654] [2017-11-07 14:38:57,171] - DdzAvatar::~DdzAvatar(): 10016
 DEBUG root [0x0001a654] [2017-11-07 14:38:57,171] - DdzAvatar::~DdzAvatar(): 10016
 DEBUG root [0x0001a654] [2017-11-07 14:38:57,171] - DdzAvatar::~DdzAvatar(): 10015
 DEBUG root [0x0001a654] [2017-11-07 14:38:57,339] - KBEBlowfish::KBEBlowfish(): Using Blowfish key: B7 C3 E0 CB 1C 08 AA 02 89 33 AB 0E A0 2C F8 57
 DEBUG root [0x0001a654] [2017-11-07 14:38:57,340] - KBEBlowfish::KBEBlowfish(): Using Blowfish key: 81 50 A1 D1 E6 62 5E 9F CB 3D 95 75 AE C8 23 03
  WARN root [0x0001a654] [2017-11-07 14:38:57,593] - TCPPacketReceiver::processPendingEvents(127.0.0.1:20013): Throwing REASON_GENERAL_NETWORK - WSAECONNRESET
  WARN root [0x0001a654] [2017-11-07 14:38:57,594] - TCPPacketReceiver::processPendingEvents(127.0.0.1:20013): Throwing REASON_GENERAL_NETWORK - WSAECONNRESET
  WARN root [0x0001a654] [2017-11-07 14:38:57,594] - TCPPacketReceiver::processPendingEvents(127.0.0.1:20013): Throwing REASON_GENERAL_NETWORK - WSAECONNRESET
  WARN root [0x0001a654] [2017-11-07 14:38:57,594] - TCPPacketReceiver::processPendingEvents(127.0.0.1:20013): Throwing REASON_GENERAL_NETWORK - WSAECONNRESET
  WARN root [0x0001a654] [2017-11-07 14:38:57,594] - TCPPacketReceiver::processPendingEvents(127.0.0.1:20013): Throwing REASON_GENERAL_NETWORK - WSAECONNRESET
  WARN root [0x0001a654] [2017-11-07 14:38:57,594] - TCPPacketReceiver::processPendingEvents(127.0.0.1:20013): Throwing REASON_GENERAL_NETWORK - WSAECONNRESET
  WARN root [0x0001a654] [2017-11-07 14:38:57,594] - TCPPacketReceiver::processPendingEvents(127.0.0.1:20013): Throwing REASON_GENERAL_NETWORK - WSAECONNRESET
  WARN root [0x0001a654] [2017-11-07 14:38:57,595] - TCPPacketReceiver::processPendingEvents(127.0.0.1:20013): Throwing REASON_GENERAL_NETWORK - WSAECONNRESET
  WARN root [0x0001a654] [2017-11-07 14:38:57,595] - TCPPacketReceiver::processPendingEvents(127.0.0.1:20013): Throwing REASON_GENERAL_NETWORK - WSAECONNRESET
  WARN root [0x0001a654] [2017-11-07 14:38:57,595] - TCPPacketReceiver::processPendingEvents(127.0.0.1:20013): Throwing REASON_GENERAL_NETWORK - WSAECONNRESET
  WARN root [0x0001a654] [2017-11-07 14:38:57,595] - TCPPacketReceiver::processPendingEvents(127.0.0.1:20013): Throwing REASON_GENERAL_NETWORK - WSAECONNRESET
  WARN root [0x0001a654] [2017-11-07 14:38:57,595] - TCPPacketReceiver::processPendingEvents(127.0.0.1:20013): Throwing REASON_GENERAL_NETWORK - WSAECONNRESET
  WARN root [0x0001a654] [2017-11-07 14:38:57,595] - TCPPacketReceiver::processPendingEvents(127.0.0.1:20013): Throwing REASON_GENERAL_NETWORK - WSAECONNRESET
  WARN root [0x0001a654] [2017-11-07 14:38:57,595] - TCPPacketReceiver::processPendingEvents(127.0.0.1:20013): Throwing REASON_GENERAL_NETWORK - WSAECONNRESET
  WARN root [0x0001a654] [2017-11-07 14:38:57,596] - TCPPacketReceiver::processPendingEvents(127.0.0.1:20013): Throwing REASON_GENERAL_NETWORK - WSAECONNRESET
  WARN root [0x0001a654] [2017-11-07 14:38:57,596] - TCPPacketReceiver::processPendingEvents(127.0.0.1:20013): Throwing REASON_GENERAL_NETWORK - WSAECONNRESET
  WARN root [0x0001a654] [2017-11-07 14:38:57,596] - TCPPacketReceiver::processPendingEvents(127.0.0.1:20013): Throwing REASON_GENERAL_NETWORK - WSAECONNRESET
  WARN root [0x0001a654] [2017-11-07 14:38:57,596] - TCPPacketReceiver::processPendingEvents(127.0.0.1:20013): Throwing REASON_GENERAL_NETWORK - WSAECONNRESET
  WARN root [0x0001a654] [2017-11-07 14:38:57,596] - TCPPacketReceiver::processPendingEvents(127.0.0.1:20013): Throwing REASON_GENERAL_NETWORK - WSAECONNRESET
  WARN root [0x0001a654] [2017-11-07 14:38:57,596] - TCPPacketReceiver::processPendingEvents(127.0.0.1:20013): Throwing REASON_GENERAL_NETWORK - WSAECONNRESET
  WARN root [0x0001a654] [2017-11-07 14:38:57,597] - TCPPacketReceiver::processPendingEvents(127.0.0.1:20013): Throwing REASON_GENERAL_NETWORK - WSAECONNRESET
  WARN root [0x0001a654] [2017-11-07 14:38:57,597] - TCPPacketReceiver::processPendingEvents(127.0.0.1:20013): Throwing REASON_GENERAL_NETWORK - WSAECONNRESET
  WARN root [0x0001a654] [2017-11-07 14:38:57,597] - TCPPacketReceiver::processPendingEvents(127.0.0.1:20013): Throwing REASON_GENERAL_NETWORK - WSAECONNRESET
  WARN root [0x0001a654] [2017-11-07 14:38:57,597] - TCPPacketReceiver::processPendingEvents(127.0.0.1:20013): Throwing REASON_GENERAL_NETWORK - WSAECONNRESET
  WARN root [0x0001a654] [2017-11-07 14:38:57,597] - TCPPacketReceiver::processPendingEvents(127.0.0.1:20013): Throwing REASON_GENERAL_NETWORK - WSAECONNRESET
  WARN root [0x0001a654] [2017-11-07 14:38:57,597] - TCPPacketReceiver::processPendingEvents(127.0.0.1:20013): Throwing REASON_GENERAL_NETWORK - WSAECONNRESET
  WARN root [0x0001a654] [2017-11-07 14:38:57,598] - TCPPacketReceiver::processPendingEvents(127.0.0.1:20013): Throwing REASON_GENERAL_NETWORK - WSAECONNRESET
  WARN root [0x0001a654] [2017-11-07 14:38:57,598] - TCPPacketReceiver::processPendingEvents(127.0.0.1:20013): Throwing REASON_GENERAL_NETWORK - WSAECONNRESET
  WARN root [0x0001a654] [2017-11-07 14:38:57,598] - TCPPacketReceiver::processPendingEvents(127.0.0.1:20013): Throwing REASON_GENERAL_NETWORK - WSAECONNRESET
  WARN root [0x0001a654] [2017-11-07 14:38:57,598] - TCPPacketReceiver::processPendingEvents(127.0.0.1:20013): Throwing REASON_GENERAL_NETWORK - WSAECONNRESET
  WARN root [0x0001a654] [2017-11-07 14:38:57,598] - TCPPacketReceiver::processPendingEvents(127.0.0.1:20013): Throwing REASON_GENERAL_NETWORK - WSAECONNRESET
  WARN root [0x0001a654] [2017-11-07 14:38:57,598] - TCPPacketReceiver::processPendingEvents(127.0.0.1:20013): Throwing REASON_GENERAL_NETWORK - WSAECONNRESET
  WARN root [0x0001a654] [2017-11-07 14:38:57,598] - TCPPacketReceiver::processPendingEvents(127.0.0.1:20013): Throwing REASON_GENERAL_NETWORK - WSAECONNRESET
  WARN root [0x0001a654] [2017-11-07 14:38:57,599] - TCPPacketReceiver::processPendingEvents(127.0.0.1:20013): Throwing REASON_GENERAL_NETWORK - WSAECONNRESET
  WARN root [0x0001a654] [2017-11-07 14:38:57,599] - TCPPacketReceiver::processPendingEvents(127.0.0.1:20013): Throwing REASON_GENERAL_NETWORK - WSAECONNRESET
  WARN root [0x0001a654] [2017-11-07 14:38:57,599] - TCPPacketReceiver::processPendingEvents(127.0.0.1:20013): Throwing REASON_GENERAL_NETWORK - WSAECONNRESET
  WARN root [0x0001a654] [2017-11-07 14:38:57,599] - TCPPacketReceiver::processPendingEvents(127.0.0.1:20013): Throwing REASON_GENERAL_NETWORK - WSAECONNRESET
  WARN root [0x0001a654] [2017-11-07 14:38:57,599] - TCPPacketReceiver::processPendingEvents(127.0.0.1:20013): Throwing REASON_GENERAL_NETWORK - WSAECONNRESET
  WARN root [0x0001a654] [2017-11-07 14:38:57,599] - TCPPacketReceiver::processPendingEvents(127.0.0.1:20013): Throwing REASON_GENERAL_NETWORK - WSAECONNRESET
  WARN root [0x0001a654] [2017-11-07 14:38:57,599] - TCPPacketReceiver::processPendingEvents(127.0.0.1:20013): Throwing REASON_GENERAL_NETWORK - WSAECONNRESET
  WARN root [0x0001a654] [2017-11-07 14:38:57,600] - TCPPacketReceiver::processPendingEvents(127.0.0.1:20013): Throwing REASON_GENERAL_NETWORK - WSAECONNRESET
  WARN root [0x0001a654] [2017-11-07 14:38:57,600] - TCPPacketReceiver::processPendingEvents(127.0.0.1:20013): Throwing REASON_GENERAL_NETWORK - WSAECONNRESET
  WARN root [0x0001a654] [2017-11-07 14:38:57,600] - TCPPacketReceiver::processPendingEvents(127.0.0.1:20013): Throwing REASON_GENERAL_NETWORK - WSAECONNRESET
  WARN root [0x0001a654] [2017-11-07 14:38:57,600] - TCPPacketReceiver::processPendingEvents(127.0.0.1:20013): Throwing REASON_GENERAL_NETWORK - WSAECONNRESET
  WARN root [0x0001a654] [2017-11-07 14:38:57,600] - TCPPacketReceiver::processPendingEvents(127.0.0.1:20013): Throwing REASON_GENERAL_NETWORK - WSAECONNRESET
  WARN root [0x0001a654] [2017-11-07 14:38:57,600] - TCPPacketReceiver::processPendingEvents(127.0.0.1:20013): Throwing REASON_GENERAL_NETWORK - WSAECONNRESET
  WARN root [0x0001a654] [2017-11-07 14:38:57,601] - TCPPacketReceiver::processPendingEvents(127.0.0.1:20013): Throwing REASON_GENERAL_NETWORK - WSAECONNRESET
  WARN root [0x0001a654] [2017-11-07 14:38:57,601] - TCPPacketReceiver::processPendingEvents(127.0.0.1:20013): Throwing REASON_GENERAL_NETWORK - WSAECONNRESET
  WARN root [0x0001a654] [2017-11-07 14:38:57,601] - TCPPacketReceiver::processPendingEvents(127.0.0.1:20013): Throwing REASON_GENERAL_NETWORK - WSAECONNRESET
  WARN root [0x0001a654] [2017-11-07 14:38:57,601] - TCPPacketReceiver::processPendingEvents(127.0.0.1:20013): Throwing REASON_GENERAL_NETWORK - WSAECONNRESET
  WARN root [0x0001a654] [2017-11-07 14:38:57,601] - TCPPacketReceiver::processPendingEvents(127.0.0.1:20013): Throwing REASON_GENERAL_NETWORK - WSAECONNRESET
  WARN root [0x0001a654] [2017-11-07 14:38:57,601] - TCPPacketReceiver::processPendingEvents(127.0.0.1:20013): Throwing REASON_GENERAL_NETWORK - WSAECONNRESET
  WARN root [0x0001a654] [2017-11-07 14:38:57,602] - TCPPacketReceiver::processPendingEvents(127.0.0.1:20013): Throwing REASON_GENERAL_NETWORK - WSAECONNRESET
  WARN root [0x0001a654] [2017-11-07 14:38:57,602] - TCPPacketReceiver::processPendingEvents(127.0.0.1:20013): Throwing REASON_GENERAL_NETWORK - WSAECONNRESET
  WARN root [0x0001a654] [2017-11-07 14:38:57,602] - TCPPacketReceiver::processPendingEvents(127.0.0.1:20013): Throwing REASON_GENERAL_NETWORK - WSAECONNRESET
  WARN root [0x0001a654] [2017-11-07 14:38:57,602] - TCPPacketReceiver::processPendingEvents(127.0.0.1:20013): Throwing REASON_GENERAL_NETWORK - WSAECONNRESET
  WARN root [0x0001a654] [2017-11-07 14:38:57,602] - TCPPacketReceiver::processPendingEvents(127.0.0.1:20013): Throwing REASON_GENERAL_NETWORK - WSAECONNRESET
  WARN root [0x0001a654] [2017-11-07 14:38:57,603] - TCPPacketReceiver::processPendingEvents(127.0.0.1:20013): Throwing REASON_GENERAL_NETWORK - WSAECONNRESET
  WARN root [0x0001a654] [2017-11-07 14:38:57,603] - TCPPacketReceiver::processPendingEvents(127.0.0.1:20013): Throwing REASON_GENERAL_NETWORK - WSAECONNRESET
  WARN root [0x0001a654] [2017-11-07 14:38:57,603] - TCPPacketReceiver::processPendingEvents(127.0.0.1:20013): Throwing REASON_GENERAL_NETWORK - WSAECONNRESET
  WARN root [0x0001a654] [2017-11-07 14:38:57,603] - TCPPacketReceiver::processPendingEvents(127.0.0.1:20013): Throwing REASON_GENERAL_NETWORK - WSAECONNRESET
  WARN root [0x0001a654] [2017-11-07 14:38:57,603] - TCPPacketReceiver::processPendingEvents(127.0.0.1:20013): Throwing REASON_GENERAL_NETWORK - WSAECONNRESET
  WARN root [0x0001a654] [2017-11-07 14:38:57,603] - TCPPacketReceiver::processPendingEvents(127.0.0.1:20013): Throwing REASON_GENERAL_NETWORK - WSAECONNRESET
