  INFO root [0x00017cd0] [2017-11-06 20:37:09,631] - 
  INFO root [0x00017cd0] [2017-11-06 20:37:09,632] - -----------------------------------------------------------------------------------------


  INFO root [0x00017cd0] [2017-11-06 20:37:09,634] - NetworkInterface::recreateListeningSocket(INTERNAL): bound to all interfaces with default route interface on 172.16.4.154 ( 172.16.4.154:53553 )
  INFO root [0x00017cd0] [2017-11-06 20:37:09,634] - NetworkInterface::recreateListeningSocket(INTERNAL): address 172.16.4.154:53553, SOMAXCONN=5.
 DEBUG root [0x00017cd0] [2017-11-06 20:37:09,671] - Script::install_py_dlls(): PyInit_pyexpat
 DEBUG root [0x00017cd0] [2017-11-06 20:37:09,671] - Script::install_py_dlls(): PyInit__socket
 DEBUG root [0x00017cd0] [2017-11-06 20:37:09,671] - Script::install_py_dlls(): PyInit__hashlib
 DEBUG root [0x00017cd0] [2017-11-06 20:37:09,673] - Script::install_py_dlls(): PyInit_select
 DEBUG root [0x00017cd0] [2017-11-06 20:37:09,673] - Script::install_py_dlls(): PyInit__ctypes
 DEBUG root [0x00017cd0] [2017-11-06 20:37:09,674] - Script::install_py_dlls(): PyInit__elementtree
 DEBUG root [0x00017cd0] [2017-11-06 20:37:09,705] - Script::install_py_dlls(): PyInit_unicodedata
  INFO root [0x00017cd0] [2017-11-06 20:37:09,736] - Script::install(): is successfully, Python=(3.4.2 (default, Jul  7 2017, 16:13:50) [MSC v.1800 32 bit (Intel)])!
  INFO root [0x00017cd0] [2017-11-06 20:37:09,736] - Script::install(): KBExtra is successfully!
  INFO root [0x00017cd0] [2017-11-06 20:37:09,740] - ---- bots Version: 0.9.12. ScriptVersion: 0.1.0. Protocol: 124556E6025E0209A64D4D365F48CE09. Config: Debug. Built: 16:13:57 Jul  7 2017. AppID: 6485279625170780160. UID: 1001. PID: 97484 ----
  INFO root [0x00017cd0] [2017-11-06 20:37:09,740] - Server : Intel(R) Core(TM) i5-4590 CPU @ 3.30GHz with 4194303kB RAM
  INFO root [0x00017cd0] [2017-11-06 20:37:09,740] - ThreadPool::createThreadPool: creating  threadpool...
  INFO root [0x00017cd0] [2017-11-06 20:37:09,740] - ThreadPool::createThreadPool: successfully(1), newThreadCount=1, normalMaxThreadCount=1, maxThreadCount=4
SCRIPT root [0x00017cd0] [2017-11-06 20:37:09,931] - 3
 DEBUG root [0x00017cd0] [2017-11-06 20:37:09,938] - loaded script:Player(1).
 DEBUG root [0x00017cd0] [2017-11-06 20:37:09,939] - loaded script:DdzAvatar(2).
 DEBUG root [0x00017cd0] [2017-11-06 20:37:09,941] - loaded script:DdzRoom(4).
 DEBUG root [0x00017cd0] [2017-11-06 20:37:09,942] - loaded script:ZjhRoom(5).
  INFO root [0x00017cd0] [2017-11-06 20:37:09,947] - TelnetServer server is running on port 51000
 S_DBG root [0x00017cd0] [2017-11-06 20:37:09,947] - onInit::isReload:0
  INFO root [0x00017cd0] [2017-11-06 20:37:09,947] - ---- bots is running ----
 DEBUG root [0x00017cd0] [2017-11-06 20:37:09,947] - Components::process(): Request for the process of identity...
 DEBUG root [0x00017cd0] [2017-11-06 20:37:16,772] - KBEBlowfish::KBEBlowfish(): Using Blowfish key: 8A 57 03 0C 4B D9 91 ED C7 60 1D 1B 0A D0 6D 7B
 DEBUG root [0x00017cd0] [2017-11-06 20:37:16,774] - KBEBlowfish::KBEBlowfish(): Using Blowfish key: 32 B8 15 B6 0E D1 67 32 46 1C FF 77 D6 A6 F5 9B
  WARN root [0x00017cd0] [2017-11-06 20:37:16,774] - bots.cpp:284: Profile updateBots took 0.66 seconds
  INFO root [0x00017cd0] [2017-11-06 20:37:16,808] - ClientObjectBase::onHelloCB: verInfo=0.9.12, scriptVerInfo=0.1.0, protocolMD5=75C8DA776708D1E89693088467E5A4FB, entityDefMD5=3AE2951E4080BAFE842768E10701770F, addr:127.0.0.1:20013/0/0/0
  INFO root [0x00017cd0] [2017-11-06 20:37:16,808] - ClientObjectBase::onHelloCB: verInfo=0.9.12, scriptVerInfo=0.1.0, protocolMD5=75C8DA776708D1E89693088467E5A4FB, entityDefMD5=3AE2951E4080BAFE842768E10701770F, addr:127.0.0.1:20013/0/0/0
  INFO root [0x00017cd0] [2017-11-06 20:37:17,074] - ClientObject::onCreateAccountResult: bot_6485279625170780160_2 create is successfully!
  INFO root [0x00017cd0] [2017-11-06 20:37:17,141] - ClientObject::onCreateAccountResult: bot_6485279625170780160_1 create is successfully!
  INFO root [0x00017cd0] [2017-11-06 20:37:17,274] - ClientObject::onLoginSuccessfully: bot_6485279625170780160_2 addr=172.16.4.154:20015!
 DEBUG root [0x00017cd0] [2017-11-06 20:37:17,274] - KBEBlowfish::KBEBlowfish(): Using Blowfish key: 5E FD B5 64 06 B9 38 CB 13 77 A4 DE 40 48 B9 38
  INFO root [0x00017cd0] [2017-11-06 20:37:17,309] - ClientObjectBase::onHelloCB: verInfo=0.9.12, scriptVerInfo=0.1.0, protocolMD5=3832E49F6CC47A66EFBA02ABD3118CFB, entityDefMD5=3AE2951E4080BAFE842768E10701770F, addr:172.16.4.154:20015/0/0/0
  INFO root [0x00017cd0] [2017-11-06 20:37:17,309] - ClientObject::onLoginSuccessfully: bot_6485279625170780160_1 addr=172.16.4.154:20015!
 DEBUG root [0x00017cd0] [2017-11-06 20:37:17,310] - KBEBlowfish::KBEBlowfish(): Using Blowfish key: 9D 57 EE 82 C8 80 29 40 67 CD 53 8F B1 AD 5A FD
  INFO root [0x00017cd0] [2017-11-06 20:37:17,342] - ClientObjectBase::onHelloCB: verInfo=0.9.12, scriptVerInfo=0.1.0, protocolMD5=3832E49F6CC47A66EFBA02ABD3118CFB, entityDefMD5=3AE2951E4080BAFE842768E10701770F, addr:172.16.4.154:20015/0/0/0
  INFO root [0x00017cd0] [2017-11-06 20:37:17,475] - ClientObject::onCreatedProxies(bot_6485279625170780160_2): rndUUID=6485279657796501504 eid=10013 entityType=Player!
  INFO root [0x00017cd0] [2017-11-06 20:37:17,475] - ClientObjectBase::createEntity: new Player (10013)
  INFO root [0x00017cd0] [2017-11-06 20:37:17,508] - ClientObject::onCreatedProxies(bot_6485279625170780160_1): rndUUID=6485279657796501505 eid=10014 entityType=Player!
  INFO root [0x00017cd0] [2017-11-06 20:37:17,508] - ClientObjectBase::createEntity: new Player (10014)
 DEBUG root [0x00017cd0] [2017-11-06 20:37:17,542] - ClientObjectBase::onEntityDestroyed: Player(10013).
 DEBUG root [0x00017cd0] [2017-11-06 20:37:17,542] - Player::~Player(): 10013
  INFO root [0x00017cd0] [2017-11-06 20:37:17,542] - ClientObject::onCreatedProxies(bot_6485279625170780160_2): rndUUID=6485279657796501506 eid=10015 entityType=DdzAvatar!
  INFO root [0x00017cd0] [2017-11-06 20:37:17,542] - ClientObjectBase::createEntity: new DdzAvatar (10015)
 S_DBG root [0x00017cd0] [2017-11-06 20:37:17,543] - Bots::DdzAvatar __init__
 DEBUG root [0x00017cd0] [2017-11-06 20:37:17,577] - ClientObjectBase::onEntityDestroyed: Player(10014).
 DEBUG root [0x00017cd0] [2017-11-06 20:37:17,577] - Player::~Player(): 10014
  INFO root [0x00017cd0] [2017-11-06 20:37:17,578] - ClientObject::onCreatedProxies(bot_6485279625170780160_1): rndUUID=6485279657796501507 eid=10016 entityType=DdzAvatar!
  INFO root [0x00017cd0] [2017-11-06 20:37:17,578] - ClientObjectBase::createEntity: new DdzAvatar (10016)
 S_DBG root [0x00017cd0] [2017-11-06 20:37:17,579] - Bots::DdzAvatar __init__
 DEBUG root [0x00017cd0] [2017-11-06 20:37:17,708] - ClientObjectBase::onPlayerEnterWorld: DdzAvatar(10015), isOnGround(0), appID(3).
 S_ERR root [0x00017cd0] [2017-11-06 20:37:17,708] - AttributeError: 'module' object has no attribute 'PlayerDdzAvatar'
 ERROR root [0x00017cd0] [2017-11-06 20:37:17,709] - DdzAvatar::onBecomePlayer(): please implement PlayerDdzAvatar.
 DEBUG root [0x00017cd0] [2017-11-06 20:37:17,709] - ClientObjectBase::setSpaceData: spaceID(1), key=state, value=0.
 DEBUG root [0x00017cd0] [2017-11-06 20:37:17,709] - ClientObjectBase::setSpaceData: spaceID(1), key=curfen, value=0.10.
 DEBUG root [0x00017cd0] [2017-11-06 20:37:17,709] - ClientObjectBase::setSpaceData: spaceID(1), key=multiple, value=1.
 DEBUG root [0x00017cd0] [2017-11-06 20:37:17,709] - ClientObjectBase::setSpaceData: spaceID(1), key=roomtime, value=15.
 DEBUG root [0x00017cd0] [2017-11-06 20:37:17,709] - ClientObjectBase::initSpaceData: spaceID(1), datasize=4.
 DEBUG root [0x00017cd0] [2017-11-06 20:37:17,710] - ClientObjectBase::onEntityEnterSpace: DdzAvatar(10015).
  INFO root [0x00017cd0] [2017-11-06 20:37:17,710] - ClientObjectBase::createEntity: new DdzAvatar (10016)
 S_ERR root [0x00017cd0] [2017-11-06 20:37:17,711] - Traceback (most recent call last):
  File "C:/Users/hyc/Desktop/kbengine/llgame/scripts/bots\DdzAvatar.py", line 12, in __init__
    self.base.reqEnterGame(1)
 S_ERR root [0x00017cd0] [2017-11-06 20:37:17,711] - AttributeError: 'NoneType' object has no attribute 'reqEnterGame'
 DEBUG root [0x00017cd0] [2017-11-06 20:37:17,712] - ClientObjectBase::onEntityEnterWorld: DdzAvatar(10016), isOnGround(0), appID(3).
 DEBUG root [0x00017cd0] [2017-11-06 20:37:17,712] - ClientObjectBase::onPlayerEnterWorld: DdzAvatar(10016), isOnGround(0), appID(2).
 S_ERR root [0x00017cd0] [2017-11-06 20:37:17,712] - AttributeError: 'module' object has no attribute 'PlayerDdzAvatar'
 ERROR root [0x00017cd0] [2017-11-06 20:37:17,713] - DdzAvatar::onBecomePlayer(): please implement PlayerDdzAvatar.
 DEBUG root [0x00017cd0] [2017-11-06 20:37:17,713] - ClientObjectBase::setSpaceData: spaceID(1), key=state, value=0.
 DEBUG root [0x00017cd0] [2017-11-06 20:37:17,713] - ClientObjectBase::setSpaceData: spaceID(1), key=curfen, value=0.10.
 DEBUG root [0x00017cd0] [2017-11-06 20:37:17,713] - ClientObjectBase::setSpaceData: spaceID(1), key=multiple, value=1.
 DEBUG root [0x00017cd0] [2017-11-06 20:37:17,714] - ClientObjectBase::setSpaceData: spaceID(1), key=roomtime, value=15.
 DEBUG root [0x00017cd0] [2017-11-06 20:37:17,714] - ClientObjectBase::initSpaceData: spaceID(1), datasize=4.
 DEBUG root [0x00017cd0] [2017-11-06 20:37:17,714] - ClientObjectBase::onEntityEnterSpace: DdzAvatar(10016).
  INFO root [0x00017cd0] [2017-11-06 20:37:17,715] - ClientObjectBase::createEntity: new DdzAvatar (10015)
 S_ERR root [0x00017cd0] [2017-11-06 20:37:17,716] - Traceback (most recent call last):
  File "C:/Users/hyc/Desktop/kbengine/llgame/scripts/bots\DdzAvatar.py", line 12, in __init__
    self.base.reqEnterGame(1)
 S_ERR root [0x00017cd0] [2017-11-06 20:37:17,718] - AttributeError: 'NoneType' object has no attribute 'reqEnterGame'
 DEBUG root [0x00017cd0] [2017-11-06 20:37:17,720] - ClientObjectBase::onEntityEnterWorld: DdzAvatar(10015), isOnGround(0), appID(2).
  INFO root [0x00017cd0] [2017-11-06 20:37:17,808] - Components::findComponents: find logger(1)...
  INFO root [0x00017cd0] [2017-11-06 20:37:17,845] - Components::findComponents: found logger, addr:172.16.4.154:53506
  INFO root [0x00017cd0] [2017-11-06 20:37:17,845] - Components::addComponent: reset orderLog, uid=1001!
  INFO root [0x00017cd0] [2017-11-06 20:37:17,845] - Components::addComponent[logger], uid=1001, componentID=2000, globalorderid=1, grouporderid=1, totalcount=1
  INFO root [0x00017cd0] [2017-11-06 20:37:17,875] - Components::process(): Found all the components!
 DEBUG root [0x00017cd0] [2017-11-06 20:37:29,475] - ClientObjectBase::setSpaceData: spaceID(1), key=state, value=1.
  INFO root [0x00017cd0] [2017-11-06 20:37:29,477] - ClientObjectBase::createEntity: new DdzAvatar (10019)
 S_ERR root [0x00017cd0] [2017-11-06 20:37:29,480] - Traceback (most recent call last):
  File "C:/Users/hyc/Desktop/kbengine/llgame/scripts/bots\DdzAvatar.py", line 12, in __init__
    self.base.reqEnterGame(1)
 S_ERR root [0x00017cd0] [2017-11-06 20:37:29,483] - AttributeError: 'NoneType' object has no attribute 'reqEnterGame'
 DEBUG root [0x00017cd0] [2017-11-06 20:37:29,485] - ClientObjectBase::onEntityEnterWorld: DdzAvatar(10019), isOnGround(0), appID(3).
 DEBUG root [0x00017cd0] [2017-11-06 20:37:29,486] - ClientObjectBase::setSpaceData: spaceID(1), key=state, value=1.
  INFO root [0x00017cd0] [2017-11-06 20:37:29,487] - ClientObjectBase::createEntity: new DdzAvatar (10019)
 S_ERR root [0x00017cd0] [2017-11-06 20:37:29,490] - Traceback (most recent call last):
  File "C:/Users/hyc/Desktop/kbengine/llgame/scripts/bots\DdzAvatar.py", line 12, in __init__
    self.base.reqEnterGame(1)
 S_ERR root [0x00017cd0] [2017-11-06 20:37:29,495] - AttributeError: 'NoneType' object has no attribute 'reqEnterGame'
 DEBUG root [0x00017cd0] [2017-11-06 20:37:29,497] - ClientObjectBase::onEntityEnterWorld: DdzAvatar(10019), isOnGround(0), appID(2).
 S_ERR root [0x00017cd0] [2017-11-06 20:37:30,477] - Traceback (most recent call last):
  File "C:/Users/hyc/Desktop/kbengine/llgame/scripts/bots\DdzAvatar.py", line 20, in onMessage
    data_json = json.loads(data)
 S_ERR root [0x00017cd0] [2017-11-06 20:37:30,483] -   File "C:/Users/hyc/Desktop/kbengine/kbe/res/scripts/common/Lib\json\__init__.py", line 318, in loads
    return _default_decoder.decode(s)
 S_ERR root [0x00017cd0] [2017-11-06 20:37:30,488] -   File "C:/Users/hyc/Desktop/kbengine/kbe/res/scripts/common/Lib\json\decoder.py", line 343, in decode
    obj, end = self.raw_decode(s, idx=_w(s, 0).end())
 S_ERR root [0x00017cd0] [2017-11-06 20:37:30,493] -   File "C:/Users/hyc/Desktop/kbengine/kbe/res/scripts/common/Lib\json\decoder.py", line 361, in raw_decode
    raise ValueError(errmsg("Expecting value", s, err.value)) from None
 S_ERR root [0x00017cd0] [2017-11-06 20:37:30,496] - ValueError: Expecting value: line 1 column 1 (char 0)
 S_ERR root [0x00017cd0] [2017-11-06 20:37:30,500] - Traceback (most recent call last):
  File "C:/Users/hyc/Desktop/kbengine/llgame/scripts/bots\DdzAvatar.py", line 20, in onMessage
    data_json = json.loads(data)
 S_ERR root [0x00017cd0] [2017-11-06 20:37:30,505] -   File "C:/Users/hyc/Desktop/kbengine/kbe/res/scripts/common/Lib\json\__init__.py", line 318, in loads
    return _default_decoder.decode(s)
 S_ERR root [0x00017cd0] [2017-11-06 20:37:30,510] -   File "C:/Users/hyc/Desktop/kbengine/kbe/res/scripts/common/Lib\json\decoder.py", line 343, in decode
    obj, end = self.raw_decode(s, idx=_w(s, 0).end())
 S_ERR root [0x00017cd0] [2017-11-06 20:37:30,514] -   File "C:/Users/hyc/Desktop/kbengine/kbe/res/scripts/common/Lib\json\decoder.py", line 361, in raw_decode
    raise ValueError(errmsg("Expecting value", s, err.value)) from None
 S_ERR root [0x00017cd0] [2017-11-06 20:37:30,515] - ValueError: Expecting value: line 1 column 1 (char 0)
  WARN root [0x00017cd0] [2017-11-06 20:37:30,516] - bots.cpp:284: Profile updateBots took 0.04 seconds
 DEBUG root [0x00017cd0] [2017-11-06 20:37:31,475] - ClientObjectBase::setSpaceData: spaceID(1), key=ACTION_ROOM_JIAOPAI_NEXT, value={"curCid": 1, "curScore": 0, "type": 0}.
 DEBUG root [0x00017cd0] [2017-11-06 20:37:31,476] - ClientObjectBase::setSpaceData: spaceID(1), key=ACTION_ROOM_JIAOPAI_NEXT, value={"curCid": 1, "curScore": 0, "type": 0}.
 DEBUG root [0x00017cd0] [2017-11-06 20:37:46,475] - ClientObjectBase::setSpaceData: spaceID(1), key=ACTION_ROOM_JIAOPAI_NEXT, value={"curCid": 2, "curScore": 0, "type": 0}.
 DEBUG root [0x00017cd0] [2017-11-06 20:37:46,478] - ClientObjectBase::setSpaceData: spaceID(1), key=ACTION_ROOM_JIAOPAI_NEXT, value={"curCid": 2, "curScore": 0, "type": 0}.
 DEBUG root [0x00017cd0] [2017-11-06 20:38:01,475] - ClientObjectBase::setSpaceData: spaceID(1), key=ACTION_ROOM_JIAOPAI_NEXT, value={"curCid": 3, "curScore": 0, "type": 0}.
 DEBUG root [0x00017cd0] [2017-11-06 20:38:01,477] - ClientObjectBase::setSpaceData: spaceID(1), key=ACTION_ROOM_JIAOPAI_NEXT, value={"curCid": 3, "curScore": 0, "type": 0}.
 S_ERR root [0x00017cd0] [2017-11-06 20:38:03,476] - Traceback (most recent call last):
  File "C:/Users/hyc/Desktop/kbengine/llgame/scripts/bots\DdzAvatar.py", line 20, in onMessage
    data_json = json.loads(data)
 S_ERR root [0x00017cd0] [2017-11-06 20:38:03,482] -   File "C:/Users/hyc/Desktop/kbengine/kbe/res/scripts/common/Lib\json\__init__.py", line 318, in loads
    return _default_decoder.decode(s)
 S_ERR root [0x00017cd0] [2017-11-06 20:38:03,487] -   File "C:/Users/hyc/Desktop/kbengine/kbe/res/scripts/common/Lib\json\decoder.py", line 343, in decode
    obj, end = self.raw_decode(s, idx=_w(s, 0).end())
 S_ERR root [0x00017cd0] [2017-11-06 20:38:03,492] -   File "C:/Users/hyc/Desktop/kbengine/kbe/res/scripts/common/Lib\json\decoder.py", line 361, in raw_decode
    raise ValueError(errmsg("Expecting value", s, err.value)) from None
 S_ERR root [0x00017cd0] [2017-11-06 20:38:03,494] - ValueError: Expecting value: line 1 column 1 (char 0)
 S_ERR root [0x00017cd0] [2017-11-06 20:38:03,498] - Traceback (most recent call last):
  File "C:/Users/hyc/Desktop/kbengine/llgame/scripts/bots\DdzAvatar.py", line 20, in onMessage
    data_json = json.loads(data)
 S_ERR root [0x00017cd0] [2017-11-06 20:38:03,503] -   File "C:/Users/hyc/Desktop/kbengine/kbe/res/scripts/common/Lib\json\__init__.py", line 318, in loads
    return _default_decoder.decode(s)
 S_ERR root [0x00017cd0] [2017-11-06 20:38:03,508] -   File "C:/Users/hyc/Desktop/kbengine/kbe/res/scripts/common/Lib\json\decoder.py", line 343, in decode
    obj, end = self.raw_decode(s, idx=_w(s, 0).end())
 S_ERR root [0x00017cd0] [2017-11-06 20:38:03,513] -   File "C:/Users/hyc/Desktop/kbengine/kbe/res/scripts/common/Lib\json\decoder.py", line 361, in raw_decode
    raise ValueError(errmsg("Expecting value", s, err.value)) from None
 S_ERR root [0x00017cd0] [2017-11-06 20:38:03,514] - ValueError: Expecting value: line 1 column 1 (char 0)
  WARN root [0x00017cd0] [2017-11-06 20:38:03,515] - bots.cpp:284: Profile updateBots took 0.04 seconds
 DEBUG root [0x00017cd0] [2017-11-06 20:38:04,474] - ClientObjectBase::setSpaceData: spaceID(1), key=ACTION_ROOM_JIAOPAI_NEXT, value={"curCid": 1, "curScore": 0, "type": 0}.
 DEBUG root [0x00017cd0] [2017-11-06 20:38:04,475] - ClientObjectBase::setSpaceData: spaceID(1), key=ACTION_ROOM_JIAOPAI_NEXT, value={"curCid": 1, "curScore": 0, "type": 0}.
 DEBUG root [0x00017cd0] [2017-11-06 20:38:05,475] - ClientObjectBase::setSpaceData: spaceID(1), key=ACTION_ROOM_JIAOPAI_NEXT, value={"curCid": 2, "curScore": 0, "type": 0}.
 DEBUG root [0x00017cd0] [2017-11-06 20:38:05,475] - ClientObjectBase::setSpaceData: spaceID(1), key=ACTION_ROOM_JIAOPAI_NEXT, value={"curCid": 2, "curScore": 0, "type": 0}.
 DEBUG root [0x00017cd0] [2017-11-06 20:38:06,475] - ClientObjectBase::setSpaceData: spaceID(1), key=ACTION_ROOM_JIAOPAI_NEXT, value={"curCid": 3, "curScore": 0, "type": 0}.
 DEBUG root [0x00017cd0] [2017-11-06 20:38:06,476] - ClientObjectBase::setSpaceData: spaceID(1), key=ACTION_ROOM_JIAOPAI_NEXT, value={"curCid": 3, "curScore": 0, "type": 0}.
 S_ERR root [0x00017cd0] [2017-11-06 20:38:08,476] - Traceback (most recent call last):
  File "C:/Users/hyc/Desktop/kbengine/llgame/scripts/bots\DdzAvatar.py", line 20, in onMessage
    data_json = json.loads(data)
 S_ERR root [0x00017cd0] [2017-11-06 20:38:08,482] -   File "C:/Users/hyc/Desktop/kbengine/kbe/res/scripts/common/Lib\json\__init__.py", line 318, in loads
    return _default_decoder.decode(s)
 S_ERR root [0x00017cd0] [2017-11-06 20:38:08,487] -   File "C:/Users/hyc/Desktop/kbengine/kbe/res/scripts/common/Lib\json\decoder.py", line 343, in decode
    obj, end = self.raw_decode(s, idx=_w(s, 0).end())
 S_ERR root [0x00017cd0] [2017-11-06 20:38:08,494] -   File "C:/Users/hyc/Desktop/kbengine/kbe/res/scripts/common/Lib\json\decoder.py", line 361, in raw_decode
    raise ValueError(errmsg("Expecting value", s, err.value)) from None
 S_ERR root [0x00017cd0] [2017-11-06 20:38:08,497] - ValueError: Expecting value: line 1 column 1 (char 0)
 S_ERR root [0x00017cd0] [2017-11-06 20:38:08,501] - Traceback (most recent call last):
  File "C:/Users/hyc/Desktop/kbengine/llgame/scripts/bots\DdzAvatar.py", line 20, in onMessage
    data_json = json.loads(data)
 S_ERR root [0x00017cd0] [2017-11-06 20:38:08,506] -   File "C:/Users/hyc/Desktop/kbengine/kbe/res/scripts/common/Lib\json\__init__.py", line 318, in loads
    return _default_decoder.decode(s)
 S_ERR root [0x00017cd0] [2017-11-06 20:38:08,511] -   File "C:/Users/hyc/Desktop/kbengine/kbe/res/scripts/common/Lib\json\decoder.py", line 343, in decode
    obj, end = self.raw_decode(s, idx=_w(s, 0).end())
 S_ERR root [0x00017cd0] [2017-11-06 20:38:08,518] -   File "C:/Users/hyc/Desktop/kbengine/kbe/res/scripts/common/Lib\json\decoder.py", line 361, in raw_decode
    raise ValueError(errmsg("Expecting value", s, err.value)) from None
 S_ERR root [0x00017cd0] [2017-11-06 20:38:08,520] - ValueError: Expecting value: line 1 column 1 (char 0)
  WARN root [0x00017cd0] [2017-11-06 20:38:08,522] - bots.cpp:284: Profile updateBots took 0.05 seconds
 DEBUG root [0x00017cd0] [2017-11-06 20:38:09,474] - ClientObjectBase::setSpaceData: spaceID(1), key=ACTION_ROOM_JIAOPAI_NEXT, value={"curCid": 1, "curScore": 0, "type": 0}.
 DEBUG root [0x00017cd0] [2017-11-06 20:38:09,475] - ClientObjectBase::setSpaceData: spaceID(1), key=ACTION_ROOM_JIAOPAI_NEXT, value={"curCid": 1, "curScore": 0, "type": 0}.
 DEBUG root [0x00017cd0] [2017-11-06 20:38:10,474] - ClientObjectBase::setSpaceData: spaceID(1), key=ACTION_ROOM_JIAOPAI_NEXT, value={"curCid": 2, "curScore": 0, "type": 0}.
 DEBUG root [0x00017cd0] [2017-11-06 20:38:10,475] - ClientObjectBase::setSpaceData: spaceID(1), key=ACTION_ROOM_JIAOPAI_NEXT, value={"curCid": 2, "curScore": 0, "type": 0}.
 DEBUG root [0x00017cd0] [2017-11-06 20:38:11,475] - ClientObjectBase::setSpaceData: spaceID(1), key=ACTION_ROOM_JIAOPAI_NEXT, value={"curCid": 3, "curScore": 0, "type": 0}.
 DEBUG root [0x00017cd0] [2017-11-06 20:38:11,476] - ClientObjectBase::setSpaceData: spaceID(1), key=ACTION_ROOM_JIAOPAI_NEXT, value={"curCid": 3, "curScore": 0, "type": 0}.
 DEBUG root [0x00017cd0] [2017-11-06 20:38:12,475] - ClientObjectBase::setSpaceData: spaceID(1), key=threeCards, value=[53, 43, 38].
 DEBUG root [0x00017cd0] [2017-11-06 20:38:12,476] - ClientObjectBase::setSpaceData: spaceID(1), key=ACTION_ROOM_JIAOPAI_NEXT, value={"curCid": 2, "curScore": 0, "type": 2}.
 DEBUG root [0x00017cd0] [2017-11-06 20:38:12,477] - ClientObjectBase::setSpaceData: spaceID(1), key=threeCards, value=[53, 43, 38].
 DEBUG root [0x00017cd0] [2017-11-06 20:38:12,478] - ClientObjectBase::setSpaceData: spaceID(1), key=ACTION_ROOM_JIAOPAI_NEXT, value={"curCid": 2, "curScore": 0, "type": 2}.
 DEBUG root [0x00017cd0] [2017-11-06 20:38:13,475] - ClientObjectBase::setSpaceData: spaceID(1), key=ACTION_ROOM_JIAOPAI_NEXT, value={"curCid": 3, "curScore": 0, "type": 2}.
 DEBUG root [0x00017cd0] [2017-11-06 20:38:13,476] - ClientObjectBase::setSpaceData: spaceID(1), key=ACTION_ROOM_JIAOPAI_NEXT, value={"curCid": 3, "curScore": 0, "type": 2}.
 DEBUG root [0x00017cd0] [2017-11-06 20:38:14,474] - ClientObjectBase::setSpaceData: spaceID(1), key=ACTION_ROOM_NEXT, value={"powerCid": 1, "curCid": 1, "powerCards": []}.
 DEBUG root [0x00017cd0] [2017-11-06 20:38:14,475] - ClientObjectBase::setSpaceData: spaceID(1), key=ACTION_ROOM_NEXT, value={"powerCid": 1, "curCid": 1, "powerCards": []}.
 DEBUG root [0x00017cd0] [2017-11-06 20:38:15,474] - ClientObjectBase::setSpaceData: spaceID(1), key=ACTION_ROOM_NEXT, value={"powerCid": 1, "curCid": 2, "powerCards": [3]}.
 DEBUG root [0x00017cd0] [2017-11-06 20:38:15,476] - ClientObjectBase::setSpaceData: spaceID(1), key=ACTION_ROOM_NEXT, value={"powerCid": 1, "curCid": 2, "powerCards": [3]}.
 DEBUG root [0x00017cd0] [2017-11-06 20:38:16,475] - ClientObjectBase::setSpaceData: spaceID(1), key=ACTION_ROOM_NEXT, value={"powerCid": 2, "curCid": 3, "powerCards": [24]}.
 DEBUG root [0x00017cd0] [2017-11-06 20:38:16,476] - ClientObjectBase::setSpaceData: spaceID(1), key=ACTION_ROOM_NEXT, value={"powerCid": 2, "curCid": 3, "powerCards": [24]}.
 DEBUG root [0x00017cd0] [2017-11-06 20:38:17,474] - ClientObjectBase::setSpaceData: spaceID(1), key=ACTION_ROOM_NEXT, value={"powerCid": 3, "curCid": 1, "powerCards": [39]}.
 DEBUG root [0x00017cd0] [2017-11-06 20:38:17,474] - ClientObjectBase::setSpaceData: spaceID(1), key=ACTION_ROOM_NEXT, value={"powerCid": 3, "curCid": 1, "powerCards": [39]}.
  INFO root [0x00017cd0] [2017-11-06 20:38:17,846] - ClientApp::onChannelTimeOut: Channel 172.16.4.154:53506/0/0/0 timed out.
 DEBUG root [0x00017cd0] [2017-11-06 20:38:18,474] - ClientObjectBase::setSpaceData: spaceID(1), key=ACTION_ROOM_NEXT, value={"powerCid": 1, "curCid": 2, "powerCards": [46]}.
 DEBUG root [0x00017cd0] [2017-11-06 20:38:18,474] - ClientObjectBase::setSpaceData: spaceID(1), key=ACTION_ROOM_NEXT, value={"powerCid": 1, "curCid": 2, "powerCards": [46]}.
 DEBUG root [0x00017cd0] [2017-11-06 20:38:19,474] - ClientObjectBase::setSpaceData: spaceID(1), key=ACTION_ROOM_NEXT, value={"powerCid": 1, "curCid": 3, "powerCards": [46]}.
 DEBUG root [0x00017cd0] [2017-11-06 20:38:19,476] - ClientObjectBase::setSpaceData: spaceID(1), key=ACTION_ROOM_NEXT, value={"powerCid": 1, "curCid": 3, "powerCards": [46]}.
 DEBUG root [0x00017cd0] [2017-11-06 20:38:20,474] - ClientObjectBase::setSpaceData: spaceID(1), key=ACTION_ROOM_NEXT, value={"powerCid": 1, "curCid": 1, "powerCards": [46]}.
 DEBUG root [0x00017cd0] [2017-11-06 20:38:20,475] - ClientObjectBase::setSpaceData: spaceID(1), key=ACTION_ROOM_NEXT, value={"powerCid": 1, "curCid": 1, "powerCards": [46]}.
 DEBUG root [0x00017cd0] [2017-11-06 20:38:21,474] - ClientObjectBase::setSpaceData: spaceID(1), key=ACTION_ROOM_NEXT, value={"powerCid": 1, "curCid": 2, "powerCards": [7]}.
 DEBUG root [0x00017cd0] [2017-11-06 20:38:21,476] - ClientObjectBase::setSpaceData: spaceID(1), key=ACTION_ROOM_NEXT, value={"powerCid": 1, "curCid": 2, "powerCards": [7]}.
 DEBUG root [0x00017cd0] [2017-11-06 20:38:22,474] - ClientObjectBase::setSpaceData: spaceID(1), key=ACTION_ROOM_NEXT, value={"powerCid": 2, "curCid": 3, "powerCards": [25]}.
 DEBUG root [0x00017cd0] [2017-11-06 20:38:22,475] - ClientObjectBase::setSpaceData: spaceID(1), key=ACTION_ROOM_NEXT, value={"powerCid": 2, "curCid": 3, "powerCards": [25]}.
 DEBUG root [0x00017cd0] [2017-11-06 20:38:23,474] - ClientObjectBase::setSpaceData: spaceID(1), key=ACTION_ROOM_NEXT, value={"powerCid": 3, "curCid": 1, "powerCards": [41]}.
 DEBUG root [0x00017cd0] [2017-11-06 20:38:23,476] - ClientObjectBase::setSpaceData: spaceID(1), key=ACTION_ROOM_NEXT, value={"powerCid": 3, "curCid": 1, "powerCards": [41]}.
 DEBUG root [0x00017cd0] [2017-11-06 20:38:24,474] - ClientObjectBase::setSpaceData: spaceID(1), key=multiple, value=2.
 DEBUG root [0x00017cd0] [2017-11-06 20:38:24,475] - ClientObjectBase::setSpaceData: spaceID(1), key=ACTION_ROOM_NEXT, value={"powerCid": 1, "curCid": 2, "powerCards": [54, 53]}.
 DEBUG root [0x00017cd0] [2017-11-06 20:38:24,476] - ClientObjectBase::setSpaceData: spaceID(1), key=multiple, value=2.
 DEBUG root [0x00017cd0] [2017-11-06 20:38:24,477] - ClientObjectBase::setSpaceData: spaceID(1), key=ACTION_ROOM_NEXT, value={"powerCid": 1, "curCid": 2, "powerCards": [54, 53]}.
 DEBUG root [0x00017cd0] [2017-11-06 20:38:25,474] - ClientObjectBase::setSpaceData: spaceID(1), key=ACTION_ROOM_NEXT, value={"powerCid": 1, "curCid": 3, "powerCards": [54, 53]}.
 DEBUG root [0x00017cd0] [2017-11-06 20:38:25,474] - ClientObjectBase::setSpaceData: spaceID(1), key=ACTION_ROOM_NEXT, value={"powerCid": 1, "curCid": 3, "powerCards": [54, 53]}.
 DEBUG root [0x00017cd0] [2017-11-06 20:38:26,474] - ClientObjectBase::setSpaceData: spaceID(1), key=ACTION_ROOM_NEXT, value={"powerCid": 1, "curCid": 1, "powerCards": [54, 53]}.
 DEBUG root [0x00017cd0] [2017-11-06 20:38:26,475] - ClientObjectBase::setSpaceData: spaceID(1), key=ACTION_ROOM_NEXT, value={"powerCid": 1, "curCid": 1, "powerCards": [54, 53]}.
 DEBUG root [0x00017cd0] [2017-11-06 20:38:27,474] - ClientObjectBase::setSpaceData: spaceID(1), key=ACTION_ROOM_NEXT, value={"powerCid": 1, "curCid": 2, "powerCards": [11]}.
 DEBUG root [0x00017cd0] [2017-11-06 20:38:27,476] - ClientObjectBase::setSpaceData: spaceID(1), key=ACTION_ROOM_NEXT, value={"powerCid": 1, "curCid": 2, "powerCards": [11]}.
 DEBUG root [0x00017cd0] [2017-11-06 20:38:28,474] - ClientObjectBase::setSpaceData: spaceID(1), key=ACTION_ROOM_NEXT, value={"powerCid": 2, "curCid": 3, "powerCards": [40]}.
 DEBUG root [0x00017cd0] [2017-11-06 20:38:28,474] - ClientObjectBase::setSpaceData: spaceID(1), key=ACTION_ROOM_NEXT, value={"powerCid": 2, "curCid": 3, "powerCards": [40]}.
 DEBUG root [0x00017cd0] [2017-11-06 20:38:29,474] - ClientObjectBase::setSpaceData: spaceID(1), key=ACTION_ROOM_NEXT, value={"powerCid": 2, "curCid": 1, "powerCards": [40]}.
 DEBUG root [0x00017cd0] [2017-11-06 20:38:29,474] - ClientObjectBase::setSpaceData: spaceID(1), key=ACTION_ROOM_NEXT, value={"powerCid": 2, "curCid": 1, "powerCards": [40]}.
 DEBUG root [0x00017cd0] [2017-11-06 20:38:30,474] - ClientObjectBase::setSpaceData: spaceID(1), key=ACTION_ROOM_NEXT, value={"powerCid": 2, "curCid": 2, "powerCards": [40]}.
 DEBUG root [0x00017cd0] [2017-11-06 20:38:30,475] - ClientObjectBase::setSpaceData: spaceID(1), key=ACTION_ROOM_NEXT, value={"powerCid": 2, "curCid": 2, "powerCards": [40]}.
 DEBUG root [0x00017cd0] [2017-11-06 20:38:31,474] - ClientObjectBase::setSpaceData: spaceID(1), key=ACTION_ROOM_NEXT, value={"powerCid": 2, "curCid": 3, "powerCards": [2]}.
 DEBUG root [0x00017cd0] [2017-11-06 20:38:31,476] - ClientObjectBase::setSpaceData: spaceID(1), key=ACTION_ROOM_NEXT, value={"powerCid": 2, "curCid": 3, "powerCards": [2]}.
 DEBUG root [0x00017cd0] [2017-11-06 20:38:32,474] - ClientObjectBase::setSpaceData: spaceID(1), key=ACTION_ROOM_NEXT, value={"powerCid": 3, "curCid": 1, "powerCards": [8]}.
 DEBUG root [0x00017cd0] [2017-11-06 20:38:32,474] - ClientObjectBase::setSpaceData: spaceID(1), key=ACTION_ROOM_NEXT, value={"powerCid": 3, "curCid": 1, "powerCards": [8]}.
 DEBUG root [0x00017cd0] [2017-11-06 20:38:33,474] - ClientObjectBase::setSpaceData: spaceID(1), key=ACTION_ROOM_NEXT, value={"powerCid": 1, "curCid": 2, "powerCards": [27]}.
 DEBUG root [0x00017cd0] [2017-11-06 20:38:33,475] - ClientObjectBase::setSpaceData: spaceID(1), key=ACTION_ROOM_NEXT, value={"powerCid": 1, "curCid": 2, "powerCards": [27]}.
 DEBUG root [0x00017cd0] [2017-11-06 20:38:34,474] - ClientObjectBase::setSpaceData: spaceID(1), key=ACTION_ROOM_NEXT, value={"powerCid": 2, "curCid": 3, "powerCards": [42]}.
 DEBUG root [0x00017cd0] [2017-11-06 20:38:34,475] - ClientObjectBase::setSpaceData: spaceID(1), key=ACTION_ROOM_NEXT, value={"powerCid": 2, "curCid": 3, "powerCards": [42]}.
 DEBUG root [0x00017cd0] [2017-11-06 20:38:35,474] - ClientObjectBase::setSpaceData: spaceID(1), key=ACTION_ROOM_NEXT, value={"powerCid": 2, "curCid": 1, "powerCards": [42]}.
 DEBUG root [0x00017cd0] [2017-11-06 20:38:35,474] - ClientObjectBase::setSpaceData: spaceID(1), key=ACTION_ROOM_NEXT, value={"powerCid": 2, "curCid": 1, "powerCards": [42]}.
 DEBUG root [0x00017cd0] [2017-11-06 20:38:36,474] - ClientObjectBase::setSpaceData: spaceID(1), key=ACTION_ROOM_NEXT, value={"powerCid": 2, "curCid": 2, "powerCards": [42]}.
 DEBUG root [0x00017cd0] [2017-11-06 20:38:36,475] - ClientObjectBase::setSpaceData: spaceID(1), key=ACTION_ROOM_NEXT, value={"powerCid": 2, "curCid": 2, "powerCards": [42]}.
 DEBUG root [0x00017cd0] [2017-11-06 20:38:37,474] - ClientObjectBase::setSpaceData: spaceID(1), key=ACTION_ROOM_NEXT, value={"powerCid": 2, "curCid": 3, "powerCards": [6, 5]}.
 DEBUG root [0x00017cd0] [2017-11-06 20:38:37,476] - ClientObjectBase::setSpaceData: spaceID(1), key=ACTION_ROOM_NEXT, value={"powerCid": 2, "curCid": 3, "powerCards": [6, 5]}.
 DEBUG root [0x00017cd0] [2017-11-06 20:38:38,474] - ClientObjectBase::setSpaceData: spaceID(1), key=ACTION_ROOM_NEXT, value={"powerCid": 3, "curCid": 1, "powerCards": [15, 14]}.
 DEBUG root [0x00017cd0] [2017-11-06 20:38:38,474] - ClientObjectBase::setSpaceData: spaceID(1), key=ACTION_ROOM_NEXT, value={"powerCid": 3, "curCid": 1, "powerCards": [15, 14]}.
 DEBUG root [0x00017cd0] [2017-11-06 20:38:39,474] - ClientObjectBase::setSpaceData: spaceID(1), key=ACTION_ROOM_NEXT, value={"powerCid": 1, "curCid": 2, "powerCards": [22, 21]}.
 DEBUG root [0x00017cd0] [2017-11-06 20:38:39,474] - ClientObjectBase::setSpaceData: spaceID(1), key=ACTION_ROOM_NEXT, value={"powerCid": 1, "curCid": 2, "powerCards": [22, 21]}.
 DEBUG root [0x00017cd0] [2017-11-06 20:38:40,474] - ClientObjectBase::setSpaceData: spaceID(1), key=ACTION_ROOM_NEXT, value={"powerCid": 1, "curCid": 3, "powerCards": [22, 21]}.
 DEBUG root [0x00017cd0] [2017-11-06 20:38:40,475] - ClientObjectBase::setSpaceData: spaceID(1), key=ACTION_ROOM_NEXT, value={"powerCid": 1, "curCid": 3, "powerCards": [22, 21]}.
 DEBUG root [0x00017cd0] [2017-11-06 20:38:41,474] - ClientObjectBase::setSpaceData: spaceID(1), key=ACTION_ROOM_NEXT, value={"powerCid": 3, "curCid": 1, "powerCards": [28, 26]}.
 DEBUG root [0x00017cd0] [2017-11-06 20:38:41,476] - ClientObjectBase::setSpaceData: spaceID(1), key=ACTION_ROOM_NEXT, value={"powerCid": 3, "curCid": 1, "powerCards": [28, 26]}.
 DEBUG root [0x00017cd0] [2017-11-06 20:38:42,474] - ClientObjectBase::setSpaceData: spaceID(1), key=ACTION_ROOM_NEXT, value={"powerCid": 1, "curCid": 2, "powerCards": [38, 37]}.
 DEBUG root [0x00017cd0] [2017-11-06 20:38:42,476] - ClientObjectBase::setSpaceData: spaceID(1), key=ACTION_ROOM_NEXT, value={"powerCid": 1, "curCid": 2, "powerCards": [38, 37]}.
 DEBUG root [0x00017cd0] [2017-11-06 20:38:43,474] - ClientObjectBase::setSpaceData: spaceID(1), key=ACTION_ROOM_NEXT, value={"powerCid": 1, "curCid": 3, "powerCards": [38, 37]}.
 DEBUG root [0x00017cd0] [2017-11-06 20:38:43,475] - ClientObjectBase::setSpaceData: spaceID(1), key=ACTION_ROOM_NEXT, value={"powerCid": 1, "curCid": 3, "powerCards": [38, 37]}.
 DEBUG root [0x00017cd0] [2017-11-06 20:38:44,474] - ClientObjectBase::setSpaceData: spaceID(1), key=ACTION_ROOM_NEXT, value={"powerCid": 3, "curCid": 1, "powerCards": [51, 49]}.
 DEBUG root [0x00017cd0] [2017-11-06 20:38:44,475] - ClientObjectBase::setSpaceData: spaceID(1), key=ACTION_ROOM_NEXT, value={"powerCid": 3, "curCid": 1, "powerCards": [51, 49]}.
 DEBUG root [0x00017cd0] [2017-11-06 20:38:45,474] - ClientObjectBase::setSpaceData: spaceID(1), key=ACTION_ROOM_NEXT, value={"powerCid": 3, "curCid": 2, "powerCards": [51, 49]}.
 DEBUG root [0x00017cd0] [2017-11-06 20:38:45,475] - ClientObjectBase::setSpaceData: spaceID(1), key=ACTION_ROOM_NEXT, value={"powerCid": 3, "curCid": 2, "powerCards": [51, 49]}.
 DEBUG root [0x00017cd0] [2017-11-06 20:38:46,474] - ClientObjectBase::setSpaceData: spaceID(1), key=ACTION_ROOM_NEXT, value={"powerCid": 3, "curCid": 3, "powerCards": [51, 49]}.
 DEBUG root [0x00017cd0] [2017-11-06 20:38:46,475] - ClientObjectBase::setSpaceData: spaceID(1), key=ACTION_ROOM_NEXT, value={"powerCid": 3, "curCid": 3, "powerCards": [51, 49]}.
 DEBUG root [0x00017cd0] [2017-11-06 20:38:47,474] - ClientObjectBase::setSpaceData: spaceID(1), key=ACTION_ROOM_NEXT, value={"powerCid": 3, "curCid": 1, "powerCards": [4, 1]}.
 DEBUG root [0x00017cd0] [2017-11-06 20:38:47,476] - ClientObjectBase::setSpaceData: spaceID(1), key=ACTION_ROOM_NEXT, value={"powerCid": 3, "curCid": 1, "powerCards": [4, 1]}.
 DEBUG root [0x00017cd0] [2017-11-06 20:38:48,474] - ClientObjectBase::setSpaceData: spaceID(1), key=ACTION_ROOM_NEXT, value={"powerCid": 1, "curCid": 2, "powerCards": [44, 43]}.
 DEBUG root [0x00017cd0] [2017-11-06 20:38:48,477] - ClientObjectBase::setSpaceData: spaceID(1), key=ACTION_ROOM_NEXT, value={"powerCid": 1, "curCid": 2, "powerCards": [44, 43]}.
 DEBUG root [0x00017cd0] [2017-11-06 20:38:49,474] - ClientObjectBase::setSpaceData: spaceID(1), key=ACTION_ROOM_NEXT, value={"powerCid": 1, "curCid": 3, "powerCards": [44, 43]}.
 DEBUG root [0x00017cd0] [2017-11-06 20:38:49,474] - ClientObjectBase::setSpaceData: spaceID(1), key=ACTION_ROOM_NEXT, value={"powerCid": 1, "curCid": 3, "powerCards": [44, 43]}.
 DEBUG root [0x00017cd0] [2017-11-06 20:38:50,474] - ClientObjectBase::setSpaceData: spaceID(1), key=ACTION_ROOM_NEXT, value={"powerCid": 1, "curCid": 1, "powerCards": [44, 43]}.
 DEBUG root [0x00017cd0] [2017-11-06 20:38:50,474] - ClientObjectBase::setSpaceData: spaceID(1), key=ACTION_ROOM_NEXT, value={"powerCid": 1, "curCid": 1, "powerCards": [44, 43]}.
 DEBUG root [0x00017cd0] [2017-11-06 20:38:51,474] - ClientObjectBase::setSpaceData: spaceID(1), key=ACTION_ROOM_NEXT, value={"powerCid": 1, "curCid": 2, "powerCards": [29]}.
 DEBUG root [0x00017cd0] [2017-11-06 20:38:51,474] - ClientObjectBase::setSpaceData: spaceID(1), key=ACTION_ROOM_NEXT, value={"powerCid": 1, "curCid": 2, "powerCards": [29]}.
 DEBUG root [0x00017cd0] [2017-11-06 20:38:52,473] - ClientObjectBase::setSpaceData: spaceID(1), key=ACTION_ROOM_NEXT, value={"powerCid": 1, "curCid": 3, "powerCards": [29]}.
 DEBUG root [0x00017cd0] [2017-11-06 20:38:52,473] - ClientObjectBase::setSpaceData: spaceID(1), key=ACTION_ROOM_NEXT, value={"powerCid": 1, "curCid": 3, "powerCards": [29]}.
 DEBUG root [0x00017cd0] [2017-11-06 20:38:53,473] - ClientObjectBase::setSpaceData: spaceID(1), key=ACTION_ROOM_NEXT, value={"powerCid": 1, "curCid": 1, "powerCards": [29]}.
 DEBUG root [0x00017cd0] [2017-11-06 20:38:53,474] - ClientObjectBase::setSpaceData: spaceID(1), key=ACTION_ROOM_NEXT, value={"powerCid": 1, "curCid": 1, "powerCards": [29]}.
 DEBUG root [0x00017cd0] [2017-11-06 20:38:54,473] - ClientObjectBase::setSpaceData: spaceID(1), key=multiple, value=4.
 DEBUG root [0x00017cd0] [2017-11-06 20:38:54,473] - ClientObjectBase::setSpaceData: spaceID(1), key=ACTION_ROOM_NEXT, value={"powerCid": 1, "curCid": 2, "powerCards": [36, 35, 34, 33]}.
 DEBUG root [0x00017cd0] [2017-11-06 20:38:54,473] - ClientObjectBase::setSpaceData: spaceID(1), key=multiple, value=4.
 DEBUG root [0x00017cd0] [2017-11-06 20:38:54,474] - ClientObjectBase::setSpaceData: spaceID(1), key=ACTION_ROOM_NEXT, value={"powerCid": 1, "curCid": 2, "powerCards": [36, 35, 34, 33]}.
 DEBUG root [0x00017cd0] [2017-11-06 20:38:55,474] - ClientObjectBase::setSpaceData: spaceID(1), key=ACTION_ROOM_NEXT, value={"powerCid": 1, "curCid": 3, "powerCards": [36, 35, 34, 33]}.
 DEBUG root [0x00017cd0] [2017-11-06 20:38:55,475] - ClientObjectBase::setSpaceData: spaceID(1), key=ACTION_ROOM_NEXT, value={"powerCid": 1, "curCid": 3, "powerCards": [36, 35, 34, 33]}.
 DEBUG root [0x00017cd0] [2017-11-06 20:38:56,473] - ClientObjectBase::setSpaceData: spaceID(1), key=ACTION_ROOM_NEXT, value={"powerCid": 1, "curCid": 1, "powerCards": [36, 35, 34, 33]}.
 DEBUG root [0x00017cd0] [2017-11-06 20:38:56,474] - ClientObjectBase::setSpaceData: spaceID(1), key=ACTION_ROOM_NEXT, value={"powerCid": 1, "curCid": 1, "powerCards": [36, 35, 34, 33]}.
 DEBUG root [0x00017cd0] [2017-11-06 20:38:59,074] - ClientObjectBase::onEntityLeaveWorld: DdzAvatar(10015), appID(3).
 DEBUG root [0x00017cd0] [2017-11-06 20:38:59,074] - DdzAvatar::~DdzAvatar(): 10016
 DEBUG root [0x00017cd0] [2017-11-06 20:38:59,074] - DdzAvatar::~DdzAvatar(): 10019
 DEBUG root [0x00017cd0] [2017-11-06 20:38:59,074] - ClientObjectBase::onEntityLeaveWorld: DdzAvatar(10016), appID(2).
 DEBUG root [0x00017cd0] [2017-11-06 20:38:59,074] - DdzAvatar::~DdzAvatar(): 10015
 DEBUG root [0x00017cd0] [2017-11-06 20:38:59,074] - DdzAvatar::~DdzAvatar(): 10019
 DEBUG root [0x00017cd0] [2017-11-06 20:38:59,174] - ClientObjectBase::onPlayerEnterWorld: DdzAvatar(10015), isOnGround(0), appID(3).
 S_ERR root [0x00017cd0] [2017-11-06 20:38:59,174] - AttributeError: 'module' object has no attribute 'PlayerDdzAvatar'
 ERROR root [0x00017cd0] [2017-11-06 20:38:59,175] - DdzAvatar::onBecomePlayer(): please implement PlayerDdzAvatar.
 DEBUG root [0x00017cd0] [2017-11-06 20:38:59,175] - ClientObjectBase::setSpaceData: spaceID(2), key=state, value=0.
 DEBUG root [0x00017cd0] [2017-11-06 20:38:59,175] - ClientObjectBase::setSpaceData: spaceID(2), key=curfen, value=0.10.
 DEBUG root [0x00017cd0] [2017-11-06 20:38:59,175] - ClientObjectBase::setSpaceData: spaceID(2), key=multiple, value=1.
 DEBUG root [0x00017cd0] [2017-11-06 20:38:59,175] - ClientObjectBase::setSpaceData: spaceID(2), key=roomtime, value=15.
 DEBUG root [0x00017cd0] [2017-11-06 20:38:59,175] - ClientObjectBase::initSpaceData: spaceID(2), datasize=4.
 DEBUG root [0x00017cd0] [2017-11-06 20:38:59,176] - ClientObjectBase::onEntityEnterSpace: DdzAvatar(10015).
  INFO root [0x00017cd0] [2017-11-06 20:38:59,176] - ClientObjectBase::createEntity: new DdzAvatar (10016)
 S_ERR root [0x00017cd0] [2017-11-06 20:38:59,177] - Traceback (most recent call last):
  File "C:/Users/hyc/Desktop/kbengine/llgame/scripts/bots\DdzAvatar.py", line 12, in __init__
    self.base.reqEnterGame(1)
 S_ERR root [0x00017cd0] [2017-11-06 20:38:59,178] - AttributeError: 'NoneType' object has no attribute 'reqEnterGame'
 DEBUG root [0x00017cd0] [2017-11-06 20:38:59,178] - ClientObjectBase::onEntityEnterWorld: DdzAvatar(10016), isOnGround(0), appID(3).
 DEBUG root [0x00017cd0] [2017-11-06 20:38:59,178] - ClientObjectBase::onPlayerEnterWorld: DdzAvatar(10016), isOnGround(0), appID(2).
 S_ERR root [0x00017cd0] [2017-11-06 20:38:59,179] - AttributeError: 'module' object has no attribute 'PlayerDdzAvatar'
 ERROR root [0x00017cd0] [2017-11-06 20:38:59,179] - DdzAvatar::onBecomePlayer(): please implement PlayerDdzAvatar.
 DEBUG root [0x00017cd0] [2017-11-06 20:38:59,180] - ClientObjectBase::setSpaceData: spaceID(2), key=state, value=0.
 DEBUG root [0x00017cd0] [2017-11-06 20:38:59,180] - ClientObjectBase::setSpaceData: spaceID(2), key=curfen, value=0.10.
 DEBUG root [0x00017cd0] [2017-11-06 20:38:59,180] - ClientObjectBase::setSpaceData: spaceID(2), key=multiple, value=1.
 DEBUG root [0x00017cd0] [2017-11-06 20:38:59,180] - ClientObjectBase::setSpaceData: spaceID(2), key=roomtime, value=15.
 DEBUG root [0x00017cd0] [2017-11-06 20:38:59,180] - ClientObjectBase::initSpaceData: spaceID(2), datasize=4.
 DEBUG root [0x00017cd0] [2017-11-06 20:38:59,181] - ClientObjectBase::onEntityEnterSpace: DdzAvatar(10016).
  INFO root [0x00017cd0] [2017-11-06 20:38:59,181] - ClientObjectBase::createEntity: new DdzAvatar (10015)
 S_ERR root [0x00017cd0] [2017-11-06 20:38:59,182] - Traceback (most recent call last):
  File "C:/Users/hyc/Desktop/kbengine/llgame/scripts/bots\DdzAvatar.py", line 12, in __init__
    self.base.reqEnterGame(1)
 S_ERR root [0x00017cd0] [2017-11-06 20:38:59,183] - AttributeError: 'NoneType' object has no attribute 'reqEnterGame'
 DEBUG root [0x00017cd0] [2017-11-06 20:38:59,183] - ClientObjectBase::onEntityEnterWorld: DdzAvatar(10015), isOnGround(0), appID(2).
 DEBUG root [0x00017cd0] [2017-11-06 20:39:13,040] - ClientObjectBase::setSpaceData: spaceID(2), key=state, value=1.
  INFO root [0x00017cd0] [2017-11-06 20:39:13,040] - ClientObjectBase::createEntity: new DdzAvatar (10019)
 S_ERR root [0x00017cd0] [2017-11-06 20:39:13,041] - Traceback (most recent call last):
  File "C:/Users/hyc/Desktop/kbengine/llgame/scripts/bots\DdzAvatar.py", line 12, in __init__
    self.base.reqEnterGame(1)
 S_ERR root [0x00017cd0] [2017-11-06 20:39:13,042] - AttributeError: 'NoneType' object has no attribute 'reqEnterGame'
 DEBUG root [0x00017cd0] [2017-11-06 20:39:13,043] - ClientObjectBase::onEntityEnterWorld: DdzAvatar(10019), isOnGround(0), appID(3).
 DEBUG root [0x00017cd0] [2017-11-06 20:39:13,043] - ClientObjectBase::setSpaceData: spaceID(2), key=state, value=1.
  INFO root [0x00017cd0] [2017-11-06 20:39:13,043] - ClientObjectBase::createEntity: new DdzAvatar (10019)
 S_ERR root [0x00017cd0] [2017-11-06 20:39:13,044] - Traceback (most recent call last):
  File "C:/Users/hyc/Desktop/kbengine/llgame/scripts/bots\DdzAvatar.py", line 12, in __init__
    self.base.reqEnterGame(1)
 S_ERR root [0x00017cd0] [2017-11-06 20:39:13,045] - AttributeError: 'NoneType' object has no attribute 'reqEnterGame'
 DEBUG root [0x00017cd0] [2017-11-06 20:39:13,047] - ClientObjectBase::onEntityEnterWorld: DdzAvatar(10019), isOnGround(0), appID(2).
 S_ERR root [0x00017cd0] [2017-11-06 20:39:14,041] - Traceback (most recent call last):
  File "C:/Users/hyc/Desktop/kbengine/llgame/scripts/bots\DdzAvatar.py", line 20, in onMessage
    data_json = json.loads(data)
 S_ERR root [0x00017cd0] [2017-11-06 20:39:14,046] -   File "C:/Users/hyc/Desktop/kbengine/kbe/res/scripts/common/Lib\json\__init__.py", line 318, in loads
    return _default_decoder.decode(s)
 S_ERR root [0x00017cd0] [2017-11-06 20:39:14,050] -   File "C:/Users/hyc/Desktop/kbengine/kbe/res/scripts/common/Lib\json\decoder.py", line 343, in decode
    obj, end = self.raw_decode(s, idx=_w(s, 0).end())
 S_ERR root [0x00017cd0] [2017-11-06 20:39:14,054] -   File "C:/Users/hyc/Desktop/kbengine/kbe/res/scripts/common/Lib\json\decoder.py", line 361, in raw_decode
    raise ValueError(errmsg("Expecting value", s, err.value)) from None
 S_ERR root [0x00017cd0] [2017-11-06 20:39:14,056] - ValueError: Expecting value: line 1 column 1 (char 0)
 S_ERR root [0x00017cd0] [2017-11-06 20:39:14,060] - Traceback (most recent call last):
  File "C:/Users/hyc/Desktop/kbengine/llgame/scripts/bots\DdzAvatar.py", line 20, in onMessage
    data_json = json.loads(data)
 S_ERR root [0x00017cd0] [2017-11-06 20:39:14,066] -   File "C:/Users/hyc/Desktop/kbengine/kbe/res/scripts/common/Lib\json\__init__.py", line 318, in loads
    return _default_decoder.decode(s)
 S_ERR root [0x00017cd0] [2017-11-06 20:39:14,070] -   File "C:/Users/hyc/Desktop/kbengine/kbe/res/scripts/common/Lib\json\decoder.py", line 343, in decode
    obj, end = self.raw_decode(s, idx=_w(s, 0).end())
 S_ERR root [0x00017cd0] [2017-11-06 20:39:14,073] -   File "C:/Users/hyc/Desktop/kbengine/kbe/res/scripts/common/Lib\json\decoder.py", line 361, in raw_decode
    raise ValueError(errmsg("Expecting value", s, err.value)) from None
 S_ERR root [0x00017cd0] [2017-11-06 20:39:14,074] - ValueError: Expecting value: line 1 column 1 (char 0)
  WARN root [0x00017cd0] [2017-11-06 20:39:14,075] - bots.cpp:284: Profile updateBots took 0.04 seconds
 DEBUG root [0x00017cd0] [2017-11-06 20:39:15,040] - ClientObjectBase::setSpaceData: spaceID(2), key=ACTION_ROOM_JIAOPAI_NEXT, value={"curCid": 2, "curScore": 0, "type": 0}.
 DEBUG root [0x00017cd0] [2017-11-06 20:39:15,041] - ClientObjectBase::setSpaceData: spaceID(2), key=ACTION_ROOM_JIAOPAI_NEXT, value={"curCid": 2, "curScore": 0, "type": 0}.
 DEBUG root [0x00017cd0] [2017-11-06 20:39:30,040] - ClientObjectBase::setSpaceData: spaceID(2), key=ACTION_ROOM_JIAOPAI_NEXT, value={"curCid": 3, "curScore": 0, "type": 0}.
 DEBUG root [0x00017cd0] [2017-11-06 20:39:30,043] - ClientObjectBase::setSpaceData: spaceID(2), key=ACTION_ROOM_JIAOPAI_NEXT, value={"curCid": 3, "curScore": 0, "type": 0}.
 DEBUG root [0x00017cd0] [2017-11-06 20:39:31,040] - ClientObjectBase::setSpaceData: spaceID(2), key=ACTION_ROOM_JIAOPAI_NEXT, value={"curCid": 1, "curScore": 0, "type": 0}.
 DEBUG root [0x00017cd0] [2017-11-06 20:39:31,040] - ClientObjectBase::setSpaceData: spaceID(2), key=ACTION_ROOM_JIAOPAI_NEXT, value={"curCid": 1, "curScore": 0, "type": 0}.
 S_ERR root [0x00017cd0] [2017-11-06 20:39:47,041] - Traceback (most recent call last):
  File "C:/Users/hyc/Desktop/kbengine/llgame/scripts/bots\DdzAvatar.py", line 20, in onMessage
    data_json = json.loads(data)
 S_ERR root [0x00017cd0] [2017-11-06 20:39:47,045] -   File "C:/Users/hyc/Desktop/kbengine/kbe/res/scripts/common/Lib\json\__init__.py", line 318, in loads
    return _default_decoder.decode(s)
 S_ERR root [0x00017cd0] [2017-11-06 20:39:47,047] -   File "C:/Users/hyc/Desktop/kbengine/kbe/res/scripts/common/Lib\json\decoder.py", line 343, in decode
    obj, end = self.raw_decode(s, idx=_w(s, 0).end())
 S_ERR root [0x00017cd0] [2017-11-06 20:39:47,050] -   File "C:/Users/hyc/Desktop/kbengine/kbe/res/scripts/common/Lib\json\decoder.py", line 361, in raw_decode
    raise ValueError(errmsg("Expecting value", s, err.value)) from None
 S_ERR root [0x00017cd0] [2017-11-06 20:39:47,051] - ValueError: Expecting value: line 1 column 1 (char 0)
 S_ERR root [0x00017cd0] [2017-11-06 20:39:47,055] - Traceback (most recent call last):
  File "C:/Users/hyc/Desktop/kbengine/llgame/scripts/bots\DdzAvatar.py", line 20, in onMessage
    data_json = json.loads(data)
 S_ERR root [0x00017cd0] [2017-11-06 20:39:47,058] -   File "C:/Users/hyc/Desktop/kbengine/kbe/res/scripts/common/Lib\json\__init__.py", line 318, in loads
    return _default_decoder.decode(s)
 S_ERR root [0x00017cd0] [2017-11-06 20:39:47,060] -   File "C:/Users/hyc/Desktop/kbengine/kbe/res/scripts/common/Lib\json\decoder.py", line 343, in decode
    obj, end = self.raw_decode(s, idx=_w(s, 0).end())
 S_ERR root [0x00017cd0] [2017-11-06 20:39:47,063] -   File "C:/Users/hyc/Desktop/kbengine/kbe/res/scripts/common/Lib\json\decoder.py", line 361, in raw_decode
    raise ValueError(errmsg("Expecting value", s, err.value)) from None
 S_ERR root [0x00017cd0] [2017-11-06 20:39:47,064] - ValueError: Expecting value: line 1 column 1 (char 0)
 DEBUG root [0x00017cd0] [2017-11-06 20:39:48,039] - ClientObjectBase::setSpaceData: spaceID(2), key=ACTION_ROOM_JIAOPAI_NEXT, value={"curCid": 2, "curScore": 0, "type": 0}.
 DEBUG root [0x00017cd0] [2017-11-06 20:39:48,040] - ClientObjectBase::setSpaceData: spaceID(2), key=ACTION_ROOM_JIAOPAI_NEXT, value={"curCid": 2, "curScore": 0, "type": 0}.
 DEBUG root [0x00017cd0] [2017-11-06 20:39:49,039] - ClientObjectBase::setSpaceData: spaceID(2), key=ACTION_ROOM_JIAOPAI_NEXT, value={"curCid": 3, "curScore": 0, "type": 0}.
 DEBUG root [0x00017cd0] [2017-11-06 20:39:49,040] - ClientObjectBase::setSpaceData: spaceID(2), key=ACTION_ROOM_JIAOPAI_NEXT, value={"curCid": 3, "curScore": 0, "type": 0}.
 DEBUG root [0x00017cd0] [2017-11-06 20:39:50,040] - ClientObjectBase::setSpaceData: spaceID(2), key=ACTION_ROOM_JIAOPAI_NEXT, value={"curCid": 1, "curScore": 0, "type": 0}.
 DEBUG root [0x00017cd0] [2017-11-06 20:39:50,041] - ClientObjectBase::setSpaceData: spaceID(2), key=ACTION_ROOM_JIAOPAI_NEXT, value={"curCid": 1, "curScore": 0, "type": 0}.
 S_ERR root [0x00017cd0] [2017-11-06 20:39:52,042] - Traceback (most recent call last):
  File "C:/Users/hyc/Desktop/kbengine/llgame/scripts/bots\DdzAvatar.py", line 20, in onMessage
    data_json = json.loads(data)
 S_ERR root [0x00017cd0] [2017-11-06 20:39:52,048] -   File "C:/Users/hyc/Desktop/kbengine/kbe/res/scripts/common/Lib\json\__init__.py", line 318, in loads
    return _default_decoder.decode(s)
 S_ERR root [0x00017cd0] [2017-11-06 20:39:52,054] -   File "C:/Users/hyc/Desktop/kbengine/kbe/res/scripts/common/Lib\json\decoder.py", line 343, in decode
    obj, end = self.raw_decode(s, idx=_w(s, 0).end())
 S_ERR root [0x00017cd0] [2017-11-06 20:39:52,059] -   File "C:/Users/hyc/Desktop/kbengine/kbe/res/scripts/common/Lib\json\decoder.py", line 361, in raw_decode
    raise ValueError(errmsg("Expecting value", s, err.value)) from None
 S_ERR root [0x00017cd0] [2017-11-06 20:39:52,061] - ValueError: Expecting value: line 1 column 1 (char 0)
 S_ERR root [0x00017cd0] [2017-11-06 20:39:52,066] - Traceback (most recent call last):
  File "C:/Users/hyc/Desktop/kbengine/llgame/scripts/bots\DdzAvatar.py", line 20, in onMessage
    data_json = json.loads(data)
 S_ERR root [0x00017cd0] [2017-11-06 20:39:52,072] -   File "C:/Users/hyc/Desktop/kbengine/kbe/res/scripts/common/Lib\json\__init__.py", line 318, in loads
    return _default_decoder.decode(s)
 S_ERR root [0x00017cd0] [2017-11-06 20:39:52,077] -   File "C:/Users/hyc/Desktop/kbengine/kbe/res/scripts/common/Lib\json\decoder.py", line 343, in decode
    obj, end = self.raw_decode(s, idx=_w(s, 0).end())
 S_ERR root [0x00017cd0] [2017-11-06 20:39:52,082] -   File "C:/Users/hyc/Desktop/kbengine/kbe/res/scripts/common/Lib\json\decoder.py", line 361, in raw_decode
    raise ValueError(errmsg("Expecting value", s, err.value)) from None
 S_ERR root [0x00017cd0] [2017-11-06 20:39:52,083] - ValueError: Expecting value: line 1 column 1 (char 0)
  WARN root [0x00017cd0] [2017-11-06 20:39:52,085] - bots.cpp:284: Profile updateBots took 0.05 seconds
 DEBUG root [0x00017cd0] [2017-11-06 20:39:53,040] - ClientObjectBase::setSpaceData: spaceID(2), key=ACTION_ROOM_JIAOPAI_NEXT, value={"curCid": 2, "curScore": 0, "type": 0}.
 DEBUG root [0x00017cd0] [2017-11-06 20:39:53,041] - ClientObjectBase::setSpaceData: spaceID(2), key=ACTION_ROOM_JIAOPAI_NEXT, value={"curCid": 2, "curScore": 0, "type": 0}.
 DEBUG root [0x00017cd0] [2017-11-06 20:39:54,040] - ClientObjectBase::setSpaceData: spaceID(2), key=ACTION_ROOM_JIAOPAI_NEXT, value={"curCid": 3, "curScore": 0, "type": 0}.
 DEBUG root [0x00017cd0] [2017-11-06 20:39:54,041] - ClientObjectBase::setSpaceData: spaceID(2), key=ACTION_ROOM_JIAOPAI_NEXT, value={"curCid": 3, "curScore": 0, "type": 0}.
 DEBUG root [0x00017cd0] [2017-11-06 20:39:55,039] - ClientObjectBase::setSpaceData: spaceID(2), key=ACTION_ROOM_JIAOPAI_NEXT, value={"curCid": 1, "curScore": 0, "type": 0}.
 DEBUG root [0x00017cd0] [2017-11-06 20:39:55,039] - ClientObjectBase::setSpaceData: spaceID(2), key=ACTION_ROOM_JIAOPAI_NEXT, value={"curCid": 1, "curScore": 0, "type": 0}.
 DEBUG root [0x00017cd0] [2017-11-06 20:39:56,041] - ClientObjectBase::setSpaceData: spaceID(2), key=threeCards, value=[42, 15, 14].
 DEBUG root [0x00017cd0] [2017-11-06 20:39:56,042] - ClientObjectBase::setSpaceData: spaceID(2), key=ACTION_ROOM_JIAOPAI_NEXT, value={"curCid": 3, "curScore": 0, "type": 2}.
 DEBUG root [0x00017cd0] [2017-11-06 20:39:56,042] - ClientObjectBase::setSpaceData: spaceID(2), key=threeCards, value=[42, 15, 14].
 DEBUG root [0x00017cd0] [2017-11-06 20:39:56,043] - ClientObjectBase::setSpaceData: spaceID(2), key=ACTION_ROOM_JIAOPAI_NEXT, value={"curCid": 3, "curScore": 0, "type": 2}.
 DEBUG root [0x00017cd0] [2017-11-06 20:39:57,040] - ClientObjectBase::setSpaceData: spaceID(2), key=ACTION_ROOM_JIAOPAI_NEXT, value={"curCid": 1, "curScore": 0, "type": 2}.
 DEBUG root [0x00017cd0] [2017-11-06 20:39:57,040] - ClientObjectBase::setSpaceData: spaceID(2), key=ACTION_ROOM_JIAOPAI_NEXT, value={"curCid": 1, "curScore": 0, "type": 2}.
 DEBUG root [0x00017cd0] [2017-11-06 20:39:58,039] - ClientObjectBase::setSpaceData: spaceID(2), key=ACTION_ROOM_NEXT, value={"powerCid": 2, "curCid": 2, "powerCards": []}.
 DEBUG root [0x00017cd0] [2017-11-06 20:39:58,040] - ClientObjectBase::setSpaceData: spaceID(2), key=ACTION_ROOM_NEXT, value={"powerCid": 2, "curCid": 2, "powerCards": []}.
 DEBUG root [0x00017cd0] [2017-11-06 20:39:59,041] - ClientObjectBase::setSpaceData: spaceID(2), key=ACTION_ROOM_NEXT, value={"powerCid": 2, "curCid": 3, "powerCards": [3]}.
 DEBUG root [0x00017cd0] [2017-11-06 20:39:59,042] - ClientObjectBase::setSpaceData: spaceID(2), key=ACTION_ROOM_NEXT, value={"powerCid": 2, "curCid": 3, "powerCards": [3]}.
 DEBUG root [0x00017cd0] [2017-11-06 20:40:00,040] - ClientObjectBase::setSpaceData: spaceID(2), key=ACTION_ROOM_NEXT, value={"powerCid": 3, "curCid": 1, "powerCards": [25]}.
 DEBUG root [0x00017cd0] [2017-11-06 20:40:00,041] - ClientObjectBase::setSpaceData: spaceID(2), key=ACTION_ROOM_NEXT, value={"powerCid": 3, "curCid": 1, "powerCards": [25]}.
 DEBUG root [0x00017cd0] [2017-11-06 20:40:01,040] - ClientObjectBase::setSpaceData: spaceID(2), key=ACTION_ROOM_NEXT, value={"powerCid": 1, "curCid": 2, "powerCards": [35]}.
 DEBUG root [0x00017cd0] [2017-11-06 20:40:01,042] - ClientObjectBase::setSpaceData: spaceID(2), key=ACTION_ROOM_NEXT, value={"powerCid": 1, "curCid": 2, "powerCards": [35]}.
 DEBUG root [0x00017cd0] [2017-11-06 20:40:02,040] - ClientObjectBase::setSpaceData: spaceID(2), key=ACTION_ROOM_NEXT, value={"powerCid": 2, "curCid": 3, "powerCards": [53]}.
 DEBUG root [0x00017cd0] [2017-11-06 20:40:02,041] - ClientObjectBase::setSpaceData: spaceID(2), key=ACTION_ROOM_NEXT, value={"powerCid": 2, "curCid": 3, "powerCards": [53]}.
 DEBUG root [0x00017cd0] [2017-11-06 20:40:03,040] - ClientObjectBase::setSpaceData: spaceID(2), key=ACTION_ROOM_NEXT, value={"powerCid": 3, "curCid": 1, "powerCards": [54]}.
 DEBUG root [0x00017cd0] [2017-11-06 20:40:03,040] - ClientObjectBase::setSpaceData: spaceID(2), key=ACTION_ROOM_NEXT, value={"powerCid": 3, "curCid": 1, "powerCards": [54]}.
 DEBUG root [0x00017cd0] [2017-11-06 20:40:04,040] - ClientObjectBase::setSpaceData: spaceID(2), key=ACTION_ROOM_NEXT, value={"powerCid": 3, "curCid": 2, "powerCards": [54]}.
 DEBUG root [0x00017cd0] [2017-11-06 20:40:04,041] - ClientObjectBase::setSpaceData: spaceID(2), key=ACTION_ROOM_NEXT, value={"powerCid": 3, "curCid": 2, "powerCards": [54]}.
 DEBUG root [0x00017cd0] [2017-11-06 20:40:05,040] - ClientObjectBase::setSpaceData: spaceID(2), key=ACTION_ROOM_NEXT, value={"powerCid": 3, "curCid": 3, "powerCards": [54]}.
 DEBUG root [0x00017cd0] [2017-11-06 20:40:05,041] - ClientObjectBase::setSpaceData: spaceID(2), key=ACTION_ROOM_NEXT, value={"powerCid": 3, "curCid": 3, "powerCards": [54]}.
 DEBUG root [0x00017cd0] [2017-11-06 20:40:06,039] - ClientObjectBase::setSpaceData: spaceID(2), key=ACTION_ROOM_NEXT, value={"powerCid": 3, "curCid": 1, "powerCards": [8, 7, 6]}.
 DEBUG root [0x00017cd0] [2017-11-06 20:40:06,041] - ClientObjectBase::setSpaceData: spaceID(2), key=ACTION_ROOM_NEXT, value={"powerCid": 3, "curCid": 1, "powerCards": [8, 7, 6]}.
 DEBUG root [0x00017cd0] [2017-11-06 20:40:07,040] - ClientObjectBase::setSpaceData: spaceID(2), key=ACTION_ROOM_NEXT, value={"powerCid": 3, "curCid": 2, "powerCards": [8, 7, 6]}.
 DEBUG root [0x00017cd0] [2017-11-06 20:40:07,041] - ClientObjectBase::setSpaceData: spaceID(2), key=ACTION_ROOM_NEXT, value={"powerCid": 3, "curCid": 2, "powerCards": [8, 7, 6]}.
 DEBUG root [0x00017cd0] [2017-11-06 20:40:08,040] - ClientObjectBase::setSpaceData: spaceID(2), key=ACTION_ROOM_NEXT, value={"powerCid": 2, "curCid": 3, "powerCards": [44, 43, 42]}.
 DEBUG root [0x00017cd0] [2017-11-06 20:40:08,040] - ClientObjectBase::setSpaceData: spaceID(2), key=ACTION_ROOM_NEXT, value={"powerCid": 2, "curCid": 3, "powerCards": [44, 43, 42]}.
 DEBUG root [0x00017cd0] [2017-11-06 20:40:09,040] - ClientObjectBase::setSpaceData: spaceID(2), key=ACTION_ROOM_NEXT, value={"powerCid": 2, "curCid": 1, "powerCards": [44, 43, 42]}.
 DEBUG root [0x00017cd0] [2017-11-06 20:40:09,041] - ClientObjectBase::setSpaceData: spaceID(2), key=ACTION_ROOM_NEXT, value={"powerCid": 2, "curCid": 1, "powerCards": [44, 43, 42]}.
 DEBUG root [0x00017cd0] [2017-11-06 20:40:10,039] - ClientObjectBase::setSpaceData: spaceID(2), key=ACTION_ROOM_NEXT, value={"powerCid": 2, "curCid": 2, "powerCards": [44, 43, 42]}.
 DEBUG root [0x00017cd0] [2017-11-06 20:40:10,040] - ClientObjectBase::setSpaceData: spaceID(2), key=ACTION_ROOM_NEXT, value={"powerCid": 2, "curCid": 2, "powerCards": [44, 43, 42]}.
 DEBUG root [0x00017cd0] [2017-11-06 20:40:11,039] - ClientObjectBase::setSpaceData: spaceID(2), key=ACTION_ROOM_NEXT, value={"powerCid": 2, "curCid": 3, "powerCards": [11]}.
 DEBUG root [0x00017cd0] [2017-11-06 20:40:11,041] - ClientObjectBase::setSpaceData: spaceID(2), key=ACTION_ROOM_NEXT, value={"powerCid": 2, "curCid": 3, "powerCards": [11]}.
 DEBUG root [0x00017cd0] [2017-11-06 20:40:12,039] - ClientObjectBase::setSpaceData: spaceID(2), key=ACTION_ROOM_NEXT, value={"powerCid": 3, "curCid": 1, "powerCards": [34]}.
 DEBUG root [0x00017cd0] [2017-11-06 20:40:12,040] - ClientObjectBase::setSpaceData: spaceID(2), key=ACTION_ROOM_NEXT, value={"powerCid": 3, "curCid": 1, "powerCards": [34]}.
 DEBUG root [0x00017cd0] [2017-11-06 20:40:13,039] - ClientObjectBase::setSpaceData: spaceID(2), key=ACTION_ROOM_NEXT, value={"powerCid": 1, "curCid": 2, "powerCards": [38]}.
 DEBUG root [0x00017cd0] [2017-11-06 20:40:13,040] - ClientObjectBase::setSpaceData: spaceID(2), key=ACTION_ROOM_NEXT, value={"powerCid": 1, "curCid": 2, "powerCards": [38]}.
 DEBUG root [0x00017cd0] [2017-11-06 20:40:14,039] - ClientObjectBase::setSpaceData: spaceID(2), key=ACTION_ROOM_NEXT, value={"powerCid": 1, "curCid": 3, "powerCards": [38]}.
 DEBUG root [0x00017cd0] [2017-11-06 20:40:14,040] - ClientObjectBase::setSpaceData: spaceID(2), key=ACTION_ROOM_NEXT, value={"powerCid": 1, "curCid": 3, "powerCards": [38]}.
 DEBUG root [0x00017cd0] [2017-11-06 20:40:15,039] - ClientObjectBase::setSpaceData: spaceID(2), key=ACTION_ROOM_NEXT, value={"powerCid": 3, "curCid": 1, "powerCards": [41]}.
 DEBUG root [0x00017cd0] [2017-11-06 20:40:15,039] - ClientObjectBase::setSpaceData: spaceID(2), key=ACTION_ROOM_NEXT, value={"powerCid": 3, "curCid": 1, "powerCards": [41]}.
 DEBUG root [0x00017cd0] [2017-11-06 20:40:16,039] - ClientObjectBase::setSpaceData: spaceID(2), key=ACTION_ROOM_NEXT, value={"powerCid": 3, "curCid": 2, "powerCards": [41]}.
 DEBUG root [0x00017cd0] [2017-11-06 20:40:16,039] - ClientObjectBase::setSpaceData: spaceID(2), key=ACTION_ROOM_NEXT, value={"powerCid": 3, "curCid": 2, "powerCards": [41]}.
 DEBUG root [0x00017cd0] [2017-11-06 20:40:17,039] - ClientObjectBase::setSpaceData: spaceID(2), key=ACTION_ROOM_NEXT, value={"powerCid": 3, "curCid": 3, "powerCards": [41]}.
 DEBUG root [0x00017cd0] [2017-11-06 20:40:17,040] - ClientObjectBase::setSpaceData: spaceID(2), key=ACTION_ROOM_NEXT, value={"powerCid": 3, "curCid": 3, "powerCards": [41]}.
 DEBUG root [0x00017cd0] [2017-11-06 20:40:18,039] - ClientObjectBase::setSpaceData: spaceID(2), key=ACTION_ROOM_NEXT, value={"powerCid": 3, "curCid": 1, "powerCards": [10, 9]}.
 DEBUG root [0x00017cd0] [2017-11-06 20:40:18,041] - ClientObjectBase::setSpaceData: spaceID(2), key=ACTION_ROOM_NEXT, value={"powerCid": 3, "curCid": 1, "powerCards": [10, 9]}.
 DEBUG root [0x00017cd0] [2017-11-06 20:40:19,040] - ClientObjectBase::setSpaceData: spaceID(2), key=ACTION_ROOM_NEXT, value={"powerCid": 1, "curCid": 2, "powerCards": [16, 13]}.
 DEBUG root [0x00017cd0] [2017-11-06 20:40:19,040] - ClientObjectBase::setSpaceData: spaceID(2), key=ACTION_ROOM_NEXT, value={"powerCid": 1, "curCid": 2, "powerCards": [16, 13]}.
 DEBUG root [0x00017cd0] [2017-11-06 20:40:20,039] - ClientObjectBase::setSpaceData: spaceID(2), key=ACTION_ROOM_NEXT, value={"powerCid": 2, "curCid": 3, "powerCards": [19, 18]}.
 DEBUG root [0x00017cd0] [2017-11-06 20:40:20,039] - ClientObjectBase::setSpaceData: spaceID(2), key=ACTION_ROOM_NEXT, value={"powerCid": 2, "curCid": 3, "powerCards": [19, 18]}.
 DEBUG root [0x00017cd0] [2017-11-06 20:40:21,039] - ClientObjectBase::setSpaceData: spaceID(2), key=ACTION_ROOM_NEXT, value={"powerCid": 3, "curCid": 1, "powerCards": [48, 46]}.
 DEBUG root [0x00017cd0] [2017-11-06 20:40:21,040] - ClientObjectBase::setSpaceData: spaceID(2), key=ACTION_ROOM_NEXT, value={"powerCid": 3, "curCid": 1, "powerCards": [48, 46]}.
 DEBUG root [0x00017cd0] [2017-11-06 20:40:22,039] - ClientObjectBase::setSpaceData: spaceID(2), key=ACTION_ROOM_NEXT, value={"powerCid": 1, "curCid": 2, "powerCards": [52, 49]}.
 DEBUG root [0x00017cd0] [2017-11-06 20:40:22,040] - ClientObjectBase::setSpaceData: spaceID(2), key=ACTION_ROOM_NEXT, value={"powerCid": 1, "curCid": 2, "powerCards": [52, 49]}.
 DEBUG root [0x00017cd0] [2017-11-06 20:40:23,039] - ClientObjectBase::setSpaceData: spaceID(2), key=ACTION_ROOM_NEXT, value={"powerCid": 1, "curCid": 3, "powerCards": [52, 49]}.
 DEBUG root [0x00017cd0] [2017-11-06 20:40:23,040] - ClientObjectBase::setSpaceData: spaceID(2), key=ACTION_ROOM_NEXT, value={"powerCid": 1, "curCid": 3, "powerCards": [52, 49]}.
 DEBUG root [0x00017cd0] [2017-11-06 20:40:24,039] - ClientObjectBase::setSpaceData: spaceID(2), key=ACTION_ROOM_NEXT, value={"powerCid": 1, "curCid": 1, "powerCards": [52, 49]}.
 DEBUG root [0x00017cd0] [2017-11-06 20:40:24,039] - ClientObjectBase::setSpaceData: spaceID(2), key=ACTION_ROOM_NEXT, value={"powerCid": 1, "curCid": 1, "powerCards": [52, 49]}.
 DEBUG root [0x00017cd0] [2017-11-06 20:40:25,039] - ClientObjectBase::setSpaceData: spaceID(2), key=ACTION_ROOM_NEXT, value={"powerCid": 1, "curCid": 2, "powerCards": [4, 2, 1]}.
 DEBUG root [0x00017cd0] [2017-11-06 20:40:25,041] - ClientObjectBase::setSpaceData: spaceID(2), key=ACTION_ROOM_NEXT, value={"powerCid": 1, "curCid": 2, "powerCards": [4, 2, 1]}.
 DEBUG root [0x00017cd0] [2017-11-06 20:40:26,039] - ClientObjectBase::setSpaceData: spaceID(2), key=ACTION_ROOM_NEXT, value={"powerCid": 1, "curCid": 3, "powerCards": [4, 2, 1]}.
 DEBUG root [0x00017cd0] [2017-11-06 20:40:26,040] - ClientObjectBase::setSpaceData: spaceID(2), key=ACTION_ROOM_NEXT, value={"powerCid": 1, "curCid": 3, "powerCards": [4, 2, 1]}.
 DEBUG root [0x00017cd0] [2017-11-06 20:40:27,039] - ClientObjectBase::setSpaceData: spaceID(2), key=ACTION_ROOM_NEXT, value={"powerCid": 3, "curCid": 1, "powerCards": [40, 39, 37]}.
 DEBUG root [0x00017cd0] [2017-11-06 20:40:27,039] - ClientObjectBase::setSpaceData: spaceID(2), key=ACTION_ROOM_NEXT, value={"powerCid": 3, "curCid": 1, "powerCards": [40, 39, 37]}.
 DEBUG root [0x00017cd0] [2017-11-06 20:40:28,039] - ClientObjectBase::setSpaceData: spaceID(2), key=ACTION_ROOM_NEXT, value={"powerCid": 3, "curCid": 2, "powerCards": [40, 39, 37]}.
 DEBUG root [0x00017cd0] [2017-11-06 20:40:28,040] - ClientObjectBase::setSpaceData: spaceID(2), key=ACTION_ROOM_NEXT, value={"powerCid": 3, "curCid": 2, "powerCards": [40, 39, 37]}.
 DEBUG root [0x00017cd0] [2017-11-06 20:40:29,040] - ClientObjectBase::setSpaceData: spaceID(2), key=ACTION_ROOM_NEXT, value={"powerCid": 3, "curCid": 3, "powerCards": [40, 39, 37]}.
 DEBUG root [0x00017cd0] [2017-11-06 20:40:29,040] - ClientObjectBase::setSpaceData: spaceID(2), key=ACTION_ROOM_NEXT, value={"powerCid": 3, "curCid": 3, "powerCards": [40, 39, 37]}.
 DEBUG root [0x00017cd0] [2017-11-06 20:40:31,606] - ClientObjectBase::onEntityLeaveWorld: DdzAvatar(10015), appID(3).
 DEBUG root [0x00017cd0] [2017-11-06 20:40:31,607] - DdzAvatar::~DdzAvatar(): 10016
 DEBUG root [0x00017cd0] [2017-11-06 20:40:31,607] - DdzAvatar::~DdzAvatar(): 10019
 DEBUG root [0x00017cd0] [2017-11-06 20:40:31,608] - ClientObjectBase::onEntityLeaveWorld: DdzAvatar(10016), appID(2).
 DEBUG root [0x00017cd0] [2017-11-06 20:40:31,608] - DdzAvatar::~DdzAvatar(): 10015
 DEBUG root [0x00017cd0] [2017-11-06 20:40:31,608] - DdzAvatar::~DdzAvatar(): 10019
 DEBUG root [0x00017cd0] [2017-11-06 20:40:31,706] - ClientObjectBase::onPlayerEnterWorld: DdzAvatar(10015), isOnGround(0), appID(3).
 S_ERR root [0x00017cd0] [2017-11-06 20:40:31,706] - AttributeError: 'module' object has no attribute 'PlayerDdzAvatar'
 ERROR root [0x00017cd0] [2017-11-06 20:40:31,707] - DdzAvatar::onBecomePlayer(): please implement PlayerDdzAvatar.
 DEBUG root [0x00017cd0] [2017-11-06 20:40:31,707] - ClientObjectBase::setSpaceData: spaceID(3), key=state, value=0.
 DEBUG root [0x00017cd0] [2017-11-06 20:40:31,707] - ClientObjectBase::setSpaceData: spaceID(3), key=curfen, value=0.10.
 DEBUG root [0x00017cd0] [2017-11-06 20:40:31,708] - ClientObjectBase::setSpaceData: spaceID(3), key=multiple, value=1.
 DEBUG root [0x00017cd0] [2017-11-06 20:40:31,708] - ClientObjectBase::setSpaceData: spaceID(3), key=roomtime, value=15.
 DEBUG root [0x00017cd0] [2017-11-06 20:40:31,708] - ClientObjectBase::initSpaceData: spaceID(3), datasize=4.
 DEBUG root [0x00017cd0] [2017-11-06 20:40:31,708] - ClientObjectBase::onEntityEnterSpace: DdzAvatar(10015).
  INFO root [0x00017cd0] [2017-11-06 20:40:31,708] - ClientObjectBase::createEntity: new DdzAvatar (10016)
 S_ERR root [0x00017cd0] [2017-11-06 20:40:31,709] - Traceback (most recent call last):
  File "C:/Users/hyc/Desktop/kbengine/llgame/scripts/bots\DdzAvatar.py", line 12, in __init__
    self.base.reqEnterGame(1)
 S_ERR root [0x00017cd0] [2017-11-06 20:40:31,710] - AttributeError: 'NoneType' object has no attribute 'reqEnterGame'
 DEBUG root [0x00017cd0] [2017-11-06 20:40:31,711] - ClientObjectBase::onEntityEnterWorld: DdzAvatar(10016), isOnGround(0), appID(3).
 DEBUG root [0x00017cd0] [2017-11-06 20:40:31,711] - ClientObjectBase::onPlayerEnterWorld: DdzAvatar(10016), isOnGround(0), appID(2).
 S_ERR root [0x00017cd0] [2017-11-06 20:40:31,712] - AttributeError: 'module' object has no attribute 'PlayerDdzAvatar'
 ERROR root [0x00017cd0] [2017-11-06 20:40:31,712] - DdzAvatar::onBecomePlayer(): please implement PlayerDdzAvatar.
 DEBUG root [0x00017cd0] [2017-11-06 20:40:31,712] - ClientObjectBase::setSpaceData: spaceID(3), key=state, value=0.
 DEBUG root [0x00017cd0] [2017-11-06 20:40:31,713] - ClientObjectBase::setSpaceData: spaceID(3), key=curfen, value=0.10.
 DEBUG root [0x00017cd0] [2017-11-06 20:40:31,713] - ClientObjectBase::setSpaceData: spaceID(3), key=multiple, value=1.
 DEBUG root [0x00017cd0] [2017-11-06 20:40:31,713] - ClientObjectBase::setSpaceData: spaceID(3), key=roomtime, value=15.
 DEBUG root [0x00017cd0] [2017-11-06 20:40:31,713] - ClientObjectBase::initSpaceData: spaceID(3), datasize=4.
 DEBUG root [0x00017cd0] [2017-11-06 20:40:31,713] - ClientObjectBase::onEntityEnterSpace: DdzAvatar(10016).
  INFO root [0x00017cd0] [2017-11-06 20:40:31,713] - ClientObjectBase::createEntity: new DdzAvatar (10015)
 S_ERR root [0x00017cd0] [2017-11-06 20:40:31,714] - Traceback (most recent call last):
  File "C:/Users/hyc/Desktop/kbengine/llgame/scripts/bots\DdzAvatar.py", line 12, in __init__
    self.base.reqEnterGame(1)
 S_ERR root [0x00017cd0] [2017-11-06 20:40:31,716] - AttributeError: 'NoneType' object has no attribute 'reqEnterGame'
 DEBUG root [0x00017cd0] [2017-11-06 20:40:31,716] - ClientObjectBase::onEntityEnterWorld: DdzAvatar(10015), isOnGround(0), appID(2).
