  INFO root [0x000456e4] [2017-11-16 20:33:41,522] - 
  INFO root [0x000456e4] [2017-11-16 20:33:41,522] - -----------------------------------------------------------------------------------------


  INFO root [0x000456e4] [2017-11-16 20:33:41,523] - Resmgr::initialize: KBE_ROOT=C:/Users/hyc/Desktop/kbengine/
  INFO root [0x000456e4] [2017-11-16 20:33:41,523] - Resmgr::initialize: KBE_RES_PATH=C:/Users/hyc/Desktop/kbengine/kbe/res/;C:/Users/hyc/Desktop/kbengine/llgame/;C:/Users/hyc/Desktop/kbengine/llgame/scripts/;C:/Users/hyc/Desktop/kbengine/llgame/res/
  INFO root [0x000456e4] [2017-11-16 20:33:41,523] - Resmgr::initialize: KBE_BIN_PATH=C:/Users/hyc/Desktop/kbengine/kbe/bin/server/
  INFO root [0x000456e4] [2017-11-16 20:33:41,525] - NetworkInterface::recreateListeningSocket(INTERNAL): bound to all interfaces with default route interface on 172.16.4.154 ( 172.16.4.154:49440 )
  INFO root [0x000456e4] [2017-11-16 20:33:41,525] - NetworkInterface::recreateListeningSocket(INTERNAL): address 172.16.4.154:49440, SOMAXCONN=5.
  INFO root [0x000456e4] [2017-11-16 20:33:41,525] - server-configs:
  INFO root [0x000456e4] [2017-11-16 20:33:41,525] - 	gameUpdateHertz : 30
  INFO root [0x000456e4] [2017-11-16 20:33:41,525] - 	defaultAoIRadius : 80
  INFO root [0x000456e4] [2017-11-16 20:33:41,525] - 	defaultAoIHysteresisArea : 5
  INFO root [0x000456e4] [2017-11-16 20:33:41,525] - 	entryScriptFile : kbemain
  INFO root [0x000456e4] [2017-11-16 20:33:41,525] - 	internalAddr : 172.16.4.154:49440
  INFO root [0x000456e4] [2017-11-16 20:33:41,525] - 	componentID : 8001
  INFO root [0x000456e4] [2017-11-16 20:33:43,029] - ---- cellapp Version: 0.9.12. ScriptVersion: 0.1.0. Protocol: C77B6766B19115577F49043447D592A7. Config: Debug X86. Built: 16:14:48 Jul  7 2017. AppID: 8001. UID: 1001. PID: 275380 ----
  INFO root [0x000456e4] [2017-11-16 20:33:43,029] - Server : Intel(R) Core(TM) i5-4590 CPU @ 3.30GHz with 4194303kB RAM
  INFO root [0x000456e4] [2017-11-16 20:33:43,029] - ThreadPool::createThreadPool: creating  threadpool...
  INFO root [0x000456e4] [2017-11-16 20:33:43,030] - ThreadPool::createThreadPool: successfully(2), newThreadCount=1, normalMaxThreadCount=2, maxThreadCount=8
 DEBUG root [0x000456e4] [2017-11-16 20:33:43,158] - Script::install_py_dlls(): PyInit_pyexpat
 DEBUG root [0x000456e4] [2017-11-16 20:33:43,158] - Script::install_py_dlls(): PyInit__socket
 DEBUG root [0x000456e4] [2017-11-16 20:33:43,158] - Script::install_py_dlls(): PyInit__hashlib
 DEBUG root [0x000456e4] [2017-11-16 20:33:43,160] - Script::install_py_dlls(): PyInit_select
 DEBUG root [0x000456e4] [2017-11-16 20:33:43,160] - Script::install_py_dlls(): PyInit__ctypes
 DEBUG root [0x000456e4] [2017-11-16 20:33:43,160] - Script::install_py_dlls(): PyInit__elementtree
 DEBUG root [0x000456e4] [2017-11-16 20:33:43,197] - Script::install_py_dlls(): PyInit_unicodedata
  INFO root [0x000456e4] [2017-11-16 20:33:43,227] - Script::install(): is successfully, Python=(3.4.2 (default, Jul  7 2017, 16:13:58) [MSC v.1800 32 bit (Intel)])!
  INFO root [0x000456e4] [2017-11-16 20:33:43,227] - Script::install(): KBExtra is successfully!
SCRIPT root [0x000456e4] [2017-11-16 20:33:43,287] - 3
 DEBUG root [0x000456e4] [2017-11-16 20:33:43,289] - loaded script:DdzAvatar(2).
SCRIPT root [0x000456e4] [2017-11-16 20:33:43,301] - 1
 DEBUG root [0x000456e4] [2017-11-16 20:33:43,302] - loaded script:DdzRoom(7).
 DEBUG root [0x000456e4] [2017-11-16 20:33:43,305] - loaded script:ZjhRoom(9).
  INFO root [0x000456e4] [2017-11-16 20:33:43,305] - TelnetServer server is running on port 50000
  INFO root [0x000456e4] [2017-11-16 20:33:43,539] - ---- cellapp is running ----
 DEBUG root [0x000456e4] [2017-11-16 20:33:43,540] - Components::process(): Request for the process of identity...
  WARN root [0x000456e4] [2017-11-16 20:33:49,895] - EntityApp::checkTickPeriod: tick took 19254% (19.25 seconds)!
  INFO root [0x000456e4] [2017-11-16 20:33:50,924] - Components::findComponents: find logger(1)...
  INFO root [0x000456e4] [2017-11-16 20:33:51,050] - Components::findComponents: found logger, addr:172.16.4.154:49435
  INFO root [0x000456e4] [2017-11-16 20:33:51,050] - Components::addComponent: reset orderLog, uid=1001!
  INFO root [0x000456e4] [2017-11-16 20:33:51,050] - Components::addComponent[logger], uid=1001, componentID=2000, globalorderid=1, grouporderid=1, totalcount=1
  INFO root [0x000456e4] [2017-11-16 20:33:51,052] - Components::findComponents: find dbmgr(2)...
  INFO root [0x000456e4] [2017-11-16 20:33:51,164] - Components::findComponents: found dbmgr, addr:172.16.4.154:49436
  INFO root [0x000456e4] [2017-11-16 20:33:51,165] - Components::addComponent: reset orderLog, uid=1001!
  INFO root [0x000456e4] [2017-11-16 20:33:51,165] - Components::addComponent[dbmgr], uid=1001, componentID=4000, globalorderid=1, grouporderid=1, totalcount=1
  INFO root [0x000456e4] [2017-11-16 20:33:51,165] - Components::findComponents: found dbmgr, addr:172.16.4.154:49436
  WARN root [0x000456e4] [2017-11-16 20:33:52,166] - Forwarding logs to logger[172.16.4.154:49435/0/0/0]...
 ERROR root [0x000456e4] [2017-11-16 20:40:25,744] - Components::removeComponentByChannel: logger : 2000, Abnormal exit! errorno=10054
  INFO root [0x000456e4] [2017-11-16 20:40:25,749] - The following logs sent to logger failed:
  WARN root [0x000456e4] [2017-11-16 20:40:25,749] - ==> [2017-11-16 20:40:25 739] TCPPacketReceiver::processPendingEvents(172.16.4.154:49435): Throwing REASON_GENERAL_NETWORK - WSAECONNRESET
 ERROR root [0x000456e4] [2017-11-16 20:40:25,749] - ==> [2017-11-16 20:40:25 745] Components::removeComponentByChannel: logger : 2000, Abnormal exit! errorno=10054
  WARN root [0x000456e4] [2017-11-16 20:40:25,944] - TCPPacketReceiver::processPendingEvents(172.16.4.154:49436): Throwing REASON_GENERAL_NETWORK - WSAECONNRESET
 ERROR root [0x000456e4] [2017-11-16 20:40:25,947] - Components::removeComponentByChannel: dbmgr : 4000, Abnormal exit! errorno=10054
  INFO root [0x000456e4] [2017-11-16 20:40:25,953] - Shutdowner::onShutdownBegin: shutting down(period=0, tickPeriod=1)
  INFO root [0x000456e4] [2017-11-16 20:40:25,957] - Shutdowner::onShutdown: shutting down
  INFO root [0x000456e4] [2017-11-16 20:40:25,957] - Shutdowner::onShutdownEnd: shutting down
 DEBUG root [0x000456e4] [2017-11-16 20:40:25,957] - EntityRef::destroyObjPool(): size 0.
 DEBUG root [0x000456e4] [2017-11-16 20:40:25,957] - Witness::destroyObjPool(): size 0.
 DEBUG root [0x000456e4] [2017-11-16 20:40:25,967] - Script::uninstall_py_dlls(): PyInit_pyexpat
 DEBUG root [0x000456e4] [2017-11-16 20:40:25,968] - Script::uninstall_py_dlls(): PyInit__socket
 DEBUG root [0x000456e4] [2017-11-16 20:40:25,968] - Script::uninstall_py_dlls(): PyInit__hashlib
 DEBUG root [0x000456e4] [2017-11-16 20:40:25,968] - Script::uninstall_py_dlls(): PyInit_select
 DEBUG root [0x000456e4] [2017-11-16 20:40:25,968] - Script::uninstall_py_dlls(): PyInit__ctypes
 DEBUG root [0x000456e4] [2017-11-16 20:40:25,968] - Script::uninstall_py_dlls(): PyInit__elementtree
 DEBUG root [0x000456e4] [2017-11-16 20:40:25,968] - Script::uninstall_py_dlls(): PyInit_unicodedata
  INFO root [0x000456e4] [2017-11-16 20:40:25,978] - Script::uninstall(): is successfully!
 DEBUG root [0x000456e4] [2017-11-16 20:40:25,978] - ThreadPool::destroy(): starting size 2.
  WARN root [0x000456e4] [2017-11-16 20:40:26,279] - ThreadPool::destroy(): waiting for thread(2)[0xb3b440,0xb3b6b0,], try=1
 DEBUG root [0x000456e4] [2017-11-16 20:40:26,680] - TPThread::~TPThread(): 0xb3b440
 DEBUG root [0x000456e4] [2017-11-16 20:40:26,680] - TPThread::~TPThread(): 0xb3b6b0
 DEBUG root [0x000456e4] [2017-11-16 20:40:26,680] - ThreadPool::destroy(): successfully!
 DEBUG root [0x000456e4] [2017-11-16 20:40:26,680] - Bundle::destroyObjPool(): size 12.
 DEBUG root [0x000456e4] [2017-11-16 20:40:26,680] - Channel::destroyObjPool(): size 13.
 DEBUG root [0x000456e4] [2017-11-16 20:40:26,680] - TCPPacket::destroyObjPool(): size 11.
 DEBUG root [0x000456e4] [2017-11-16 20:40:26,680] - UDPPacket::destroyObjPool(): size 14.
 DEBUG root [0x000456e4] [2017-11-16 20:40:26,680] - EndPoint::destroyObjPool(): size 13.
 DEBUG root [0x000456e4] [2017-11-16 20:40:26,681] - Address::destroyObjPool(): size 0.
 DEBUG root [0x000456e4] [2017-11-16 20:40:26,681] - TCPPacketReceiver::destroyObjPool(): size 0.
 DEBUG root [0x000456e4] [2017-11-16 20:40:26,681] - UDPPacketReceiver::destroyObjPool(): size 0.
  INFO root [0x000456e4] [2017-11-16 20:40:26,681] - cellapp(8001) has shut down.
  INFO root [0x000418a8] [2017-11-16 20:40:32,859] - 
  INFO root [0x000418a8] [2017-11-16 20:40:32,859] - -----------------------------------------------------------------------------------------


  INFO root [0x000418a8] [2017-11-16 20:40:32,860] - Resmgr::initialize: KBE_ROOT=C:/Users/hyc/Desktop/kbengine/
  INFO root [0x000418a8] [2017-11-16 20:40:32,860] - Resmgr::initialize: KBE_RES_PATH=C:/Users/hyc/Desktop/kbengine/kbe/res/;C:/Users/hyc/Desktop/kbengine/llgame/;C:/Users/hyc/Desktop/kbengine/llgame/scripts/;C:/Users/hyc/Desktop/kbengine/llgame/res/
  INFO root [0x000418a8] [2017-11-16 20:40:32,860] - Resmgr::initialize: KBE_BIN_PATH=C:/Users/hyc/Desktop/kbengine/kbe/bin/server/
  INFO root [0x000418a8] [2017-11-16 20:40:32,862] - NetworkInterface::recreateListeningSocket(INTERNAL): bound to all interfaces with default route interface on 172.16.4.154 ( 172.16.4.154:49541 )
  INFO root [0x000418a8] [2017-11-16 20:40:32,862] - NetworkInterface::recreateListeningSocket(INTERNAL): address 172.16.4.154:49541, SOMAXCONN=5.
  INFO root [0x000418a8] [2017-11-16 20:40:32,862] - server-configs:
  INFO root [0x000418a8] [2017-11-16 20:40:32,862] - 	gameUpdateHertz : 30
  INFO root [0x000418a8] [2017-11-16 20:40:32,862] - 	defaultAoIRadius : 80
  INFO root [0x000418a8] [2017-11-16 20:40:32,862] - 	defaultAoIHysteresisArea : 5
  INFO root [0x000418a8] [2017-11-16 20:40:32,862] - 	entryScriptFile : kbemain
  INFO root [0x000418a8] [2017-11-16 20:40:32,862] - 	internalAddr : 172.16.4.154:49541
  INFO root [0x000418a8] [2017-11-16 20:40:32,862] - 	componentID : 8001
  INFO root [0x000418a8] [2017-11-16 20:40:34,366] - ---- cellapp Version: 0.9.12. ScriptVersion: 0.1.0. Protocol: C77B6766B19115577F49043447D592A7. Config: Debug X86. Built: 16:14:48 Jul  7 2017. AppID: 8001. UID: 1001. PID: 287584 ----
  INFO root [0x000418a8] [2017-11-16 20:40:34,366] - Server : Intel(R) Core(TM) i5-4590 CPU @ 3.30GHz with 4194303kB RAM
  INFO root [0x000418a8] [2017-11-16 20:40:34,367] - ThreadPool::createThreadPool: creating  threadpool...
  INFO root [0x000418a8] [2017-11-16 20:40:34,367] - ThreadPool::createThreadPool: successfully(2), newThreadCount=1, normalMaxThreadCount=2, maxThreadCount=8
 DEBUG root [0x000418a8] [2017-11-16 20:40:34,494] - Script::install_py_dlls(): PyInit_pyexpat
 DEBUG root [0x000418a8] [2017-11-16 20:40:34,495] - Script::install_py_dlls(): PyInit__socket
 DEBUG root [0x000418a8] [2017-11-16 20:40:34,495] - Script::install_py_dlls(): PyInit__hashlib
 DEBUG root [0x000418a8] [2017-11-16 20:40:34,497] - Script::install_py_dlls(): PyInit_select
 DEBUG root [0x000418a8] [2017-11-16 20:40:34,497] - Script::install_py_dlls(): PyInit__ctypes
 DEBUG root [0x000418a8] [2017-11-16 20:40:34,497] - Script::install_py_dlls(): PyInit__elementtree
 DEBUG root [0x000418a8] [2017-11-16 20:40:34,528] - Script::install_py_dlls(): PyInit_unicodedata
  INFO root [0x000418a8] [2017-11-16 20:40:34,559] - Script::install(): is successfully, Python=(3.4.2 (default, Jul  7 2017, 16:13:58) [MSC v.1800 32 bit (Intel)])!
  INFO root [0x000418a8] [2017-11-16 20:40:34,559] - Script::install(): KBExtra is successfully!
SCRIPT root [0x000418a8] [2017-11-16 20:40:34,617] - 3
 DEBUG root [0x000418a8] [2017-11-16 20:40:34,619] - loaded script:DdzAvatar(2).
SCRIPT root [0x000418a8] [2017-11-16 20:40:34,631] - 1
 DEBUG root [0x000418a8] [2017-11-16 20:40:34,631] - loaded script:DdzRoom(7).
 DEBUG root [0x000418a8] [2017-11-16 20:40:34,634] - loaded script:ZjhRoom(9).
  INFO root [0x000418a8] [2017-11-16 20:40:34,634] - TelnetServer server is running on port 50000
  INFO root [0x000418a8] [2017-11-16 20:40:34,903] - ---- cellapp is running ----
 DEBUG root [0x000418a8] [2017-11-16 20:40:34,903] - Components::process(): Request for the process of identity...
  WARN root [0x000418a8] [2017-11-16 20:40:41,394] - EntityApp::checkTickPeriod: tick took 19666% (19.67 seconds)!
  INFO root [0x000418a8] [2017-11-16 20:40:42,404] - Components::findComponents: find logger(1)...
  INFO root [0x000418a8] [2017-11-16 20:40:42,509] - Components::findComponents: found logger, addr:172.16.4.154:49538
  INFO root [0x000418a8] [2017-11-16 20:40:42,509] - Components::addComponent: reset orderLog, uid=1001!
  INFO root [0x000418a8] [2017-11-16 20:40:42,509] - Components::addComponent[logger], uid=1001, componentID=2000, globalorderid=1, grouporderid=1, totalcount=1
  INFO root [0x000418a8] [2017-11-16 20:40:42,510] - Components::findComponents: find dbmgr(2)...
  INFO root [0x000418a8] [2017-11-16 20:40:42,635] - Components::findComponents: found dbmgr, addr:172.16.4.154:49539
  INFO root [0x000418a8] [2017-11-16 20:40:42,635] - Components::addComponent: reset orderLog, uid=1001!
  INFO root [0x000418a8] [2017-11-16 20:40:42,636] - Components::addComponent[dbmgr], uid=1001, componentID=4000, globalorderid=1, grouporderid=1, totalcount=1
  INFO root [0x000418a8] [2017-11-16 20:40:42,636] - Components::findComponents: found dbmgr, addr:172.16.4.154:49539
  WARN root [0x000418a8] [2017-11-16 20:40:43,636] - EntityApp::checkTickPeriod: tick took 3833% (3.83 seconds)!
  WARN root [0x000418a8] [2017-11-16 20:40:43,636] - Forwarding logs to logger[172.16.4.154:49538/0/0/0]...
 ERROR root [0x000418a8] [2017-11-16 20:42:02,407] - Components::removeComponentByChannel: logger : 2000, Abnormal exit! errorno=10054
  INFO root [0x000418a8] [2017-11-16 20:42:02,412] - The following logs sent to logger failed:
  WARN root [0x000418a8] [2017-11-16 20:42:02,412] - ==> [2017-11-16 20:42:02 403] TCPPacketReceiver::processPendingEvents(172.16.4.154:49538): Throwing REASON_GENERAL_NETWORK - WSAECONNRESET
 ERROR root [0x000418a8] [2017-11-16 20:42:02,412] - ==> [2017-11-16 20:42:02 408] Components::removeComponentByChannel: logger : 2000, Abnormal exit! errorno=10054
  WARN root [0x000418a8] [2017-11-16 20:42:02,633] - TCPPacketReceiver::processPendingEvents(172.16.4.154:49539): Throwing REASON_GENERAL_NETWORK - WSAECONNRESET
 ERROR root [0x000418a8] [2017-11-16 20:42:02,638] - Components::removeComponentByChannel: dbmgr : 4000, Abnormal exit! errorno=10054
  INFO root [0x000418a8] [2017-11-16 20:42:02,644] - Shutdowner::onShutdownBegin: shutting down(period=0, tickPeriod=1)
  INFO root [0x000418a8] [2017-11-16 20:42:02,645] - Shutdowner::onShutdown: shutting down
  INFO root [0x000418a8] [2017-11-16 20:42:02,645] - Shutdowner::onShutdownEnd: shutting down
 DEBUG root [0x000418a8] [2017-11-16 20:42:02,645] - EntityRef::destroyObjPool(): size 0.
 DEBUG root [0x000418a8] [2017-11-16 20:42:02,646] - Witness::destroyObjPool(): size 0.
 DEBUG root [0x000418a8] [2017-11-16 20:42:02,656] - Script::uninstall_py_dlls(): PyInit_pyexpat
 DEBUG root [0x000418a8] [2017-11-16 20:42:02,656] - Script::uninstall_py_dlls(): PyInit__socket
 DEBUG root [0x000418a8] [2017-11-16 20:42:02,656] - Script::uninstall_py_dlls(): PyInit__hashlib
 DEBUG root [0x000418a8] [2017-11-16 20:42:02,656] - Script::uninstall_py_dlls(): PyInit_select
 DEBUG root [0x000418a8] [2017-11-16 20:42:02,656] - Script::uninstall_py_dlls(): PyInit__ctypes
 DEBUG root [0x000418a8] [2017-11-16 20:42:02,656] - Script::uninstall_py_dlls(): PyInit__elementtree
 DEBUG root [0x000418a8] [2017-11-16 20:42:02,656] - Script::uninstall_py_dlls(): PyInit_unicodedata
  INFO root [0x000418a8] [2017-11-16 20:42:02,668] - Script::uninstall(): is successfully!
 DEBUG root [0x000418a8] [2017-11-16 20:42:02,669] - ThreadPool::destroy(): starting size 2.
  WARN root [0x000418a8] [2017-11-16 20:42:02,970] - ThreadPool::destroy(): waiting for thread(2)[0xcfbb28,0xcfbe68,], try=1
 DEBUG root [0x000418a8] [2017-11-16 20:42:03,371] - TPThread::~TPThread(): 0xcfbb28
 DEBUG root [0x000418a8] [2017-11-16 20:42:03,371] - TPThread::~TPThread(): 0xcfbe68
 DEBUG root [0x000418a8] [2017-11-16 20:42:03,371] - ThreadPool::destroy(): successfully!
 DEBUG root [0x000418a8] [2017-11-16 20:42:03,371] - Bundle::destroyObjPool(): size 28.
 DEBUG root [0x000418a8] [2017-11-16 20:42:03,371] - Channel::destroyObjPool(): size 13.
 DEBUG root [0x000418a8] [2017-11-16 20:42:03,371] - TCPPacket::destroyObjPool(): size 27.
 DEBUG root [0x000418a8] [2017-11-16 20:42:03,371] - UDPPacket::destroyObjPool(): size 13.
 DEBUG root [0x000418a8] [2017-11-16 20:42:03,372] - EndPoint::destroyObjPool(): size 13.
 DEBUG root [0x000418a8] [2017-11-16 20:42:03,372] - Address::destroyObjPool(): size 0.
 DEBUG root [0x000418a8] [2017-11-16 20:42:03,372] - TCPPacketReceiver::destroyObjPool(): size 0.
 DEBUG root [0x000418a8] [2017-11-16 20:42:03,372] - UDPPacketReceiver::destroyObjPool(): size 0.
  INFO root [0x000418a8] [2017-11-16 20:42:03,372] - cellapp(8001) has shut down.
  INFO root [0x0003ef94] [2017-11-16 20:42:10,478] - 
  INFO root [0x0003ef94] [2017-11-16 20:42:10,478] - -----------------------------------------------------------------------------------------


  INFO root [0x0003ef94] [2017-11-16 20:42:10,479] - Resmgr::initialize: KBE_ROOT=C:/Users/hyc/Desktop/kbengine/
  INFO root [0x0003ef94] [2017-11-16 20:42:10,479] - Resmgr::initialize: KBE_RES_PATH=C:/Users/hyc/Desktop/kbengine/kbe/res/;C:/Users/hyc/Desktop/kbengine/llgame/;C:/Users/hyc/Desktop/kbengine/llgame/scripts/;C:/Users/hyc/Desktop/kbengine/llgame/res/
  INFO root [0x0003ef94] [2017-11-16 20:42:10,479] - Resmgr::initialize: KBE_BIN_PATH=C:/Users/hyc/Desktop/kbengine/kbe/bin/server/
  INFO root [0x0003ef94] [2017-11-16 20:42:10,481] - NetworkInterface::recreateListeningSocket(INTERNAL): bound to all interfaces with default route interface on 172.16.4.154 ( 172.16.4.154:49606 )
  INFO root [0x0003ef94] [2017-11-16 20:42:10,481] - NetworkInterface::recreateListeningSocket(INTERNAL): address 172.16.4.154:49606, SOMAXCONN=5.
  INFO root [0x0003ef94] [2017-11-16 20:42:10,481] - server-configs:
  INFO root [0x0003ef94] [2017-11-16 20:42:10,481] - 	gameUpdateHertz : 30
  INFO root [0x0003ef94] [2017-11-16 20:42:10,481] - 	defaultAoIRadius : 80
  INFO root [0x0003ef94] [2017-11-16 20:42:10,481] - 	defaultAoIHysteresisArea : 5
  INFO root [0x0003ef94] [2017-11-16 20:42:10,481] - 	entryScriptFile : kbemain
  INFO root [0x0003ef94] [2017-11-16 20:42:10,481] - 	internalAddr : 172.16.4.154:49606
  INFO root [0x0003ef94] [2017-11-16 20:42:10,481] - 	componentID : 8001
  INFO root [0x0003ef94] [2017-11-16 20:42:10,998] - Components::findLogger: found logger, addr:172.16.4.154:49601
  INFO root [0x0003ef94] [2017-11-16 20:42:10,999] - Components::addComponent: reset orderLog, uid=1001!
  INFO root [0x0003ef94] [2017-11-16 20:42:10,999] - Components::addComponent[logger], uid=1001, componentID=2000, globalorderid=1, grouporderid=1, totalcount=1
  INFO root [0x0003ef94] [2017-11-16 20:42:11,019] - ---- cellapp Version: 0.9.12. ScriptVersion: 0.1.0. Protocol: C77B6766B19115577F49043447D592A7. Config: Debug X86. Built: 16:14:48 Jul  7 2017. AppID: 8001. UID: 1001. PID: 268916 ----
  INFO root [0x0003ef94] [2017-11-16 20:42:11,020] - Server : Intel(R) Core(TM) i5-4590 CPU @ 3.30GHz with 4194303kB RAM
  INFO root [0x0003ef94] [2017-11-16 20:42:11,021] - ThreadPool::createThreadPool: creating  threadpool...
  INFO root [0x0003ef94] [2017-11-16 20:42:11,021] - ThreadPool::createThreadPool: successfully(2), newThreadCount=1, normalMaxThreadCount=2, maxThreadCount=8
 DEBUG root [0x0003ef94] [2017-11-16 20:42:11,150] - Script::install_py_dlls(): PyInit_pyexpat
 DEBUG root [0x0003ef94] [2017-11-16 20:42:11,150] - Script::install_py_dlls(): PyInit__socket
 DEBUG root [0x0003ef94] [2017-11-16 20:42:11,150] - Script::install_py_dlls(): PyInit__hashlib
 DEBUG root [0x0003ef94] [2017-11-16 20:42:11,152] - Script::install_py_dlls(): PyInit_select
 DEBUG root [0x0003ef94] [2017-11-16 20:42:11,152] - Script::install_py_dlls(): PyInit__ctypes
 DEBUG root [0x0003ef94] [2017-11-16 20:42:11,153] - Script::install_py_dlls(): PyInit__elementtree
 DEBUG root [0x0003ef94] [2017-11-16 20:42:11,185] - Script::install_py_dlls(): PyInit_unicodedata
  INFO root [0x0003ef94] [2017-11-16 20:42:11,216] - Script::install(): is successfully, Python=(3.4.2 (default, Jul  7 2017, 16:13:58) [MSC v.1800 32 bit (Intel)])!
  INFO root [0x0003ef94] [2017-11-16 20:42:11,216] - Script::install(): KBExtra is successfully!
SCRIPT root [0x0003ef94] [2017-11-16 20:42:11,275] - 3
 DEBUG root [0x0003ef94] [2017-11-16 20:42:11,277] - loaded script:DdzAvatar(2).
SCRIPT root [0x0003ef94] [2017-11-16 20:42:11,288] - 1
 DEBUG root [0x0003ef94] [2017-11-16 20:42:11,288] - loaded script:DdzRoom(7).
 DEBUG root [0x0003ef94] [2017-11-16 20:42:11,291] - loaded script:ZjhRoom(9).
  INFO root [0x0003ef94] [2017-11-16 20:42:11,292] - TelnetServer server is running on port 50000
  INFO root [0x0003ef94] [2017-11-16 20:42:11,526] - ---- cellapp is running ----
 DEBUG root [0x0003ef94] [2017-11-16 20:42:11,527] - Components::process(): Request for the process of identity...
  WARN root [0x0003ef94] [2017-11-16 20:42:17,987] - Forwarding logs to logger[172.16.4.154:49601/0/0/0]...
 ERROR root [0x0003ef94] [2017-11-16 20:43:34,821] - Components::removeComponentByChannel: logger : 2000, Abnormal exit! errorno=10054
  INFO root [0x0003ef94] [2017-11-16 20:43:34,829] - The following logs sent to logger failed:
  WARN root [0x0003ef94] [2017-11-16 20:43:34,829] - ==> [2017-11-16 20:43:34 815] TCPPacketReceiver::processPendingEvents(172.16.4.154:49601): Throwing REASON_GENERAL_NETWORK - WSAECONNRESET
 ERROR root [0x0003ef94] [2017-11-16 20:43:34,829] - ==> [2017-11-16 20:43:34 822] Components::removeComponentByChannel: logger : 2000, Abnormal exit! errorno=10054
  WARN root [0x0003ef94] [2017-11-16 20:43:35,152] - TCPPacketReceiver::processPendingEvents(172.16.4.154:49602): Throwing REASON_GENERAL_NETWORK - WSAECONNRESET
 ERROR root [0x0003ef94] [2017-11-16 20:43:35,155] - Components::removeComponentByChannel: dbmgr : 4000, Abnormal exit! errorno=10054
  INFO root [0x0003ef94] [2017-11-16 20:43:35,165] - Shutdowner::onShutdownBegin: shutting down(period=0, tickPeriod=1)
  INFO root [0x0003ef94] [2017-11-16 20:43:35,167] - Shutdowner::onShutdown: shutting down
  INFO root [0x0003ef94] [2017-11-16 20:43:35,167] - Shutdowner::onShutdownEnd: shutting down
 DEBUG root [0x0003ef94] [2017-11-16 20:43:35,168] - EntityRef::destroyObjPool(): size 0.
 DEBUG root [0x0003ef94] [2017-11-16 20:43:35,168] - Witness::destroyObjPool(): size 0.
 DEBUG root [0x0003ef94] [2017-11-16 20:43:35,178] - Script::uninstall_py_dlls(): PyInit_pyexpat
 DEBUG root [0x0003ef94] [2017-11-16 20:43:35,178] - Script::uninstall_py_dlls(): PyInit__socket
 DEBUG root [0x0003ef94] [2017-11-16 20:43:35,178] - Script::uninstall_py_dlls(): PyInit__hashlib
 DEBUG root [0x0003ef94] [2017-11-16 20:43:35,178] - Script::uninstall_py_dlls(): PyInit_select
 DEBUG root [0x0003ef94] [2017-11-16 20:43:35,178] - Script::uninstall_py_dlls(): PyInit__ctypes
 DEBUG root [0x0003ef94] [2017-11-16 20:43:35,178] - Script::uninstall_py_dlls(): PyInit__elementtree
 DEBUG root [0x0003ef94] [2017-11-16 20:43:35,178] - Script::uninstall_py_dlls(): PyInit_unicodedata
  INFO root [0x0003ef94] [2017-11-16 20:43:35,190] - Script::uninstall(): is successfully!
 DEBUG root [0x0003ef94] [2017-11-16 20:43:35,190] - ThreadPool::destroy(): starting size 2.
  WARN root [0x0003ef94] [2017-11-16 20:43:35,492] - ThreadPool::destroy(): waiting for thread(2)[0xe0b780,0xe0b7e8,], try=1
 DEBUG root [0x0003ef94] [2017-11-16 20:43:35,893] - TPThread::~TPThread(): 0xe0b780
 DEBUG root [0x0003ef94] [2017-11-16 20:43:35,893] - TPThread::~TPThread(): 0xe0b7e8
 DEBUG root [0x0003ef94] [2017-11-16 20:43:35,893] - ThreadPool::destroy(): successfully!
 DEBUG root [0x0003ef94] [2017-11-16 20:43:35,893] - Bundle::destroyObjPool(): size 28.
 DEBUG root [0x0003ef94] [2017-11-16 20:43:35,893] - Channel::destroyObjPool(): size 13.
 DEBUG root [0x0003ef94] [2017-11-16 20:43:35,893] - TCPPacket::destroyObjPool(): size 11.
 DEBUG root [0x0003ef94] [2017-11-16 20:43:35,893] - UDPPacket::destroyObjPool(): size 0.
 DEBUG root [0x0003ef94] [2017-11-16 20:43:35,893] - EndPoint::destroyObjPool(): size 13.
 DEBUG root [0x0003ef94] [2017-11-16 20:43:35,894] - Address::destroyObjPool(): size 0.
 DEBUG root [0x0003ef94] [2017-11-16 20:43:35,894] - TCPPacketReceiver::destroyObjPool(): size 0.
 DEBUG root [0x0003ef94] [2017-11-16 20:43:35,894] - UDPPacketReceiver::destroyObjPool(): size 0.
  INFO root [0x0003ef94] [2017-11-16 20:43:35,894] - cellapp(8001) has shut down.
  INFO root [0x00045cdc] [2017-11-16 20:50:10,483] - 
  INFO root [0x00045cdc] [2017-11-16 20:50:10,483] - -----------------------------------------------------------------------------------------


  INFO root [0x00045cdc] [2017-11-16 20:50:10,484] - Resmgr::initialize: KBE_ROOT=C:/Users/hyc/Desktop/kbengine/
  INFO root [0x00045cdc] [2017-11-16 20:50:10,484] - Resmgr::initialize: KBE_RES_PATH=C:/Users/hyc/Desktop/kbengine/kbe/res/;C:/Users/hyc/Desktop/kbengine/llgame/;C:/Users/hyc/Desktop/kbengine/llgame/scripts/;C:/Users/hyc/Desktop/kbengine/llgame/res/
  INFO root [0x00045cdc] [2017-11-16 20:50:10,484] - Resmgr::initialize: KBE_BIN_PATH=C:/Users/hyc/Desktop/kbengine/kbe/bin/server/
  INFO root [0x00045cdc] [2017-11-16 20:50:10,486] - NetworkInterface::recreateListeningSocket(INTERNAL): bound to all interfaces with default route interface on 172.16.4.154 ( 172.16.4.154:49713 )
  INFO root [0x00045cdc] [2017-11-16 20:50:10,486] - NetworkInterface::recreateListeningSocket(INTERNAL): address 172.16.4.154:49713, SOMAXCONN=5.
  INFO root [0x00045cdc] [2017-11-16 20:50:10,486] - server-configs:
  INFO root [0x00045cdc] [2017-11-16 20:50:10,486] - 	gameUpdateHertz : 30
  INFO root [0x00045cdc] [2017-11-16 20:50:10,486] - 	defaultAoIRadius : 80
  INFO root [0x00045cdc] [2017-11-16 20:50:10,486] - 	defaultAoIHysteresisArea : 5
  INFO root [0x00045cdc] [2017-11-16 20:50:10,486] - 	entryScriptFile : kbemain
  INFO root [0x00045cdc] [2017-11-16 20:50:10,486] - 	internalAddr : 172.16.4.154:49713
  INFO root [0x00045cdc] [2017-11-16 20:50:10,486] - 	componentID : 8001
  INFO root [0x00045cdc] [2017-11-16 20:50:10,964] - Components::findLogger: found logger, addr:172.16.4.154:49708
  INFO root [0x00045cdc] [2017-11-16 20:50:10,965] - Components::addComponent: reset orderLog, uid=1001!
  INFO root [0x00045cdc] [2017-11-16 20:50:10,965] - Components::addComponent[logger], uid=1001, componentID=2000, globalorderid=1, grouporderid=1, totalcount=1
  INFO root [0x00045cdc] [2017-11-16 20:50:10,969] - ---- cellapp Version: 0.9.12. ScriptVersion: 0.1.0. Protocol: C77B6766B19115577F49043447D592A7. Config: Debug X86. Built: 16:14:48 Jul  7 2017. AppID: 8001. UID: 1001. PID: 258184 ----
  INFO root [0x00045cdc] [2017-11-16 20:50:10,969] - Server : Intel(R) Core(TM) i5-4590 CPU @ 3.30GHz with 4194303kB RAM
  INFO root [0x00045cdc] [2017-11-16 20:50:10,969] - ThreadPool::createThreadPool: creating  threadpool...
  INFO root [0x00045cdc] [2017-11-16 20:50:10,970] - ThreadPool::createThreadPool: successfully(2), newThreadCount=1, normalMaxThreadCount=2, maxThreadCount=8
 DEBUG root [0x00045cdc] [2017-11-16 20:50:11,100] - Script::install_py_dlls(): PyInit_pyexpat
 DEBUG root [0x00045cdc] [2017-11-16 20:50:11,100] - Script::install_py_dlls(): PyInit__socket
 DEBUG root [0x00045cdc] [2017-11-16 20:50:11,100] - Script::install_py_dlls(): PyInit__hashlib
 DEBUG root [0x00045cdc] [2017-11-16 20:50:11,102] - Script::install_py_dlls(): PyInit_select
 DEBUG root [0x00045cdc] [2017-11-16 20:50:11,102] - Script::install_py_dlls(): PyInit__ctypes
 DEBUG root [0x00045cdc] [2017-11-16 20:50:11,103] - Script::install_py_dlls(): PyInit__elementtree
 DEBUG root [0x00045cdc] [2017-11-16 20:50:11,135] - Script::install_py_dlls(): PyInit_unicodedata
  INFO root [0x00045cdc] [2017-11-16 20:50:11,166] - Script::install(): is successfully, Python=(3.4.2 (default, Jul  7 2017, 16:13:58) [MSC v.1800 32 bit (Intel)])!
  INFO root [0x00045cdc] [2017-11-16 20:50:11,166] - Script::install(): KBExtra is successfully!
SCRIPT root [0x00045cdc] [2017-11-16 20:50:11,226] - 3
 DEBUG root [0x00045cdc] [2017-11-16 20:50:11,228] - loaded script:DdzAvatar(2).
SCRIPT root [0x00045cdc] [2017-11-16 20:50:11,240] - 1
 DEBUG root [0x00045cdc] [2017-11-16 20:50:11,240] - loaded script:DdzRoom(7).
 DEBUG root [0x00045cdc] [2017-11-16 20:50:11,243] - loaded script:ZjhRoom(9).
  INFO root [0x00045cdc] [2017-11-16 20:50:11,243] - TelnetServer server is running on port 50000
  INFO root [0x00045cdc] [2017-11-16 20:50:11,477] - ---- cellapp is running ----
 DEBUG root [0x00045cdc] [2017-11-16 20:50:11,477] - Components::process(): Request for the process of identity...
  WARN root [0x00045cdc] [2017-11-16 20:50:17,925] - Forwarding logs to logger[172.16.4.154:49708/0/0/0]...
 ERROR root [0x00045cdc] [2017-11-16 20:50:41,285] - Components::removeComponentByChannel: logger : 2000, Abnormal exit! errorno=10054
  INFO root [0x00045cdc] [2017-11-16 20:50:41,301] - The following logs sent to logger failed:
  WARN root [0x00045cdc] [2017-11-16 20:50:41,301] - ==> [2017-11-16 20:50:41 276] TCPPacketReceiver::processPendingEvents(172.16.4.154:49708): Throwing REASON_GENERAL_NETWORK - WSAECONNRESET
 ERROR root [0x00045cdc] [2017-11-16 20:50:41,301] - ==> [2017-11-16 20:50:41 286] Components::removeComponentByChannel: logger : 2000, Abnormal exit! errorno=10054
  WARN root [0x00045cdc] [2017-11-16 20:50:41,582] - TCPPacketReceiver::processPendingEvents(172.16.4.154:49709): Throwing REASON_GENERAL_NETWORK - WSAECONNRESET
 ERROR root [0x00045cdc] [2017-11-16 20:50:41,585] - Components::removeComponentByChannel: dbmgr : 4000, Abnormal exit! errorno=10054
  INFO root [0x00045cdc] [2017-11-16 20:50:41,591] - Shutdowner::onShutdownBegin: shutting down(period=0, tickPeriod=1)
  INFO root [0x00045cdc] [2017-11-16 20:50:41,591] - Shutdowner::onShutdown: shutting down
  INFO root [0x00045cdc] [2017-11-16 20:50:41,591] - Shutdowner::onShutdownEnd: shutting down
 DEBUG root [0x00045cdc] [2017-11-16 20:50:41,592] - EntityRef::destroyObjPool(): size 0.
 DEBUG root [0x00045cdc] [2017-11-16 20:50:41,592] - Witness::destroyObjPool(): size 0.
 DEBUG root [0x00045cdc] [2017-11-16 20:50:41,602] - Script::uninstall_py_dlls(): PyInit_pyexpat
 DEBUG root [0x00045cdc] [2017-11-16 20:50:41,602] - Script::uninstall_py_dlls(): PyInit__socket
 DEBUG root [0x00045cdc] [2017-11-16 20:50:41,602] - Script::uninstall_py_dlls(): PyInit__hashlib
 DEBUG root [0x00045cdc] [2017-11-16 20:50:41,602] - Script::uninstall_py_dlls(): PyInit_select
 DEBUG root [0x00045cdc] [2017-11-16 20:50:41,602] - Script::uninstall_py_dlls(): PyInit__ctypes
 DEBUG root [0x00045cdc] [2017-11-16 20:50:41,602] - Script::uninstall_py_dlls(): PyInit__elementtree
 DEBUG root [0x00045cdc] [2017-11-16 20:50:41,603] - Script::uninstall_py_dlls(): PyInit_unicodedata
  INFO root [0x00045cdc] [2017-11-16 20:50:41,615] - Script::uninstall(): is successfully!
 DEBUG root [0x00045cdc] [2017-11-16 20:50:41,615] - ThreadPool::destroy(): starting size 2.
  WARN root [0x00045cdc] [2017-11-16 20:50:41,916] - ThreadPool::destroy(): waiting for thread(2)[0x76b9f0,0x76b510,], try=1
 DEBUG root [0x00045cdc] [2017-11-16 20:50:42,317] - TPThread::~TPThread(): 0x76b9f0
 DEBUG root [0x00045cdc] [2017-11-16 20:50:42,317] - TPThread::~TPThread(): 0x76b510
 DEBUG root [0x00045cdc] [2017-11-16 20:50:42,317] - ThreadPool::destroy(): successfully!
 DEBUG root [0x00045cdc] [2017-11-16 20:50:42,317] - Bundle::destroyObjPool(): size 28.
 DEBUG root [0x00045cdc] [2017-11-16 20:50:42,317] - Channel::destroyObjPool(): size 13.
 DEBUG root [0x00045cdc] [2017-11-16 20:50:42,317] - TCPPacket::destroyObjPool(): size 11.
 DEBUG root [0x00045cdc] [2017-11-16 20:50:42,317] - UDPPacket::destroyObjPool(): size 15.
 DEBUG root [0x00045cdc] [2017-11-16 20:50:42,318] - EndPoint::destroyObjPool(): size 13.
 DEBUG root [0x00045cdc] [2017-11-16 20:50:42,318] - Address::destroyObjPool(): size 0.
 DEBUG root [0x00045cdc] [2017-11-16 20:50:42,318] - TCPPacketReceiver::destroyObjPool(): size 0.
 DEBUG root [0x00045cdc] [2017-11-16 20:50:42,318] - UDPPacketReceiver::destroyObjPool(): size 0.
  INFO root [0x00045cdc] [2017-11-16 20:50:42,318] - cellapp(8001) has shut down.
  INFO root [0x0003b118] [2017-11-16 20:50:45,396] - 
  INFO root [0x0003b118] [2017-11-16 20:50:45,396] - -----------------------------------------------------------------------------------------


  INFO root [0x0003b118] [2017-11-16 20:50:45,397] - Resmgr::initialize: KBE_ROOT=C:/Users/hyc/Desktop/kbengine/
  INFO root [0x0003b118] [2017-11-16 20:50:45,397] - Resmgr::initialize: KBE_RES_PATH=C:/Users/hyc/Desktop/kbengine/kbe/res/;C:/Users/hyc/Desktop/kbengine/llgame/;C:/Users/hyc/Desktop/kbengine/llgame/scripts/;C:/Users/hyc/Desktop/kbengine/llgame/res/
  INFO root [0x0003b118] [2017-11-16 20:50:45,397] - Resmgr::initialize: KBE_BIN_PATH=C:/Users/hyc/Desktop/kbengine/kbe/bin/server/
  INFO root [0x0003b118] [2017-11-16 20:50:45,398] - NetworkInterface::recreateListeningSocket(INTERNAL): bound to all interfaces with default route interface on 172.16.4.154 ( 172.16.4.154:49760 )
  INFO root [0x0003b118] [2017-11-16 20:50:45,399] - NetworkInterface::recreateListeningSocket(INTERNAL): address 172.16.4.154:49760, SOMAXCONN=5.
  INFO root [0x0003b118] [2017-11-16 20:50:45,399] - server-configs:
  INFO root [0x0003b118] [2017-11-16 20:50:45,399] - 	gameUpdateHertz : 30
  INFO root [0x0003b118] [2017-11-16 20:50:45,399] - 	defaultAoIRadius : 80
  INFO root [0x0003b118] [2017-11-16 20:50:45,399] - 	defaultAoIHysteresisArea : 5
  INFO root [0x0003b118] [2017-11-16 20:50:45,399] - 	entryScriptFile : kbemain
  INFO root [0x0003b118] [2017-11-16 20:50:45,399] - 	internalAddr : 172.16.4.154:49760
  INFO root [0x0003b118] [2017-11-16 20:50:45,399] - 	componentID : 8001
  INFO root [0x0003b118] [2017-11-16 20:50:45,770] - Components::findLogger: found logger, addr:172.16.4.154:49755
  INFO root [0x0003b118] [2017-11-16 20:50:45,770] - Components::addComponent: reset orderLog, uid=1001!
  INFO root [0x0003b118] [2017-11-16 20:50:45,771] - Components::addComponent[logger], uid=1001, componentID=2000, globalorderid=1, grouporderid=1, totalcount=1
  INFO root [0x0003b118] [2017-11-16 20:50:45,775] - ---- cellapp Version: 0.9.12. ScriptVersion: 0.1.0. Protocol: C77B6766B19115577F49043447D592A7. Config: Debug X86. Built: 16:14:48 Jul  7 2017. AppID: 8001. UID: 1001. PID: 259096 ----
  INFO root [0x0003b118] [2017-11-16 20:50:45,775] - Server : Intel(R) Core(TM) i5-4590 CPU @ 3.30GHz with 4194303kB RAM
  INFO root [0x0003b118] [2017-11-16 20:50:45,775] - ThreadPool::createThreadPool: creating  threadpool...
  INFO root [0x0003b118] [2017-11-16 20:50:45,776] - ThreadPool::createThreadPool: successfully(2), newThreadCount=1, normalMaxThreadCount=2, maxThreadCount=8
 DEBUG root [0x0003b118] [2017-11-16 20:50:45,904] - Script::install_py_dlls(): PyInit_pyexpat
 DEBUG root [0x0003b118] [2017-11-16 20:50:45,904] - Script::install_py_dlls(): PyInit__socket
 DEBUG root [0x0003b118] [2017-11-16 20:50:45,905] - Script::install_py_dlls(): PyInit__hashlib
 DEBUG root [0x0003b118] [2017-11-16 20:50:45,906] - Script::install_py_dlls(): PyInit_select
 DEBUG root [0x0003b118] [2017-11-16 20:50:45,906] - Script::install_py_dlls(): PyInit__ctypes
 DEBUG root [0x0003b118] [2017-11-16 20:50:45,907] - Script::install_py_dlls(): PyInit__elementtree
 DEBUG root [0x0003b118] [2017-11-16 20:50:45,939] - Script::install_py_dlls(): PyInit_unicodedata
  INFO root [0x0003b118] [2017-11-16 20:50:45,971] - Script::install(): is successfully, Python=(3.4.2 (default, Jul  7 2017, 16:13:58) [MSC v.1800 32 bit (Intel)])!
  INFO root [0x0003b118] [2017-11-16 20:50:45,971] - Script::install(): KBExtra is successfully!
SCRIPT root [0x0003b118] [2017-11-16 20:50:46,040] - 3
 DEBUG root [0x0003b118] [2017-11-16 20:50:46,043] - loaded script:DdzAvatar(2).
SCRIPT root [0x0003b118] [2017-11-16 20:50:46,056] - 1
 DEBUG root [0x0003b118] [2017-11-16 20:50:46,056] - loaded script:DdzRoom(7).
 DEBUG root [0x0003b118] [2017-11-16 20:50:46,059] - loaded script:ZjhRoom(9).
  INFO root [0x0003b118] [2017-11-16 20:50:46,060] - TelnetServer server is running on port 50000
  INFO root [0x0003b118] [2017-11-16 20:50:46,339] - ---- cellapp is running ----
 DEBUG root [0x0003b118] [2017-11-16 20:50:46,339] - Components::process(): Request for the process of identity...
  INFO root [0x000210c0] [2017-11-16 20:50:55,683] - 
  INFO root [0x000210c0] [2017-11-16 20:50:55,684] - -----------------------------------------------------------------------------------------


  INFO root [0x000210c0] [2017-11-16 20:50:55,684] - Resmgr::initialize: KBE_ROOT=C:/Users/hyc/Desktop/kbengine/
  INFO root [0x000210c0] [2017-11-16 20:50:55,684] - Resmgr::initialize: KBE_RES_PATH=C:/Users/hyc/Desktop/kbengine/kbe/res/;C:/Users/hyc/Desktop/kbengine/llgame/;C:/Users/hyc/Desktop/kbengine/llgame/scripts/;C:/Users/hyc/Desktop/kbengine/llgame/res/
  INFO root [0x000210c0] [2017-11-16 20:50:55,684] - Resmgr::initialize: KBE_BIN_PATH=C:/Users/hyc/Desktop/kbengine/kbe/bin/server/
  INFO root [0x000210c0] [2017-11-16 20:50:55,686] - NetworkInterface::recreateListeningSocket(INTERNAL): bound to all interfaces with default route interface on 172.16.4.154 ( 172.16.4.154:49777 )
  INFO root [0x000210c0] [2017-11-16 20:50:55,686] - NetworkInterface::recreateListeningSocket(INTERNAL): address 172.16.4.154:49777, SOMAXCONN=5.
  INFO root [0x000210c0] [2017-11-16 20:50:55,686] - server-configs:
  INFO root [0x000210c0] [2017-11-16 20:50:55,687] - 	gameUpdateHertz : 30
  INFO root [0x000210c0] [2017-11-16 20:50:55,687] - 	defaultAoIRadius : 80
  INFO root [0x000210c0] [2017-11-16 20:50:55,687] - 	defaultAoIHysteresisArea : 5
  INFO root [0x000210c0] [2017-11-16 20:50:55,687] - 	entryScriptFile : kbemain
  INFO root [0x000210c0] [2017-11-16 20:50:55,687] - 	internalAddr : 172.16.4.154:49777
  INFO root [0x000210c0] [2017-11-16 20:50:55,687] - 	componentID : 8001
  WARN root [0x000210c0] [2017-11-16 20:50:56,028] - BundleBroadcast::BundleBroadcast: Cannot bind to port 20026, errorno=10048
  INFO root [0x000210c0] [2017-11-16 20:50:56,031] - ---- cellapp Version: 0.9.12. ScriptVersion: 0.1.0. Protocol: C77B6766B19115577F49043447D592A7. Config: Debug X86. Built: 16:14:48 Jul  7 2017. AppID: 8001. UID: 1001. PID: 258480 ----
  INFO root [0x000210c0] [2017-11-16 20:50:56,032] - Server : Intel(R) Core(TM) i5-4590 CPU @ 3.30GHz with 4194303kB RAM
  INFO root [0x000210c0] [2017-11-16 20:50:56,032] - ThreadPool::createThreadPool: creating  threadpool...
  INFO root [0x000210c0] [2017-11-16 20:50:56,033] - ThreadPool::createThreadPool: successfully(2), newThreadCount=1, normalMaxThreadCount=2, maxThreadCount=8
 DEBUG root [0x000210c0] [2017-11-16 20:50:56,162] - Script::install_py_dlls(): PyInit_pyexpat
 DEBUG root [0x000210c0] [2017-11-16 20:50:56,163] - Script::install_py_dlls(): PyInit__socket
 DEBUG root [0x000210c0] [2017-11-16 20:50:56,163] - Script::install_py_dlls(): PyInit__hashlib
 DEBUG root [0x000210c0] [2017-11-16 20:50:56,165] - Script::install_py_dlls(): PyInit_select
 DEBUG root [0x000210c0] [2017-11-16 20:50:56,165] - Script::install_py_dlls(): PyInit__ctypes
 DEBUG root [0x000210c0] [2017-11-16 20:50:56,165] - Script::install_py_dlls(): PyInit__elementtree
 DEBUG root [0x000210c0] [2017-11-16 20:50:56,197] - Script::install_py_dlls(): PyInit_unicodedata
  INFO root [0x000210c0] [2017-11-16 20:50:56,228] - Script::install(): is successfully, Python=(3.4.2 (default, Jul  7 2017, 16:13:58) [MSC v.1800 32 bit (Intel)])!
  INFO root [0x000210c0] [2017-11-16 20:50:56,228] - Script::install(): KBExtra is successfully!
SCRIPT root [0x000210c0] [2017-11-16 20:50:56,286] - 3
 DEBUG root [0x000210c0] [2017-11-16 20:50:56,289] - loaded script:DdzAvatar(2).
SCRIPT root [0x000210c0] [2017-11-16 20:50:56,300] - 1
 DEBUG root [0x000210c0] [2017-11-16 20:50:56,300] - loaded script:DdzRoom(7).
 DEBUG root [0x000210c0] [2017-11-16 20:50:56,303] - loaded script:ZjhRoom(9).
  INFO root [0x000210c0] [2017-11-16 20:50:56,303] - TelnetServer server is running on port 50000
  INFO root [0x000210c0] [2017-11-16 20:50:56,546] - ---- cellapp is running ----
 DEBUG root [0x000210c0] [2017-11-16 20:50:56,547] - Components::process(): Request for the process of identity...
  WARN root [0x000210c0] [2017-11-16 20:51:02,986] - EntityApp::checkTickPeriod: tick took 19512% (19.51 seconds)!
  INFO root [0x000210c0] [2017-11-16 20:51:04,014] - Components::findComponents: find logger(1)...
  INFO root [0x000210c0] [2017-11-16 20:51:04,066] - Components::findComponents: found logger, addr:172.16.4.154:49774
  INFO root [0x000210c0] [2017-11-16 20:51:04,066] - Components::addComponent: reset orderLog, uid=1001!
  INFO root [0x000210c0] [2017-11-16 20:51:04,066] - Components::addComponent[logger], uid=1001, componentID=2000, globalorderid=1, grouporderid=1, totalcount=1
  INFO root [0x000210c0] [2017-11-16 20:51:04,067] - Components::findComponents: find dbmgr(2)...
  INFO root [0x000210c0] [2017-11-16 20:51:04,181] - Components::findComponents: found dbmgr, addr:172.16.4.154:49778
  INFO root [0x000210c0] [2017-11-16 20:51:04,181] - Components::addComponent: reset orderLog, uid=1001!
  INFO root [0x000210c0] [2017-11-16 20:51:04,181] - Components::addComponent[dbmgr], uid=1001, componentID=4000, globalorderid=1, grouporderid=1, totalcount=1
  INFO root [0x000210c0] [2017-11-16 20:51:04,181] - Components::findComponents: found dbmgr, addr:172.16.4.154:49778
  WARN root [0x000210c0] [2017-11-16 20:51:05,181] - EntityApp::checkTickPeriod: tick took 3639% (3.64 seconds)!
  WARN root [0x000210c0] [2017-11-16 20:51:05,181] - Forwarding logs to logger[172.16.4.154:49774/0/0/0]...
