 ERROR root [0x0001bb78] [2017-11-09 18:36:40,408] - Components::removeComponentByChannel: logger : 2000, Abnormal exit! errorno=10054
  INFO root [0x0001bb78] [2017-11-09 18:36:40,410] - The following logs sent to logger failed:
  WARN root [0x0001bb78] [2017-11-09 18:36:40,411] - ==> [2017-11-09 18:36:40 408] TCPPacketReceiver::processPendingEvents(172.16.4.154:61008): Throwing REASON_GENERAL_NETWORK - WSAECONNRESET
 ERROR root [0x0001bb78] [2017-11-09 18:36:40,411] - ==> [2017-11-09 18:36:40 410] Components::removeComponentByChannel: logger : 2000, Abnormal exit! errorno=10054
  WARN root [0x0001bb78] [2017-11-09 18:36:40,595] - TCPPacketReceiver::processPendingEvents(172.16.4.154:61010): Throwing REASON_GENERAL_NETWORK - WSAECONNRESET
 ERROR root [0x0001bb78] [2017-11-09 18:36:40,596] - Components::removeComponentByChannel: dbmgr : 4000, Abnormal exit! errorno=10054
  INFO root [0x0001bb78] [2017-11-09 18:36:40,596] - Shutdowner::onShutdownBegin: shutting down(period=0, tickPeriod=1)
  INFO root [0x0001bb78] [2017-11-09 18:36:40,596] - Shutdowner::onShutdown: shutting down
  INFO root [0x0001bb78] [2017-11-09 18:36:40,596] - Shutdowner::onShutdownEnd: shutting down
 DEBUG root [0x0001bb78] [2017-11-09 18:36:40,596] - EntityRef::destroyObjPool(): size 0.
 DEBUG root [0x0001bb78] [2017-11-09 18:36:40,596] - Witness::destroyObjPool(): size 0.
 DEBUG root [0x0001bb78] [2017-11-09 18:36:40,606] - Script::uninstall_py_dlls(): PyInit_pyexpat
 DEBUG root [0x0001bb78] [2017-11-09 18:36:40,606] - Script::uninstall_py_dlls(): PyInit__socket
 DEBUG root [0x0001bb78] [2017-11-09 18:36:40,606] - Script::uninstall_py_dlls(): PyInit__hashlib
 DEBUG root [0x0001bb78] [2017-11-09 18:36:40,607] - Script::uninstall_py_dlls(): PyInit_select
 DEBUG root [0x0001bb78] [2017-11-09 18:36:40,607] - Script::uninstall_py_dlls(): PyInit__ctypes
 DEBUG root [0x0001bb78] [2017-11-09 18:36:40,607] - Script::uninstall_py_dlls(): PyInit__elementtree
 DEBUG root [0x0001bb78] [2017-11-09 18:36:40,607] - Script::uninstall_py_dlls(): PyInit_unicodedata
  INFO root [0x0001bb78] [2017-11-09 18:36:40,617] - Script::uninstall(): is successfully!
 DEBUG root [0x0001bb78] [2017-11-09 18:36:40,617] - ThreadPool::destroy(): starting size 2.
  WARN root [0x0001bb78] [2017-11-09 18:36:40,919] - ThreadPool::destroy(): waiting for thread(2)[0x8cbd98,0x8cbb90,], try=1
 DEBUG root [0x0001bb78] [2017-11-09 18:36:41,320] - TPThread::~TPThread(): 0x8cbd98
 DEBUG root [0x0001bb78] [2017-11-09 18:36:41,320] - TPThread::~TPThread(): 0x8cbb90
 DEBUG root [0x0001bb78] [2017-11-09 18:36:41,320] - ThreadPool::destroy(): successfully!
 DEBUG root [0x0001bb78] [2017-11-09 18:36:41,320] - Bundle::destroyObjPool(): size 12.
 DEBUG root [0x0001bb78] [2017-11-09 18:36:41,320] - Channel::destroyObjPool(): size 13.
 DEBUG root [0x0001bb78] [2017-11-09 18:36:41,320] - TCPPacket::destroyObjPool(): size 0.
 DEBUG root [0x0001bb78] [2017-11-09 18:36:41,320] - UDPPacket::destroyObjPool(): size 13.
 DEBUG root [0x0001bb78] [2017-11-09 18:36:41,321] - EndPoint::destroyObjPool(): size 13.
 DEBUG root [0x0001bb78] [2017-11-09 18:36:41,321] - Address::destroyObjPool(): size 0.
 DEBUG root [0x0001bb78] [2017-11-09 18:36:41,321] - TCPPacketReceiver::destroyObjPool(): size 0.
 DEBUG root [0x0001bb78] [2017-11-09 18:36:41,321] - UDPPacketReceiver::destroyObjPool(): size 0.
  INFO root [0x0001bb78] [2017-11-09 18:36:41,321] - cellapp(8001) has shut down.
