  INFO root [2017-11-20 19:49:00,322] - 
  INFO root [2017-11-20 19:49:00,322] - -----------------------------------------------------------------------------------------


  INFO root [2017-11-20 19:49:00,323] - Resmgr::initialize: KBE_ROOT=C:/Users/hyc/Desktop/kbengine/
  INFO root [2017-11-20 19:49:00,323] - Resmgr::initialize: KBE_RES_PATH=C:/Users/hyc/Desktop/kbengine/kbe/res/;C:/Users/hyc/Desktop/kbengine/llgame/;C:/Users/hyc/Desktop/kbengine/llgame/scripts/;C:/Users/hyc/Desktop/kbengine/llgame/res/
  INFO root [2017-11-20 19:49:00,323] - Resmgr::initialize: KBE_BIN_PATH=C:/Users/hyc/Desktop/kbengine/kbe/bin/server/
  INFO root [2017-11-20 19:49:00,325] - NetworkInterface::recreateListeningSocket(INTERNAL): bound to all interfaces with default route interface on 172.16.4.154 ( 172.16.4.154:59296 )
  INFO root [2017-11-20 19:49:00,325] - NetworkInterface::recreateListeningSocket(INTERNAL): address 172.16.4.154:59296, SOMAXCONN=5.
  INFO root [2017-11-20 19:49:00,325] - server-configs:
  INFO root [2017-11-20 19:49:00,325] - 	internalAddr : 172.16.4.154:59296
  INFO root [2017-11-20 19:49:00,325] - 	componentID : 4000
  INFO root [2017-11-20 19:49:01,829] - ---- dbmgr Version: 0.9.12. ScriptVersion: 0.1.0. Protocol: EC01814405852ECE6208B05FBB876694. Config: Debug X86. Built: 16:13:30 Jul  7 2017. AppID: 4000. UID: 1001. PID: 29052 ----
  INFO root [2017-11-20 19:49:01,829] - Server : Intel(R) Core(TM) i5-4590 CPU @ 3.30GHz with 4194303kB RAM
  INFO root [2017-11-20 19:49:01,830] - ThreadPool::createThreadPool: creating  threadpool...
  INFO root [2017-11-20 19:49:01,830] - ThreadPool::createThreadPool: successfully(2), newThreadCount=1, normalMaxThreadCount=2, maxThreadCount=8
 DEBUG root [2017-11-20 19:49:01,995] - Script::install_py_dlls(): PyInit_pyexpat
 DEBUG root [2017-11-20 19:49:01,996] - Script::install_py_dlls(): PyInit__socket
 DEBUG root [2017-11-20 19:49:01,997] - Script::install_py_dlls(): PyInit__hashlib
 DEBUG root [2017-11-20 19:49:01,998] - Script::install_py_dlls(): PyInit_select
 DEBUG root [2017-11-20 19:49:01,998] - Script::install_py_dlls(): PyInit__ctypes
 DEBUG root [2017-11-20 19:49:01,999] - Script::install_py_dlls(): PyInit__elementtree
 DEBUG root [2017-11-20 19:49:02,028] - Script::install_py_dlls(): PyInit_unicodedata
  INFO root [2017-11-20 19:49:02,057] - Script::install(): is successfully, Python=(3.4.2 (default, Jul  7 2017, 16:13:24) [MSC v.1800 32 bit (Intel)])!
  INFO root [2017-11-20 19:49:02,057] - Script::install(): KBExtra is successfully!
  INFO root [2017-11-20 19:49:02,104] - Dbmgr::initializeEnd: digest(9477EF45894C4D1ED11B6FA6B1C16406)
S_INFO root [2017-11-20 19:49:02,105] - onDBMgrReady: bootstrapGroupIndex=0, bootstrapGlobalIndex=0
  INFO root [2017-11-20 19:49:02,105] - TelnetServer server is running on port 32000
  INFO root [2017-11-20 19:49:02,105] - Dbmgr::initInterfacesHandler: interfaces addr(127.0.0.1:30099), accountType:(interfaces), chargeType:(interfaces).
  WARN root [2017-11-20 19:49:02,713] - DBUtil::initialize: db(default) password is not encrypted!
please use password(rsa):
B7339DB78BF39EE53CE9D7D3C36E5A581CE52D4AFACA649F3E832CF28D1A4862CBE2C60A86503CE5ECEED7C9D48601E3FFAA0DAD8055A928747E9A267C43D0C43250065965911F030C1F2B141292D5E8DDF1BACF2908B561ABE99482EE9C3B971F3C02B79669A8445C95874CC300364F775EFC0AC660D038B67C62732EE7344E
 DEBUG root [2017-11-20 19:49:02,715] - DBInterfaceMysql::attach: connect: localhost:3306 starting...
 DEBUG root [2017-11-20 19:49:02,720] - DBInterfaceMysql::attach: successfully! addr: localhost:3306
  INFO root [2017-11-20 19:49:02,720] - DBUtil::createInterface[0x74f0d0]: interface=default, dbtype=mysql, ip=localhost, port=3306, currdatabase=kbe, username=kbe, connected=yes.

  INFO root [2017-11-20 19:49:02,720] - ThreadPool::createThreadPool: creating  threadpool...
  INFO root [2017-11-20 19:49:02,720] - ThreadPool::createThreadPool: successfully(5), newThreadCount=5, normalMaxThreadCount=5, maxThreadCount=5
 DEBUG root [2017-11-20 19:49:02,721] - DBInterfaceMysql::attach: connect: localhost:3306 starting...
 DEBUG root [2017-11-20 19:49:02,721] - DBInterfaceMysql::attach: connect: localhost:3306 starting...
 DEBUG root [2017-11-20 19:49:02,721] - DBInterfaceMysql::attach: connect: localhost:3306 starting...
 DEBUG root [2017-11-20 19:49:02,721] - DBInterfaceMysql::attach: connect: localhost:3306 starting...
 DEBUG root [2017-11-20 19:49:02,721] - DBInterfaceMysql::attach: connect: localhost:3306 starting...
 DEBUG root [2017-11-20 19:49:02,723] - DBInterfaceMysql::attach: successfully! addr: localhost:3306
 DEBUG root [2017-11-20 19:49:02,724] - DBThread::onStart(): 0xa95680!
 DEBUG root [2017-11-20 19:49:02,724] - DBInterfaceMysql::attach: successfully! addr: localhost:3306
 DEBUG root [2017-11-20 19:49:02,724] - DBThread::onStart(): 0xa96010!
 DEBUG root [2017-11-20 19:49:02,725] - DBInterfaceMysql::attach: successfully! addr: localhost:3306
 DEBUG root [2017-11-20 19:49:02,725] - DBThread::onStart(): 0xa95c58!
 DEBUG root [2017-11-20 19:49:02,726] - DBInterfaceMysql::attach: successfully! addr: localhost:3306
 DEBUG root [2017-11-20 19:49:02,726] - DBThread::onStart(): 0xa95bd0!
 DEBUG root [2017-11-20 19:49:02,726] - DBInterfaceMysql::attach: successfully! addr: localhost:3306
 DEBUG root [2017-11-20 19:49:02,726] - DBThread::onStart(): 0xa95f88!
  INFO root [2017-11-20 19:49:02,822] - DBInterfaceMysql::query: successfully!
  INFO root [2017-11-20 19:49:02,824] - DBInterfaceMysql::query: successfully!
  INFO root [2017-11-20 19:49:02,992] - DBInterfaceMysql::query: successfully!
  INFO root [2017-11-20 19:49:02,994] - DBInterfaceMysql::query: successfully!
  INFO root [2017-11-20 19:49:02,996] - DBInterfaceMysql::query: successfully!
  INFO root [2017-11-20 19:49:02,997] - DBInterfaceMysql::query: successfully!
  INFO root [2017-11-20 19:49:02,997] - DBInterfaceMysql::query: successfully!
  INFO root [2017-11-20 19:49:03,058] - DBInterfaceMysql::query: successfully!
  INFO root [2017-11-20 19:49:03,059] - DBInterfaceMysql::query: successfully!
  WARN root [2017-11-20 19:49:03,060] - DBTask::process(): took 0.24 seconds
sql:(CREATE TABLE IF NOT EXISTS kbe_accountinfos (`accountName` varchar(128) not null, PRIMARY KEY idKey (`accountName`),`password` varchar(255),`bindata` blob,`email` varchar(255) not null, UNIQUE KEY `email` (`email`),`entityDBID` bigint(20) unsigned not null DEFAULT 0, UNIQUE KEY `entityDBID` (`entityDBID`),`flags` int unsigned not null DEFAULT 0,`deadline` bigint(20) not null DEFAULT 0,`regtime` bigint(20) not null DEFAULT 0,`lasttime` bigint(20) not null DEFAULT 0,`numlogin` int unsigned not null DEFAULT 0)ENGINE=InnoDB)
  INFO root [2017-11-20 19:49:03,062] - DBInterfaceMysql::query: successfully!
  WARN root [2017-11-20 19:49:03,063] - DBTask::process(): took 0.24 seconds
sql:(delete from kbe_entitylog where logger in (4000))
  WARN root [2017-11-20 19:49:03,112] - DBTask::process(): took 0.29 seconds
sql:(insert into kbe_serverlog (heartbeatTime, logger) values(1511178542,4000) ON DUPLICATE KEY UPDATE heartbeatTime=1511178542)
  WARN root [2017-11-20 19:49:03,283] - DBTask::process(): took 0.29 seconds
sql:(show index from tbl_ZjhRoom)
  WARN root [2017-11-20 19:49:03,284] - DBTask::process(): took 0.29 seconds
sql:(show index from tbl_Ranks)
  WARN root [2017-11-20 19:49:03,286] - DBTask::process(): took 0.22 seconds
sql:(show index from tbl_ZjhHall)
  WARN root [2017-11-20 19:49:03,286] - DBTask::process(): took 0.22 seconds
sql:(show index from tbl_DdzAvatar)
  WARN root [2017-11-20 19:49:03,455] - dbmgr.cpp:293: Profile scriptCall took 1.35 seconds
  INFO root [2017-11-20 19:49:03,686] - ---- dbmgr is running ----
 DEBUG root [2017-11-20 19:49:03,687] - Components::process(): Request for the process of identity...
  INFO root [2017-11-20 19:49:10,786] - Components::findComponents: find logger(1)...
  WARN root [2017-11-20 19:49:11,128] - BundleBroadcast::BundleBroadcast: Cannot bind to port 20686, errorno=10048
  INFO root [2017-11-20 19:49:12,126] - ServerApp::onRegisterNewApp: uid:1001, username:, componentType:baseappmgr, componentID:5000, globalorderID=-1, grouporderID=-1, intaddr:172.16.4.154, intport:59297, extaddr:nonsupport, extport:0,  from 172.16.4.154:59319/0/0/0.
  INFO root [2017-11-20 19:49:12,126] - Components::addComponent: reset orderLog, uid=1001!
  INFO root [2017-11-20 19:49:12,126] - Components::addComponent[baseappmgr], uid=1001, componentID=5000, globalorderid=1, grouporderid=1, totalcount=1
  INFO root [2017-11-20 19:49:12,138] - Components::findComponents: find logger(2)...
  INFO root [2017-11-20 19:49:12,234] - Components::findComponents: found logger, addr:172.16.4.154:59295
  INFO root [2017-11-20 19:49:12,234] - Components::addComponent[logger], uid=1001, componentID=2000, globalorderid=2, grouporderid=1, totalcount=1
  WARN root [2017-11-20 19:49:12,235] - Forwarding logs to logger[172.16.4.154:59295/0/0/0]...
 ERROR root [2017-11-20 19:53:03,100] - Components::removeComponentByChannel: logger : 2000, Abnormal exit! errorno=10054
  INFO root [2017-11-20 19:53:03,108] - The following logs sent to logger failed:
  WARN root [2017-11-20 19:53:03,108] - ==> [2017-11-20 19:53:03 097] TCPPacketReceiver::processPendingEvents(172.16.4.154:59295): Throwing REASON_GENERAL_NETWORK - WSAECONNRESET
 ERROR root [2017-11-20 19:53:03,108] - ==> [2017-11-20 19:53:03 101] Components::removeComponentByChannel: logger : 2000, Abnormal exit! errorno=10054
  INFO root [2017-11-20 20:03:06,490] - 
  INFO root [2017-11-20 20:03:06,490] - -----------------------------------------------------------------------------------------


  INFO root [2017-11-20 20:03:06,491] - Resmgr::initialize: KBE_ROOT=C:/Users/hyc/Desktop/kbengine/
  INFO root [2017-11-20 20:03:06,491] - Resmgr::initialize: KBE_RES_PATH=C:/Users/hyc/Desktop/kbengine/kbe/res/;C:/Users/hyc/Desktop/kbengine/llgame/;C:/Users/hyc/Desktop/kbengine/llgame/scripts/;C:/Users/hyc/Desktop/kbengine/llgame/res/
  INFO root [2017-11-20 20:03:06,491] - Resmgr::initialize: KBE_BIN_PATH=C:/Users/hyc/Desktop/kbengine/kbe/bin/server/
  INFO root [2017-11-20 20:03:06,492] - NetworkInterface::recreateListeningSocket(INTERNAL): bound to all interfaces with default route interface on 172.16.4.154 ( 172.16.4.154:59396 )
  INFO root [2017-11-20 20:03:06,493] - NetworkInterface::recreateListeningSocket(INTERNAL): address 172.16.4.154:59396, SOMAXCONN=5.
  INFO root [2017-11-20 20:03:06,493] - server-configs:
  INFO root [2017-11-20 20:03:06,493] - 	internalAddr : 172.16.4.154:59396
  INFO root [2017-11-20 20:03:06,493] - 	componentID : 4000
  INFO root [2017-11-20 20:03:08,008] - ---- dbmgr Version: 0.9.12. ScriptVersion: 0.1.0. Protocol: EC01814405852ECE6208B05FBB876694. Config: Debug X86. Built: 16:13:30 Jul  7 2017. AppID: 4000. UID: 1001. PID: 32596 ----
  INFO root [2017-11-20 20:03:08,009] - Server : Intel(R) Core(TM) i5-4590 CPU @ 3.30GHz with 4194303kB RAM
  INFO root [2017-11-20 20:03:08,010] - ThreadPool::createThreadPool: creating  threadpool...
  INFO root [2017-11-20 20:03:08,010] - ThreadPool::createThreadPool: successfully(2), newThreadCount=1, normalMaxThreadCount=2, maxThreadCount=8
 DEBUG root [2017-11-20 20:03:08,143] - Script::install_py_dlls(): PyInit_pyexpat
 DEBUG root [2017-11-20 20:03:08,143] - Script::install_py_dlls(): PyInit__socket
 DEBUG root [2017-11-20 20:03:08,144] - Script::install_py_dlls(): PyInit__hashlib
 DEBUG root [2017-11-20 20:03:08,146] - Script::install_py_dlls(): PyInit_select
 DEBUG root [2017-11-20 20:03:08,146] - Script::install_py_dlls(): PyInit__ctypes
 DEBUG root [2017-11-20 20:03:08,146] - Script::install_py_dlls(): PyInit__elementtree
 DEBUG root [2017-11-20 20:03:08,177] - Script::install_py_dlls(): PyInit_unicodedata
  INFO root [2017-11-20 20:03:08,210] - Script::install(): is successfully, Python=(3.4.2 (default, Jul  7 2017, 16:13:24) [MSC v.1800 32 bit (Intel)])!
  INFO root [2017-11-20 20:03:08,210] - Script::install(): KBExtra is successfully!
  INFO root [2017-11-20 20:03:08,252] - Dbmgr::initializeEnd: digest(9477EF45894C4D1ED11B6FA6B1C16406)
S_INFO root [2017-11-20 20:03:08,252] - onDBMgrReady: bootstrapGroupIndex=0, bootstrapGlobalIndex=0
  INFO root [2017-11-20 20:03:08,253] - TelnetServer server is running on port 32000
  INFO root [2017-11-20 20:03:08,253] - Dbmgr::initInterfacesHandler: interfaces addr(127.0.0.1:30099), accountType:(interfaces), chargeType:(interfaces).
  WARN root [2017-11-20 20:03:08,907] - DBUtil::initialize: db(default) password is not encrypted!
please use password(rsa):
37936141246ADB1FDF3C953A792FD165AD75492C09980EF997F6B1F1589DF0BEF3739D7025813FC39CD1DE472F728D4A9B56B7E764B604995403F4CF1AE79228D9090583B2FEAABF2E62EFC178866A3E2E9F5BE0F77C9AB4F34117B2FDBCCB541F92D67F759DA5A78D7A9E344E08165DF83862AA875A50338109619B8088B316
 DEBUG root [2017-11-20 20:03:08,909] - DBInterfaceMysql::attach: connect: localhost:3306 starting...
 DEBUG root [2017-11-20 20:03:08,912] - DBInterfaceMysql::attach: successfully! addr: localhost:3306
  INFO root [2017-11-20 20:03:08,913] - DBUtil::createInterface[0x237f550]: interface=default, dbtype=mysql, ip=localhost, port=3306, currdatabase=kbe, username=kbe, connected=yes.

  INFO root [2017-11-20 20:03:08,913] - ThreadPool::createThreadPool: creating  threadpool...
  INFO root [2017-11-20 20:03:08,913] - ThreadPool::createThreadPool: successfully(5), newThreadCount=5, normalMaxThreadCount=5, maxThreadCount=5
 DEBUG root [2017-11-20 20:03:08,913] - DBInterfaceMysql::attach: connect: localhost:3306 starting...
 DEBUG root [2017-11-20 20:03:08,913] - DBInterfaceMysql::attach: connect: localhost:3306 starting...
 DEBUG root [2017-11-20 20:03:08,913] - DBInterfaceMysql::attach: connect: localhost:3306 starting...
 DEBUG root [2017-11-20 20:03:08,913] - DBInterfaceMysql::attach: connect: localhost:3306 starting...
 DEBUG root [2017-11-20 20:03:08,913] - DBInterfaceMysql::attach: connect: localhost:3306 starting...
 DEBUG root [2017-11-20 20:03:08,916] - DBInterfaceMysql::attach: successfully! addr: localhost:3306
 DEBUG root [2017-11-20 20:03:08,916] - DBThread::onStart(): 0x26281c0!
 DEBUG root [2017-11-20 20:03:08,917] - DBInterfaceMysql::attach: successfully! addr: localhost:3306
 DEBUG root [2017-11-20 20:03:08,917] - DBThread::onStart(): 0x26282d0!
 DEBUG root [2017-11-20 20:03:08,917] - DBInterfaceMysql::attach: successfully! addr: localhost:3306
 DEBUG root [2017-11-20 20:03:08,917] - DBThread::onStart(): 0x2628358!
 DEBUG root [2017-11-20 20:03:08,918] - DBInterfaceMysql::attach: successfully! addr: localhost:3306
 DEBUG root [2017-11-20 20:03:08,918] - DBThread::onStart(): 0x2628930!
 DEBUG root [2017-11-20 20:03:08,919] - DBInterfaceMysql::attach: successfully! addr: localhost:3306
 DEBUG root [2017-11-20 20:03:08,919] - DBThread::onStart(): 0x26283e0!
  INFO root [2017-11-20 20:03:09,015] - DBInterfaceMysql::query: successfully!
  INFO root [2017-11-20 20:03:09,017] - DBInterfaceMysql::query: successfully!
  INFO root [2017-11-20 20:03:09,019] - DBInterfaceMysql::query: successfully!
  INFO root [2017-11-20 20:03:09,019] - DBInterfaceMysql::query: successfully!
  INFO root [2017-11-20 20:03:09,019] - DBInterfaceMysql::query: successfully!
  INFO root [2017-11-20 20:03:09,021] - DBInterfaceMysql::query: successfully!
  INFO root [2017-11-20 20:03:09,021] - DBInterfaceMysql::query: successfully!
  INFO root [2017-11-20 20:03:09,021] - DBInterfaceMysql::query: successfully!
  INFO root [2017-11-20 20:03:09,022] - DBInterfaceMysql::query: successfully!
  INFO root [2017-11-20 20:03:09,147] - DBInterfaceMysql::query: successfully!
  WARN root [2017-11-20 20:03:09,161] - dbmgr.cpp:293: Profile scriptCall took 0.91 seconds
  INFO root [2017-11-20 20:03:09,376] - ---- dbmgr is running ----
 DEBUG root [2017-11-20 20:03:09,376] - Components::process(): Request for the process of identity...
  INFO root [2017-11-20 20:03:16,453] - Components::findComponents: find logger(1)...
  INFO root [2017-11-20 20:03:16,471] - Components::findComponents: found logger, addr:172.16.4.154:59395
  INFO root [2017-11-20 20:03:16,471] - Components::addComponent: reset orderLog, uid=1001!
  INFO root [2017-11-20 20:03:16,472] - Components::addComponent[logger], uid=1001, componentID=2000, globalorderid=1, grouporderid=1, totalcount=1
  INFO root [2017-11-20 20:03:16,492] - Components::process(): Found all the components!
  WARN root [2017-11-20 20:03:16,493] - Forwarding logs to logger[172.16.4.154:59395/0/0/0]...
 ERROR root [2017-11-20 20:04:04,716] - Components::removeComponentByChannel: logger : 2000, Abnormal exit! errorno=10054
  INFO root [2017-11-20 20:04:04,718] - The following logs sent to logger failed:
  WARN root [2017-11-20 20:04:04,718] - ==> [2017-11-20 20:04:04 716] TCPPacketReceiver::processPendingEvents(172.16.4.154:59395): Throwing REASON_GENERAL_NETWORK - WSAECONNRESET
 ERROR root [2017-11-20 20:04:04,718] - ==> [2017-11-20 20:04:04 716] Components::removeComponentByChannel: logger : 2000, Abnormal exit! errorno=10054
  INFO root [2017-11-20 20:04:10,278] - 
  INFO root [2017-11-20 20:04:10,298] - -----------------------------------------------------------------------------------------


  INFO root [2017-11-20 20:04:10,298] - Resmgr::initialize: KBE_ROOT=C:/Users/hyc/Desktop/kbengine/
  INFO root [2017-11-20 20:04:10,298] - Resmgr::initialize: KBE_RES_PATH=C:/Users/hyc/Desktop/kbengine/kbe/res/;C:/Users/hyc/Desktop/kbengine/llgame/;C:/Users/hyc/Desktop/kbengine/llgame/scripts/;C:/Users/hyc/Desktop/kbengine/llgame/res/
  INFO root [2017-11-20 20:04:10,298] - Resmgr::initialize: KBE_BIN_PATH=C:/Users/hyc/Desktop/kbengine/kbe/bin/server/
  INFO root [2017-11-20 20:04:10,339] - NetworkInterface::recreateListeningSocket(INTERNAL): bound to all interfaces with default route interface on 172.16.4.154 ( 172.16.4.154:59452 )
  INFO root [2017-11-20 20:04:10,339] - NetworkInterface::recreateListeningSocket(INTERNAL): address 172.16.4.154:59452, SOMAXCONN=5.
  INFO root [2017-11-20 20:04:10,339] - server-configs:
  INFO root [2017-11-20 20:04:10,340] - 	internalAddr : 172.16.4.154:59452
  INFO root [2017-11-20 20:04:10,340] - 	componentID : 4000
  INFO root [2017-11-20 20:04:11,843] - ---- dbmgr Version: 0.9.12. ScriptVersion: 0.1.0. Protocol: EC01814405852ECE6208B05FBB876694. Config: Debug X86. Built: 16:13:30 Jul  7 2017. AppID: 4000. UID: 1001. PID: 33148 ----
  INFO root [2017-11-20 20:04:11,844] - Server : Intel(R) Core(TM) i5-4590 CPU @ 3.30GHz with 4194303kB RAM
  INFO root [2017-11-20 20:04:11,844] - ThreadPool::createThreadPool: creating  threadpool...
  INFO root [2017-11-20 20:04:11,844] - ThreadPool::createThreadPool: successfully(2), newThreadCount=1, normalMaxThreadCount=2, maxThreadCount=8
 DEBUG root [2017-11-20 20:04:11,970] - Script::install_py_dlls(): PyInit_pyexpat
 DEBUG root [2017-11-20 20:04:11,971] - Script::install_py_dlls(): PyInit__socket
 DEBUG root [2017-11-20 20:04:11,971] - Script::install_py_dlls(): PyInit__hashlib
 DEBUG root [2017-11-20 20:04:11,973] - Script::install_py_dlls(): PyInit_select
 DEBUG root [2017-11-20 20:04:11,973] - Script::install_py_dlls(): PyInit__ctypes
 DEBUG root [2017-11-20 20:04:11,973] - Script::install_py_dlls(): PyInit__elementtree
 DEBUG root [2017-11-20 20:04:12,009] - Script::install_py_dlls(): PyInit_unicodedata
  INFO root [2017-11-20 20:04:12,041] - Script::install(): is successfully, Python=(3.4.2 (default, Jul  7 2017, 16:13:24) [MSC v.1800 32 bit (Intel)])!
  INFO root [2017-11-20 20:04:12,041] - Script::install(): KBExtra is successfully!
  INFO root [2017-11-20 20:04:12,092] - Dbmgr::initializeEnd: digest(9477EF45894C4D1ED11B6FA6B1C16406)
S_INFO root [2017-11-20 20:04:12,092] - onDBMgrReady: bootstrapGroupIndex=0, bootstrapGlobalIndex=0
  INFO root [2017-11-20 20:04:12,092] - TelnetServer server is running on port 32000
  INFO root [2017-11-20 20:04:12,093] - Dbmgr::initInterfacesHandler: interfaces addr(127.0.0.1:30099), accountType:(interfaces), chargeType:(interfaces).
  WARN root [2017-11-20 20:04:12,778] - DBUtil::initialize: db(default) password is not encrypted!
please use password(rsa):
2EFB15BBCA151E0E4DA20C68FC27BC50A42F286861CAB10E1D1CA0B5F931EAFC752CDBAA6129B8DEBAB795D7B42A162763C63702D2ED52964433709B5492DBEEF75BD0DB8A6C1534B2B48CC21CC3ADCDEB2776F28E70D5B8A574FED87A971A839C3A0E17A347F57395C29910D9140FABC7C314B615E4276F43E732D30B235969
 DEBUG root [2017-11-20 20:04:12,780] - DBInterfaceMysql::attach: connect: localhost:3306 starting...
 DEBUG root [2017-11-20 20:04:12,783] - DBInterfaceMysql::attach: successfully! addr: localhost:3306
  INFO root [2017-11-20 20:04:12,784] - DBUtil::createInterface[0x68ef58]: interface=default, dbtype=mysql, ip=localhost, port=3306, currdatabase=kbe, username=kbe, connected=yes.

  INFO root [2017-11-20 20:04:12,784] - ThreadPool::createThreadPool: creating  threadpool...
  INFO root [2017-11-20 20:04:12,784] - ThreadPool::createThreadPool: successfully(5), newThreadCount=5, normalMaxThreadCount=5, maxThreadCount=5
 DEBUG root [2017-11-20 20:04:12,784] - DBInterfaceMysql::attach: connect: localhost:3306 starting...
 DEBUG root [2017-11-20 20:04:12,785] - DBInterfaceMysql::attach: connect: localhost:3306 starting...
 DEBUG root [2017-11-20 20:04:12,785] - DBInterfaceMysql::attach: connect: localhost:3306 starting...
 DEBUG root [2017-11-20 20:04:12,786] - DBInterfaceMysql::attach: connect: localhost:3306 starting...
 DEBUG root [2017-11-20 20:04:12,787] - DBInterfaceMysql::attach: successfully! addr: localhost:3306
 DEBUG root [2017-11-20 20:04:12,787] - DBThread::onStart(): 0xa77340!
 DEBUG root [2017-11-20 20:04:12,787] - DBInterfaceMysql::attach: connect: localhost:3306 starting...
 DEBUG root [2017-11-20 20:04:12,788] - DBInterfaceMysql::attach: successfully! addr: localhost:3306
 DEBUG root [2017-11-20 20:04:12,789] - DBThread::onStart(): 0xa77450!
 DEBUG root [2017-11-20 20:04:12,789] - DBInterfaceMysql::attach: successfully! addr: localhost:3306
 DEBUG root [2017-11-20 20:04:12,789] - DBThread::onStart(): 0xa76c58!
 DEBUG root [2017-11-20 20:04:12,789] - DBInterfaceMysql::attach: successfully! addr: localhost:3306
 DEBUG root [2017-11-20 20:04:12,789] - DBThread::onStart(): 0xa76ac0!
 DEBUG root [2017-11-20 20:04:12,790] - DBInterfaceMysql::attach: successfully! addr: localhost:3306
 DEBUG root [2017-11-20 20:04:12,790] - DBThread::onStart(): 0xa774d8!
  INFO root [2017-11-20 20:04:12,886] - DBInterfaceMysql::query: successfully!
  INFO root [2017-11-20 20:04:12,887] - DBInterfaceMysql::query: successfully!
  INFO root [2017-11-20 20:04:12,889] - DBInterfaceMysql::query: successfully!
  INFO root [2017-11-20 20:04:12,889] - DBInterfaceMysql::query: successfully!
  INFO root [2017-11-20 20:04:12,889] - DBInterfaceMysql::query: successfully!
  INFO root [2017-11-20 20:04:12,889] - DBInterfaceMysql::query: successfully!
  INFO root [2017-11-20 20:04:12,889] - DBInterfaceMysql::query: successfully!
  INFO root [2017-11-20 20:04:12,890] - DBInterfaceMysql::query: successfully!
  INFO root [2017-11-20 20:04:12,890] - DBInterfaceMysql::query: successfully!
  WARN root [2017-11-20 20:04:13,187] - DBTask::process(): took 0.30 seconds
sql:(insert into kbe_serverlog (heartbeatTime, logger) values(1511179452,4000) ON DUPLICATE KEY UPDATE heartbeatTime=1511179452)
  INFO root [2017-11-20 20:04:13,264] - DBInterfaceMysql::query: successfully!
  WARN root [2017-11-20 20:04:13,264] - DBTask::process(): took 0.38 seconds
sql:(delete from kbe_entitylog where logger in (4000))
  WARN root [2017-11-20 20:04:13,280] - dbmgr.cpp:293: Profile scriptCall took 1.19 seconds
  INFO root [2017-11-20 20:04:13,566] - ---- dbmgr is running ----
 DEBUG root [2017-11-20 20:04:13,566] - Components::process(): Request for the process of identity...
  INFO root [2017-11-20 20:04:20,692] - Components::findComponents: find logger(1)...
  INFO root [2017-11-20 20:04:20,742] - Components::findComponents: found logger, addr:172.16.4.154:59450
  INFO root [2017-11-20 20:04:20,743] - Components::addComponent: reset orderLog, uid=1001!
  INFO root [2017-11-20 20:04:20,743] - Components::addComponent[logger], uid=1001, componentID=2000, globalorderid=1, grouporderid=1, totalcount=1
  WARN root [2017-11-20 20:04:20,744] - Forwarding logs to logger[172.16.4.154:59450/0/0/0]...
