 ERROR root [2017-11-15 16:27:42,746] - Components::removeComponentByChannel: logger : 2000, Abnormal exit! errorno=10054
  INFO root [2017-11-15 16:27:42,748] - The following logs sent to logger failed:
  WARN root [2017-11-15 16:27:42,748] - ==> [2017-11-15 16:27:42 746] TCPPacketReceiver::processPendingEvents(172.16.4.154:50054): Throwing REASON_GENERAL_NETWORK - WSAECONNRESET
 ERROR root [2017-11-15 16:27:42,748] - ==> [2017-11-15 16:27:42 748] Components::removeComponentByChannel: logger : 2000, Abnormal exit! errorno=10054
  INFO root [2017-11-15 16:27:49,508] - 
  INFO root [2017-11-15 16:27:49,510] - -----------------------------------------------------------------------------------------


  INFO root [2017-11-15 16:27:49,511] - Resmgr::initialize: KBE_ROOT=C:/Users/hyc/Desktop/kbengine/
  INFO root [2017-11-15 16:27:49,511] - Resmgr::initialize: KBE_RES_PATH=C:/Users/hyc/Desktop/kbengine/kbe/res/;C:/Users/hyc/Desktop/kbengine/llgame/;C:/Users/hyc/Desktop/kbengine/llgame/scripts/;C:/Users/hyc/Desktop/kbengine/llgame/res/
  INFO root [2017-11-15 16:27:49,511] - Resmgr::initialize: KBE_BIN_PATH=C:/Users/hyc/Desktop/kbengine/kbe/bin/server/
  INFO root [2017-11-15 16:27:49,513] - NetworkInterface::recreateListeningSocket(INTERNAL): bound to all interfaces with default route interface on 172.16.4.154 ( 172.16.4.154:54420 )
  INFO root [2017-11-15 16:27:49,513] - NetworkInterface::recreateListeningSocket(INTERNAL): address 172.16.4.154:54420, SOMAXCONN=5.
  INFO root [2017-11-15 16:27:49,513] - server-configs:
  INFO root [2017-11-15 16:27:49,513] - 	internalAddr : 172.16.4.154:54420
  INFO root [2017-11-15 16:27:49,513] - 	componentID : 4000
  INFO root [2017-11-15 16:27:51,017] - ---- dbmgr Version: 0.9.12. ScriptVersion: 0.1.0. Protocol: EC01814405852ECE6208B05FBB876694. Config: Debug X86. Built: 16:13:30 Jul  7 2017. AppID: 4000. UID: 1001. PID: 223796 ----
  INFO root [2017-11-15 16:27:51,017] - Server : Intel(R) Core(TM) i5-4590 CPU @ 3.30GHz with 4194303kB RAM
  INFO root [2017-11-15 16:27:51,018] - ThreadPool::createThreadPool: creating  threadpool...
  INFO root [2017-11-15 16:27:51,018] - ThreadPool::createThreadPool: successfully(2), newThreadCount=1, normalMaxThreadCount=2, maxThreadCount=8
 DEBUG root [2017-11-15 16:27:51,177] - Script::install_py_dlls(): PyInit_pyexpat
 DEBUG root [2017-11-15 16:27:51,177] - Script::install_py_dlls(): PyInit__socket
 DEBUG root [2017-11-15 16:27:51,177] - Script::install_py_dlls(): PyInit__hashlib
 DEBUG root [2017-11-15 16:27:51,179] - Script::install_py_dlls(): PyInit_select
 DEBUG root [2017-11-15 16:27:51,179] - Script::install_py_dlls(): PyInit__ctypes
 DEBUG root [2017-11-15 16:27:51,180] - Script::install_py_dlls(): PyInit__elementtree
 DEBUG root [2017-11-15 16:27:51,222] - Script::install_py_dlls(): PyInit_unicodedata
  INFO root [2017-11-15 16:27:51,286] - Script::install(): is successfully, Python=(3.4.2 (default, Jul  7 2017, 16:13:24) [MSC v.1800 32 bit (Intel)])!
  INFO root [2017-11-15 16:27:51,286] - Script::install(): KBExtra is successfully!
  INFO root [2017-11-15 16:27:51,342] - Dbmgr::initializeEnd: digest(9477EF45894C4D1ED11B6FA6B1C16406)
S_INFO root [2017-11-15 16:27:51,343] - onDBMgrReady: bootstrapGroupIndex=0, bootstrapGlobalIndex=0
  INFO root [2017-11-15 16:27:51,343] - TelnetServer server is running on port 32000
  INFO root [2017-11-15 16:27:51,343] - Dbmgr::initInterfacesHandler: interfaces addr(127.0.0.1:30099), accountType:(interfaces), chargeType:(interfaces).
  WARN root [2017-11-15 16:27:52,185] - DBUtil::initialize: db(default) password is not encrypted!
please use password(rsa):
184D02D80DE71C39242096FC2A824FB36438DA82EE38C8A427B39179ED615883EF0351004B5EBDBC5A2A03EF9B8876657BEDB8853870B905D6FCA46BC860D5DD37592BB38E24E1C42BFBA5D0C61BA733C413E19801ECDAA07CE85A1E7E903AC87CE34FA4FA1C03277814B5D957261EA5D428AC7C2240E097B24769B186A3DDD9
 DEBUG root [2017-11-15 16:27:52,187] - DBInterfaceMysql::attach: connect: localhost:3306 starting...
 DEBUG root [2017-11-15 16:27:52,190] - DBInterfaceMysql::attach: successfully! addr: localhost:3306
  INFO root [2017-11-15 16:27:52,191] - DBUtil::createInterface[0x93f380]: interface=default, dbtype=mysql, ip=localhost, port=3306, currdatabase=kbe, username=kbe, connected=yes.

  INFO root [2017-11-15 16:27:52,191] - ThreadPool::createThreadPool: creating  threadpool...
  INFO root [2017-11-15 16:27:52,191] - ThreadPool::createThreadPool: successfully(5), newThreadCount=5, normalMaxThreadCount=5, maxThreadCount=5
 DEBUG root [2017-11-15 16:27:52,191] - DBInterfaceMysql::attach: connect: localhost:3306 starting...
 DEBUG root [2017-11-15 16:27:52,191] - DBInterfaceMysql::attach: connect: localhost:3306 starting...
 DEBUG root [2017-11-15 16:27:52,191] - DBInterfaceMysql::attach: connect: localhost:3306 starting...
 DEBUG root [2017-11-15 16:27:52,191] - DBInterfaceMysql::attach: connect: localhost:3306 starting...
 DEBUG root [2017-11-15 16:27:52,192] - DBInterfaceMysql::attach: connect: localhost:3306 starting...
 DEBUG root [2017-11-15 16:27:52,194] - DBInterfaceMysql::attach: successfully! addr: localhost:3306
 DEBUG root [2017-11-15 16:27:52,194] - DBThread::onStart(): 0x1d66888!
 DEBUG root [2017-11-15 16:27:52,194] - DBInterfaceMysql::attach: successfully! addr: localhost:3306
 DEBUG root [2017-11-15 16:27:52,194] - DBThread::onStart(): 0x1d66228!
 DEBUG root [2017-11-15 16:27:52,195] - DBInterfaceMysql::attach: successfully! addr: localhost:3306
 DEBUG root [2017-11-15 16:27:52,195] - DBThread::onStart(): 0x1d659a8!
 DEBUG root [2017-11-15 16:27:52,196] - DBInterfaceMysql::attach: successfully! addr: localhost:3306
 DEBUG root [2017-11-15 16:27:52,196] - DBThread::onStart(): 0x1d66338!
 DEBUG root [2017-11-15 16:27:52,196] - DBInterfaceMysql::attach: successfully! addr: localhost:3306
 DEBUG root [2017-11-15 16:27:52,196] - DBThread::onStart(): 0x1d666f0!
  INFO root [2017-11-15 16:27:52,293] - DBInterfaceMysql::query: successfully!
  INFO root [2017-11-15 16:27:52,294] - DBInterfaceMysql::query: successfully!
  INFO root [2017-11-15 16:27:52,295] - DBInterfaceMysql::query: successfully!
  INFO root [2017-11-15 16:27:52,295] - DBInterfaceMysql::query: successfully!
  INFO root [2017-11-15 16:27:52,295] - DBInterfaceMysql::query: successfully!
  INFO root [2017-11-15 16:27:52,296] - DBInterfaceMysql::query: successfully!
  INFO root [2017-11-15 16:27:52,296] - DBInterfaceMysql::query: successfully!
  INFO root [2017-11-15 16:27:52,296] - DBInterfaceMysql::query: successfully!
  INFO root [2017-11-15 16:27:52,297] - DBInterfaceMysql::query: successfully!
  INFO root [2017-11-15 16:27:52,298] - DBInterfaceMysql::query: successfully!
  WARN root [2017-11-15 16:27:52,350] - dbmgr.cpp:293: Profile scriptCall took 1.01 seconds
  INFO root [2017-11-15 16:27:52,571] - ---- dbmgr is running ----
 DEBUG root [2017-11-15 16:27:52,572] - Components::process(): Request for the process of identity...
  INFO root [2017-11-15 16:27:59,924] - Components::findComponents: find logger(1)...
  INFO root [2017-11-15 16:28:00,051] - Components::findComponents: found logger, addr:172.16.4.154:54418
  INFO root [2017-11-15 16:28:00,052] - Components::addComponent: reset orderLog, uid=1001!
  INFO root [2017-11-15 16:28:00,052] - Components::addComponent[logger], uid=1001, componentID=2000, globalorderid=1, grouporderid=1, totalcount=1
  WARN root [2017-11-15 16:28:00,054] - Forwarding logs to logger[172.16.4.154:54418/0/0/0]...
 ERROR root [2017-11-15 16:36:33,834] - Components::removeComponentByChannel: logger : 2000, Abnormal exit! errorno=10054
  INFO root [2017-11-15 16:36:33,835] - The following logs sent to logger failed:
  WARN root [2017-11-15 16:36:33,835] - ==> [2017-11-15 16:36:33 834] TCPPacketReceiver::processPendingEvents(172.16.4.154:54418): Throwing REASON_GENERAL_NETWORK - WSAECONNRESET
 ERROR root [2017-11-15 16:36:33,835] - ==> [2017-11-15 16:36:33 834] Components::removeComponentByChannel: logger : 2000, Abnormal exit! errorno=10054
  INFO root [2017-11-15 16:36:40,926] - 
  INFO root [2017-11-15 16:36:40,949] - -----------------------------------------------------------------------------------------


  INFO root [2017-11-15 16:36:40,949] - Resmgr::initialize: KBE_ROOT=C:/Users/hyc/Desktop/kbengine/
  INFO root [2017-11-15 16:36:40,950] - Resmgr::initialize: KBE_RES_PATH=C:/Users/hyc/Desktop/kbengine/kbe/res/;C:/Users/hyc/Desktop/kbengine/llgame/;C:/Users/hyc/Desktop/kbengine/llgame/scripts/;C:/Users/hyc/Desktop/kbengine/llgame/res/
  INFO root [2017-11-15 16:36:40,950] - Resmgr::initialize: KBE_BIN_PATH=C:/Users/hyc/Desktop/kbengine/kbe/bin/server/
  INFO root [2017-11-15 16:36:41,074] - NetworkInterface::recreateListeningSocket(INTERNAL): bound to all interfaces with default route interface on 172.16.4.154 ( 172.16.4.154:54609 )
  INFO root [2017-11-15 16:36:41,075] - NetworkInterface::recreateListeningSocket(INTERNAL): address 172.16.4.154:54609, SOMAXCONN=5.
  INFO root [2017-11-15 16:36:41,075] - server-configs:
  INFO root [2017-11-15 16:36:41,075] - 	internalAddr : 172.16.4.154:54609
  INFO root [2017-11-15 16:36:41,075] - 	componentID : 4000
  INFO root [2017-11-15 16:36:42,600] - ---- dbmgr Version: 0.9.12. ScriptVersion: 0.1.0. Protocol: EC01814405852ECE6208B05FBB876694. Config: Debug X86. Built: 16:13:30 Jul  7 2017. AppID: 4000. UID: 1001. PID: 257204 ----
  INFO root [2017-11-15 16:36:42,600] - Server : Intel(R) Core(TM) i5-4590 CPU @ 3.30GHz with 4194303kB RAM
  INFO root [2017-11-15 16:36:42,601] - ThreadPool::createThreadPool: creating  threadpool...
  INFO root [2017-11-15 16:36:42,601] - ThreadPool::createThreadPool: successfully(2), newThreadCount=1, normalMaxThreadCount=2, maxThreadCount=8
 DEBUG root [2017-11-15 16:36:42,731] - Script::install_py_dlls(): PyInit_pyexpat
 DEBUG root [2017-11-15 16:36:42,731] - Script::install_py_dlls(): PyInit__socket
 DEBUG root [2017-11-15 16:36:42,732] - Script::install_py_dlls(): PyInit__hashlib
 DEBUG root [2017-11-15 16:36:42,733] - Script::install_py_dlls(): PyInit_select
 DEBUG root [2017-11-15 16:36:42,733] - Script::install_py_dlls(): PyInit__ctypes
 DEBUG root [2017-11-15 16:36:42,734] - Script::install_py_dlls(): PyInit__elementtree
 DEBUG root [2017-11-15 16:36:42,765] - Script::install_py_dlls(): PyInit_unicodedata
  INFO root [2017-11-15 16:36:42,796] - Script::install(): is successfully, Python=(3.4.2 (default, Jul  7 2017, 16:13:24) [MSC v.1800 32 bit (Intel)])!
  INFO root [2017-11-15 16:36:42,796] - Script::install(): KBExtra is successfully!
  INFO root [2017-11-15 16:36:42,838] - Dbmgr::initializeEnd: digest(9477EF45894C4D1ED11B6FA6B1C16406)
S_INFO root [2017-11-15 16:36:42,838] - onDBMgrReady: bootstrapGroupIndex=0, bootstrapGlobalIndex=0
  INFO root [2017-11-15 16:36:42,839] - TelnetServer server is running on port 32000
  INFO root [2017-11-15 16:36:42,839] - Dbmgr::initInterfacesHandler: interfaces addr(127.0.0.1:30099), accountType:(interfaces), chargeType:(interfaces).
  WARN root [2017-11-15 16:36:43,487] - DBUtil::initialize: db(default) password is not encrypted!
please use password(rsa):
56CFC7A3A7858A596A4BA9BFB457872B9EB586BA115ABD5061B920DBCE06C7F3F1C1DBF9F2688E51526D52C911BE3AB5427DE754A8D186130D59D33DE6AF2EB1DC4C0372170880109A529F1268420CC2946AA28CF76690A7C6D1430B01D4108F0E1FDCE4E25D58A417E4EA9DF6D7A246803201CFBC68F8567A2C63CDBA5DCA39
 DEBUG root [2017-11-15 16:36:43,489] - DBInterfaceMysql::attach: connect: localhost:3306 starting...
 DEBUG root [2017-11-15 16:36:43,493] - DBInterfaceMysql::attach: successfully! addr: localhost:3306
  INFO root [2017-11-15 16:36:43,493] - DBUtil::createInterface[0x1e3f1f0]: interface=default, dbtype=mysql, ip=localhost, port=3306, currdatabase=kbe, username=kbe, connected=yes.

  INFO root [2017-11-15 16:36:43,493] - ThreadPool::createThreadPool: creating  threadpool...
  INFO root [2017-11-15 16:36:43,493] - ThreadPool::createThreadPool: successfully(5), newThreadCount=5, normalMaxThreadCount=5, maxThreadCount=5
 DEBUG root [2017-11-15 16:36:43,493] - DBInterfaceMysql::attach: connect: localhost:3306 starting...
 DEBUG root [2017-11-15 16:36:43,493] - DBInterfaceMysql::attach: connect: localhost:3306 starting...
 DEBUG root [2017-11-15 16:36:43,494] - DBInterfaceMysql::attach: connect: localhost:3306 starting...
 DEBUG root [2017-11-15 16:36:43,494] - DBInterfaceMysql::attach: connect: localhost:3306 starting...
 DEBUG root [2017-11-15 16:36:43,494] - DBInterfaceMysql::attach: connect: localhost:3306 starting...
 DEBUG root [2017-11-15 16:36:43,496] - DBInterfaceMysql::attach: successfully! addr: localhost:3306
 DEBUG root [2017-11-15 16:36:43,496] - DBThread::onStart(): 0x1f469b0!
 DEBUG root [2017-11-15 16:36:43,497] - DBInterfaceMysql::attach: successfully! addr: localhost:3306
 DEBUG root [2017-11-15 16:36:43,497] - DBThread::onStart(): 0x1f47120!
 DEBUG root [2017-11-15 16:36:43,497] - DBInterfaceMysql::attach: successfully! addr: localhost:3306
 DEBUG root [2017-11-15 16:36:43,497] - DBThread::onStart(): 0x1f473c8!
 DEBUG root [2017-11-15 16:36:43,498] - DBInterfaceMysql::attach: successfully! addr: localhost:3306
 DEBUG root [2017-11-15 16:36:43,498] - DBThread::onStart(): 0x1f471a8!
 DEBUG root [2017-11-15 16:36:43,499] - DBInterfaceMysql::attach: successfully! addr: localhost:3306
 DEBUG root [2017-11-15 16:36:43,499] - DBThread::onStart(): 0x1f472b8!
  INFO root [2017-11-15 16:36:43,597] - DBInterfaceMysql::query: successfully!
  INFO root [2017-11-15 16:36:43,600] - DBInterfaceMysql::query: successfully!
  INFO root [2017-11-15 16:36:43,602] - DBInterfaceMysql::query: successfully!
  INFO root [2017-11-15 16:36:43,602] - DBInterfaceMysql::query: successfully!
  INFO root [2017-11-15 16:36:43,602] - DBInterfaceMysql::query: successfully!
  INFO root [2017-11-15 16:36:43,603] - DBInterfaceMysql::query: successfully!
  INFO root [2017-11-15 16:36:43,603] - DBInterfaceMysql::query: successfully!
  INFO root [2017-11-15 16:36:43,604] - DBInterfaceMysql::query: successfully!
  INFO root [2017-11-15 16:36:43,604] - DBInterfaceMysql::query: successfully!
  INFO root [2017-11-15 16:36:43,605] - DBInterfaceMysql::query: successfully!
  WARN root [2017-11-15 16:36:43,657] - dbmgr.cpp:293: Profile scriptCall took 0.82 seconds
  INFO root [2017-11-15 16:36:43,922] - ---- dbmgr is running ----
 DEBUG root [2017-11-15 16:36:43,922] - Components::process(): Request for the process of identity...
  INFO root [2017-11-15 16:36:51,259] - Components::findComponents: find logger(1)...
  INFO root [2017-11-15 16:36:51,297] - Components::findComponents: found logger, addr:172.16.4.154:54603
  INFO root [2017-11-15 16:36:51,297] - Components::addComponent: reset orderLog, uid=1001!
  INFO root [2017-11-15 16:36:51,297] - Components::addComponent[logger], uid=1001, componentID=2000, globalorderid=1, grouporderid=1, totalcount=1
  WARN root [2017-11-15 16:36:51,299] - Forwarding logs to logger[172.16.4.154:54603/0/0/0]...
 ERROR root [2017-11-15 16:40:14,462] - Components::removeComponentByChannel: logger : 2000, Abnormal exit! errorno=10054
  INFO root [2017-11-15 16:40:14,468] - The following logs sent to logger failed:
  WARN root [2017-11-15 16:40:14,468] - ==> [2017-11-15 16:40:14 458] TCPPacketReceiver::processPendingEvents(172.16.4.154:54603): Throwing REASON_GENERAL_NETWORK - WSAECONNRESET
 ERROR root [2017-11-15 16:40:14,468] - ==> [2017-11-15 16:40:14 462] Components::removeComponentByChannel: logger : 2000, Abnormal exit! errorno=10054
  INFO root [2017-11-15 16:40:21,182] - 
  INFO root [2017-11-15 16:40:21,186] - -----------------------------------------------------------------------------------------


  INFO root [2017-11-15 16:40:21,187] - Resmgr::initialize: KBE_ROOT=C:/Users/hyc/Desktop/kbengine/
  INFO root [2017-11-15 16:40:21,187] - Resmgr::initialize: KBE_RES_PATH=C:/Users/hyc/Desktop/kbengine/kbe/res/;C:/Users/hyc/Desktop/kbengine/llgame/;C:/Users/hyc/Desktop/kbengine/llgame/scripts/;C:/Users/hyc/Desktop/kbengine/llgame/res/
  INFO root [2017-11-15 16:40:21,187] - Resmgr::initialize: KBE_BIN_PATH=C:/Users/hyc/Desktop/kbengine/kbe/bin/server/
  INFO root [2017-11-15 16:40:21,251] - NetworkInterface::recreateListeningSocket(INTERNAL): bound to all interfaces with default route interface on 172.16.4.154 ( 172.16.4.154:54662 )
  INFO root [2017-11-15 16:40:21,251] - NetworkInterface::recreateListeningSocket(INTERNAL): address 172.16.4.154:54662, SOMAXCONN=5.
  INFO root [2017-11-15 16:40:21,251] - server-configs:
  INFO root [2017-11-15 16:40:21,252] - 	internalAddr : 172.16.4.154:54662
  INFO root [2017-11-15 16:40:21,252] - 	componentID : 4000
  INFO root [2017-11-15 16:40:22,793] - ---- dbmgr Version: 0.9.12. ScriptVersion: 0.1.0. Protocol: EC01814405852ECE6208B05FBB876694. Config: Debug X86. Built: 16:13:30 Jul  7 2017. AppID: 4000. UID: 1001. PID: 259992 ----
  INFO root [2017-11-15 16:40:22,793] - Server : Intel(R) Core(TM) i5-4590 CPU @ 3.30GHz with 4194303kB RAM
  INFO root [2017-11-15 16:40:22,794] - ThreadPool::createThreadPool: creating  threadpool...
  INFO root [2017-11-15 16:40:22,794] - ThreadPool::createThreadPool: successfully(2), newThreadCount=1, normalMaxThreadCount=2, maxThreadCount=8
 DEBUG root [2017-11-15 16:40:22,922] - Script::install_py_dlls(): PyInit_pyexpat
 DEBUG root [2017-11-15 16:40:22,922] - Script::install_py_dlls(): PyInit__socket
 DEBUG root [2017-11-15 16:40:22,923] - Script::install_py_dlls(): PyInit__hashlib
 DEBUG root [2017-11-15 16:40:22,924] - Script::install_py_dlls(): PyInit_select
 DEBUG root [2017-11-15 16:40:22,925] - Script::install_py_dlls(): PyInit__ctypes
 DEBUG root [2017-11-15 16:40:22,925] - Script::install_py_dlls(): PyInit__elementtree
 DEBUG root [2017-11-15 16:40:22,958] - Script::install_py_dlls(): PyInit_unicodedata
  INFO root [2017-11-15 16:40:22,989] - Script::install(): is successfully, Python=(3.4.2 (default, Jul  7 2017, 16:13:24) [MSC v.1800 32 bit (Intel)])!
  INFO root [2017-11-15 16:40:22,989] - Script::install(): KBExtra is successfully!
  INFO root [2017-11-15 16:40:23,031] - Dbmgr::initializeEnd: digest(9477EF45894C4D1ED11B6FA6B1C16406)
S_INFO root [2017-11-15 16:40:23,032] - onDBMgrReady: bootstrapGroupIndex=0, bootstrapGlobalIndex=0
  INFO root [2017-11-15 16:40:23,032] - TelnetServer server is running on port 32000
  INFO root [2017-11-15 16:40:23,032] - Dbmgr::initInterfacesHandler: interfaces addr(127.0.0.1:30099), accountType:(interfaces), chargeType:(interfaces).
  WARN root [2017-11-15 16:40:23,692] - DBUtil::initialize: db(default) password is not encrypted!
please use password(rsa):
C9AB8E5EB7D1EF09B5797C0AEBEFFCB162AC9BA8E6AD7521D4E33F03C355C0319C8B736BF9C95832B4E1531FA00243E05A3155E82C89C16F032D7D1B78FBF14272CBFD5367D6C1035D8E6E33FC5D0FF6B8ED28D5CCDE990C87B0A7A2F509A0C2F45FAB36688ED6A78827E6710418972EAD1547EA3F25744E3E28BFF194663FCA
 DEBUG root [2017-11-15 16:40:23,694] - DBInterfaceMysql::attach: connect: localhost:3306 starting...
 DEBUG root [2017-11-15 16:40:23,697] - DBInterfaceMysql::attach: successfully! addr: localhost:3306
  INFO root [2017-11-15 16:40:23,697] - DBUtil::createInterface[0x32f0c8]: interface=default, dbtype=mysql, ip=localhost, port=3306, currdatabase=kbe, username=kbe, connected=yes.

  INFO root [2017-11-15 16:40:23,697] - ThreadPool::createThreadPool: creating  threadpool...
  INFO root [2017-11-15 16:40:23,698] - ThreadPool::createThreadPool: successfully(5), newThreadCount=5, normalMaxThreadCount=5, maxThreadCount=5
 DEBUG root [2017-11-15 16:40:23,698] - DBInterfaceMysql::attach: connect: localhost:3306 starting...
 DEBUG root [2017-11-15 16:40:23,698] - DBInterfaceMysql::attach: connect: localhost:3306 starting...
 DEBUG root [2017-11-15 16:40:23,698] - DBInterfaceMysql::attach: connect: localhost:3306 starting...
 DEBUG root [2017-11-15 16:40:23,698] - DBInterfaceMysql::attach: connect: localhost:3306 starting...
 DEBUG root [2017-11-15 16:40:23,698] - DBInterfaceMysql::attach: connect: localhost:3306 starting...
 DEBUG root [2017-11-15 16:40:23,700] - DBInterfaceMysql::attach: successfully! addr: localhost:3306
 DEBUG root [2017-11-15 16:40:23,700] - DBThread::onStart(): 0x555ae0!
 DEBUG root [2017-11-15 16:40:23,701] - DBInterfaceMysql::attach: successfully! addr: localhost:3306
 DEBUG root [2017-11-15 16:40:23,701] - DBThread::onStart(): 0x555d00!
 DEBUG root [2017-11-15 16:40:23,701] - DBInterfaceMysql::attach: successfully! addr: localhost:3306
 DEBUG root [2017-11-15 16:40:23,701] - DBThread::onStart(): 0x5558c0!
 DEBUG root [2017-11-15 16:40:23,702] - DBInterfaceMysql::attach: successfully! addr: localhost:3306
 DEBUG root [2017-11-15 16:40:23,702] - DBThread::onStart(): 0x555fa8!
 DEBUG root [2017-11-15 16:40:23,703] - DBInterfaceMysql::attach: successfully! addr: localhost:3306
 DEBUG root [2017-11-15 16:40:23,703] - DBThread::onStart(): 0x556140!
  INFO root [2017-11-15 16:40:23,800] - DBInterfaceMysql::query: successfully!
  INFO root [2017-11-15 16:40:23,801] - DBInterfaceMysql::query: successfully!
  INFO root [2017-11-15 16:40:23,802] - DBInterfaceMysql::query: successfully!
  INFO root [2017-11-15 16:40:23,802] - DBInterfaceMysql::query: successfully!
  INFO root [2017-11-15 16:40:23,802] - DBInterfaceMysql::query: successfully!
  INFO root [2017-11-15 16:40:23,802] - DBInterfaceMysql::query: successfully!
  INFO root [2017-11-15 16:40:23,803] - DBInterfaceMysql::query: successfully!
  INFO root [2017-11-15 16:40:23,803] - DBInterfaceMysql::query: successfully!
  INFO root [2017-11-15 16:40:23,803] - DBInterfaceMysql::query: successfully!
  INFO root [2017-11-15 16:40:23,803] - DBInterfaceMysql::query: successfully!
  WARN root [2017-11-15 16:40:23,857] - dbmgr.cpp:293: Profile scriptCall took 0.83 seconds
  INFO root [2017-11-15 16:40:24,075] - ---- dbmgr is running ----
 DEBUG root [2017-11-15 16:40:24,076] - Components::process(): Request for the process of identity...
  INFO root [2017-11-15 16:40:31,392] - Components::findComponents: find logger(1)...
  INFO root [2017-11-15 16:40:31,460] - Components::findComponents: found logger, addr:172.16.4.154:54660
  INFO root [2017-11-15 16:40:31,460] - Components::addComponent: reset orderLog, uid=1001!
  INFO root [2017-11-15 16:40:31,461] - Components::addComponent[logger], uid=1001, componentID=2000, globalorderid=1, grouporderid=1, totalcount=1
  WARN root [2017-11-15 16:40:31,462] - Forwarding logs to logger[172.16.4.154:54660/0/0/0]...
 ERROR root [2017-11-15 17:20:07,891] - Components::removeComponentByChannel: logger : 2000, Abnormal exit! errorno=10054
  INFO root [2017-11-15 17:20:07,891] - The following logs sent to logger failed:
  WARN root [2017-11-15 17:20:07,892] - ==> [2017-11-15 17:20:07 887] TCPPacketReceiver::processPendingEvents(172.16.4.154:54660): Throwing REASON_GENERAL_NETWORK - WSAECONNRESET
 ERROR root [2017-11-15 17:20:07,892] - ==> [2017-11-15 17:20:07 891] Components::removeComponentByChannel: logger : 2000, Abnormal exit! errorno=10054
  INFO root [2017-11-15 17:20:15,011] - 
  INFO root [2017-11-15 17:20:15,011] - -----------------------------------------------------------------------------------------


  INFO root [2017-11-15 17:20:15,012] - Resmgr::initialize: KBE_ROOT=C:/Users/hyc/Desktop/kbengine/
  INFO root [2017-11-15 17:20:15,012] - Resmgr::initialize: KBE_RES_PATH=C:/Users/hyc/Desktop/kbengine/kbe/res/;C:/Users/hyc/Desktop/kbengine/llgame/;C:/Users/hyc/Desktop/kbengine/llgame/scripts/;C:/Users/hyc/Desktop/kbengine/llgame/res/
  INFO root [2017-11-15 17:20:15,012] - Resmgr::initialize: KBE_BIN_PATH=C:/Users/hyc/Desktop/kbengine/kbe/bin/server/
  INFO root [2017-11-15 17:20:15,014] - NetworkInterface::recreateListeningSocket(INTERNAL): bound to all interfaces with default route interface on 172.16.4.154 ( 172.16.4.154:56415 )
  INFO root [2017-11-15 17:20:15,014] - NetworkInterface::recreateListeningSocket(INTERNAL): address 172.16.4.154:56415, SOMAXCONN=5.
  INFO root [2017-11-15 17:20:15,014] - server-configs:
  INFO root [2017-11-15 17:20:15,014] - 	internalAddr : 172.16.4.154:56415
  INFO root [2017-11-15 17:20:15,014] - 	componentID : 4000
  INFO root [2017-11-15 17:20:16,518] - ---- dbmgr Version: 0.9.12. ScriptVersion: 0.1.0. Protocol: EC01814405852ECE6208B05FBB876694. Config: Debug X86. Built: 16:13:30 Jul  7 2017. AppID: 4000. UID: 1001. PID: 166672 ----
  INFO root [2017-11-15 17:20:16,518] - Server : Intel(R) Core(TM) i5-4590 CPU @ 3.30GHz with 4194303kB RAM
  INFO root [2017-11-15 17:20:16,519] - ThreadPool::createThreadPool: creating  threadpool...
  INFO root [2017-11-15 17:20:16,519] - ThreadPool::createThreadPool: successfully(2), newThreadCount=1, normalMaxThreadCount=2, maxThreadCount=8
 DEBUG root [2017-11-15 17:20:16,646] - Script::install_py_dlls(): PyInit_pyexpat
 DEBUG root [2017-11-15 17:20:16,647] - Script::install_py_dlls(): PyInit__socket
 DEBUG root [2017-11-15 17:20:16,647] - Script::install_py_dlls(): PyInit__hashlib
 DEBUG root [2017-11-15 17:20:16,648] - Script::install_py_dlls(): PyInit_select
 DEBUG root [2017-11-15 17:20:16,649] - Script::install_py_dlls(): PyInit__ctypes
 DEBUG root [2017-11-15 17:20:16,649] - Script::install_py_dlls(): PyInit__elementtree
 DEBUG root [2017-11-15 17:20:16,681] - Script::install_py_dlls(): PyInit_unicodedata
  INFO root [2017-11-15 17:20:16,712] - Script::install(): is successfully, Python=(3.4.2 (default, Jul  7 2017, 16:13:24) [MSC v.1800 32 bit (Intel)])!
  INFO root [2017-11-15 17:20:16,713] - Script::install(): KBExtra is successfully!
  INFO root [2017-11-15 17:20:16,755] - Dbmgr::initializeEnd: digest(9477EF45894C4D1ED11B6FA6B1C16406)
S_INFO root [2017-11-15 17:20:16,755] - onDBMgrReady: bootstrapGroupIndex=0, bootstrapGlobalIndex=0
  INFO root [2017-11-15 17:20:16,756] - TelnetServer server is running on port 32000
  INFO root [2017-11-15 17:20:16,756] - Dbmgr::initInterfacesHandler: interfaces addr(127.0.0.1:30099), accountType:(interfaces), chargeType:(interfaces).
  WARN root [2017-11-15 17:20:17,406] - DBUtil::initialize: db(default) password is not encrypted!
please use password(rsa):
DCDC6ADAF4183655B2B6CE77D4135A1547EB77DDCBF7C39C0629A34EAA01CF328BB8F5C22F55F6F62A581CCD289AB05EB6490E1660C9A21B567EBBDA156C4624346DB9C85E7749CC5C10FE1C49926F0D130F2B3233F7BDC2ADAFB4DDC2D79654ABAE26E2D808491836A3402852144BAB909FDB55E1B7D151AFFC2F7CDF28EA0F
 DEBUG root [2017-11-15 17:20:17,429] - DBInterfaceMysql::attach: connect: localhost:3306 starting...
 DEBUG root [2017-11-15 17:20:17,432] - DBInterfaceMysql::attach: successfully! addr: localhost:3306
  INFO root [2017-11-15 17:20:17,432] - DBUtil::createInterface[0x63f198]: interface=default, dbtype=mysql, ip=localhost, port=3306, currdatabase=kbe, username=kbe, connected=yes.

  INFO root [2017-11-15 17:20:17,432] - ThreadPool::createThreadPool: creating  threadpool...
  INFO root [2017-11-15 17:20:17,432] - ThreadPool::createThreadPool: successfully(5), newThreadCount=5, normalMaxThreadCount=5, maxThreadCount=5
 DEBUG root [2017-11-15 17:20:17,443] - DBInterfaceMysql::attach: connect: localhost:3306 starting...
 DEBUG root [2017-11-15 17:20:17,443] - DBInterfaceMysql::attach: connect: localhost:3306 starting...
 DEBUG root [2017-11-15 17:20:17,443] - DBInterfaceMysql::attach: connect: localhost:3306 starting...
 DEBUG root [2017-11-15 17:20:17,443] - DBInterfaceMysql::attach: connect: localhost:3306 starting...
 DEBUG root [2017-11-15 17:20:17,444] - DBInterfaceMysql::attach: connect: localhost:3306 starting...
 DEBUG root [2017-11-15 17:20:17,445] - DBInterfaceMysql::attach: successfully! addr: localhost:3306
 DEBUG root [2017-11-15 17:20:17,445] - DBThread::onStart(): 0x906df0!
 DEBUG root [2017-11-15 17:20:17,451] - DBInterfaceMysql::attach: successfully! addr: localhost:3306
 DEBUG root [2017-11-15 17:20:17,451] - DBThread::onStart(): 0x907120!
 DEBUG root [2017-11-15 17:20:17,469] - DBInterfaceMysql::attach: successfully! addr: localhost:3306
 DEBUG root [2017-11-15 17:20:17,469] - DBThread::onStart(): 0x9071a8!
 DEBUG root [2017-11-15 17:20:17,469] - DBInterfaceMysql::attach: successfully! addr: localhost:3306
 DEBUG root [2017-11-15 17:20:17,469] - DBThread::onStart(): 0x906f00!
 DEBUG root [2017-11-15 17:20:17,471] - DBInterfaceMysql::attach: successfully! addr: localhost:3306
 DEBUG root [2017-11-15 17:20:17,471] - DBThread::onStart(): 0x9069b0!
  INFO root [2017-11-15 17:20:17,534] - DBInterfaceMysql::query: successfully!
  INFO root [2017-11-15 17:20:17,536] - DBInterfaceMysql::query: successfully!
  INFO root [2017-11-15 17:20:17,536] - DBInterfaceMysql::query: successfully!
  INFO root [2017-11-15 17:20:17,536] - DBInterfaceMysql::query: successfully!
  INFO root [2017-11-15 17:20:17,536] - DBInterfaceMysql::query: successfully!
  INFO root [2017-11-15 17:20:17,536] - DBInterfaceMysql::query: successfully!
  INFO root [2017-11-15 17:20:17,537] - DBInterfaceMysql::query: successfully!
  INFO root [2017-11-15 17:20:17,537] - DBInterfaceMysql::query: successfully!
  INFO root [2017-11-15 17:20:17,537] - DBInterfaceMysql::query: successfully!
  INFO root [2017-11-15 17:20:17,606] - DBInterfaceMysql::query: successfully!
  WARN root [2017-11-15 17:20:17,624] - dbmgr.cpp:293: Profile scriptCall took 0.87 seconds
  INFO root [2017-11-15 17:20:17,855] - ---- dbmgr is running ----
 DEBUG root [2017-11-15 17:20:17,855] - Components::process(): Request for the process of identity...
  INFO root [2017-11-15 17:20:25,356] - Components::findComponents: find logger(1)...
  INFO root [2017-11-15 17:20:25,519] - Components::findComponents: found logger, addr:172.16.4.154:56414
  INFO root [2017-11-15 17:20:25,520] - Components::addComponent: reset orderLog, uid=1001!
  INFO root [2017-11-15 17:20:25,520] - Components::addComponent[logger], uid=1001, componentID=2000, globalorderid=1, grouporderid=1, totalcount=1
  WARN root [2017-11-15 17:20:25,524] - Forwarding logs to logger[172.16.4.154:56414/0/0/0]...
 ERROR root [2017-11-15 17:24:20,359] - Components::removeComponentByChannel: logger : 2000, Abnormal exit! errorno=10054
  INFO root [2017-11-15 17:24:20,365] - The following logs sent to logger failed:
  WARN root [2017-11-15 17:24:20,365] - ==> [2017-11-15 17:24:20 356] TCPPacketReceiver::processPendingEvents(172.16.4.154:56414): Throwing REASON_GENERAL_NETWORK - WSAECONNRESET
 ERROR root [2017-11-15 17:24:20,365] - ==> [2017-11-15 17:24:20 359] Components::removeComponentByChannel: logger : 2000, Abnormal exit! errorno=10054
  INFO root [2017-11-15 17:24:27,190] - 
  INFO root [2017-11-15 17:24:27,196] - -----------------------------------------------------------------------------------------


  INFO root [2017-11-15 17:24:27,196] - Resmgr::initialize: KBE_ROOT=C:/Users/hyc/Desktop/kbengine/
  INFO root [2017-11-15 17:24:27,196] - Resmgr::initialize: KBE_RES_PATH=C:/Users/hyc/Desktop/kbengine/kbe/res/;C:/Users/hyc/Desktop/kbengine/llgame/;C:/Users/hyc/Desktop/kbengine/llgame/scripts/;C:/Users/hyc/Desktop/kbengine/llgame/res/
  INFO root [2017-11-15 17:24:27,197] - Resmgr::initialize: KBE_BIN_PATH=C:/Users/hyc/Desktop/kbengine/kbe/bin/server/
  INFO root [2017-11-15 17:24:27,198] - NetworkInterface::recreateListeningSocket(INTERNAL): bound to all interfaces with default route interface on 172.16.4.154 ( 172.16.4.154:56468 )
  INFO root [2017-11-15 17:24:27,198] - NetworkInterface::recreateListeningSocket(INTERNAL): address 172.16.4.154:56468, SOMAXCONN=5.
  INFO root [2017-11-15 17:24:27,198] - server-configs:
  INFO root [2017-11-15 17:24:27,198] - 	internalAddr : 172.16.4.154:56468
  INFO root [2017-11-15 17:24:27,198] - 	componentID : 4000
  INFO root [2017-11-15 17:24:28,702] - ---- dbmgr Version: 0.9.12. ScriptVersion: 0.1.0. Protocol: EC01814405852ECE6208B05FBB876694. Config: Debug X86. Built: 16:13:30 Jul  7 2017. AppID: 4000. UID: 1001. PID: 261888 ----
  INFO root [2017-11-15 17:24:28,702] - Server : Intel(R) Core(TM) i5-4590 CPU @ 3.30GHz with 4194303kB RAM
  INFO root [2017-11-15 17:24:28,703] - ThreadPool::createThreadPool: creating  threadpool...
  INFO root [2017-11-15 17:24:28,703] - ThreadPool::createThreadPool: successfully(2), newThreadCount=1, normalMaxThreadCount=2, maxThreadCount=8
 DEBUG root [2017-11-15 17:24:28,866] - Script::install_py_dlls(): PyInit_pyexpat
 DEBUG root [2017-11-15 17:24:28,867] - Script::install_py_dlls(): PyInit__socket
 DEBUG root [2017-11-15 17:24:28,867] - Script::install_py_dlls(): PyInit__hashlib
 DEBUG root [2017-11-15 17:24:28,869] - Script::install_py_dlls(): PyInit_select
 DEBUG root [2017-11-15 17:24:28,869] - Script::install_py_dlls(): PyInit__ctypes
 DEBUG root [2017-11-15 17:24:28,869] - Script::install_py_dlls(): PyInit__elementtree
 DEBUG root [2017-11-15 17:24:28,911] - Script::install_py_dlls(): PyInit_unicodedata
  INFO root [2017-11-15 17:24:28,943] - Script::install(): is successfully, Python=(3.4.2 (default, Jul  7 2017, 16:13:24) [MSC v.1800 32 bit (Intel)])!
  INFO root [2017-11-15 17:24:28,943] - Script::install(): KBExtra is successfully!
  INFO root [2017-11-15 17:24:28,987] - Dbmgr::initializeEnd: digest(9477EF45894C4D1ED11B6FA6B1C16406)
S_INFO root [2017-11-15 17:24:28,987] - onDBMgrReady: bootstrapGroupIndex=0, bootstrapGlobalIndex=0
  INFO root [2017-11-15 17:24:28,988] - TelnetServer server is running on port 32000
  INFO root [2017-11-15 17:24:28,988] - Dbmgr::initInterfacesHandler: interfaces addr(127.0.0.1:30099), accountType:(interfaces), chargeType:(interfaces).
  WARN root [2017-11-15 17:24:29,643] - DBUtil::initialize: db(default) password is not encrypted!
please use password(rsa):
45C4FA71D7FE1052F428047551410DD0805BFBA6EB46A9F346D09BF0D43BCA5EDB7BD478C31E267BF8DD8A621E93CF8682FCEF58FD4452E08C1C0516985411EE7663385985CD4777E47A6BA929FB30C0A37AAED6C7E4752F9390FE31450125AD518DC1C89EF6A89C3D977359003A668F3DAF19604BD46ABC9DBE2A0545A607E8
 DEBUG root [2017-11-15 17:24:29,646] - DBInterfaceMysql::attach: connect: localhost:3306 starting...
 DEBUG root [2017-11-15 17:24:29,650] - DBInterfaceMysql::attach: successfully! addr: localhost:3306
  INFO root [2017-11-15 17:24:29,650] - DBUtil::createInterface[0x1e3f4c0]: interface=default, dbtype=mysql, ip=localhost, port=3306, currdatabase=kbe, username=kbe, connected=yes.

  INFO root [2017-11-15 17:24:29,650] - ThreadPool::createThreadPool: creating  threadpool...
  INFO root [2017-11-15 17:24:29,650] - ThreadPool::createThreadPool: successfully(5), newThreadCount=5, normalMaxThreadCount=5, maxThreadCount=5
 DEBUG root [2017-11-15 17:24:29,650] - DBInterfaceMysql::attach: connect: localhost:3306 starting...
 DEBUG root [2017-11-15 17:24:29,650] - DBInterfaceMysql::attach: connect: localhost:3306 starting...
 DEBUG root [2017-11-15 17:24:29,651] - DBInterfaceMysql::attach: connect: localhost:3306 starting...
 DEBUG root [2017-11-15 17:24:29,651] - DBInterfaceMysql::attach: connect: localhost:3306 starting...
 DEBUG root [2017-11-15 17:24:29,651] - DBInterfaceMysql::attach: connect: localhost:3306 starting...
 DEBUG root [2017-11-15 17:24:29,653] - DBInterfaceMysql::attach: successfully! addr: localhost:3306
 DEBUG root [2017-11-15 17:24:29,653] - DBThread::onStart(): 0x21d3408!
 DEBUG root [2017-11-15 17:24:29,654] - DBInterfaceMysql::attach: successfully! addr: localhost:3306
 DEBUG root [2017-11-15 17:24:29,654] - DBThread::onStart(): 0x21d3270!
 DEBUG root [2017-11-15 17:24:29,654] - DBInterfaceMysql::attach: successfully! addr: localhost:3306
 DEBUG root [2017-11-15 17:24:29,654] - DBThread::onStart(): 0x21d30d8!
 DEBUG root [2017-11-15 17:24:29,655] - DBInterfaceMysql::attach: successfully! addr: localhost:3306
 DEBUG root [2017-11-15 17:24:29,655] - DBThread::onStart(): 0x21d32f8!
 DEBUG root [2017-11-15 17:24:29,656] - DBInterfaceMysql::attach: successfully! addr: localhost:3306
 DEBUG root [2017-11-15 17:24:29,656] - DBThread::onStart(): 0x21d36b0!
  INFO root [2017-11-15 17:24:29,752] - DBInterfaceMysql::query: successfully!
  INFO root [2017-11-15 17:24:29,753] - DBInterfaceMysql::query: successfully!
  INFO root [2017-11-15 17:24:29,754] - DBInterfaceMysql::query: successfully!
  INFO root [2017-11-15 17:24:29,754] - DBInterfaceMysql::query: successfully!
  INFO root [2017-11-15 17:24:29,754] - DBInterfaceMysql::query: successfully!
  INFO root [2017-11-15 17:24:29,755] - DBInterfaceMysql::query: successfully!
  INFO root [2017-11-15 17:24:29,755] - DBInterfaceMysql::query: successfully!
  INFO root [2017-11-15 17:24:29,757] - DBInterfaceMysql::query: successfully!
  INFO root [2017-11-15 17:24:29,757] - DBInterfaceMysql::query: successfully!
  INFO root [2017-11-15 17:24:29,803] - DBInterfaceMysql::query: successfully!
  WARN root [2017-11-15 17:24:29,853] - dbmgr.cpp:293: Profile scriptCall took 0.87 seconds
  INFO root [2017-11-15 17:24:30,076] - ---- dbmgr is running ----
 DEBUG root [2017-11-15 17:24:30,077] - Components::process(): Request for the process of identity...
  INFO root [2017-11-15 17:24:37,428] - Components::findComponents: find logger(1)...
  INFO root [2017-11-15 17:24:37,556] - Components::findComponents: found logger, addr:172.16.4.154:56467
  INFO root [2017-11-15 17:24:37,556] - Components::addComponent: reset orderLog, uid=1001!
  INFO root [2017-11-15 17:24:37,557] - Components::addComponent[logger], uid=1001, componentID=2000, globalorderid=1, grouporderid=1, totalcount=1
  WARN root [2017-11-15 17:24:37,559] - Forwarding logs to logger[172.16.4.154:56467/0/0/0]...
