  INFO root [2017-11-16 20:33:41,306] - 
  INFO root [2017-11-16 20:33:41,307] - -----------------------------------------------------------------------------------------


  INFO root [2017-11-16 20:33:41,307] - Resmgr::initialize: KBE_ROOT=C:/Users/hyc/Desktop/kbengine/
  INFO root [2017-11-16 20:33:41,308] - Resmgr::initialize: KBE_RES_PATH=C:/Users/hyc/Desktop/kbengine/kbe/res/;C:/Users/hyc/Desktop/kbengine/llgame/;C:/Users/hyc/Desktop/kbengine/llgame/scripts/;C:/Users/hyc/Desktop/kbengine/llgame/res/
  INFO root [2017-11-16 20:33:41,308] - Resmgr::initialize: KBE_BIN_PATH=C:/Users/hyc/Desktop/kbengine/kbe/bin/server/
  INFO root [2017-11-16 20:33:41,310] - NetworkInterface::recreateListeningSocket(INTERNAL): bound to all interfaces with default route interface on 172.16.4.154 ( 172.16.4.154:49436 )
  INFO root [2017-11-16 20:33:41,310] - NetworkInterface::recreateListeningSocket(INTERNAL): address 172.16.4.154:49436, SOMAXCONN=5.
  INFO root [2017-11-16 20:33:41,310] - server-configs:
  INFO root [2017-11-16 20:33:41,310] - 	internalAddr : 172.16.4.154:49436
  INFO root [2017-11-16 20:33:41,310] - 	componentID : 4000
  INFO root [2017-11-16 20:33:42,814] - ---- dbmgr Version: 0.9.12. ScriptVersion: 0.1.0. Protocol: EC01814405852ECE6208B05FBB876694. Config: Debug X86. Built: 16:13:30 Jul  7 2017. AppID: 4000. UID: 1001. PID: 269428 ----
  INFO root [2017-11-16 20:33:42,814] - Server : Intel(R) Core(TM) i5-4590 CPU @ 3.30GHz with 4194303kB RAM
  INFO root [2017-11-16 20:33:42,815] - ThreadPool::createThreadPool: creating  threadpool...
  INFO root [2017-11-16 20:33:42,815] - ThreadPool::createThreadPool: successfully(2), newThreadCount=1, normalMaxThreadCount=2, maxThreadCount=8
 DEBUG root [2017-11-16 20:33:42,943] - Script::install_py_dlls(): PyInit_pyexpat
 DEBUG root [2017-11-16 20:33:42,943] - Script::install_py_dlls(): PyInit__socket
 DEBUG root [2017-11-16 20:33:42,943] - Script::install_py_dlls(): PyInit__hashlib
 DEBUG root [2017-11-16 20:33:42,945] - Script::install_py_dlls(): PyInit_select
 DEBUG root [2017-11-16 20:33:42,945] - Script::install_py_dlls(): PyInit__ctypes
 DEBUG root [2017-11-16 20:33:42,945] - Script::install_py_dlls(): PyInit__elementtree
 DEBUG root [2017-11-16 20:33:42,978] - Script::install_py_dlls(): PyInit_unicodedata
  INFO root [2017-11-16 20:33:43,009] - Script::install(): is successfully, Python=(3.4.2 (default, Jul  7 2017, 16:13:24) [MSC v.1800 32 bit (Intel)])!
  INFO root [2017-11-16 20:33:43,009] - Script::install(): KBExtra is successfully!
  INFO root [2017-11-16 20:33:43,053] - Dbmgr::initializeEnd: digest(9477EF45894C4D1ED11B6FA6B1C16406)
S_INFO root [2017-11-16 20:33:43,053] - onDBMgrReady: bootstrapGroupIndex=0, bootstrapGlobalIndex=0
  INFO root [2017-11-16 20:33:43,053] - TelnetServer server is running on port 32000
  INFO root [2017-11-16 20:33:43,054] - Dbmgr::initInterfacesHandler: interfaces addr(127.0.0.1:30099), accountType:(interfaces), chargeType:(interfaces).
  WARN root [2017-11-16 20:33:43,720] - DBUtil::initialize: db(default) password is not encrypted!
please use password(rsa):
11C537C67A8865AFDCCE9EC04584DB5D5CA3B1BF8FF99C0A096BF07C54AF6F434907022D680AF3EBC2A8EADDB0991C01385B53A39A7B37E1B91647432FDD542E74CE89E221C7DE299EBD3372F4FBC1B8A9EABAD9625E8B79D71A82F81F107786440C6A0D394741721DD04C44BC3CCC9CB4EC247EDA4C019CC5CCAEDD80435292
 DEBUG root [2017-11-16 20:33:43,722] - DBInterfaceMysql::attach: connect: localhost:3306 starting...
 DEBUG root [2017-11-16 20:33:43,725] - DBInterfaceMysql::attach: successfully! addr: localhost:3306
  INFO root [2017-11-16 20:33:43,725] - DBUtil::createInterface[0x1e3edcc]: interface=default, dbtype=mysql, ip=localhost, port=3306, currdatabase=kbe, username=kbe, connected=yes.

  INFO root [2017-11-16 20:33:43,725] - ThreadPool::createThreadPool: creating  threadpool...
  INFO root [2017-11-16 20:33:43,726] - ThreadPool::createThreadPool: successfully(5), newThreadCount=5, normalMaxThreadCount=5, maxThreadCount=5
 DEBUG root [2017-11-16 20:33:43,726] - DBInterfaceMysql::attach: connect: localhost:3306 starting...
 DEBUG root [2017-11-16 20:33:43,726] - DBInterfaceMysql::attach: connect: localhost:3306 starting...
 DEBUG root [2017-11-16 20:33:43,726] - DBInterfaceMysql::attach: connect: localhost:3306 starting...
 DEBUG root [2017-11-16 20:33:43,726] - DBInterfaceMysql::attach: connect: localhost:3306 starting...
 DEBUG root [2017-11-16 20:33:43,726] - DBInterfaceMysql::attach: connect: localhost:3306 starting...
 DEBUG root [2017-11-16 20:33:43,728] - DBInterfaceMysql::attach: successfully! addr: localhost:3306
 DEBUG root [2017-11-16 20:33:43,728] - DBThread::onStart(): 0x2105428!
 DEBUG root [2017-11-16 20:33:43,729] - DBInterfaceMysql::attach: successfully! addr: localhost:3306
 DEBUG root [2017-11-16 20:33:43,729] - DBThread::onStart(): 0x21050f8!
 DEBUG root [2017-11-16 20:33:43,730] - DBInterfaceMysql::attach: successfully! addr: localhost:3306
 DEBUG root [2017-11-16 20:33:43,730] - DBThread::onStart(): 0x2105648!
 DEBUG root [2017-11-16 20:33:43,730] - DBInterfaceMysql::attach: successfully! addr: localhost:3306
 DEBUG root [2017-11-16 20:33:43,730] - DBThread::onStart(): 0x21057e0!
 DEBUG root [2017-11-16 20:33:43,731] - DBInterfaceMysql::attach: successfully! addr: localhost:3306
 DEBUG root [2017-11-16 20:33:43,731] - DBThread::onStart(): 0x2105b10!
  INFO root [2017-11-16 20:33:43,827] - DBInterfaceMysql::query: successfully!
  INFO root [2017-11-16 20:33:43,828] - DBInterfaceMysql::query: successfully!
  INFO root [2017-11-16 20:33:43,829] - DBInterfaceMysql::query: successfully!
  INFO root [2017-11-16 20:33:43,829] - DBInterfaceMysql::query: successfully!
  INFO root [2017-11-16 20:33:43,829] - DBInterfaceMysql::query: successfully!
  INFO root [2017-11-16 20:33:43,829] - DBInterfaceMysql::query: successfully!
  INFO root [2017-11-16 20:33:43,829] - DBInterfaceMysql::query: successfully!
  INFO root [2017-11-16 20:33:43,830] - DBInterfaceMysql::query: successfully!
  INFO root [2017-11-16 20:33:43,830] - DBInterfaceMysql::query: successfully!
  INFO root [2017-11-16 20:33:43,962] - DBInterfaceMysql::query: successfully!
  WARN root [2017-11-16 20:33:43,982] - dbmgr.cpp:293: Profile scriptCall took 0.93 seconds
  INFO root [2017-11-16 20:33:44,199] - ---- dbmgr is running ----
 DEBUG root [2017-11-16 20:33:44,199] - Components::process(): Request for the process of identity...
  INFO root [2017-11-16 20:33:51,573] - Components::findComponents: find logger(1)...
  INFO root [2017-11-16 20:33:51,695] - Components::findComponents: found logger, addr:172.16.4.154:49435
  INFO root [2017-11-16 20:33:51,695] - Components::addComponent: reset orderLog, uid=1001!
  INFO root [2017-11-16 20:33:51,695] - Components::addComponent[logger], uid=1001, componentID=2000, globalorderid=1, grouporderid=1, totalcount=1
  WARN root [2017-11-16 20:33:51,697] - Forwarding logs to logger[172.16.4.154:49435/0/0/0]...
 ERROR root [2017-11-16 20:40:25,740] - Components::removeComponentByChannel: logger : 2000, Abnormal exit! errorno=10054
  INFO root [2017-11-16 20:40:25,741] - The following logs sent to logger failed:
  WARN root [2017-11-16 20:40:25,742] - ==> [2017-11-16 20:40:25 740] TCPPacketReceiver::processPendingEvents(172.16.4.154:49435): Throwing REASON_GENERAL_NETWORK - WSAECONNRESET
 ERROR root [2017-11-16 20:40:25,742] - ==> [2017-11-16 20:40:25 740] Components::removeComponentByChannel: logger : 2000, Abnormal exit! errorno=10054
  INFO root [2017-11-16 20:40:32,833] - 
  INFO root [2017-11-16 20:40:32,834] - -----------------------------------------------------------------------------------------


  INFO root [2017-11-16 20:40:32,834] - Resmgr::initialize: KBE_ROOT=C:/Users/hyc/Desktop/kbengine/
  INFO root [2017-11-16 20:40:32,834] - Resmgr::initialize: KBE_RES_PATH=C:/Users/hyc/Desktop/kbengine/kbe/res/;C:/Users/hyc/Desktop/kbengine/llgame/;C:/Users/hyc/Desktop/kbengine/llgame/scripts/;C:/Users/hyc/Desktop/kbengine/llgame/res/
  INFO root [2017-11-16 20:40:32,834] - Resmgr::initialize: KBE_BIN_PATH=C:/Users/hyc/Desktop/kbengine/kbe/bin/server/
  INFO root [2017-11-16 20:40:32,836] - NetworkInterface::recreateListeningSocket(INTERNAL): bound to all interfaces with default route interface on 172.16.4.154 ( 172.16.4.154:49539 )
  INFO root [2017-11-16 20:40:32,836] - NetworkInterface::recreateListeningSocket(INTERNAL): address 172.16.4.154:49539, SOMAXCONN=5.
  INFO root [2017-11-16 20:40:32,836] - server-configs:
  INFO root [2017-11-16 20:40:32,837] - 	internalAddr : 172.16.4.154:49539
  INFO root [2017-11-16 20:40:32,837] - 	componentID : 4000
  INFO root [2017-11-16 20:40:34,340] - ---- dbmgr Version: 0.9.12. ScriptVersion: 0.1.0. Protocol: EC01814405852ECE6208B05FBB876694. Config: Debug X86. Built: 16:13:30 Jul  7 2017. AppID: 4000. UID: 1001. PID: 258708 ----
  INFO root [2017-11-16 20:40:34,340] - Server : Intel(R) Core(TM) i5-4590 CPU @ 3.30GHz with 4194303kB RAM
  INFO root [2017-11-16 20:40:34,341] - ThreadPool::createThreadPool: creating  threadpool...
  INFO root [2017-11-16 20:40:34,341] - ThreadPool::createThreadPool: successfully(2), newThreadCount=1, normalMaxThreadCount=2, maxThreadCount=8
 DEBUG root [2017-11-16 20:40:34,468] - Script::install_py_dlls(): PyInit_pyexpat
 DEBUG root [2017-11-16 20:40:34,469] - Script::install_py_dlls(): PyInit__socket
 DEBUG root [2017-11-16 20:40:34,469] - Script::install_py_dlls(): PyInit__hashlib
 DEBUG root [2017-11-16 20:40:34,471] - Script::install_py_dlls(): PyInit_select
 DEBUG root [2017-11-16 20:40:34,471] - Script::install_py_dlls(): PyInit__ctypes
 DEBUG root [2017-11-16 20:40:34,471] - Script::install_py_dlls(): PyInit__elementtree
 DEBUG root [2017-11-16 20:40:34,502] - Script::install_py_dlls(): PyInit_unicodedata
  INFO root [2017-11-16 20:40:34,533] - Script::install(): is successfully, Python=(3.4.2 (default, Jul  7 2017, 16:13:24) [MSC v.1800 32 bit (Intel)])!
  INFO root [2017-11-16 20:40:34,533] - Script::install(): KBExtra is successfully!
  INFO root [2017-11-16 20:40:34,574] - Dbmgr::initializeEnd: digest(9477EF45894C4D1ED11B6FA6B1C16406)
S_INFO root [2017-11-16 20:40:34,574] - onDBMgrReady: bootstrapGroupIndex=0, bootstrapGlobalIndex=0
  INFO root [2017-11-16 20:40:34,575] - TelnetServer server is running on port 32000
  INFO root [2017-11-16 20:40:34,575] - Dbmgr::initInterfacesHandler: interfaces addr(127.0.0.1:30099), accountType:(interfaces), chargeType:(interfaces).
  WARN root [2017-11-16 20:40:35,269] - DBUtil::initialize: db(default) password is not encrypted!
please use password(rsa):
7687ADB138AF371F4E61732B435FABD1FCF1D4F7494529BEC9F65531BC12DC3BD6B1EF61E71116F51F50DD60FED66FEA408D5C448CF10D09F6B1E4048DE1AF2D2DDD22758F6876A3C5209BF5FB19E5B034A72BAA8E4E34700B9B2E5E080870ECBB3232CC69BF0A59D2FCBEFD887D18AF220E213965F10A532408E9AE045E0D0E
 DEBUG root [2017-11-16 20:40:35,271] - DBInterfaceMysql::attach: connect: localhost:3306 starting...
 DEBUG root [2017-11-16 20:40:35,274] - DBInterfaceMysql::attach: successfully! addr: localhost:3306
  INFO root [2017-11-16 20:40:35,274] - DBUtil::createInterface[0x1e3f3f4]: interface=default, dbtype=mysql, ip=localhost, port=3306, currdatabase=kbe, username=kbe, connected=yes.

  INFO root [2017-11-16 20:40:35,275] - ThreadPool::createThreadPool: creating  threadpool...
  INFO root [2017-11-16 20:40:35,275] - ThreadPool::createThreadPool: successfully(5), newThreadCount=5, normalMaxThreadCount=5, maxThreadCount=5
 DEBUG root [2017-11-16 20:40:35,275] - DBInterfaceMysql::attach: connect: localhost:3306 starting...
 DEBUG root [2017-11-16 20:40:35,275] - DBInterfaceMysql::attach: connect: localhost:3306 starting...
 DEBUG root [2017-11-16 20:40:35,277] - DBInterfaceMysql::attach: successfully! addr: localhost:3306
 DEBUG root [2017-11-16 20:40:35,277] - DBThread::onStart(): 0x20786e0!
 DEBUG root [2017-11-16 20:40:35,278] - DBInterfaceMysql::attach: successfully! addr: localhost:3306
 DEBUG root [2017-11-16 20:40:35,278] - DBThread::onStart(): 0x2077f70!
 DEBUG root [2017-11-16 20:40:35,278] - DBInterfaceMysql::attach: connect: localhost:3306 starting...
 DEBUG root [2017-11-16 20:40:35,278] - DBInterfaceMysql::attach: connect: localhost:3306 starting...
 DEBUG root [2017-11-16 20:40:35,280] - DBInterfaceMysql::attach: successfully! addr: localhost:3306
 DEBUG root [2017-11-16 20:40:35,280] - DBThread::onStart(): 0x2077dd8!
 DEBUG root [2017-11-16 20:40:35,281] - DBInterfaceMysql::attach: successfully! addr: localhost:3306
 DEBUG root [2017-11-16 20:40:35,281] - DBThread::onStart(): 0x2078a10!
 DEBUG root [2017-11-16 20:40:35,281] - DBInterfaceMysql::attach: connect: localhost:3306 starting...
 DEBUG root [2017-11-16 20:40:35,283] - DBInterfaceMysql::attach: successfully! addr: localhost:3306
 DEBUG root [2017-11-16 20:40:35,283] - DBThread::onStart(): 0x2078108!
  INFO root [2017-11-16 20:40:35,377] - DBInterfaceMysql::query: successfully!
  INFO root [2017-11-16 20:40:35,378] - DBInterfaceMysql::query: successfully!
  INFO root [2017-11-16 20:40:35,379] - DBInterfaceMysql::query: successfully!
  INFO root [2017-11-16 20:40:35,379] - DBInterfaceMysql::query: successfully!
  INFO root [2017-11-16 20:40:35,379] - DBInterfaceMysql::query: successfully!
  INFO root [2017-11-16 20:40:35,379] - DBInterfaceMysql::query: successfully!
  INFO root [2017-11-16 20:40:35,379] - DBInterfaceMysql::query: successfully!
  INFO root [2017-11-16 20:40:35,380] - DBInterfaceMysql::query: successfully!
  INFO root [2017-11-16 20:40:35,380] - DBInterfaceMysql::query: successfully!
  INFO root [2017-11-16 20:40:35,418] - DBInterfaceMysql::query: successfully!
  WARN root [2017-11-16 20:40:35,466] - dbmgr.cpp:293: Profile scriptCall took 0.89 seconds
  INFO root [2017-11-16 20:40:35,682] - ---- dbmgr is running ----
 DEBUG root [2017-11-16 20:40:35,682] - Components::process(): Request for the process of identity...
  INFO root [2017-11-16 20:40:43,035] - Components::findComponents: find logger(1)...
  INFO root [2017-11-16 20:40:43,074] - Components::findComponents: found logger, addr:172.16.4.154:49538
  INFO root [2017-11-16 20:40:43,075] - Components::addComponent: reset orderLog, uid=1001!
  INFO root [2017-11-16 20:40:43,075] - Components::addComponent[logger], uid=1001, componentID=2000, globalorderid=1, grouporderid=1, totalcount=1
  WARN root [2017-11-16 20:40:43,078] - Forwarding logs to logger[172.16.4.154:49538/0/0/0]...
 ERROR root [2017-11-16 20:42:02,404] - Components::removeComponentByChannel: logger : 2000, Abnormal exit! errorno=10054
  INFO root [2017-11-16 20:42:02,406] - The following logs sent to logger failed:
  WARN root [2017-11-16 20:42:02,406] - ==> [2017-11-16 20:42:02 403] TCPPacketReceiver::processPendingEvents(172.16.4.154:49538): Throwing REASON_GENERAL_NETWORK - WSAECONNRESET
 ERROR root [2017-11-16 20:42:02,406] - ==> [2017-11-16 20:42:02 404] Components::removeComponentByChannel: logger : 2000, Abnormal exit! errorno=10054
  INFO root [2017-11-16 20:42:09,963] - 
  INFO root [2017-11-16 20:42:09,963] - -----------------------------------------------------------------------------------------


  INFO root [2017-11-16 20:42:09,964] - Resmgr::initialize: KBE_ROOT=C:/Users/hyc/Desktop/kbengine/
  INFO root [2017-11-16 20:42:09,964] - Resmgr::initialize: KBE_RES_PATH=C:/Users/hyc/Desktop/kbengine/kbe/res/;C:/Users/hyc/Desktop/kbengine/llgame/;C:/Users/hyc/Desktop/kbengine/llgame/scripts/;C:/Users/hyc/Desktop/kbengine/llgame/res/
  INFO root [2017-11-16 20:42:09,964] - Resmgr::initialize: KBE_BIN_PATH=C:/Users/hyc/Desktop/kbengine/kbe/bin/server/
  INFO root [2017-11-16 20:42:09,965] - NetworkInterface::recreateListeningSocket(INTERNAL): bound to all interfaces with default route interface on 172.16.4.154 ( 172.16.4.154:49602 )
  INFO root [2017-11-16 20:42:09,966] - NetworkInterface::recreateListeningSocket(INTERNAL): address 172.16.4.154:49602, SOMAXCONN=5.
  INFO root [2017-11-16 20:42:09,966] - server-configs:
  INFO root [2017-11-16 20:42:09,966] - 	internalAddr : 172.16.4.154:49602
  INFO root [2017-11-16 20:42:09,966] - 	componentID : 4000
  INFO root [2017-11-16 20:42:11,470] - ---- dbmgr Version: 0.9.12. ScriptVersion: 0.1.0. Protocol: EC01814405852ECE6208B05FBB876694. Config: Debug X86. Built: 16:13:30 Jul  7 2017. AppID: 4000. UID: 1001. PID: 262576 ----
  INFO root [2017-11-16 20:42:11,471] - Server : Intel(R) Core(TM) i5-4590 CPU @ 3.30GHz with 4194303kB RAM
  INFO root [2017-11-16 20:42:11,471] - ThreadPool::createThreadPool: creating  threadpool...
  INFO root [2017-11-16 20:42:11,471] - ThreadPool::createThreadPool: successfully(2), newThreadCount=1, normalMaxThreadCount=2, maxThreadCount=8
 DEBUG root [2017-11-16 20:42:11,599] - Script::install_py_dlls(): PyInit_pyexpat
 DEBUG root [2017-11-16 20:42:11,599] - Script::install_py_dlls(): PyInit__socket
 DEBUG root [2017-11-16 20:42:11,599] - Script::install_py_dlls(): PyInit__hashlib
 DEBUG root [2017-11-16 20:42:11,601] - Script::install_py_dlls(): PyInit_select
 DEBUG root [2017-11-16 20:42:11,601] - Script::install_py_dlls(): PyInit__ctypes
 DEBUG root [2017-11-16 20:42:11,602] - Script::install_py_dlls(): PyInit__elementtree
 DEBUG root [2017-11-16 20:42:11,633] - Script::install_py_dlls(): PyInit_unicodedata
  INFO root [2017-11-16 20:42:11,663] - Script::install(): is successfully, Python=(3.4.2 (default, Jul  7 2017, 16:13:24) [MSC v.1800 32 bit (Intel)])!
  INFO root [2017-11-16 20:42:11,663] - Script::install(): KBExtra is successfully!
  INFO root [2017-11-16 20:42:11,709] - Dbmgr::initializeEnd: digest(9477EF45894C4D1ED11B6FA6B1C16406)
S_INFO root [2017-11-16 20:42:11,709] - onDBMgrReady: bootstrapGroupIndex=0, bootstrapGlobalIndex=0
  INFO root [2017-11-16 20:42:11,710] - TelnetServer server is running on port 32000
  INFO root [2017-11-16 20:42:11,710] - Dbmgr::initInterfacesHandler: interfaces addr(127.0.0.1:30099), accountType:(interfaces), chargeType:(interfaces).
  WARN root [2017-11-16 20:42:12,440] - DBUtil::initialize: db(default) password is not encrypted!
please use password(rsa):
45D8FD3ED72992C5C93C6B8C23BD349934A49730F3E72590A69143B336EA6A4A13D5399D431F3BEF79D7A53D0DE672EF53D06A164EAF8DCC7EF01D3E4B8EF98E095EAB3A3CFC9E1ADF7ED2B8BAF0AA18146DE0A6719271773F72CE88724594FE48BDF4917251020608A09D9826A6B83315AC957DF2F8B9E8AAC49F8106DDE644
 DEBUG root [2017-11-16 20:42:12,443] - DBInterfaceMysql::attach: connect: localhost:3306 starting...
 DEBUG root [2017-11-16 20:42:12,446] - DBInterfaceMysql::attach: successfully! addr: localhost:3306
  INFO root [2017-11-16 20:42:12,446] - DBUtil::createInterface[0x45f568]: interface=default, dbtype=mysql, ip=localhost, port=3306, currdatabase=kbe, username=kbe, connected=yes.

  INFO root [2017-11-16 20:42:12,446] - ThreadPool::createThreadPool: creating  threadpool...
  INFO root [2017-11-16 20:42:12,447] - ThreadPool::createThreadPool: successfully(5), newThreadCount=5, normalMaxThreadCount=5, maxThreadCount=5
 DEBUG root [2017-11-16 20:42:12,447] - DBInterfaceMysql::attach: connect: localhost:3306 starting...
 DEBUG root [2017-11-16 20:42:12,447] - DBInterfaceMysql::attach: connect: localhost:3306 starting...
 DEBUG root [2017-11-16 20:42:12,447] - DBInterfaceMysql::attach: connect: localhost:3306 starting...
 DEBUG root [2017-11-16 20:42:12,447] - DBInterfaceMysql::attach: connect: localhost:3306 starting...
 DEBUG root [2017-11-16 20:42:12,447] - DBInterfaceMysql::attach: connect: localhost:3306 starting...
 DEBUG root [2017-11-16 20:42:12,449] - DBInterfaceMysql::attach: successfully! addr: localhost:3306
 DEBUG root [2017-11-16 20:42:12,449] - DBThread::onStart(): 0x774468!
 DEBUG root [2017-11-16 20:42:12,450] - DBInterfaceMysql::attach: successfully! addr: localhost:3306
 DEBUG root [2017-11-16 20:42:12,450] - DBThread::onStart(): 0x774578!
 DEBUG root [2017-11-16 20:42:12,451] - DBInterfaceMysql::attach: successfully! addr: localhost:3306
 DEBUG root [2017-11-16 20:42:12,451] - DBThread::onStart(): 0x774248!
 DEBUG root [2017-11-16 20:42:12,451] - DBInterfaceMysql::attach: successfully! addr: localhost:3306
 DEBUG root [2017-11-16 20:42:12,451] - DBThread::onStart(): 0x774930!
 DEBUG root [2017-11-16 20:42:12,452] - DBInterfaceMysql::attach: successfully! addr: localhost:3306
 DEBUG root [2017-11-16 20:42:12,452] - DBThread::onStart(): 0x774358!
  INFO root [2017-11-16 20:42:12,551] - DBInterfaceMysql::query: successfully!
  INFO root [2017-11-16 20:42:12,557] - DBInterfaceMysql::query: successfully!
  INFO root [2017-11-16 20:42:12,559] - DBInterfaceMysql::query: successfully!
  INFO root [2017-11-16 20:42:12,560] - DBInterfaceMysql::query: successfully!
  INFO root [2017-11-16 20:42:12,561] - DBInterfaceMysql::query: successfully!
  INFO root [2017-11-16 20:42:12,561] - DBInterfaceMysql::query: successfully!
  INFO root [2017-11-16 20:42:12,562] - DBInterfaceMysql::query: successfully!
  INFO root [2017-11-16 20:42:12,563] - DBInterfaceMysql::query: successfully!
  INFO root [2017-11-16 20:42:12,638] - DBInterfaceMysql::query: successfully!
  INFO root [2017-11-16 20:42:12,662] - DBInterfaceMysql::query: successfully!
  WARN root [2017-11-16 20:42:12,680] - dbmgr.cpp:293: Profile scriptCall took 0.97 seconds
  INFO root [2017-11-16 20:42:12,906] - ---- dbmgr is running ----
 DEBUG root [2017-11-16 20:42:12,907] - Components::process(): Request for the process of identity...
  INFO root [2017-11-16 20:42:20,290] - Components::findComponents: find logger(1)...
  INFO root [2017-11-16 20:42:20,375] - Components::findComponents: found logger, addr:172.16.4.154:49601
  INFO root [2017-11-16 20:42:20,376] - Components::addComponent: reset orderLog, uid=1001!
  INFO root [2017-11-16 20:42:20,376] - Components::addComponent[logger], uid=1001, componentID=2000, globalorderid=1, grouporderid=1, totalcount=1
  WARN root [2017-11-16 20:42:20,377] - Forwarding logs to logger[172.16.4.154:49601/0/0/0]...
 ERROR root [2017-11-16 20:43:34,821] - Components::removeComponentByChannel: logger : 2000, Abnormal exit! errorno=10054
  INFO root [2017-11-16 20:43:34,824] - The following logs sent to logger failed:
  WARN root [2017-11-16 20:43:34,824] - ==> [2017-11-16 20:43:34 816] TCPPacketReceiver::processPendingEvents(172.16.4.154:49601): Throwing REASON_GENERAL_NETWORK - WSAECONNRESET
 ERROR root [2017-11-16 20:43:34,824] - ==> [2017-11-16 20:43:34 821] Components::removeComponentByChannel: logger : 2000, Abnormal exit! errorno=10054
  INFO root [2017-11-16 20:50:10,059] - 
  INFO root [2017-11-16 20:50:10,060] - -----------------------------------------------------------------------------------------


  INFO root [2017-11-16 20:50:10,060] - Resmgr::initialize: KBE_ROOT=C:/Users/hyc/Desktop/kbengine/
  INFO root [2017-11-16 20:50:10,060] - Resmgr::initialize: KBE_RES_PATH=C:/Users/hyc/Desktop/kbengine/kbe/res/;C:/Users/hyc/Desktop/kbengine/llgame/;C:/Users/hyc/Desktop/kbengine/llgame/scripts/;C:/Users/hyc/Desktop/kbengine/llgame/res/
  INFO root [2017-11-16 20:50:10,061] - Resmgr::initialize: KBE_BIN_PATH=C:/Users/hyc/Desktop/kbengine/kbe/bin/server/
  INFO root [2017-11-16 20:50:10,062] - NetworkInterface::recreateListeningSocket(INTERNAL): bound to all interfaces with default route interface on 172.16.4.154 ( 172.16.4.154:49709 )
  INFO root [2017-11-16 20:50:10,062] - NetworkInterface::recreateListeningSocket(INTERNAL): address 172.16.4.154:49709, SOMAXCONN=5.
  INFO root [2017-11-16 20:50:10,062] - server-configs:
  INFO root [2017-11-16 20:50:10,062] - 	internalAddr : 172.16.4.154:49709
  INFO root [2017-11-16 20:50:10,062] - 	componentID : 4000
  INFO root [2017-11-16 20:50:11,566] - ---- dbmgr Version: 0.9.12. ScriptVersion: 0.1.0. Protocol: EC01814405852ECE6208B05FBB876694. Config: Debug X86. Built: 16:13:30 Jul  7 2017. AppID: 4000. UID: 1001. PID: 287092 ----
  INFO root [2017-11-16 20:50:11,566] - Server : Intel(R) Core(TM) i5-4590 CPU @ 3.30GHz with 4194303kB RAM
  INFO root [2017-11-16 20:50:11,566] - ThreadPool::createThreadPool: creating  threadpool...
  INFO root [2017-11-16 20:50:11,567] - ThreadPool::createThreadPool: successfully(2), newThreadCount=1, normalMaxThreadCount=2, maxThreadCount=8
 DEBUG root [2017-11-16 20:50:11,696] - Script::install_py_dlls(): PyInit_pyexpat
 DEBUG root [2017-11-16 20:50:11,696] - Script::install_py_dlls(): PyInit__socket
 DEBUG root [2017-11-16 20:50:11,696] - Script::install_py_dlls(): PyInit__hashlib
 DEBUG root [2017-11-16 20:50:11,698] - Script::install_py_dlls(): PyInit_select
 DEBUG root [2017-11-16 20:50:11,698] - Script::install_py_dlls(): PyInit__ctypes
 DEBUG root [2017-11-16 20:50:11,698] - Script::install_py_dlls(): PyInit__elementtree
 DEBUG root [2017-11-16 20:50:11,730] - Script::install_py_dlls(): PyInit_unicodedata
  INFO root [2017-11-16 20:50:11,761] - Script::install(): is successfully, Python=(3.4.2 (default, Jul  7 2017, 16:13:24) [MSC v.1800 32 bit (Intel)])!
  INFO root [2017-11-16 20:50:11,761] - Script::install(): KBExtra is successfully!
  INFO root [2017-11-16 20:50:11,812] - Dbmgr::initializeEnd: digest(9477EF45894C4D1ED11B6FA6B1C16406)
S_INFO root [2017-11-16 20:50:11,812] - onDBMgrReady: bootstrapGroupIndex=0, bootstrapGlobalIndex=0
  INFO root [2017-11-16 20:50:11,813] - TelnetServer server is running on port 32000
  INFO root [2017-11-16 20:50:11,813] - Dbmgr::initInterfacesHandler: interfaces addr(127.0.0.1:30099), accountType:(interfaces), chargeType:(interfaces).
  WARN root [2017-11-16 20:50:12,807] - DBUtil::initialize: db(default) password is not encrypted!
please use password(rsa):
BA4F4B6E0FCF70DF319467C90A162CC039D35A37CEF68BD2C64D9C57E1CB7E2DA9CD548B75A584ABF6CE7806C9AB415E3E805FC211CB27E753EBD246D46565AF71CF6F0A1B4159B9CFA46F0667748DA2C6FBDF01E815A1639545111F0438A85D1B76B980358B4D09FA3C7205A0CDDC5EAAEA8EF32C1504616A51AFF837A8E69C
 DEBUG root [2017-11-16 20:50:12,809] - DBInterfaceMysql::attach: connect: localhost:3306 starting...
 DEBUG root [2017-11-16 20:50:12,812] - DBInterfaceMysql::attach: successfully! addr: localhost:3306
  INFO root [2017-11-16 20:50:12,812] - DBUtil::createInterface[0x30ef74]: interface=default, dbtype=mysql, ip=localhost, port=3306, currdatabase=kbe, username=kbe, connected=yes.

  INFO root [2017-11-16 20:50:12,813] - ThreadPool::createThreadPool: creating  threadpool...
  INFO root [2017-11-16 20:50:12,813] - ThreadPool::createThreadPool: successfully(5), newThreadCount=5, normalMaxThreadCount=5, maxThreadCount=5
 DEBUG root [2017-11-16 20:50:12,813] - DBInterfaceMysql::attach: connect: localhost:3306 starting...
 DEBUG root [2017-11-16 20:50:12,813] - DBInterfaceMysql::attach: connect: localhost:3306 starting...
 DEBUG root [2017-11-16 20:50:12,813] - DBInterfaceMysql::attach: connect: localhost:3306 starting...
 DEBUG root [2017-11-16 20:50:12,813] - DBInterfaceMysql::attach: connect: localhost:3306 starting...
 DEBUG root [2017-11-16 20:50:12,813] - DBInterfaceMysql::attach: connect: localhost:3306 starting...
 DEBUG root [2017-11-16 20:50:12,816] - DBInterfaceMysql::attach: successfully! addr: localhost:3306
 DEBUG root [2017-11-16 20:50:12,816] - DBThread::onStart(): 0x6581a8!
 DEBUG root [2017-11-16 20:50:12,816] - DBInterfaceMysql::attach: successfully! addr: localhost:3306
 DEBUG root [2017-11-16 20:50:12,816] - DBThread::onStart(): 0x658230!
 DEBUG root [2017-11-16 20:50:12,817] - DBInterfaceMysql::attach: successfully! addr: localhost:3306
 DEBUG root [2017-11-16 20:50:12,817] - DBThread::onStart(): 0x657680!
 DEBUG root [2017-11-16 20:50:12,817] - DBInterfaceMysql::attach: successfully! addr: localhost:3306
 DEBUG root [2017-11-16 20:50:12,817] - DBThread::onStart(): 0x657b48!
 DEBUG root [2017-11-16 20:50:12,817] - DBInterfaceMysql::attach: successfully! addr: localhost:3306
 DEBUG root [2017-11-16 20:50:12,817] - DBThread::onStart(): 0x657f88!
  INFO root [2017-11-16 20:50:12,918] - DBInterfaceMysql::query: successfully!
  INFO root [2017-11-16 20:50:12,924] - DBInterfaceMysql::query: successfully!
  INFO root [2017-11-16 20:50:12,927] - DBInterfaceMysql::query: successfully!
  INFO root [2017-11-16 20:50:12,927] - DBInterfaceMysql::query: successfully!
  INFO root [2017-11-16 20:50:12,928] - DBInterfaceMysql::query: successfully!
  INFO root [2017-11-16 20:50:12,928] - DBInterfaceMysql::query: successfully!
  INFO root [2017-11-16 20:50:12,929] - DBInterfaceMysql::query: successfully!
  INFO root [2017-11-16 20:50:12,930] - DBInterfaceMysql::query: successfully!
  INFO root [2017-11-16 20:50:12,931] - DBInterfaceMysql::query: successfully!
  INFO root [2017-11-16 20:50:12,968] - DBInterfaceMysql::query: successfully!
  WARN root [2017-11-16 20:50:13,013] - dbmgr.cpp:293: Profile scriptCall took 1.20 seconds
  INFO root [2017-11-16 20:50:13,231] - ---- dbmgr is running ----
 DEBUG root [2017-11-16 20:50:13,232] - Components::process(): Request for the process of identity...
 DEBUG root [2017-11-16 20:50:19,593] - ServerApp::lookApp: 172.16.4.154:49730/0/0/0, componentID=4000
 DEBUG root [2017-11-16 20:50:19,593] - ServerApp::lookApp: response! componentID=4000
  INFO root [2017-11-16 20:50:20,572] - Components::findComponents: find logger(1)...
  INFO root [2017-11-16 20:50:20,693] - Components::findComponents: found logger, addr:172.16.4.154:49708
  INFO root [2017-11-16 20:50:20,693] - Components::addComponent: reset orderLog, uid=1001!
  INFO root [2017-11-16 20:50:20,694] - Components::addComponent[logger], uid=1001, componentID=2000, globalorderid=1, grouporderid=1, totalcount=1
  WARN root [2017-11-16 20:50:20,697] - Forwarding logs to logger[172.16.4.154:49708/0/0/0]...
 ERROR root [2017-11-16 20:50:41,277] - Components::removeComponentByChannel: logger : 2000, Abnormal exit! errorno=10054
  INFO root [2017-11-16 20:50:41,282] - The following logs sent to logger failed:
  WARN root [2017-11-16 20:50:41,282] - ==> [2017-11-16 20:50:41 277] TCPPacketReceiver::processPendingEvents(172.16.4.154:49708): Throwing REASON_GENERAL_NETWORK - WSAECONNRESET
 ERROR root [2017-11-16 20:50:41,283] - ==> [2017-11-16 20:50:41 278] Components::removeComponentByChannel: logger : 2000, Abnormal exit! errorno=10054
  INFO root [2017-11-16 20:50:45,187] - 
  INFO root [2017-11-16 20:50:45,192] - -----------------------------------------------------------------------------------------


  INFO root [2017-11-16 20:50:45,193] - Resmgr::initialize: KBE_ROOT=C:/Users/hyc/Desktop/kbengine/
  INFO root [2017-11-16 20:50:45,193] - Resmgr::initialize: KBE_RES_PATH=C:/Users/hyc/Desktop/kbengine/kbe/res/;C:/Users/hyc/Desktop/kbengine/llgame/;C:/Users/hyc/Desktop/kbengine/llgame/scripts/;C:/Users/hyc/Desktop/kbengine/llgame/res/
  INFO root [2017-11-16 20:50:45,193] - Resmgr::initialize: KBE_BIN_PATH=C:/Users/hyc/Desktop/kbengine/kbe/bin/server/
  INFO root [2017-11-16 20:50:45,198] - NetworkInterface::recreateListeningSocket(INTERNAL): bound to all interfaces with default route interface on 172.16.4.154 ( 172.16.4.154:49758 )
  INFO root [2017-11-16 20:50:45,199] - NetworkInterface::recreateListeningSocket(INTERNAL): address 172.16.4.154:49758, SOMAXCONN=5.
  INFO root [2017-11-16 20:50:45,199] - server-configs:
  INFO root [2017-11-16 20:50:45,199] - 	internalAddr : 172.16.4.154:49758
  INFO root [2017-11-16 20:50:45,199] - 	componentID : 4000
  INFO root [2017-11-16 20:50:46,703] - ---- dbmgr Version: 0.9.12. ScriptVersion: 0.1.0. Protocol: EC01814405852ECE6208B05FBB876694. Config: Debug X86. Built: 16:13:30 Jul  7 2017. AppID: 4000. UID: 1001. PID: 262172 ----
  INFO root [2017-11-16 20:50:46,703] - Server : Intel(R) Core(TM) i5-4590 CPU @ 3.30GHz with 4194303kB RAM
  INFO root [2017-11-16 20:50:46,703] - ThreadPool::createThreadPool: creating  threadpool...
  INFO root [2017-11-16 20:50:46,704] - ThreadPool::createThreadPool: successfully(2), newThreadCount=1, normalMaxThreadCount=2, maxThreadCount=8
 DEBUG root [2017-11-16 20:50:46,863] - Script::install_py_dlls(): PyInit_pyexpat
 DEBUG root [2017-11-16 20:50:46,863] - Script::install_py_dlls(): PyInit__socket
 DEBUG root [2017-11-16 20:50:46,863] - Script::install_py_dlls(): PyInit__hashlib
 DEBUG root [2017-11-16 20:50:46,865] - Script::install_py_dlls(): PyInit_select
 DEBUG root [2017-11-16 20:50:46,866] - Script::install_py_dlls(): PyInit__ctypes
 DEBUG root [2017-11-16 20:50:46,866] - Script::install_py_dlls(): PyInit__elementtree
 DEBUG root [2017-11-16 20:50:46,899] - Script::install_py_dlls(): PyInit_unicodedata
  INFO root [2017-11-16 20:50:46,931] - Script::install(): is successfully, Python=(3.4.2 (default, Jul  7 2017, 16:13:24) [MSC v.1800 32 bit (Intel)])!
  INFO root [2017-11-16 20:50:46,931] - Script::install(): KBExtra is successfully!
  INFO root [2017-11-16 20:50:46,979] - Dbmgr::initializeEnd: digest(9477EF45894C4D1ED11B6FA6B1C16406)
S_INFO root [2017-11-16 20:50:46,979] - onDBMgrReady: bootstrapGroupIndex=0, bootstrapGlobalIndex=0
  INFO root [2017-11-16 20:50:46,980] - TelnetServer server is running on port 32000
  INFO root [2017-11-16 20:50:46,980] - Dbmgr::initInterfacesHandler: interfaces addr(127.0.0.1:30099), accountType:(interfaces), chargeType:(interfaces).
  WARN root [2017-11-16 20:50:47,667] - DBUtil::initialize: db(default) password is not encrypted!
please use password(rsa):
0A5E45821A73936F7B1E436F1BBEB04C28B787E5FC0DCECE5F8B4ED55C015EBFEE11AB227712648C40F2C6E73E625173A9AD560819977A68E7C8A570E16B13C80EF8F1DA9DB64AE1FD0AF41F8812E96B14D8625FFC986ED2ECAB79CBB50845D78872613E8314A90C9423E6E47976E0F4FE987B0121300ACCF62EAEF27737E9D5
 DEBUG root [2017-11-16 20:50:47,670] - DBInterfaceMysql::attach: connect: localhost:3306 starting...
 DEBUG root [2017-11-16 20:50:47,673] - DBInterfaceMysql::attach: successfully! addr: localhost:3306
  INFO root [2017-11-16 20:50:47,673] - DBUtil::createInterface[0x1e3f528]: interface=default, dbtype=mysql, ip=localhost, port=3306, currdatabase=kbe, username=kbe, connected=yes.

  INFO root [2017-11-16 20:50:47,673] - ThreadPool::createThreadPool: creating  threadpool...
  INFO root [2017-11-16 20:50:47,673] - ThreadPool::createThreadPool: successfully(5), newThreadCount=5, normalMaxThreadCount=5, maxThreadCount=5
 DEBUG root [2017-11-16 20:50:47,673] - DBInterfaceMysql::attach: connect: localhost:3306 starting...
 DEBUG root [2017-11-16 20:50:47,673] - DBInterfaceMysql::attach: connect: localhost:3306 starting...
 DEBUG root [2017-11-16 20:50:47,673] - DBInterfaceMysql::attach: connect: localhost:3306 starting...
 DEBUG root [2017-11-16 20:50:47,674] - DBInterfaceMysql::attach: connect: localhost:3306 starting...
 DEBUG root [2017-11-16 20:50:47,674] - DBInterfaceMysql::attach: connect: localhost:3306 starting...
 DEBUG root [2017-11-16 20:50:47,676] - DBInterfaceMysql::attach: successfully! addr: localhost:3306
 DEBUG root [2017-11-16 20:50:47,676] - DBThread::onStart(): 0x2277d50!
 DEBUG root [2017-11-16 20:50:47,677] - DBInterfaceMysql::attach: successfully! addr: localhost:3306
 DEBUG root [2017-11-16 20:50:47,677] - DBThread::onStart(): 0x22771a0!
 DEBUG root [2017-11-16 20:50:47,677] - DBInterfaceMysql::attach: successfully! addr: localhost:3306
 DEBUG root [2017-11-16 20:50:47,677] - DBThread::onStart(): 0x2277c40!
 DEBUG root [2017-11-16 20:50:47,678] - DBInterfaceMysql::attach: successfully! addr: localhost:3306
 DEBUG root [2017-11-16 20:50:47,678] - DBThread::onStart(): 0x2277cc8!
 DEBUG root [2017-11-16 20:50:47,678] - DBInterfaceMysql::attach: successfully! addr: localhost:3306
 DEBUG root [2017-11-16 20:50:47,679] - DBThread::onStart(): 0x22775e0!
  INFO root [2017-11-16 20:50:47,777] - DBInterfaceMysql::query: successfully!
  INFO root [2017-11-16 20:50:47,781] - DBInterfaceMysql::query: successfully!
  INFO root [2017-11-16 20:50:47,782] - DBInterfaceMysql::query: successfully!
  INFO root [2017-11-16 20:50:47,783] - DBInterfaceMysql::query: successfully!
  INFO root [2017-11-16 20:50:47,783] - DBInterfaceMysql::query: successfully!
  INFO root [2017-11-16 20:50:47,783] - DBInterfaceMysql::query: successfully!
  INFO root [2017-11-16 20:50:47,784] - DBInterfaceMysql::query: successfully!
  INFO root [2017-11-16 20:50:47,784] - DBInterfaceMysql::query: successfully!
  INFO root [2017-11-16 20:50:47,785] - DBInterfaceMysql::query: successfully!
  INFO root [2017-11-16 20:50:47,786] - DBInterfaceMysql::query: successfully!
  WARN root [2017-11-16 20:50:47,825] - dbmgr.cpp:293: Profile scriptCall took 0.85 seconds
  INFO root [2017-11-16 20:50:48,071] - ---- dbmgr is running ----
 DEBUG root [2017-11-16 20:50:48,071] - Components::process(): Request for the process of identity...
  INFO root [2017-11-16 20:50:55,669] - 
  INFO root [2017-11-16 20:50:55,683] - -----------------------------------------------------------------------------------------


  INFO root [2017-11-16 20:50:55,684] - Resmgr::initialize: KBE_ROOT=C:/Users/hyc/Desktop/kbengine/
  INFO root [2017-11-16 20:50:55,684] - Resmgr::initialize: KBE_RES_PATH=C:/Users/hyc/Desktop/kbengine/kbe/res/;C:/Users/hyc/Desktop/kbengine/llgame/;C:/Users/hyc/Desktop/kbengine/llgame/scripts/;C:/Users/hyc/Desktop/kbengine/llgame/res/
  INFO root [2017-11-16 20:50:55,684] - Resmgr::initialize: KBE_BIN_PATH=C:/Users/hyc/Desktop/kbengine/kbe/bin/server/
  INFO root [2017-11-16 20:50:55,689] - NetworkInterface::recreateListeningSocket(INTERNAL): bound to all interfaces with default route interface on 172.16.4.154 ( 172.16.4.154:49778 )
  INFO root [2017-11-16 20:50:55,689] - NetworkInterface::recreateListeningSocket(INTERNAL): address 172.16.4.154:49778, SOMAXCONN=5.
  INFO root [2017-11-16 20:50:55,689] - server-configs:
  INFO root [2017-11-16 20:50:55,689] - 	internalAddr : 172.16.4.154:49778
  INFO root [2017-11-16 20:50:55,689] - 	componentID : 4000
  WARN root [2017-11-16 20:50:56,216] - BundleBroadcast::BundleBroadcast: Cannot bind to port 20026, errorno=10048
  INFO root [2017-11-16 20:50:56,219] - ---- dbmgr Version: 0.9.12. ScriptVersion: 0.1.0. Protocol: EC01814405852ECE6208B05FBB876694. Config: Debug X86. Built: 16:13:30 Jul  7 2017. AppID: 4000. UID: 1001. PID: 262772 ----
  INFO root [2017-11-16 20:50:56,220] - Server : Intel(R) Core(TM) i5-4590 CPU @ 3.30GHz with 4194303kB RAM
  INFO root [2017-11-16 20:50:56,220] - ThreadPool::createThreadPool: creating  threadpool...
  INFO root [2017-11-16 20:50:56,220] - ThreadPool::createThreadPool: successfully(2), newThreadCount=1, normalMaxThreadCount=2, maxThreadCount=8
 DEBUG root [2017-11-16 20:50:56,352] - Script::install_py_dlls(): PyInit_pyexpat
 DEBUG root [2017-11-16 20:50:56,352] - Script::install_py_dlls(): PyInit__socket
 DEBUG root [2017-11-16 20:50:56,353] - Script::install_py_dlls(): PyInit__hashlib
 DEBUG root [2017-11-16 20:50:56,354] - Script::install_py_dlls(): PyInit_select
 DEBUG root [2017-11-16 20:50:56,354] - Script::install_py_dlls(): PyInit__ctypes
 DEBUG root [2017-11-16 20:50:56,355] - Script::install_py_dlls(): PyInit__elementtree
 DEBUG root [2017-11-16 20:50:56,386] - Script::install_py_dlls(): PyInit_unicodedata
  INFO root [2017-11-16 20:50:56,415] - Script::install(): is successfully, Python=(3.4.2 (default, Jul  7 2017, 16:13:24) [MSC v.1800 32 bit (Intel)])!
  INFO root [2017-11-16 20:50:56,415] - Script::install(): KBExtra is successfully!
  INFO root [2017-11-16 20:50:56,459] - Dbmgr::initializeEnd: digest(9477EF45894C4D1ED11B6FA6B1C16406)
S_INFO root [2017-11-16 20:50:56,460] - onDBMgrReady: bootstrapGroupIndex=0, bootstrapGlobalIndex=0
  INFO root [2017-11-16 20:50:56,460] - TelnetServer server is running on port 32000
  INFO root [2017-11-16 20:50:56,460] - Dbmgr::initInterfacesHandler: interfaces addr(127.0.0.1:30099), accountType:(interfaces), chargeType:(interfaces).
  WARN root [2017-11-16 20:50:57,130] - DBUtil::initialize: db(default) password is not encrypted!
please use password(rsa):
C287AA62411FAED4FAB1ED680775679ED1CECF1BD8C69E7D6F5D5DA89C410E03B09E2F33F91A1437BBC832BE74234621DE5A0B619CCF6914D1A771A3F3F3FF8C48254458F20C787BC524D1309627A899241322E027D2C434AF783549D5FC3BA8FBAAFBC2BF29D627C4E21CD4ACA16FC8EB18F3331C9C4E01D1DFD0C108CFA43C
 DEBUG root [2017-11-16 20:50:57,133] - DBInterfaceMysql::attach: connect: localhost:3306 starting...
 DEBUG root [2017-11-16 20:50:57,136] - DBInterfaceMysql::attach: successfully! addr: localhost:3306
  INFO root [2017-11-16 20:50:57,137] - DBUtil::createInterface[0x7ef1b0]: interface=default, dbtype=mysql, ip=localhost, port=3306, currdatabase=kbe, username=kbe, connected=yes.

  INFO root [2017-11-16 20:50:57,137] - ThreadPool::createThreadPool: creating  threadpool...
  INFO root [2017-11-16 20:50:57,137] - ThreadPool::createThreadPool: successfully(5), newThreadCount=5, normalMaxThreadCount=5, maxThreadCount=5
 DEBUG root [2017-11-16 20:50:57,140] - DBInterfaceMysql::attach: connect: localhost:3306 starting...
 DEBUG root [2017-11-16 20:50:57,142] - DBInterfaceMysql::attach: successfully! addr: localhost:3306
 DEBUG root [2017-11-16 20:50:57,142] - DBThread::onStart(): 0x8c9858!
 DEBUG root [2017-11-16 20:50:57,142] - DBInterfaceMysql::attach: connect: localhost:3306 starting...
 DEBUG root [2017-11-16 20:50:57,144] - DBInterfaceMysql::attach: connect: localhost:3306 starting...
 DEBUG root [2017-11-16 20:50:57,145] - DBInterfaceMysql::attach: successfully! addr: localhost:3306
 DEBUG root [2017-11-16 20:50:57,145] - DBThread::onStart(): 0x8c9170!
 DEBUG root [2017-11-16 20:50:57,145] - DBInterfaceMysql::attach: connect: localhost:3306 starting...
 DEBUG root [2017-11-16 20:50:57,146] - DBInterfaceMysql::attach: successfully! addr: localhost:3306
 DEBUG root [2017-11-16 20:50:57,146] - DBThread::onStart(): 0x8c9fc8!
 DEBUG root [2017-11-16 20:50:57,147] - DBInterfaceMysql::attach: successfully! addr: localhost:3306
 DEBUG root [2017-11-16 20:50:57,147] - DBThread::onStart(): 0x8c9b88!
 DEBUG root [2017-11-16 20:50:57,161] - DBInterfaceMysql::attach: connect: localhost:3306 starting...
 DEBUG root [2017-11-16 20:50:57,163] - DBInterfaceMysql::attach: successfully! addr: localhost:3306
 DEBUG root [2017-11-16 20:50:57,163] - DBThread::onStart(): 0x8c98e0!
  INFO root [2017-11-16 20:50:57,239] - DBInterfaceMysql::query: successfully!
  INFO root [2017-11-16 20:50:57,240] - DBInterfaceMysql::query: successfully!
  INFO root [2017-11-16 20:50:57,241] - DBInterfaceMysql::query: successfully!
  INFO root [2017-11-16 20:50:57,241] - DBInterfaceMysql::query: successfully!
  INFO root [2017-11-16 20:50:57,241] - DBInterfaceMysql::query: successfully!
  INFO root [2017-11-16 20:50:57,241] - DBInterfaceMysql::query: successfully!
  INFO root [2017-11-16 20:50:57,242] - DBInterfaceMysql::query: successfully!
  INFO root [2017-11-16 20:50:57,242] - DBInterfaceMysql::query: successfully!
  INFO root [2017-11-16 20:50:57,242] - DBInterfaceMysql::query: successfully!
  INFO root [2017-11-16 20:50:57,242] - DBInterfaceMysql::query: successfully!
  WARN root [2017-11-16 20:50:57,295] - dbmgr.cpp:293: Profile scriptCall took 0.84 seconds
  INFO root [2017-11-16 20:50:57,514] - ---- dbmgr is running ----
 DEBUG root [2017-11-16 20:50:57,514] - Components::process(): Request for the process of identity...
  INFO root [2017-11-16 20:51:05,100] - Components::findComponents: find logger(1)...
  INFO root [2017-11-16 20:51:05,213] - Components::findComponents: found logger, addr:172.16.4.154:49774
  INFO root [2017-11-16 20:51:05,213] - Components::addComponent: reset orderLog, uid=1001!
  INFO root [2017-11-16 20:51:05,214] - Components::addComponent[logger], uid=1001, componentID=2000, globalorderid=1, grouporderid=1, totalcount=1
  WARN root [2017-11-16 20:51:05,215] - Forwarding logs to logger[172.16.4.154:49774/0/0/0]...
