 ERROR root [2017-11-07 08:48:11,280] - Components::removeComponentByChannel: logger : 2000, Abnormal exit! errorno=10054
  INFO root [2017-11-07 08:48:11,282] - The following logs sent to logger failed:
  WARN root [2017-11-07 08:48:11,282] - ==> [2017-11-07 08:48:11 278] TCPPacketReceiver::processPendingEvents(172.16.4.154:53506): Throwing REASON_GENERAL_NETWORK - WSAECONNRESET
 ERROR root [2017-11-07 08:48:11,282] - ==> [2017-11-07 08:48:11 282] Components::removeComponentByChannel: logger : 2000, Abnormal exit! errorno=10054
  INFO root [2017-11-07 09:11:12,946] - 
  INFO root [2017-11-07 09:11:12,947] - -----------------------------------------------------------------------------------------


  INFO root [2017-11-07 09:11:12,947] - Resmgr::initialize: KBE_ROOT=C:/Users/hyc/Desktop/kbengine/
  INFO root [2017-11-07 09:11:12,947] - Resmgr::initialize: KBE_RES_PATH=C:/Users/hyc/Desktop/kbengine/kbe/res/;C:/Users/hyc/Desktop/kbengine/llgame/;C:/Users/hyc/Desktop/kbengine/llgame/scripts/;C:/Users/hyc/Desktop/kbengine/llgame/res/
  INFO root [2017-11-07 09:11:12,948] - Resmgr::initialize: KBE_BIN_PATH=C:/Users/hyc/Desktop/kbengine/kbe/bin/server/
  INFO root [2017-11-07 09:11:12,949] - NetworkInterface::recreateListeningSocket(INTERNAL): bound to all interfaces with default route interface on 172.16.4.154 ( 172.16.4.154:55874 )
  INFO root [2017-11-07 09:11:12,949] - NetworkInterface::recreateListeningSocket(INTERNAL): address 172.16.4.154:55874, SOMAXCONN=5.
  INFO root [2017-11-07 09:11:12,949] - server-configs:
  INFO root [2017-11-07 09:11:12,950] - 	internalAddr : 172.16.4.154:55874
  INFO root [2017-11-07 09:11:12,950] - 	componentID : 4000
  INFO root [2017-11-07 09:11:14,453] - ---- dbmgr Version: 0.9.12. ScriptVersion: 0.1.0. Protocol: EC01814405852ECE6208B05FBB876694. Config: Debug X86. Built: 16:13:30 Jul  7 2017. AppID: 4000. UID: 1001. PID: 101112 ----
  INFO root [2017-11-07 09:11:14,454] - Server : Intel(R) Core(TM) i5-4590 CPU @ 3.30GHz with 4194303kB RAM
  INFO root [2017-11-07 09:11:14,454] - ThreadPool::createThreadPool: creating  threadpool...
  INFO root [2017-11-07 09:11:14,454] - ThreadPool::createThreadPool: successfully(2), newThreadCount=1, normalMaxThreadCount=2, maxThreadCount=8
 DEBUG root [2017-11-07 09:11:14,605] - Script::install_py_dlls(): PyInit_pyexpat
 DEBUG root [2017-11-07 09:11:14,605] - Script::install_py_dlls(): PyInit__socket
 DEBUG root [2017-11-07 09:11:14,606] - Script::install_py_dlls(): PyInit__hashlib
 DEBUG root [2017-11-07 09:11:14,608] - Script::install_py_dlls(): PyInit_select
 DEBUG root [2017-11-07 09:11:14,608] - Script::install_py_dlls(): PyInit__ctypes
 DEBUG root [2017-11-07 09:11:14,609] - Script::install_py_dlls(): PyInit__elementtree
 DEBUG root [2017-11-07 09:11:14,641] - Script::install_py_dlls(): PyInit_unicodedata
  INFO root [2017-11-07 09:11:14,686] - Script::install(): is successfully, Python=(3.4.2 (default, Jul  7 2017, 16:13:24) [MSC v.1800 32 bit (Intel)])!
  INFO root [2017-11-07 09:11:14,686] - Script::install(): KBExtra is successfully!
  INFO root [2017-11-07 09:11:14,732] - Dbmgr::initializeEnd: digest(3AE2951E4080BAFE842768E10701770F)
S_INFO root [2017-11-07 09:11:14,732] - onDBMgrReady: bootstrapGroupIndex=0, bootstrapGlobalIndex=0
  INFO root [2017-11-07 09:11:14,733] - TelnetServer server is running on port 32000
  INFO root [2017-11-07 09:11:14,733] - Dbmgr::initInterfacesHandler: interfaces addr(127.0.0.1:30099), accountType:(interfaces), chargeType:(interfaces).
  WARN root [2017-11-07 09:11:15,377] - DBUtil::initialize: db(default) password is not encrypted!
please use password(rsa):
5DC9B14387604884948BBB2A1A8A3E4AA82F4878D57291A3C561B2796D0A641F2EE12BA0985A3D8D15D29E46D85FF6BD2D8A90A464A3C9BAE31D2C5F7AF011172A257D7A96A666EB7787792D45AA656F7A61C9CEC9721CFFFC8185466F10260912CD10FF8F1F3BD22A008F084C95CCF0B74BA00204F4DBAE3C6EB0CC4B317501
 DEBUG root [2017-11-07 09:11:15,379] - DBInterfaceMysql::attach: connect: localhost:3306 starting...
 DEBUG root [2017-11-07 09:11:15,382] - DBInterfaceMysql::attach: successfully! addr: localhost:3306
  INFO root [2017-11-07 09:11:15,382] - DBUtil::createInterface[0x168ee50]: interface=default, dbtype=mysql, ip=localhost, port=3306, currdatabase=kbe, username=kbe, connected=yes.

  INFO root [2017-11-07 09:11:15,382] - ThreadPool::createThreadPool: creating  threadpool...
  INFO root [2017-11-07 09:11:15,383] - ThreadPool::createThreadPool: successfully(5), newThreadCount=5, normalMaxThreadCount=5, maxThreadCount=5
 DEBUG root [2017-11-07 09:11:15,383] - DBInterfaceMysql::attach: connect: localhost:3306 starting...
 DEBUG root [2017-11-07 09:11:15,383] - DBInterfaceMysql::attach: connect: localhost:3306 starting...
 DEBUG root [2017-11-07 09:11:15,383] - DBInterfaceMysql::attach: connect: localhost:3306 starting...
 DEBUG root [2017-11-07 09:11:15,383] - DBInterfaceMysql::attach: connect: localhost:3306 starting...
 DEBUG root [2017-11-07 09:11:15,383] - DBInterfaceMysql::attach: connect: localhost:3306 starting...
 DEBUG root [2017-11-07 09:11:15,386] - DBInterfaceMysql::attach: successfully! addr: localhost:3306
 DEBUG root [2017-11-07 09:11:15,386] - DBThread::onStart(): 0x17b68d8!
 DEBUG root [2017-11-07 09:11:15,386] - DBInterfaceMysql::attach: successfully! addr: localhost:3306
 DEBUG root [2017-11-07 09:11:15,386] - DBThread::onStart(): 0x17b5f48!
 DEBUG root [2017-11-07 09:11:15,387] - DBInterfaceMysql::attach: successfully! addr: localhost:3306
 DEBUG root [2017-11-07 09:11:15,387] - DBThread::onStart(): 0x17b6630!
 DEBUG root [2017-11-07 09:11:15,387] - DBInterfaceMysql::attach: successfully! addr: localhost:3306
 DEBUG root [2017-11-07 09:11:15,388] - DBThread::onStart(): 0x17b6740!
 DEBUG root [2017-11-07 09:11:15,388] - DBInterfaceMysql::attach: successfully! addr: localhost:3306
 DEBUG root [2017-11-07 09:11:15,388] - DBThread::onStart(): 0x17b60e0!
  INFO root [2017-11-07 09:11:15,486] - DBInterfaceMysql::query: successfully!
  INFO root [2017-11-07 09:11:15,488] - DBInterfaceMysql::query: successfully!
  INFO root [2017-11-07 09:11:15,489] - DBInterfaceMysql::query: successfully!
  INFO root [2017-11-07 09:11:15,489] - DBInterfaceMysql::query: successfully!
  INFO root [2017-11-07 09:11:15,489] - DBInterfaceMysql::query: successfully!
  INFO root [2017-11-07 09:11:15,490] - DBInterfaceMysql::query: successfully!
  INFO root [2017-11-07 09:11:15,540] - DBInterfaceMysql::query: successfully!
  INFO root [2017-11-07 09:11:15,540] - DBInterfaceMysql::query: successfully!
  INFO root [2017-11-07 09:11:15,541] - DBInterfaceMysql::query: successfully!
  INFO root [2017-11-07 09:11:15,541] - DBInterfaceMysql::query: successfully!
  WARN root [2017-11-07 09:11:15,576] - dbmgr.cpp:293: Profile scriptCall took 0.84 seconds
  INFO root [2017-11-07 09:11:15,801] - ---- dbmgr is running ----
 DEBUG root [2017-11-07 09:11:15,801] - Components::process(): Request for the process of identity...
  INFO root [2017-11-07 09:11:22,993] - Components::findComponents: find logger(1)...
  INFO root [2017-11-07 09:11:23,050] - Components::findComponents: found logger, addr:172.16.4.154:55873
  INFO root [2017-11-07 09:11:23,050] - Components::addComponent: reset orderLog, uid=1001!
  INFO root [2017-11-07 09:11:23,050] - Components::addComponent[logger], uid=1001, componentID=2000, globalorderid=1, grouporderid=1, totalcount=1
  WARN root [2017-11-07 09:11:23,051] - Forwarding logs to logger[172.16.4.154:55873/0/0/0]...
 ERROR root [2017-11-07 09:12:14,218] - Components::removeComponentByChannel: logger : 2000, Abnormal exit! errorno=10054
  INFO root [2017-11-07 09:12:14,220] - The following logs sent to logger failed:
  WARN root [2017-11-07 09:12:14,221] - ==> [2017-11-07 09:12:14 216] TCPPacketReceiver::processPendingEvents(172.16.4.154:55873): Throwing REASON_GENERAL_NETWORK - WSAECONNRESET
 ERROR root [2017-11-07 09:12:14,221] - ==> [2017-11-07 09:12:14 218] Components::removeComponentByChannel: logger : 2000, Abnormal exit! errorno=10054
  INFO root [2017-11-07 09:12:19,888] - 
  INFO root [2017-11-07 09:12:19,888] - -----------------------------------------------------------------------------------------


  INFO root [2017-11-07 09:12:19,889] - Resmgr::initialize: KBE_ROOT=C:/Users/hyc/Desktop/kbengine/
  INFO root [2017-11-07 09:12:19,889] - Resmgr::initialize: KBE_RES_PATH=C:/Users/hyc/Desktop/kbengine/kbe/res/;C:/Users/hyc/Desktop/kbengine/llgame/;C:/Users/hyc/Desktop/kbengine/llgame/scripts/;C:/Users/hyc/Desktop/kbengine/llgame/res/
  INFO root [2017-11-07 09:12:19,889] - Resmgr::initialize: KBE_BIN_PATH=C:/Users/hyc/Desktop/kbengine/kbe/bin/server/
  INFO root [2017-11-07 09:12:19,891] - NetworkInterface::recreateListeningSocket(INTERNAL): bound to all interfaces with default route interface on 172.16.4.154 ( 172.16.4.154:55915 )
  INFO root [2017-11-07 09:12:19,891] - NetworkInterface::recreateListeningSocket(INTERNAL): address 172.16.4.154:55915, SOMAXCONN=5.
  INFO root [2017-11-07 09:12:19,891] - server-configs:
  INFO root [2017-11-07 09:12:19,891] - 	internalAddr : 172.16.4.154:55915
  INFO root [2017-11-07 09:12:19,891] - 	componentID : 4000
  INFO root [2017-11-07 09:12:21,401] - ---- dbmgr Version: 0.9.12. ScriptVersion: 0.1.0. Protocol: EC01814405852ECE6208B05FBB876694. Config: Debug X86. Built: 16:13:30 Jul  7 2017. AppID: 4000. UID: 1001. PID: 97516 ----
  INFO root [2017-11-07 09:12:21,402] - Server : Intel(R) Core(TM) i5-4590 CPU @ 3.30GHz with 4194303kB RAM
  INFO root [2017-11-07 09:12:21,403] - ThreadPool::createThreadPool: creating  threadpool...
  INFO root [2017-11-07 09:12:21,403] - ThreadPool::createThreadPool: successfully(2), newThreadCount=1, normalMaxThreadCount=2, maxThreadCount=8
 DEBUG root [2017-11-07 09:12:21,578] - Script::install_py_dlls(): PyInit_pyexpat
 DEBUG root [2017-11-07 09:12:21,579] - Script::install_py_dlls(): PyInit__socket
 DEBUG root [2017-11-07 09:12:21,579] - Script::install_py_dlls(): PyInit__hashlib
 DEBUG root [2017-11-07 09:12:21,582] - Script::install_py_dlls(): PyInit_select
 DEBUG root [2017-11-07 09:12:21,582] - Script::install_py_dlls(): PyInit__ctypes
 DEBUG root [2017-11-07 09:12:21,582] - Script::install_py_dlls(): PyInit__elementtree
 DEBUG root [2017-11-07 09:12:21,619] - Script::install_py_dlls(): PyInit_unicodedata
  INFO root [2017-11-07 09:12:21,650] - Script::install(): is successfully, Python=(3.4.2 (default, Jul  7 2017, 16:13:24) [MSC v.1800 32 bit (Intel)])!
  INFO root [2017-11-07 09:12:21,650] - Script::install(): KBExtra is successfully!
  INFO root [2017-11-07 09:12:21,696] - Dbmgr::initializeEnd: digest(3AE2951E4080BAFE842768E10701770F)
S_INFO root [2017-11-07 09:12:21,696] - onDBMgrReady: bootstrapGroupIndex=0, bootstrapGlobalIndex=0
  INFO root [2017-11-07 09:12:21,696] - TelnetServer server is running on port 32000
  INFO root [2017-11-07 09:12:21,696] - Dbmgr::initInterfacesHandler: interfaces addr(127.0.0.1:30099), accountType:(interfaces), chargeType:(interfaces).
  WARN root [2017-11-07 09:12:22,322] - DBUtil::initialize: db(default) password is not encrypted!
please use password(rsa):
73478B0E501C585EACAF21BA2D150DB92EEE61DEE8DABA211A131CBC2D8CBC8A8B9C55FC5DEA4A0CCA2C979F18E2E82751812878D98D9E6C3B9F0FB270996B3DF4C0A972588DC16B557C23FAE78B54118BA56F11B8E6BDB05603745A0B564225B5C2DB81CF5C196570527B5A0A757D44E6C1638FEDE882995A955802E9B9CDD4
 DEBUG root [2017-11-07 09:12:22,324] - DBInterfaceMysql::attach: connect: localhost:3306 starting...
 DEBUG root [2017-11-07 09:12:22,328] - DBInterfaceMysql::attach: successfully! addr: localhost:3306
  INFO root [2017-11-07 09:12:22,328] - DBUtil::createInterface[0x168f288]: interface=default, dbtype=mysql, ip=localhost, port=3306, currdatabase=kbe, username=kbe, connected=yes.

  INFO root [2017-11-07 09:12:22,328] - ThreadPool::createThreadPool: creating  threadpool...
  INFO root [2017-11-07 09:12:22,328] - ThreadPool::createThreadPool: successfully(5), newThreadCount=5, normalMaxThreadCount=5, maxThreadCount=5
 DEBUG root [2017-11-07 09:12:22,329] - DBInterfaceMysql::attach: connect: localhost:3306 starting...
 DEBUG root [2017-11-07 09:12:22,329] - DBInterfaceMysql::attach: connect: localhost:3306 starting...
 DEBUG root [2017-11-07 09:12:22,329] - DBInterfaceMysql::attach: connect: localhost:3306 starting...
 DEBUG root [2017-11-07 09:12:22,329] - DBInterfaceMysql::attach: connect: localhost:3306 starting...
 DEBUG root [2017-11-07 09:12:22,329] - DBInterfaceMysql::attach: connect: localhost:3306 starting...
 DEBUG root [2017-11-07 09:12:22,331] - DBInterfaceMysql::attach: successfully! addr: localhost:3306
 DEBUG root [2017-11-07 09:12:22,331] - DBThread::onStart(): 0x1a17560!
 DEBUG root [2017-11-07 09:12:22,332] - DBInterfaceMysql::attach: successfully! addr: localhost:3306
 DEBUG root [2017-11-07 09:12:22,332] - DBThread::onStart(): 0x1a16a38!
 DEBUG root [2017-11-07 09:12:22,332] - DBInterfaceMysql::attach: successfully! addr: localhost:3306
 DEBUG root [2017-11-07 09:12:22,333] - DBThread::onStart(): 0x1a17230!
 DEBUG root [2017-11-07 09:12:22,333] - DBInterfaceMysql::attach: successfully! addr: localhost:3306
 DEBUG root [2017-11-07 09:12:22,333] - DBThread::onStart(): 0x1a175e8!
 DEBUG root [2017-11-07 09:12:22,334] - DBInterfaceMysql::attach: successfully! addr: localhost:3306
 DEBUG root [2017-11-07 09:12:22,334] - DBThread::onStart(): 0x1a16f88!
  INFO root [2017-11-07 09:12:22,432] - DBInterfaceMysql::query: successfully!
  INFO root [2017-11-07 09:12:22,437] - DBInterfaceMysql::query: successfully!
  INFO root [2017-11-07 09:12:22,439] - DBInterfaceMysql::query: successfully!
  INFO root [2017-11-07 09:12:22,439] - DBInterfaceMysql::query: successfully!
  INFO root [2017-11-07 09:12:22,439] - DBInterfaceMysql::query: successfully!
  INFO root [2017-11-07 09:12:22,440] - DBInterfaceMysql::query: successfully!
  INFO root [2017-11-07 09:12:22,441] - DBInterfaceMysql::query: successfully!
  INFO root [2017-11-07 09:12:22,441] - DBInterfaceMysql::query: successfully!
  INFO root [2017-11-07 09:12:22,442] - DBInterfaceMysql::query: successfully!
  INFO root [2017-11-07 09:12:22,447] - DBInterfaceMysql::query: successfully!
  WARN root [2017-11-07 09:12:22,559] - dbmgr.cpp:293: Profile scriptCall took 0.86 seconds
  INFO root [2017-11-07 09:12:22,781] - ---- dbmgr is running ----
 DEBUG root [2017-11-07 09:12:22,781] - Components::process(): Request for the process of identity...
 DEBUG root [2017-11-07 09:12:29,216] - ServerApp::lookApp: 172.16.4.154:55938/0/0/0, componentID=4000
 DEBUG root [2017-11-07 09:12:29,216] - ServerApp::lookApp: response! componentID=4000
  INFO root [2017-11-07 09:12:29,957] - Components::findComponents: find logger(1)...
  INFO root [2017-11-07 09:12:30,023] - Components::findComponents: found logger, addr:172.16.4.154:55914
  INFO root [2017-11-07 09:12:30,023] - Components::addComponent: reset orderLog, uid=1001!
  INFO root [2017-11-07 09:12:30,023] - Components::addComponent[logger], uid=1001, componentID=2000, globalorderid=1, grouporderid=1, totalcount=1
  WARN root [2017-11-07 09:12:30,024] - Forwarding logs to logger[172.16.4.154:55914/0/0/0]...
 ERROR root [2017-11-07 09:12:52,671] - Components::removeComponentByChannel: logger : 2000, Abnormal exit! errorno=10054
  INFO root [2017-11-07 09:12:52,676] - The following logs sent to logger failed:
  WARN root [2017-11-07 09:12:52,676] - ==> [2017-11-07 09:12:52 670] TCPPacketReceiver::processPendingEvents(172.16.4.154:55914): Throwing REASON_GENERAL_NETWORK - WSAECONNRESET
 ERROR root [2017-11-07 09:12:52,676] - ==> [2017-11-07 09:12:52 672] Components::removeComponentByChannel: logger : 2000, Abnormal exit! errorno=10054
  INFO root [2017-11-07 09:12:58,434] - 
  INFO root [2017-11-07 09:12:58,434] - -----------------------------------------------------------------------------------------


  INFO root [2017-11-07 09:12:58,435] - Resmgr::initialize: KBE_ROOT=C:/Users/hyc/Desktop/kbengine/
  INFO root [2017-11-07 09:12:58,435] - Resmgr::initialize: KBE_RES_PATH=C:/Users/hyc/Desktop/kbengine/kbe/res/;C:/Users/hyc/Desktop/kbengine/llgame/;C:/Users/hyc/Desktop/kbengine/llgame/scripts/;C:/Users/hyc/Desktop/kbengine/llgame/res/
  INFO root [2017-11-07 09:12:58,435] - Resmgr::initialize: KBE_BIN_PATH=C:/Users/hyc/Desktop/kbengine/kbe/bin/server/
  INFO root [2017-11-07 09:12:58,436] - NetworkInterface::recreateListeningSocket(INTERNAL): bound to all interfaces with default route interface on 172.16.4.154 ( 172.16.4.154:55954 )
  INFO root [2017-11-07 09:12:58,437] - NetworkInterface::recreateListeningSocket(INTERNAL): address 172.16.4.154:55954, SOMAXCONN=5.
  INFO root [2017-11-07 09:12:58,437] - server-configs:
  INFO root [2017-11-07 09:12:58,437] - 	internalAddr : 172.16.4.154:55954
  INFO root [2017-11-07 09:12:58,437] - 	componentID : 4000
  INFO root [2017-11-07 09:12:59,941] - ---- dbmgr Version: 0.9.12. ScriptVersion: 0.1.0. Protocol: EC01814405852ECE6208B05FBB876694. Config: Debug X86. Built: 16:13:30 Jul  7 2017. AppID: 4000. UID: 1001. PID: 97180 ----
  INFO root [2017-11-07 09:12:59,942] - Server : Intel(R) Core(TM) i5-4590 CPU @ 3.30GHz with 4194303kB RAM
  INFO root [2017-11-07 09:12:59,942] - ThreadPool::createThreadPool: creating  threadpool...
  INFO root [2017-11-07 09:12:59,943] - ThreadPool::createThreadPool: successfully(2), newThreadCount=1, normalMaxThreadCount=2, maxThreadCount=8
 DEBUG root [2017-11-07 09:13:00,079] - Script::install_py_dlls(): PyInit_pyexpat
 DEBUG root [2017-11-07 09:13:00,079] - Script::install_py_dlls(): PyInit__socket
 DEBUG root [2017-11-07 09:13:00,080] - Script::install_py_dlls(): PyInit__hashlib
 DEBUG root [2017-11-07 09:13:00,082] - Script::install_py_dlls(): PyInit_select
 DEBUG root [2017-11-07 09:13:00,082] - Script::install_py_dlls(): PyInit__ctypes
 DEBUG root [2017-11-07 09:13:00,082] - Script::install_py_dlls(): PyInit__elementtree
 DEBUG root [2017-11-07 09:13:00,114] - Script::install_py_dlls(): PyInit_unicodedata
  INFO root [2017-11-07 09:13:00,145] - Script::install(): is successfully, Python=(3.4.2 (default, Jul  7 2017, 16:13:24) [MSC v.1800 32 bit (Intel)])!
  INFO root [2017-11-07 09:13:00,146] - Script::install(): KBExtra is successfully!
  INFO root [2017-11-07 09:13:00,192] - Dbmgr::initializeEnd: digest(3AE2951E4080BAFE842768E10701770F)
S_INFO root [2017-11-07 09:13:00,192] - onDBMgrReady: bootstrapGroupIndex=0, bootstrapGlobalIndex=0
  INFO root [2017-11-07 09:13:00,192] - TelnetServer server is running on port 32000
  INFO root [2017-11-07 09:13:00,193] - Dbmgr::initInterfacesHandler: interfaces addr(127.0.0.1:30099), accountType:(interfaces), chargeType:(interfaces).
  WARN root [2017-11-07 09:13:00,813] - DBUtil::initialize: db(default) password is not encrypted!
please use password(rsa):
DD6DCEABE301B689F0C2DF0BD2B2F348DB604AE0B0FEAE80E0E9488FC1DC8D4BCD4070009B6ABA8AD6C2654B58EEEA13F7A7EEF9A58BCAC90DAE206DF9E68E4972351CB239960F0D80A519ED6F984E701CC4C169E6E3CA5B2793D6972C97A167FBE0A4494AB33B32056539FFB728B940CC10500FF750EC1C18DA744C27AD00E8
 DEBUG root [2017-11-07 09:13:00,815] - DBInterfaceMysql::attach: connect: localhost:3306 starting...
 DEBUG root [2017-11-07 09:13:00,819] - DBInterfaceMysql::attach: successfully! addr: localhost:3306
  INFO root [2017-11-07 09:13:00,819] - DBUtil::createInterface[0x168f1a0]: interface=default, dbtype=mysql, ip=localhost, port=3306, currdatabase=kbe, username=kbe, connected=yes.

  INFO root [2017-11-07 09:13:00,819] - ThreadPool::createThreadPool: creating  threadpool...
  INFO root [2017-11-07 09:13:00,819] - ThreadPool::createThreadPool: successfully(5), newThreadCount=5, normalMaxThreadCount=5, maxThreadCount=5
 DEBUG root [2017-11-07 09:13:00,819] - DBInterfaceMysql::attach: connect: localhost:3306 starting...
 DEBUG root [2017-11-07 09:13:00,819] - DBInterfaceMysql::attach: connect: localhost:3306 starting...
 DEBUG root [2017-11-07 09:13:00,820] - DBInterfaceMysql::attach: connect: localhost:3306 starting...
 DEBUG root [2017-11-07 09:13:00,820] - DBInterfaceMysql::attach: connect: localhost:3306 starting...
 DEBUG root [2017-11-07 09:13:00,820] - DBInterfaceMysql::attach: connect: localhost:3306 starting...
 DEBUG root [2017-11-07 09:13:00,822] - DBInterfaceMysql::attach: successfully! addr: localhost:3306
 DEBUG root [2017-11-07 09:13:00,822] - DBThread::onStart(): 0x1ad7570!
 DEBUG root [2017-11-07 09:13:00,823] - DBInterfaceMysql::attach: successfully! addr: localhost:3306
 DEBUG root [2017-11-07 09:13:00,823] - DBThread::onStart(): 0x1ad78a0!
 DEBUG root [2017-11-07 09:13:00,823] - DBInterfaceMysql::attach: successfully! addr: localhost:3306
 DEBUG root [2017-11-07 09:13:00,823] - DBThread::onStart(): 0x1ad8230!
 DEBUG root [2017-11-07 09:13:00,824] - DBInterfaceMysql::attach: successfully! addr: localhost:3306
 DEBUG root [2017-11-07 09:13:00,824] - DBThread::onStart(): 0x1ad74e8!
 DEBUG root [2017-11-07 09:13:00,824] - DBInterfaceMysql::attach: successfully! addr: localhost:3306
 DEBUG root [2017-11-07 09:13:00,825] - DBThread::onStart(): 0x1ad7b48!
  INFO root [2017-11-07 09:13:00,921] - DBInterfaceMysql::query: successfully!
  INFO root [2017-11-07 09:13:00,922] - DBInterfaceMysql::query: successfully!
  INFO root [2017-11-07 09:13:00,923] - DBInterfaceMysql::query: successfully!
  INFO root [2017-11-07 09:13:00,923] - DBInterfaceMysql::query: successfully!
  INFO root [2017-11-07 09:13:00,923] - DBInterfaceMysql::query: successfully!
  INFO root [2017-11-07 09:13:00,923] - DBInterfaceMysql::query: successfully!
  INFO root [2017-11-07 09:13:00,923] - DBInterfaceMysql::query: successfully!
  INFO root [2017-11-07 09:13:00,924] - DBInterfaceMysql::query: successfully!
  INFO root [2017-11-07 09:13:00,924] - DBInterfaceMysql::query: successfully!
  INFO root [2017-11-07 09:13:00,925] - DBInterfaceMysql::query: successfully!
  WARN root [2017-11-07 09:13:00,976] - dbmgr.cpp:293: Profile scriptCall took 0.78 seconds
  INFO root [2017-11-07 09:13:01,193] - ---- dbmgr is running ----
 DEBUG root [2017-11-07 09:13:01,193] - Components::process(): Request for the process of identity...
  INFO root [2017-11-07 09:13:08,359] - Components::findComponents: find logger(1)...
  INFO root [2017-11-07 09:13:08,390] - Components::findComponents: found logger, addr:172.16.4.154:55953
  INFO root [2017-11-07 09:13:08,391] - Components::addComponent: reset orderLog, uid=1001!
  INFO root [2017-11-07 09:13:08,391] - Components::addComponent[logger], uid=1001, componentID=2000, globalorderid=1, grouporderid=1, totalcount=1
  INFO root [2017-11-07 09:13:08,412] - Components::process(): Found all the components!
  WARN root [2017-11-07 09:13:08,435] - Forwarding logs to logger[172.16.4.154:55953/0/0/0]...
 ERROR root [2017-11-07 09:13:47,060] - Components::removeComponentByChannel: logger : 2000, Abnormal exit! errorno=10054
  INFO root [2017-11-07 09:13:47,063] - The following logs sent to logger failed:
  WARN root [2017-11-07 09:13:47,063] - ==> [2017-11-07 09:13:47 056] TCPPacketReceiver::processPendingEvents(172.16.4.154:55953): Throwing REASON_GENERAL_NETWORK - WSAECONNRESET
 ERROR root [2017-11-07 09:13:47,063] - ==> [2017-11-07 09:13:47 060] Components::removeComponentByChannel: logger : 2000, Abnormal exit! errorno=10054
  INFO root [2017-11-07 09:13:53,797] - 
  INFO root [2017-11-07 09:13:53,797] - -----------------------------------------------------------------------------------------


  INFO root [2017-11-07 09:13:53,797] - Resmgr::initialize: KBE_ROOT=C:/Users/hyc/Desktop/kbengine/
  INFO root [2017-11-07 09:13:53,798] - Resmgr::initialize: KBE_RES_PATH=C:/Users/hyc/Desktop/kbengine/kbe/res/;C:/Users/hyc/Desktop/kbengine/llgame/;C:/Users/hyc/Desktop/kbengine/llgame/scripts/;C:/Users/hyc/Desktop/kbengine/llgame/res/
  INFO root [2017-11-07 09:13:53,798] - Resmgr::initialize: KBE_BIN_PATH=C:/Users/hyc/Desktop/kbengine/kbe/bin/server/
  INFO root [2017-11-07 09:13:53,800] - NetworkInterface::recreateListeningSocket(INTERNAL): bound to all interfaces with default route interface on 172.16.4.154 ( 172.16.4.154:55989 )
  INFO root [2017-11-07 09:13:53,801] - NetworkInterface::recreateListeningSocket(INTERNAL): address 172.16.4.154:55989, SOMAXCONN=5.
  INFO root [2017-11-07 09:13:53,801] - server-configs:
  INFO root [2017-11-07 09:13:53,801] - 	internalAddr : 172.16.4.154:55989
  INFO root [2017-11-07 09:13:53,801] - 	componentID : 4000
  INFO root [2017-11-07 09:13:55,305] - ---- dbmgr Version: 0.9.12. ScriptVersion: 0.1.0. Protocol: EC01814405852ECE6208B05FBB876694. Config: Debug X86. Built: 16:13:30 Jul  7 2017. AppID: 4000. UID: 1001. PID: 94076 ----
  INFO root [2017-11-07 09:13:55,305] - Server : Intel(R) Core(TM) i5-4590 CPU @ 3.30GHz with 4194303kB RAM
  INFO root [2017-11-07 09:13:55,306] - ThreadPool::createThreadPool: creating  threadpool...
  INFO root [2017-11-07 09:13:55,306] - ThreadPool::createThreadPool: successfully(2), newThreadCount=1, normalMaxThreadCount=2, maxThreadCount=8
 DEBUG root [2017-11-07 09:13:55,433] - Script::install_py_dlls(): PyInit_pyexpat
 DEBUG root [2017-11-07 09:13:55,433] - Script::install_py_dlls(): PyInit__socket
 DEBUG root [2017-11-07 09:13:55,434] - Script::install_py_dlls(): PyInit__hashlib
 DEBUG root [2017-11-07 09:13:55,435] - Script::install_py_dlls(): PyInit_select
 DEBUG root [2017-11-07 09:13:55,436] - Script::install_py_dlls(): PyInit__ctypes
 DEBUG root [2017-11-07 09:13:55,436] - Script::install_py_dlls(): PyInit__elementtree
 DEBUG root [2017-11-07 09:13:55,468] - Script::install_py_dlls(): PyInit_unicodedata
  INFO root [2017-11-07 09:13:55,499] - Script::install(): is successfully, Python=(3.4.2 (default, Jul  7 2017, 16:13:24) [MSC v.1800 32 bit (Intel)])!
  INFO root [2017-11-07 09:13:55,499] - Script::install(): KBExtra is successfully!
  INFO root [2017-11-07 09:13:55,547] - Dbmgr::initializeEnd: digest(3CC9F35C3C1CA73A52B64E8A29A072F3)
S_INFO root [2017-11-07 09:13:55,547] - onDBMgrReady: bootstrapGroupIndex=0, bootstrapGlobalIndex=0
  INFO root [2017-11-07 09:13:55,547] - TelnetServer server is running on port 32000
  INFO root [2017-11-07 09:13:55,547] - Dbmgr::initInterfacesHandler: interfaces addr(127.0.0.1:30099), accountType:(interfaces), chargeType:(interfaces).
  WARN root [2017-11-07 09:13:56,168] - DBUtil::initialize: db(default) password is not encrypted!
please use password(rsa):
6A4966718F1A7E6FC477F33688EDA929EA1426C78E0B163C24FECB25853C5F85028FDC6AE4250D572E9F2F5358A7E647E3109B5C00C0A95D1FCBACB4FC1E6CDE7FEB931945734FA10B7057C84A5A9291C162EAF7C4430152A0B8A6F20B0AAA6767F5037E31ED8A40ACF58DA935D6D98152EFC2D17C1D9BEC994D979FBACF0785
 DEBUG root [2017-11-07 09:13:56,170] - DBInterfaceMysql::attach: connect: localhost:3306 starting...
 DEBUG root [2017-11-07 09:13:56,173] - DBInterfaceMysql::attach: successfully! addr: localhost:3306
  INFO root [2017-11-07 09:13:56,173] - DBUtil::createInterface[0x168f1e4]: interface=default, dbtype=mysql, ip=localhost, port=3306, currdatabase=kbe, username=kbe, connected=yes.

  INFO root [2017-11-07 09:13:56,173] - ThreadPool::createThreadPool: creating  threadpool...
  INFO root [2017-11-07 09:13:56,174] - ThreadPool::createThreadPool: successfully(5), newThreadCount=5, normalMaxThreadCount=5, maxThreadCount=5
 DEBUG root [2017-11-07 09:13:56,174] - DBInterfaceMysql::attach: connect: localhost:3306 starting...
 DEBUG root [2017-11-07 09:13:56,174] - DBInterfaceMysql::attach: connect: localhost:3306 starting...
 DEBUG root [2017-11-07 09:13:56,174] - DBInterfaceMysql::attach: connect: localhost:3306 starting...
 DEBUG root [2017-11-07 09:13:56,174] - DBInterfaceMysql::attach: connect: localhost:3306 starting...
 DEBUG root [2017-11-07 09:13:56,174] - DBInterfaceMysql::attach: connect: localhost:3306 starting...
 DEBUG root [2017-11-07 09:13:56,177] - DBInterfaceMysql::attach: successfully! addr: localhost:3306
 DEBUG root [2017-11-07 09:13:56,177] - DBThread::onStart(): 0x18b8340!
 DEBUG root [2017-11-07 09:13:56,177] - DBInterfaceMysql::attach: successfully! addr: localhost:3306
 DEBUG root [2017-11-07 09:13:56,177] - DBThread::onStart(): 0x18b7ce0!
 DEBUG root [2017-11-07 09:13:56,178] - DBInterfaceMysql::attach: successfully! addr: localhost:3306
 DEBUG root [2017-11-07 09:13:56,178] - DBThread::onStart(): 0x18b78a0!
 DEBUG root [2017-11-07 09:13:56,179] - DBInterfaceMysql::attach: successfully! addr: localhost:3306
 DEBUG root [2017-11-07 09:13:56,179] - DBThread::onStart(): 0x18b74e8!
 DEBUG root [2017-11-07 09:13:56,179] - DBInterfaceMysql::attach: successfully! addr: localhost:3306
 DEBUG root [2017-11-07 09:13:56,179] - DBThread::onStart(): 0x18b7680!
  INFO root [2017-11-07 09:13:56,278] - DBInterfaceMysql::query: successfully!
  INFO root [2017-11-07 09:13:56,283] - DBInterfaceMysql::query: successfully!
  INFO root [2017-11-07 09:13:56,285] - DBInterfaceMysql::query: successfully!
  INFO root [2017-11-07 09:13:56,285] - DBInterfaceMysql::query: successfully!
  INFO root [2017-11-07 09:13:56,285] - DBInterfaceMysql::query: successfully!
  INFO root [2017-11-07 09:13:56,286] - DBInterfaceMysql::query: successfully!
  INFO root [2017-11-07 09:13:56,286] - DBInterfaceMysql::query: successfully!
  INFO root [2017-11-07 09:13:56,287] - DBInterfaceMysql::query: successfully!
  INFO root [2017-11-07 09:13:56,287] - DBInterfaceMysql::query: successfully!
  INFO root [2017-11-07 09:13:56,288] - DBInterfaceMysql::query: successfully!
  WARN root [2017-11-07 09:13:56,341] - dbmgr.cpp:293: Profile scriptCall took 0.79 seconds
  INFO root [2017-11-07 09:13:56,621] - ---- dbmgr is running ----
 DEBUG root [2017-11-07 09:13:56,621] - Components::process(): Request for the process of identity...
  INFO root [2017-11-07 09:14:03,807] - Components::findComponents: find logger(1)...
  INFO root [2017-11-07 09:14:03,910] - Components::findComponents: found logger, addr:172.16.4.154:55986
  INFO root [2017-11-07 09:14:03,910] - Components::addComponent: reset orderLog, uid=1001!
  INFO root [2017-11-07 09:14:03,910] - Components::addComponent[logger], uid=1001, componentID=2000, globalorderid=1, grouporderid=1, totalcount=1
  WARN root [2017-11-07 09:14:03,911] - Forwarding logs to logger[172.16.4.154:55986/0/0/0]...
 ERROR root [2017-11-07 10:37:56,407] - Components::removeComponentByChannel: logger : 2000, Abnormal exit! errorno=10054
  INFO root [2017-11-07 10:37:56,411] - The following logs sent to logger failed:
  WARN root [2017-11-07 10:37:56,411] - ==> [2017-11-07 10:37:56 407] TCPPacketReceiver::processPendingEvents(172.16.4.154:55986): Throwing REASON_GENERAL_NETWORK - WSAECONNRESET
 ERROR root [2017-11-07 10:37:56,411] - ==> [2017-11-07 10:37:56 407] Components::removeComponentByChannel: logger : 2000, Abnormal exit! errorno=10054
  INFO root [2017-11-07 10:38:02,217] - 
  INFO root [2017-11-07 10:38:02,225] - -----------------------------------------------------------------------------------------


  INFO root [2017-11-07 10:38:02,227] - Resmgr::initialize: KBE_ROOT=C:/Users/hyc/Desktop/kbengine/
  INFO root [2017-11-07 10:38:02,227] - Resmgr::initialize: KBE_RES_PATH=C:/Users/hyc/Desktop/kbengine/kbe/res/;C:/Users/hyc/Desktop/kbengine/llgame/;C:/Users/hyc/Desktop/kbengine/llgame/scripts/;C:/Users/hyc/Desktop/kbengine/llgame/res/
  INFO root [2017-11-07 10:38:02,227] - Resmgr::initialize: KBE_BIN_PATH=C:/Users/hyc/Desktop/kbengine/kbe/bin/server/
  INFO root [2017-11-07 10:38:02,231] - NetworkInterface::recreateListeningSocket(INTERNAL): bound to all interfaces with default route interface on 172.16.4.154 ( 172.16.4.154:56331 )
  INFO root [2017-11-07 10:38:02,232] - NetworkInterface::recreateListeningSocket(INTERNAL): address 172.16.4.154:56331, SOMAXCONN=5.
  INFO root [2017-11-07 10:38:02,232] - server-configs:
  INFO root [2017-11-07 10:38:02,232] - 	internalAddr : 172.16.4.154:56331
  INFO root [2017-11-07 10:38:02,232] - 	componentID : 4000
  WARN root [2017-11-07 10:38:02,636] - BundleBroadcast::BundleBroadcast: Cannot bind to port 20159, errorno=10048
  INFO root [2017-11-07 10:38:02,640] - ---- dbmgr Version: 0.9.12. ScriptVersion: 0.1.0. Protocol: EC01814405852ECE6208B05FBB876694. Config: Debug X86. Built: 16:13:30 Jul  7 2017. AppID: 4000. UID: 1001. PID: 104920 ----
  INFO root [2017-11-07 10:38:02,640] - Server : Intel(R) Core(TM) i5-4590 CPU @ 3.30GHz with 4194303kB RAM
  INFO root [2017-11-07 10:38:02,640] - ThreadPool::createThreadPool: creating  threadpool...
  INFO root [2017-11-07 10:38:02,640] - ThreadPool::createThreadPool: successfully(2), newThreadCount=1, normalMaxThreadCount=2, maxThreadCount=8
 DEBUG root [2017-11-07 10:38:02,770] - Script::install_py_dlls(): PyInit_pyexpat
 DEBUG root [2017-11-07 10:38:02,770] - Script::install_py_dlls(): PyInit__socket
 DEBUG root [2017-11-07 10:38:02,771] - Script::install_py_dlls(): PyInit__hashlib
 DEBUG root [2017-11-07 10:38:02,772] - Script::install_py_dlls(): PyInit_select
 DEBUG root [2017-11-07 10:38:02,773] - Script::install_py_dlls(): PyInit__ctypes
 DEBUG root [2017-11-07 10:38:02,773] - Script::install_py_dlls(): PyInit__elementtree
 DEBUG root [2017-11-07 10:38:02,805] - Script::install_py_dlls(): PyInit_unicodedata
  INFO root [2017-11-07 10:38:02,838] - Script::install(): is successfully, Python=(3.4.2 (default, Jul  7 2017, 16:13:24) [MSC v.1800 32 bit (Intel)])!
  INFO root [2017-11-07 10:38:02,838] - Script::install(): KBExtra is successfully!
  INFO root [2017-11-07 10:38:02,887] - Dbmgr::initializeEnd: digest(3CC9F35C3C1CA73A52B64E8A29A072F3)
S_INFO root [2017-11-07 10:38:02,887] - onDBMgrReady: bootstrapGroupIndex=0, bootstrapGlobalIndex=0
  INFO root [2017-11-07 10:38:02,888] - TelnetServer server is running on port 32000
  INFO root [2017-11-07 10:38:02,888] - Dbmgr::initInterfacesHandler: interfaces addr(127.0.0.1:30099), accountType:(interfaces), chargeType:(interfaces).
  WARN root [2017-11-07 10:38:03,563] - DBUtil::initialize: db(default) password is not encrypted!
please use password(rsa):
67C92BA69EC06949E3AE3A7F8B7496732A05B8E5F9C1C79031DF4352D234EBEE2CC1BC1C202E1717C3389BB718AA6A06C7DD9DB9286EE14A1963F4DB8FB183D94DE85408BF51FD904CD5684BE9C4C0A5CF577C80AC49FD909FF0494AC514B32B64329531755F3F02FD55CC5B62DA7A70A60C59D3C0282489920CEBCF8F79B991
 DEBUG root [2017-11-07 10:38:03,565] - DBInterfaceMysql::attach: connect: localhost:3306 starting...
 DEBUG root [2017-11-07 10:38:03,569] - DBInterfaceMysql::attach: successfully! addr: localhost:3306
  INFO root [2017-11-07 10:38:03,569] - DBUtil::createInterface[0x168f420]: interface=default, dbtype=mysql, ip=localhost, port=3306, currdatabase=kbe, username=kbe, connected=yes.

  INFO root [2017-11-07 10:38:03,569] - ThreadPool::createThreadPool: creating  threadpool...
  INFO root [2017-11-07 10:38:03,569] - ThreadPool::createThreadPool: successfully(5), newThreadCount=5, normalMaxThreadCount=5, maxThreadCount=5
 DEBUG root [2017-11-07 10:38:03,569] - DBInterfaceMysql::attach: connect: localhost:3306 starting...
 DEBUG root [2017-11-07 10:38:03,569] - DBInterfaceMysql::attach: connect: localhost:3306 starting...
 DEBUG root [2017-11-07 10:38:03,569] - DBInterfaceMysql::attach: connect: localhost:3306 starting...
 DEBUG root [2017-11-07 10:38:03,570] - DBInterfaceMysql::attach: connect: localhost:3306 starting...
 DEBUG root [2017-11-07 10:38:03,570] - DBInterfaceMysql::attach: connect: localhost:3306 starting...
 DEBUG root [2017-11-07 10:38:03,572] - DBInterfaceMysql::attach: successfully! addr: localhost:3306
 DEBUG root [2017-11-07 10:38:03,572] - DBThread::onStart(): 0x1977418!
 DEBUG root [2017-11-07 10:38:03,573] - DBInterfaceMysql::attach: successfully! addr: localhost:3306
 DEBUG root [2017-11-07 10:38:03,573] - DBThread::onStart(): 0x1977390!
 DEBUG root [2017-11-07 10:38:03,573] - DBInterfaceMysql::attach: successfully! addr: localhost:3306
 DEBUG root [2017-11-07 10:38:03,573] - DBThread::onStart(): 0x19774a0!
 DEBUG root [2017-11-07 10:38:03,574] - DBInterfaceMysql::attach: successfully! addr: localhost:3306
 DEBUG root [2017-11-07 10:38:03,574] - DBThread::onStart(): 0x1977528!
 DEBUG root [2017-11-07 10:38:03,574] - DBInterfaceMysql::attach: successfully! addr: localhost:3306
 DEBUG root [2017-11-07 10:38:03,574] - DBThread::onStart(): 0x1976e40!
  INFO root [2017-11-07 10:38:03,673] - DBInterfaceMysql::query: successfully!
  INFO root [2017-11-07 10:38:03,678] - DBInterfaceMysql::query: successfully!
  INFO root [2017-11-07 10:38:03,680] - DBInterfaceMysql::query: successfully!
  INFO root [2017-11-07 10:38:03,680] - DBInterfaceMysql::query: successfully!
  INFO root [2017-11-07 10:38:03,680] - DBInterfaceMysql::query: successfully!
  INFO root [2017-11-07 10:38:03,681] - DBInterfaceMysql::query: successfully!
  INFO root [2017-11-07 10:38:03,758] - DBInterfaceMysql::query: successfully!
  INFO root [2017-11-07 10:38:03,759] - DBInterfaceMysql::query: successfully!
  INFO root [2017-11-07 10:38:03,760] - DBInterfaceMysql::query: successfully!
  INFO root [2017-11-07 10:38:03,807] - DBInterfaceMysql::query: successfully!
  WARN root [2017-11-07 10:38:03,831] - dbmgr.cpp:293: Profile scriptCall took 0.94 seconds
  INFO root [2017-11-07 10:38:04,078] - ---- dbmgr is running ----
 DEBUG root [2017-11-07 10:38:04,079] - Components::process(): Request for the process of identity...
  WARN root [2017-11-07 10:38:07,558] - BundleBroadcast::BundleBroadcast: Cannot bind to port 20667, errorno=10048
  INFO root [2017-11-07 10:38:11,631] - Components::findComponents: find logger(1)...
  INFO root [2017-11-07 10:38:11,734] - Components::findComponents: found logger, addr:172.16.4.154:56329
  INFO root [2017-11-07 10:38:11,735] - Components::addComponent: reset orderLog, uid=1001!
  INFO root [2017-11-07 10:38:11,735] - Components::addComponent[logger], uid=1001, componentID=2000, globalorderid=1, grouporderid=1, totalcount=1
  WARN root [2017-11-07 10:38:11,738] - Forwarding logs to logger[172.16.4.154:56329/0/0/0]...
 ERROR root [2017-11-07 11:52:13,917] - Components::removeComponentByChannel: logger : 2000, Abnormal exit! errorno=10054
  INFO root [2017-11-07 11:52:13,919] - The following logs sent to logger failed:
  WARN root [2017-11-07 11:52:13,919] - ==> [2017-11-07 11:52:13 916] TCPPacketReceiver::processPendingEvents(172.16.4.154:56329): Throwing REASON_GENERAL_NETWORK - WSAECONNRESET
 ERROR root [2017-11-07 11:52:13,919] - ==> [2017-11-07 11:52:13 917] Components::removeComponentByChannel: logger : 2000, Abnormal exit! errorno=10054
  INFO root [2017-11-07 11:52:20,438] - 
  INFO root [2017-11-07 11:52:20,438] - -----------------------------------------------------------------------------------------


  INFO root [2017-11-07 11:52:20,439] - Resmgr::initialize: KBE_ROOT=C:/Users/hyc/Desktop/kbengine/
  INFO root [2017-11-07 11:52:20,439] - Resmgr::initialize: KBE_RES_PATH=C:/Users/hyc/Desktop/kbengine/kbe/res/;C:/Users/hyc/Desktop/kbengine/llgame/;C:/Users/hyc/Desktop/kbengine/llgame/scripts/;C:/Users/hyc/Desktop/kbengine/llgame/res/
  INFO root [2017-11-07 11:52:20,439] - Resmgr::initialize: KBE_BIN_PATH=C:/Users/hyc/Desktop/kbengine/kbe/bin/server/
  INFO root [2017-11-07 11:52:20,440] - NetworkInterface::recreateListeningSocket(INTERNAL): bound to all interfaces with default route interface on 172.16.4.154 ( 172.16.4.154:56655 )
  INFO root [2017-11-07 11:52:20,440] - NetworkInterface::recreateListeningSocket(INTERNAL): address 172.16.4.154:56655, SOMAXCONN=5.
  INFO root [2017-11-07 11:52:20,441] - server-configs:
  INFO root [2017-11-07 11:52:20,441] - 	internalAddr : 172.16.4.154:56655
  INFO root [2017-11-07 11:52:20,441] - 	componentID : 4000
  INFO root [2017-11-07 11:52:21,950] - ---- dbmgr Version: 0.9.12. ScriptVersion: 0.1.0. Protocol: EC01814405852ECE6208B05FBB876694. Config: Debug X86. Built: 16:13:30 Jul  7 2017. AppID: 4000. UID: 1001. PID: 106980 ----
  INFO root [2017-11-07 11:52:21,951] - Server : Intel(R) Core(TM) i5-4590 CPU @ 3.30GHz with 4194303kB RAM
  INFO root [2017-11-07 11:52:21,951] - ThreadPool::createThreadPool: creating  threadpool...
  INFO root [2017-11-07 11:52:21,952] - ThreadPool::createThreadPool: successfully(2), newThreadCount=1, normalMaxThreadCount=2, maxThreadCount=8
 DEBUG root [2017-11-07 11:52:22,122] - Script::install_py_dlls(): PyInit_pyexpat
 DEBUG root [2017-11-07 11:52:22,123] - Script::install_py_dlls(): PyInit__socket
 DEBUG root [2017-11-07 11:52:22,123] - Script::install_py_dlls(): PyInit__hashlib
 DEBUG root [2017-11-07 11:52:22,126] - Script::install_py_dlls(): PyInit_select
 DEBUG root [2017-11-07 11:52:22,126] - Script::install_py_dlls(): PyInit__ctypes
 DEBUG root [2017-11-07 11:52:22,126] - Script::install_py_dlls(): PyInit__elementtree
 DEBUG root [2017-11-07 11:52:22,170] - Script::install_py_dlls(): PyInit_unicodedata
  INFO root [2017-11-07 11:52:22,201] - Script::install(): is successfully, Python=(3.4.2 (default, Jul  7 2017, 16:13:24) [MSC v.1800 32 bit (Intel)])!
  INFO root [2017-11-07 11:52:22,201] - Script::install(): KBExtra is successfully!
  INFO root [2017-11-07 11:52:22,249] - Dbmgr::initializeEnd: digest(F13E5F1A4DE7EE3C1E18A52BA9469BCF)
S_INFO root [2017-11-07 11:52:22,249] - onDBMgrReady: bootstrapGroupIndex=0, bootstrapGlobalIndex=0
  INFO root [2017-11-07 11:52:22,249] - TelnetServer server is running on port 32000
  INFO root [2017-11-07 11:52:22,250] - Dbmgr::initInterfacesHandler: interfaces addr(127.0.0.1:30099), accountType:(interfaces), chargeType:(interfaces).
  WARN root [2017-11-07 11:52:22,878] - DBUtil::initialize: db(default) password is not encrypted!
please use password(rsa):
8868C2D4DB50941D1E31432AD50588264B5A513BDDD6EFF70442CEEB91C2B769DC2E1AFDB50A84992C48C6F56A8905EF21B83E29D59C085DE6D22F7218092A2FBBD940D8EBD069D9C436630E9278B9741AF10C19DD01C46256EC1CC2FFB0D2D524E3AA3392DC0D28553E517A4C4428CC1B3C2BFB47DC17D024AC64B74B7137C3
 DEBUG root [2017-11-07 11:52:22,881] - DBInterfaceMysql::attach: connect: localhost:3306 starting...
 DEBUG root [2017-11-07 11:52:22,884] - DBInterfaceMysql::attach: successfully! addr: localhost:3306
  INFO root [2017-11-07 11:52:22,884] - DBUtil::createInterface[0x168f4ec]: interface=default, dbtype=mysql, ip=localhost, port=3306, currdatabase=kbe, username=kbe, connected=yes.

  INFO root [2017-11-07 11:52:22,884] - ThreadPool::createThreadPool: creating  threadpool...
  INFO root [2017-11-07 11:52:22,884] - ThreadPool::createThreadPool: successfully(5), newThreadCount=5, normalMaxThreadCount=5, maxThreadCount=5
 DEBUG root [2017-11-07 11:52:22,884] - DBInterfaceMysql::attach: connect: localhost:3306 starting...
 DEBUG root [2017-11-07 11:52:22,884] - DBInterfaceMysql::attach: connect: localhost:3306 starting...
 DEBUG root [2017-11-07 11:52:22,885] - DBInterfaceMysql::attach: connect: localhost:3306 starting...
 DEBUG root [2017-11-07 11:52:22,885] - DBInterfaceMysql::attach: connect: localhost:3306 starting...
 DEBUG root [2017-11-07 11:52:22,885] - DBInterfaceMysql::attach: connect: localhost:3306 starting...
 DEBUG root [2017-11-07 11:52:22,887] - DBInterfaceMysql::attach: successfully! addr: localhost:3306
 DEBUG root [2017-11-07 11:52:22,887] - DBThread::onStart(): 0x1908c28!
 DEBUG root [2017-11-07 11:52:22,887] - DBInterfaceMysql::attach: successfully! addr: localhost:3306
 DEBUG root [2017-11-07 11:52:22,887] - DBThread::onStart(): 0x1908cb0!
 DEBUG root [2017-11-07 11:52:22,888] - DBInterfaceMysql::attach: successfully! addr: localhost:3306
 DEBUG root [2017-11-07 11:52:22,888] - DBThread::onStart(): 0x1908e48!
 DEBUG root [2017-11-07 11:52:22,889] - DBInterfaceMysql::attach: successfully! addr: localhost:3306
 DEBUG root [2017-11-07 11:52:22,889] - DBThread::onStart(): 0x1908d38!
 DEBUG root [2017-11-07 11:52:22,889] - DBInterfaceMysql::attach: successfully! addr: localhost:3306
 DEBUG root [2017-11-07 11:52:22,889] - DBThread::onStart(): 0x19087e8!
  INFO root [2017-11-07 11:52:22,989] - DBInterfaceMysql::query: successfully!
  INFO root [2017-11-07 11:52:22,995] - DBInterfaceMysql::query: successfully!
  INFO root [2017-11-07 11:52:22,997] - DBInterfaceMysql::query: successfully!
  INFO root [2017-11-07 11:52:22,997] - DBInterfaceMysql::query: successfully!
  INFO root [2017-11-07 11:52:22,998] - DBInterfaceMysql::query: successfully!
  INFO root [2017-11-07 11:52:22,999] - DBInterfaceMysql::query: successfully!
  INFO root [2017-11-07 11:52:23,000] - DBInterfaceMysql::query: successfully!
  INFO root [2017-11-07 11:52:23,001] - DBInterfaceMysql::query: successfully!
  INFO root [2017-11-07 11:52:23,007] - DBInterfaceMysql::query: successfully!
  INFO root [2017-11-07 11:52:23,009] - DBInterfaceMysql::query: successfully!
  WARN root [2017-11-07 11:52:23,083] - dbmgr.cpp:293: Profile scriptCall took 0.83 seconds
  INFO root [2017-11-07 11:52:23,326] - ---- dbmgr is running ----
 DEBUG root [2017-11-07 11:52:23,326] - Components::process(): Request for the process of identity...
  INFO root [2017-11-07 11:52:30,510] - Components::findComponents: find logger(1)...
  INFO root [2017-11-07 11:52:30,565] - Components::findComponents: found logger, addr:172.16.4.154:56654
  INFO root [2017-11-07 11:52:30,566] - Components::addComponent: reset orderLog, uid=1001!
  INFO root [2017-11-07 11:52:30,566] - Components::addComponent[logger], uid=1001, componentID=2000, globalorderid=1, grouporderid=1, totalcount=1
  WARN root [2017-11-07 11:52:30,567] - Forwarding logs to logger[172.16.4.154:56654/0/0/0]...
 ERROR root [2017-11-07 14:26:50,908] - Components::removeComponentByChannel: logger : 2000, Abnormal exit! errorno=10054
  INFO root [2017-11-07 14:26:50,918] - The following logs sent to logger failed:
  WARN root [2017-11-07 14:26:50,919] - ==> [2017-11-07 14:26:50 908] TCPPacketReceiver::processPendingEvents(172.16.4.154:56654): Throwing REASON_GENERAL_NETWORK - WSAECONNRESET
 ERROR root [2017-11-07 14:26:50,919] - ==> [2017-11-07 14:26:50 909] Components::removeComponentByChannel: logger : 2000, Abnormal exit! errorno=10054
  INFO root [2017-11-07 14:26:57,705] - 
  INFO root [2017-11-07 14:26:57,706] - -----------------------------------------------------------------------------------------


  INFO root [2017-11-07 14:26:57,706] - Resmgr::initialize: KBE_ROOT=C:/Users/hyc/Desktop/kbengine/
  INFO root [2017-11-07 14:26:57,706] - Resmgr::initialize: KBE_RES_PATH=C:/Users/hyc/Desktop/kbengine/kbe/res/;C:/Users/hyc/Desktop/kbengine/llgame/;C:/Users/hyc/Desktop/kbengine/llgame/scripts/;C:/Users/hyc/Desktop/kbengine/llgame/res/
  INFO root [2017-11-07 14:26:57,706] - Resmgr::initialize: KBE_BIN_PATH=C:/Users/hyc/Desktop/kbengine/kbe/bin/server/
  INFO root [2017-11-07 14:26:57,708] - NetworkInterface::recreateListeningSocket(INTERNAL): bound to all interfaces with default route interface on 172.16.4.154 ( 172.16.4.154:57858 )
  INFO root [2017-11-07 14:26:57,709] - NetworkInterface::recreateListeningSocket(INTERNAL): address 172.16.4.154:57858, SOMAXCONN=5.
  INFO root [2017-11-07 14:26:57,709] - server-configs:
  INFO root [2017-11-07 14:26:57,709] - 	internalAddr : 172.16.4.154:57858
  INFO root [2017-11-07 14:26:57,709] - 	componentID : 4000
  WARN root [2017-11-07 14:26:58,098] - BundleBroadcast::BundleBroadcast: Cannot bind to port 20026, errorno=10048
  INFO root [2017-11-07 14:26:58,101] - ---- dbmgr Version: 0.9.12. ScriptVersion: 0.1.0. Protocol: EC01814405852ECE6208B05FBB876694. Config: Debug X86. Built: 16:13:30 Jul  7 2017. AppID: 4000. UID: 1001. PID: 90076 ----
  INFO root [2017-11-07 14:26:58,102] - Server : Intel(R) Core(TM) i5-4590 CPU @ 3.30GHz with 4194303kB RAM
  INFO root [2017-11-07 14:26:58,102] - ThreadPool::createThreadPool: creating  threadpool...
  INFO root [2017-11-07 14:26:58,102] - ThreadPool::createThreadPool: successfully(2), newThreadCount=1, normalMaxThreadCount=2, maxThreadCount=8
 DEBUG root [2017-11-07 14:26:58,230] - Script::install_py_dlls(): PyInit_pyexpat
 DEBUG root [2017-11-07 14:26:58,230] - Script::install_py_dlls(): PyInit__socket
 DEBUG root [2017-11-07 14:26:58,231] - Script::install_py_dlls(): PyInit__hashlib
 DEBUG root [2017-11-07 14:26:58,233] - Script::install_py_dlls(): PyInit_select
 DEBUG root [2017-11-07 14:26:58,233] - Script::install_py_dlls(): PyInit__ctypes
 DEBUG root [2017-11-07 14:26:58,233] - Script::install_py_dlls(): PyInit__elementtree
 DEBUG root [2017-11-07 14:26:58,264] - Script::install_py_dlls(): PyInit_unicodedata
  INFO root [2017-11-07 14:26:58,295] - Script::install(): is successfully, Python=(3.4.2 (default, Jul  7 2017, 16:13:24) [MSC v.1800 32 bit (Intel)])!
  INFO root [2017-11-07 14:26:58,295] - Script::install(): KBExtra is successfully!
  INFO root [2017-11-07 14:26:58,344] - Dbmgr::initializeEnd: digest(F13E5F1A4DE7EE3C1E18A52BA9469BCF)
S_INFO root [2017-11-07 14:26:58,344] - onDBMgrReady: bootstrapGroupIndex=0, bootstrapGlobalIndex=0
  INFO root [2017-11-07 14:26:58,344] - TelnetServer server is running on port 32000
  INFO root [2017-11-07 14:26:58,345] - Dbmgr::initInterfacesHandler: interfaces addr(127.0.0.1:30099), accountType:(interfaces), chargeType:(interfaces).
  WARN root [2017-11-07 14:26:59,034] - DBUtil::initialize: db(default) password is not encrypted!
please use password(rsa):
12F09006B8FB2F3A115286D0A94FC5C81AE27A95E921F5C08DB42B49262D109A7BCA1D428CD00E4D3A8F8AFC564DF94BE83D84F181649568CFC0C62A3721580416479055B18B1045E18DB70085E0F034B02C131B86F4DA13AD1E43C5126C79D3AB6F379185C22809B167F11A10A7A4AED69575D7F798EE026674115F1097054D
 DEBUG root [2017-11-07 14:26:59,036] - DBInterfaceMysql::attach: connect: localhost:3306 starting...
 DEBUG root [2017-11-07 14:26:59,039] - DBInterfaceMysql::attach: successfully! addr: localhost:3306
  INFO root [2017-11-07 14:26:59,039] - DBUtil::createInterface[0x168ef80]: interface=default, dbtype=mysql, ip=localhost, port=3306, currdatabase=kbe, username=kbe, connected=yes.

  INFO root [2017-11-07 14:26:59,040] - ThreadPool::createThreadPool: creating  threadpool...
  INFO root [2017-11-07 14:26:59,040] - ThreadPool::createThreadPool: successfully(5), newThreadCount=5, normalMaxThreadCount=5, maxThreadCount=5
 DEBUG root [2017-11-07 14:26:59,040] - DBInterfaceMysql::attach: connect: localhost:3306 starting...
 DEBUG root [2017-11-07 14:26:59,040] - DBInterfaceMysql::attach: connect: localhost:3306 starting...
 DEBUG root [2017-11-07 14:26:59,040] - DBInterfaceMysql::attach: connect: localhost:3306 starting...
 DEBUG root [2017-11-07 14:26:59,040] - DBInterfaceMysql::attach: connect: localhost:3306 starting...
 DEBUG root [2017-11-07 14:26:59,040] - DBInterfaceMysql::attach: connect: localhost:3306 starting...
 DEBUG root [2017-11-07 14:26:59,043] - DBInterfaceMysql::attach: successfully! addr: localhost:3306
 DEBUG root [2017-11-07 14:26:59,043] - DBThread::onStart(): 0x17e6d68!
 DEBUG root [2017-11-07 14:26:59,043] - DBInterfaceMysql::attach: successfully! addr: localhost:3306
 DEBUG root [2017-11-07 14:26:59,043] - DBThread::onStart(): 0x17e7120!
 DEBUG root [2017-11-07 14:26:59,044] - DBInterfaceMysql::attach: successfully! addr: localhost:3306
 DEBUG root [2017-11-07 14:26:59,044] - DBThread::onStart(): 0x17e72b8!
 DEBUG root [2017-11-07 14:26:59,044] - DBInterfaceMysql::attach: successfully! addr: localhost:3306
 DEBUG root [2017-11-07 14:26:59,045] - DBThread::onStart(): 0x17e6b48!
 DEBUG root [2017-11-07 14:26:59,045] - DBInterfaceMysql::attach: successfully! addr: localhost:3306
 DEBUG root [2017-11-07 14:26:59,045] - DBThread::onStart(): 0x17e7098!
  INFO root [2017-11-07 14:26:59,142] - DBInterfaceMysql::query: successfully!
  INFO root [2017-11-07 14:26:59,143] - DBInterfaceMysql::query: successfully!
  INFO root [2017-11-07 14:26:59,144] - DBInterfaceMysql::query: successfully!
  INFO root [2017-11-07 14:26:59,144] - DBInterfaceMysql::query: successfully!
  INFO root [2017-11-07 14:26:59,144] - DBInterfaceMysql::query: successfully!
  INFO root [2017-11-07 14:26:59,144] - DBInterfaceMysql::query: successfully!
  INFO root [2017-11-07 14:26:59,144] - DBInterfaceMysql::query: successfully!
  INFO root [2017-11-07 14:26:59,144] - DBInterfaceMysql::query: successfully!
  INFO root [2017-11-07 14:26:59,147] - DBInterfaceMysql::query: successfully!
  INFO root [2017-11-07 14:26:59,198] - DBInterfaceMysql::query: successfully!
  WARN root [2017-11-07 14:26:59,242] - dbmgr.cpp:293: Profile scriptCall took 0.90 seconds
  INFO root [2017-11-07 14:26:59,462] - ---- dbmgr is running ----
 DEBUG root [2017-11-07 14:26:59,462] - Components::process(): Request for the process of identity...
  INFO root [2017-11-07 14:27:06,677] - Components::findComponents: find logger(1)...
  INFO root [2017-11-07 14:27:06,741] - Components::findComponents: found logger, addr:172.16.4.154:57855
  INFO root [2017-11-07 14:27:06,742] - Components::addComponent: reset orderLog, uid=1001!
  INFO root [2017-11-07 14:27:06,743] - Components::addComponent[logger], uid=1001, componentID=2000, globalorderid=1, grouporderid=1, totalcount=1
  WARN root [2017-11-07 14:27:06,746] - Forwarding logs to logger[172.16.4.154:57855/0/0/0]...
 ERROR root [2017-11-07 14:38:56,231] - Components::removeComponentByChannel: logger : 2000, Abnormal exit! errorno=10054
  INFO root [2017-11-07 14:38:56,236] - The following logs sent to logger failed:
  WARN root [2017-11-07 14:38:56,236] - ==> [2017-11-07 14:38:56 231] TCPPacketReceiver::processPendingEvents(172.16.4.154:57855): Throwing REASON_GENERAL_NETWORK - WSAECONNRESET
 ERROR root [2017-11-07 14:38:56,237] - ==> [2017-11-07 14:38:56 231] Components::removeComponentByChannel: logger : 2000, Abnormal exit! errorno=10054
  INFO root [2017-11-07 15:16:46,657] - 
  INFO root [2017-11-07 15:16:46,657] - -----------------------------------------------------------------------------------------


  INFO root [2017-11-07 15:16:46,658] - Resmgr::initialize: KBE_ROOT=C:/Users/hyc/Desktop/kbengine/
  INFO root [2017-11-07 15:16:46,658] - Resmgr::initialize: KBE_RES_PATH=C:/Users/hyc/Desktop/kbengine/kbe/res/;C:/Users/hyc/Desktop/kbengine/llgame/;C:/Users/hyc/Desktop/kbengine/llgame/scripts/;C:/Users/hyc/Desktop/kbengine/llgame/res/
  INFO root [2017-11-07 15:16:46,658] - Resmgr::initialize: KBE_BIN_PATH=C:/Users/hyc/Desktop/kbengine/kbe/bin/server/
  INFO root [2017-11-07 15:16:46,660] - NetworkInterface::recreateListeningSocket(INTERNAL): bound to all interfaces with default route interface on 172.16.4.154 ( 172.16.4.154:58344 )
  INFO root [2017-11-07 15:16:46,660] - NetworkInterface::recreateListeningSocket(INTERNAL): address 172.16.4.154:58344, SOMAXCONN=5.
  INFO root [2017-11-07 15:16:46,660] - server-configs:
  INFO root [2017-11-07 15:16:46,660] - 	internalAddr : 172.16.4.154:58344
  INFO root [2017-11-07 15:16:46,660] - 	componentID : 4000
  INFO root [2017-11-07 15:16:48,165] - ---- dbmgr Version: 0.9.12. ScriptVersion: 0.1.0. Protocol: EC01814405852ECE6208B05FBB876694. Config: Debug X86. Built: 16:13:30 Jul  7 2017. AppID: 4000. UID: 1001. PID: 107532 ----
  INFO root [2017-11-07 15:16:48,165] - Server : Intel(R) Core(TM) i5-4590 CPU @ 3.30GHz with 4194303kB RAM
  INFO root [2017-11-07 15:16:48,166] - ThreadPool::createThreadPool: creating  threadpool...
  INFO root [2017-11-07 15:16:48,166] - ThreadPool::createThreadPool: successfully(2), newThreadCount=1, normalMaxThreadCount=2, maxThreadCount=8
 DEBUG root [2017-11-07 15:16:48,295] - Script::install_py_dlls(): PyInit_pyexpat
 DEBUG root [2017-11-07 15:16:48,295] - Script::install_py_dlls(): PyInit__socket
 DEBUG root [2017-11-07 15:16:48,295] - Script::install_py_dlls(): PyInit__hashlib
 DEBUG root [2017-11-07 15:16:48,297] - Script::install_py_dlls(): PyInit_select
 DEBUG root [2017-11-07 15:16:48,297] - Script::install_py_dlls(): PyInit__ctypes
 DEBUG root [2017-11-07 15:16:48,298] - Script::install_py_dlls(): PyInit__elementtree
 DEBUG root [2017-11-07 15:16:48,330] - Script::install_py_dlls(): PyInit_unicodedata
  INFO root [2017-11-07 15:16:48,362] - Script::install(): is successfully, Python=(3.4.2 (default, Jul  7 2017, 16:13:24) [MSC v.1800 32 bit (Intel)])!
  INFO root [2017-11-07 15:16:48,363] - Script::install(): KBExtra is successfully!
  INFO root [2017-11-07 15:16:48,410] - Dbmgr::initializeEnd: digest(F13E5F1A4DE7EE3C1E18A52BA9469BCF)
S_INFO root [2017-11-07 15:16:48,410] - onDBMgrReady: bootstrapGroupIndex=0, bootstrapGlobalIndex=0
  INFO root [2017-11-07 15:16:48,410] - TelnetServer server is running on port 32000
  INFO root [2017-11-07 15:16:48,410] - Dbmgr::initInterfacesHandler: interfaces addr(127.0.0.1:30099), accountType:(interfaces), chargeType:(interfaces).
  WARN root [2017-11-07 15:16:49,037] - DBUtil::initialize: db(default) password is not encrypted!
please use password(rsa):
48AEF898CBA8B43C2445518FF9F8071F7A13D7931234A37F8ECE559C7E9F25808A39D1D9F8523BFDCBE9FD6C8FD439D15CBEBDB8CE874271AC9A5C48CCF01DE228FD71B84D645A3A37021BDE231B9A99F28D847684D9CFCF7D7E4902F7AF235D519D0A7F57D8A657C4259CAADA5387F3FBD111568368C45755901FD27244A4C2
 DEBUG root [2017-11-07 15:16:49,039] - DBInterfaceMysql::attach: connect: localhost:3306 starting...
 DEBUG root [2017-11-07 15:16:49,043] - DBInterfaceMysql::attach: successfully! addr: localhost:3306
  INFO root [2017-11-07 15:16:49,043] - DBUtil::createInterface[0x168eee8]: interface=default, dbtype=mysql, ip=localhost, port=3306, currdatabase=kbe, username=kbe, connected=yes.

  INFO root [2017-11-07 15:16:49,043] - ThreadPool::createThreadPool: creating  threadpool...
  INFO root [2017-11-07 15:16:49,043] - ThreadPool::createThreadPool: successfully(5), newThreadCount=5, normalMaxThreadCount=5, maxThreadCount=5
 DEBUG root [2017-11-07 15:16:49,044] - DBInterfaceMysql::attach: connect: localhost:3306 starting...
 DEBUG root [2017-11-07 15:16:49,044] - DBInterfaceMysql::attach: connect: localhost:3306 starting...
 DEBUG root [2017-11-07 15:16:49,044] - DBInterfaceMysql::attach: connect: localhost:3306 starting...
 DEBUG root [2017-11-07 15:16:49,044] - DBInterfaceMysql::attach: connect: localhost:3306 starting...
 DEBUG root [2017-11-07 15:16:49,044] - DBInterfaceMysql::attach: connect: localhost:3306 starting...
 DEBUG root [2017-11-07 15:16:49,047] - DBInterfaceMysql::attach: successfully! addr: localhost:3306
 DEBUG root [2017-11-07 15:16:49,047] - DBThread::onStart(): 0x17c7670!
 DEBUG root [2017-11-07 15:16:49,048] - DBInterfaceMysql::attach: successfully! addr: localhost:3306
 DEBUG root [2017-11-07 15:16:49,048] - DBThread::onStart(): 0x17c75e8!
 DEBUG root [2017-11-07 15:16:49,049] - DBInterfaceMysql::attach: successfully! addr: localhost:3306
 DEBUG root [2017-11-07 15:16:49,049] - DBThread::onStart(): 0x17c7340!
 DEBUG root [2017-11-07 15:16:49,049] - DBInterfaceMysql::attach: successfully! addr: localhost:3306
 DEBUG root [2017-11-07 15:16:49,049] - DBThread::onStart(): 0x17c7450!
 DEBUG root [2017-11-07 15:16:49,050] - DBInterfaceMysql::attach: successfully! addr: localhost:3306
 DEBUG root [2017-11-07 15:16:49,050] - DBThread::onStart(): 0x17c6b48!
  INFO root [2017-11-07 15:16:49,145] - DBInterfaceMysql::query: successfully!
  INFO root [2017-11-07 15:16:49,146] - DBInterfaceMysql::query: successfully!
  INFO root [2017-11-07 15:16:49,147] - DBInterfaceMysql::query: successfully!
  INFO root [2017-11-07 15:16:49,147] - DBInterfaceMysql::query: successfully!
  INFO root [2017-11-07 15:16:49,147] - DBInterfaceMysql::query: successfully!
  INFO root [2017-11-07 15:16:49,147] - DBInterfaceMysql::query: successfully!
  INFO root [2017-11-07 15:16:49,179] - DBInterfaceMysql::query: successfully!
  INFO root [2017-11-07 15:16:49,180] - DBInterfaceMysql::query: successfully!
  INFO root [2017-11-07 15:16:49,180] - DBInterfaceMysql::query: successfully!
  INFO root [2017-11-07 15:16:49,289] - DBInterfaceMysql::query: successfully!
  WARN root [2017-11-07 15:16:49,309] - dbmgr.cpp:293: Profile scriptCall took 0.90 seconds
  INFO root [2017-11-07 15:16:49,545] - ---- dbmgr is running ----
 DEBUG root [2017-11-07 15:16:49,545] - Components::process(): Request for the process of identity...
  INFO root [2017-11-07 15:16:56,730] - Components::findComponents: find logger(1)...
  INFO root [2017-11-07 15:16:56,841] - Components::findComponents: found logger, addr:172.16.4.154:58346
  INFO root [2017-11-07 15:16:56,841] - Components::addComponent: reset orderLog, uid=1001!
  INFO root [2017-11-07 15:16:56,842] - Components::addComponent[logger], uid=1001, componentID=2000, globalorderid=1, grouporderid=1, totalcount=1
  WARN root [2017-11-07 15:16:56,845] - Forwarding logs to logger[172.16.4.154:58346/0/0/0]...
 ERROR root [2017-11-07 19:48:17,293] - Components::removeComponentByChannel: logger : 2000, Abnormal exit! errorno=10054
  INFO root [2017-11-07 19:48:17,294] - The following logs sent to logger failed:
  WARN root [2017-11-07 19:48:17,294] - ==> [2017-11-07 19:48:17 293] TCPPacketReceiver::processPendingEvents(172.16.4.154:58346): Throwing REASON_GENERAL_NETWORK - WSAECONNRESET
 ERROR root [2017-11-07 19:48:17,294] - ==> [2017-11-07 19:48:17 293] Components::removeComponentByChannel: logger : 2000, Abnormal exit! errorno=10054
  INFO root [2017-11-07 19:48:23,161] - 
  INFO root [2017-11-07 19:48:23,161] - -----------------------------------------------------------------------------------------


  INFO root [2017-11-07 19:48:23,162] - Resmgr::initialize: KBE_ROOT=C:/Users/hyc/Desktop/kbengine/
  INFO root [2017-11-07 19:48:23,162] - Resmgr::initialize: KBE_RES_PATH=C:/Users/hyc/Desktop/kbengine/kbe/res/;C:/Users/hyc/Desktop/kbengine/llgame/;C:/Users/hyc/Desktop/kbengine/llgame/scripts/;C:/Users/hyc/Desktop/kbengine/llgame/res/
  INFO root [2017-11-07 19:48:23,162] - Resmgr::initialize: KBE_BIN_PATH=C:/Users/hyc/Desktop/kbengine/kbe/bin/server/
  INFO root [2017-11-07 19:48:23,164] - NetworkInterface::recreateListeningSocket(INTERNAL): bound to all interfaces with default route interface on 172.16.4.154 ( 172.16.4.154:60525 )
  INFO root [2017-11-07 19:48:23,164] - NetworkInterface::recreateListeningSocket(INTERNAL): address 172.16.4.154:60525, SOMAXCONN=5.
  INFO root [2017-11-07 19:48:23,164] - server-configs:
  INFO root [2017-11-07 19:48:23,165] - 	internalAddr : 172.16.4.154:60525
  INFO root [2017-11-07 19:48:23,165] - 	componentID : 4000
  INFO root [2017-11-07 19:48:24,668] - ---- dbmgr Version: 0.9.12. ScriptVersion: 0.1.0. Protocol: EC01814405852ECE6208B05FBB876694. Config: Debug X86. Built: 16:13:30 Jul  7 2017. AppID: 4000. UID: 1001. PID: 109900 ----
  INFO root [2017-11-07 19:48:24,669] - Server : Intel(R) Core(TM) i5-4590 CPU @ 3.30GHz with 4194303kB RAM
  INFO root [2017-11-07 19:48:24,669] - ThreadPool::createThreadPool: creating  threadpool...
  INFO root [2017-11-07 19:48:24,669] - ThreadPool::createThreadPool: successfully(2), newThreadCount=1, normalMaxThreadCount=2, maxThreadCount=8
 DEBUG root [2017-11-07 19:48:24,819] - Script::install_py_dlls(): PyInit_pyexpat
 DEBUG root [2017-11-07 19:48:24,819] - Script::install_py_dlls(): PyInit__socket
 DEBUG root [2017-11-07 19:48:24,820] - Script::install_py_dlls(): PyInit__hashlib
 DEBUG root [2017-11-07 19:48:24,821] - Script::install_py_dlls(): PyInit_select
 DEBUG root [2017-11-07 19:48:24,822] - Script::install_py_dlls(): PyInit__ctypes
 DEBUG root [2017-11-07 19:48:24,822] - Script::install_py_dlls(): PyInit__elementtree
 DEBUG root [2017-11-07 19:48:24,855] - Script::install_py_dlls(): PyInit_unicodedata
  INFO root [2017-11-07 19:48:24,888] - Script::install(): is successfully, Python=(3.4.2 (default, Jul  7 2017, 16:13:24) [MSC v.1800 32 bit (Intel)])!
  INFO root [2017-11-07 19:48:24,888] - Script::install(): KBExtra is successfully!
  INFO root [2017-11-07 19:48:24,937] - Dbmgr::initializeEnd: digest(F13E5F1A4DE7EE3C1E18A52BA9469BCF)
S_INFO root [2017-11-07 19:48:24,937] - onDBMgrReady: bootstrapGroupIndex=0, bootstrapGlobalIndex=0
  INFO root [2017-11-07 19:48:24,938] - TelnetServer server is running on port 32000
  INFO root [2017-11-07 19:48:24,938] - Dbmgr::initInterfacesHandler: interfaces addr(127.0.0.1:30099), accountType:(interfaces), chargeType:(interfaces).
  WARN root [2017-11-07 19:48:25,563] - DBUtil::initialize: db(default) password is not encrypted!
please use password(rsa):
5A1113ABC48B2EBD75EB664C5CAE04B8200F1B28F2A98002770105B1CAE1957F50CAA77859630BE292D5FAFF95E08216D42B7E767DB258496ED3D874C01BE56085CC8CA4259C03183288C77B9E88CC1B0E96EB59FB9336793680EEE93BC4942E3E05F111CFFB7BCA3D5A5DF3058F6E9AB7C00195077D08F4F5AB94A58D1DA821
 DEBUG root [2017-11-07 19:48:25,565] - DBInterfaceMysql::attach: connect: localhost:3306 starting...
 DEBUG root [2017-11-07 19:48:25,569] - DBInterfaceMysql::attach: successfully! addr: localhost:3306
  INFO root [2017-11-07 19:48:25,569] - DBUtil::createInterface[0x168f2e0]: interface=default, dbtype=mysql, ip=localhost, port=3306, currdatabase=kbe, username=kbe, connected=yes.

  INFO root [2017-11-07 19:48:25,569] - ThreadPool::createThreadPool: creating  threadpool...
  INFO root [2017-11-07 19:48:25,569] - ThreadPool::createThreadPool: successfully(5), newThreadCount=5, normalMaxThreadCount=5, maxThreadCount=5
 DEBUG root [2017-11-07 19:48:25,569] - DBInterfaceMysql::attach: connect: localhost:3306 starting...
 DEBUG root [2017-11-07 19:48:25,569] - DBInterfaceMysql::attach: connect: localhost:3306 starting...
 DEBUG root [2017-11-07 19:48:25,570] - DBInterfaceMysql::attach: connect: localhost:3306 starting...
 DEBUG root [2017-11-07 19:48:25,570] - DBInterfaceMysql::attach: connect: localhost:3306 starting...
 DEBUG root [2017-11-07 19:48:25,570] - DBInterfaceMysql::attach: connect: localhost:3306 starting...
 DEBUG root [2017-11-07 19:48:25,572] - DBInterfaceMysql::attach: successfully! addr: localhost:3306
 DEBUG root [2017-11-07 19:48:25,572] - DBThread::onStart(): 0x19d85d8!
 DEBUG root [2017-11-07 19:48:25,573] - DBInterfaceMysql::attach: successfully! addr: localhost:3306
 DEBUG root [2017-11-07 19:48:25,573] - DBThread::onStart(): 0x19d79a0!
 DEBUG root [2017-11-07 19:48:25,574] - DBInterfaceMysql::attach: successfully! addr: localhost:3306
 DEBUG root [2017-11-07 19:48:25,574] - DBThread::onStart(): 0x19d7890!
 DEBUG root [2017-11-07 19:48:25,574] - DBInterfaceMysql::attach: successfully! addr: localhost:3306
 DEBUG root [2017-11-07 19:48:25,574] - DBThread::onStart(): 0x19d7e68!
 DEBUG root [2017-11-07 19:48:25,575] - DBInterfaceMysql::attach: successfully! addr: localhost:3306
 DEBUG root [2017-11-07 19:48:25,575] - DBThread::onStart(): 0x19d8110!
  INFO root [2017-11-07 19:48:25,673] - DBInterfaceMysql::query: successfully!
  INFO root [2017-11-07 19:48:25,676] - DBInterfaceMysql::query: successfully!
  INFO root [2017-11-07 19:48:25,678] - DBInterfaceMysql::query: successfully!
  INFO root [2017-11-07 19:48:25,678] - DBInterfaceMysql::query: successfully!
  INFO root [2017-11-07 19:48:25,678] - DBInterfaceMysql::query: successfully!
  INFO root [2017-11-07 19:48:25,679] - DBInterfaceMysql::query: successfully!
  INFO root [2017-11-07 19:48:25,731] - DBInterfaceMysql::query: successfully!
  INFO root [2017-11-07 19:48:25,732] - DBInterfaceMysql::query: successfully!
  INFO root [2017-11-07 19:48:25,732] - DBInterfaceMysql::query: successfully!
  INFO root [2017-11-07 19:48:25,779] - DBInterfaceMysql::query: successfully!
  WARN root [2017-11-07 19:48:25,797] - dbmgr.cpp:293: Profile scriptCall took 0.86 seconds
  INFO root [2017-11-07 19:48:26,040] - ---- dbmgr is running ----
 DEBUG root [2017-11-07 19:48:26,040] - Components::process(): Request for the process of identity...
 DEBUG root [2017-11-07 19:48:32,319] - ServerApp::lookApp: 172.16.4.154:60552/0/0/0, componentID=4000
 DEBUG root [2017-11-07 19:48:32,319] - ServerApp::lookApp: response! componentID=4000
  INFO root [2017-11-07 19:48:33,238] - Components::findComponents: find logger(1)...
  INFO root [2017-11-07 19:48:33,339] - Components::findComponents: found logger, addr:172.16.4.154:60524
  INFO root [2017-11-07 19:48:33,339] - Components::addComponent: reset orderLog, uid=1001!
  INFO root [2017-11-07 19:48:33,339] - Components::addComponent[logger], uid=1001, componentID=2000, globalorderid=1, grouporderid=1, totalcount=1
  WARN root [2017-11-07 19:48:33,340] - Forwarding logs to logger[172.16.4.154:60524/0/0/0]...
 ERROR root [2017-11-07 20:24:21,853] - Components::removeComponentByChannel: logger : 2000, Abnormal exit! errorno=10054
  INFO root [2017-11-07 20:24:21,860] - The following logs sent to logger failed:
  WARN root [2017-11-07 20:24:21,861] - ==> [2017-11-07 20:24:21 853] TCPPacketReceiver::processPendingEvents(172.16.4.154:60524): Throwing REASON_GENERAL_NETWORK - WSAECONNRESET
 ERROR root [2017-11-07 20:24:21,861] - ==> [2017-11-07 20:24:21 853] Components::removeComponentByChannel: logger : 2000, Abnormal exit! errorno=10054
  INFO root [2017-11-07 20:24:27,896] - 
  INFO root [2017-11-07 20:24:27,896] - -----------------------------------------------------------------------------------------


  INFO root [2017-11-07 20:24:27,897] - Resmgr::initialize: KBE_ROOT=C:/Users/hyc/Desktop/kbengine/
  INFO root [2017-11-07 20:24:27,897] - Resmgr::initialize: KBE_RES_PATH=C:/Users/hyc/Desktop/kbengine/kbe/res/;C:/Users/hyc/Desktop/kbengine/llgame/;C:/Users/hyc/Desktop/kbengine/llgame/scripts/;C:/Users/hyc/Desktop/kbengine/llgame/res/
  INFO root [2017-11-07 20:24:27,897] - Resmgr::initialize: KBE_BIN_PATH=C:/Users/hyc/Desktop/kbengine/kbe/bin/server/
  INFO root [2017-11-07 20:24:27,899] - NetworkInterface::recreateListeningSocket(INTERNAL): bound to all interfaces with default route interface on 172.16.4.154 ( 172.16.4.154:60787 )
  INFO root [2017-11-07 20:24:27,899] - NetworkInterface::recreateListeningSocket(INTERNAL): address 172.16.4.154:60787, SOMAXCONN=5.
  INFO root [2017-11-07 20:24:27,899] - server-configs:
  INFO root [2017-11-07 20:24:27,899] - 	internalAddr : 172.16.4.154:60787
  INFO root [2017-11-07 20:24:27,899] - 	componentID : 4000
  WARN root [2017-11-07 20:24:28,242] - BundleBroadcast::BundleBroadcast: Cannot bind to port 20331, errorno=10048
  INFO root [2017-11-07 20:24:28,245] - ---- dbmgr Version: 0.9.12. ScriptVersion: 0.1.0. Protocol: EC01814405852ECE6208B05FBB876694. Config: Debug X86. Built: 16:13:30 Jul  7 2017. AppID: 4000. UID: 1001. PID: 109708 ----
  INFO root [2017-11-07 20:24:28,246] - Server : Intel(R) Core(TM) i5-4590 CPU @ 3.30GHz with 4194303kB RAM
  INFO root [2017-11-07 20:24:28,246] - ThreadPool::createThreadPool: creating  threadpool...
  INFO root [2017-11-07 20:24:28,246] - ThreadPool::createThreadPool: successfully(2), newThreadCount=1, normalMaxThreadCount=2, maxThreadCount=8
 DEBUG root [2017-11-07 20:24:28,383] - Script::install_py_dlls(): PyInit_pyexpat
 DEBUG root [2017-11-07 20:24:28,383] - Script::install_py_dlls(): PyInit__socket
 DEBUG root [2017-11-07 20:24:28,383] - Script::install_py_dlls(): PyInit__hashlib
 DEBUG root [2017-11-07 20:24:28,385] - Script::install_py_dlls(): PyInit_select
 DEBUG root [2017-11-07 20:24:28,385] - Script::install_py_dlls(): PyInit__ctypes
 DEBUG root [2017-11-07 20:24:28,386] - Script::install_py_dlls(): PyInit__elementtree
 DEBUG root [2017-11-07 20:24:28,434] - Script::install_py_dlls(): PyInit_unicodedata
  INFO root [2017-11-07 20:24:28,474] - Script::install(): is successfully, Python=(3.4.2 (default, Jul  7 2017, 16:13:24) [MSC v.1800 32 bit (Intel)])!
  INFO root [2017-11-07 20:24:28,474] - Script::install(): KBExtra is successfully!
  INFO root [2017-11-07 20:24:28,531] - Dbmgr::initializeEnd: digest(E614C86301A4AD883CD2A64747A48797)
S_INFO root [2017-11-07 20:24:28,531] - onDBMgrReady: bootstrapGroupIndex=0, bootstrapGlobalIndex=0
  INFO root [2017-11-07 20:24:28,532] - TelnetServer server is running on port 32000
  INFO root [2017-11-07 20:24:28,535] - Dbmgr::initInterfacesHandler: interfaces addr(127.0.0.1:30099), accountType:(interfaces), chargeType:(interfaces).
  WARN root [2017-11-07 20:24:29,270] - DBUtil::initialize: db(default) password is not encrypted!
please use password(rsa):
DC29137C6278C406D7A237DA57306B46E7EAD881B42FFFA4DBDE48C142ACC456E25CA1B6375381DEE2B4E2CAE9E09C6068AEED165857F5F670FFD07BEB51295123A4D07A1B01713AF0F4C2D909CC7A07C8C4B399C6143AC7FF2578BC3296B3B781A8CCF3EEC1416FA43193DBB5E8753E78649D2B04115CE2C7DC82987D5BD583
 DEBUG root [2017-11-07 20:24:29,272] - DBInterfaceMysql::attach: connect: localhost:3306 starting...
 DEBUG root [2017-11-07 20:24:29,276] - DBInterfaceMysql::attach: successfully! addr: localhost:3306
  INFO root [2017-11-07 20:24:29,276] - DBUtil::createInterface[0x168f11c]: interface=default, dbtype=mysql, ip=localhost, port=3306, currdatabase=kbe, username=kbe, connected=yes.

  INFO root [2017-11-07 20:24:29,276] - ThreadPool::createThreadPool: creating  threadpool...
  INFO root [2017-11-07 20:24:29,276] - ThreadPool::createThreadPool: successfully(5), newThreadCount=5, normalMaxThreadCount=5, maxThreadCount=5
 DEBUG root [2017-11-07 20:24:29,277] - DBInterfaceMysql::attach: connect: localhost:3306 starting...
 DEBUG root [2017-11-07 20:24:29,277] - DBInterfaceMysql::attach: connect: localhost:3306 starting...
 DEBUG root [2017-11-07 20:24:29,277] - DBInterfaceMysql::attach: connect: localhost:3306 starting...
 DEBUG root [2017-11-07 20:24:29,277] - DBInterfaceMysql::attach: connect: localhost:3306 starting...
 DEBUG root [2017-11-07 20:24:29,277] - DBInterfaceMysql::attach: connect: localhost:3306 starting...
 DEBUG root [2017-11-07 20:24:29,279] - DBInterfaceMysql::attach: successfully! addr: localhost:3306
 DEBUG root [2017-11-07 20:24:29,279] - DBThread::onStart(): 0x1818330!
 DEBUG root [2017-11-07 20:24:29,280] - DBInterfaceMysql::attach: successfully! addr: localhost:3306
 DEBUG root [2017-11-07 20:24:29,280] - DBThread::onStart(): 0x1817bc0!
 DEBUG root [2017-11-07 20:24:29,280] - DBInterfaceMysql::attach: successfully! addr: localhost:3306
 DEBUG root [2017-11-07 20:24:29,281] - DBThread::onStart(): 0x1818198!
 DEBUG root [2017-11-07 20:24:29,281] - DBInterfaceMysql::attach: successfully! addr: localhost:3306
 DEBUG root [2017-11-07 20:24:29,281] - DBThread::onStart(): 0x1817cd0!
 DEBUG root [2017-11-07 20:24:29,282] - DBInterfaceMysql::attach: successfully! addr: localhost:3306
 DEBUG root [2017-11-07 20:24:29,282] - DBThread::onStart(): 0x1817b38!
  INFO root [2017-11-07 20:24:29,378] - DBInterfaceMysql::query: successfully!
  INFO root [2017-11-07 20:24:29,379] - DBInterfaceMysql::query: successfully!
  INFO root [2017-11-07 20:24:29,380] - DBInterfaceMysql::query: successfully!
  INFO root [2017-11-07 20:24:29,380] - DBInterfaceMysql::query: successfully!
  INFO root [2017-11-07 20:24:29,380] - DBInterfaceMysql::query: successfully!
  INFO root [2017-11-07 20:24:29,380] - DBInterfaceMysql::query: successfully!
  INFO root [2017-11-07 20:24:29,381] - DBInterfaceMysql::query: successfully!
  INFO root [2017-11-07 20:24:29,381] - DBInterfaceMysql::query: successfully!
  INFO root [2017-11-07 20:24:29,381] - DBInterfaceMysql::query: successfully!
  INFO root [2017-11-07 20:24:29,381] - DBInterfaceMysql::query: successfully!
  WARN root [2017-11-07 20:24:29,488] - dbmgr.cpp:293: Profile scriptCall took 0.96 seconds
  INFO root [2017-11-07 20:24:29,708] - ---- dbmgr is running ----
 DEBUG root [2017-11-07 20:24:29,708] - Components::process(): Request for the process of identity...
  INFO root [2017-11-07 20:24:36,912] - Components::findComponents: find logger(1)...
  INFO root [2017-11-07 20:24:36,959] - Components::findComponents: found logger, addr:172.16.4.154:60785
  INFO root [2017-11-07 20:24:36,959] - Components::addComponent: reset orderLog, uid=1001!
  INFO root [2017-11-07 20:24:36,960] - Components::addComponent[logger], uid=1001, componentID=2000, globalorderid=1, grouporderid=1, totalcount=1
  INFO root [2017-11-07 20:24:36,972] - Components::process(): Found all the components!
  WARN root [2017-11-07 20:24:36,999] - Forwarding logs to logger[172.16.4.154:60785/0/0/0]...
 ERROR root [2017-11-07 20:25:06,583] - Components::removeComponentByChannel: logger : 2000, Abnormal exit! errorno=10054
  INFO root [2017-11-07 20:25:06,588] - The following logs sent to logger failed:
  WARN root [2017-11-07 20:25:06,589] - ==> [2017-11-07 20:25:06 577] TCPPacketReceiver::processPendingEvents(172.16.4.154:60785): Throwing REASON_GENERAL_NETWORK - WSAECONNRESET
 ERROR root [2017-11-07 20:25:06,589] - ==> [2017-11-07 20:25:06 583] Components::removeComponentByChannel: logger : 2000, Abnormal exit! errorno=10054
  INFO root [2017-11-07 20:25:12,749] - 
  INFO root [2017-11-07 20:25:12,749] - -----------------------------------------------------------------------------------------


  INFO root [2017-11-07 20:25:12,749] - Resmgr::initialize: KBE_ROOT=C:/Users/hyc/Desktop/kbengine/
  INFO root [2017-11-07 20:25:12,750] - Resmgr::initialize: KBE_RES_PATH=C:/Users/hyc/Desktop/kbengine/kbe/res/;C:/Users/hyc/Desktop/kbengine/llgame/;C:/Users/hyc/Desktop/kbengine/llgame/scripts/;C:/Users/hyc/Desktop/kbengine/llgame/res/
  INFO root [2017-11-07 20:25:12,750] - Resmgr::initialize: KBE_BIN_PATH=C:/Users/hyc/Desktop/kbengine/kbe/bin/server/
  INFO root [2017-11-07 20:25:12,751] - NetworkInterface::recreateListeningSocket(INTERNAL): bound to all interfaces with default route interface on 172.16.4.154 ( 172.16.4.154:60840 )
  INFO root [2017-11-07 20:25:12,751] - NetworkInterface::recreateListeningSocket(INTERNAL): address 172.16.4.154:60840, SOMAXCONN=5.
  INFO root [2017-11-07 20:25:12,751] - server-configs:
  INFO root [2017-11-07 20:25:12,752] - 	internalAddr : 172.16.4.154:60840
  INFO root [2017-11-07 20:25:12,752] - 	componentID : 4000
  INFO root [2017-11-07 20:25:14,266] - ---- dbmgr Version: 0.9.12. ScriptVersion: 0.1.0. Protocol: EC01814405852ECE6208B05FBB876694. Config: Debug X86. Built: 16:13:30 Jul  7 2017. AppID: 4000. UID: 1001. PID: 114032 ----
  INFO root [2017-11-07 20:25:14,268] - Server : Intel(R) Core(TM) i5-4590 CPU @ 3.30GHz with 4194303kB RAM
  INFO root [2017-11-07 20:25:14,269] - ThreadPool::createThreadPool: creating  threadpool...
  INFO root [2017-11-07 20:25:14,269] - ThreadPool::createThreadPool: successfully(2), newThreadCount=1, normalMaxThreadCount=2, maxThreadCount=8
 DEBUG root [2017-11-07 20:25:14,433] - Script::install_py_dlls(): PyInit_pyexpat
 DEBUG root [2017-11-07 20:25:14,434] - Script::install_py_dlls(): PyInit__socket
 DEBUG root [2017-11-07 20:25:14,434] - Script::install_py_dlls(): PyInit__hashlib
 DEBUG root [2017-11-07 20:25:14,436] - Script::install_py_dlls(): PyInit_select
 DEBUG root [2017-11-07 20:25:14,436] - Script::install_py_dlls(): PyInit__ctypes
 DEBUG root [2017-11-07 20:25:14,436] - Script::install_py_dlls(): PyInit__elementtree
 DEBUG root [2017-11-07 20:25:14,467] - Script::install_py_dlls(): PyInit_unicodedata
  INFO root [2017-11-07 20:25:14,496] - Script::install(): is successfully, Python=(3.4.2 (default, Jul  7 2017, 16:13:24) [MSC v.1800 32 bit (Intel)])!
  INFO root [2017-11-07 20:25:14,496] - Script::install(): KBExtra is successfully!
  INFO root [2017-11-07 20:25:14,542] - Dbmgr::initializeEnd: digest(E614C86301A4AD883CD2A64747A48797)
S_INFO root [2017-11-07 20:25:14,542] - onDBMgrReady: bootstrapGroupIndex=0, bootstrapGlobalIndex=0
  INFO root [2017-11-07 20:25:14,543] - TelnetServer server is running on port 32000
  INFO root [2017-11-07 20:25:14,543] - Dbmgr::initInterfacesHandler: interfaces addr(127.0.0.1:30099), accountType:(interfaces), chargeType:(interfaces).
  WARN root [2017-11-07 20:25:15,181] - DBUtil::initialize: db(default) password is not encrypted!
please use password(rsa):
678A417C3BF00CD734C774E0E88CF5C0E741A9D99EB28079A7D87E8872BAF12162D3B914B6C5240F6B15B6275C58C424792087946F3619C7A380C12776FE45720389A922C4723F2B9108B363DC5E5CD7F50DBCF0C4F6BEDE36883AA8CDAA7F57E126B7D3A0028D374C1BDF72556B8FE3745A9468E24E4049AB400CD5846F4B48
 DEBUG root [2017-11-07 20:25:15,183] - DBInterfaceMysql::attach: connect: localhost:3306 starting...
 DEBUG root [2017-11-07 20:25:15,186] - DBInterfaceMysql::attach: successfully! addr: localhost:3306
  INFO root [2017-11-07 20:25:15,186] - DBUtil::createInterface[0x168f254]: interface=default, dbtype=mysql, ip=localhost, port=3306, currdatabase=kbe, username=kbe, connected=yes.

  INFO root [2017-11-07 20:25:15,187] - ThreadPool::createThreadPool: creating  threadpool...
  INFO root [2017-11-07 20:25:15,187] - ThreadPool::createThreadPool: successfully(5), newThreadCount=5, normalMaxThreadCount=5, maxThreadCount=5
 DEBUG root [2017-11-07 20:25:15,187] - DBInterfaceMysql::attach: connect: localhost:3306 starting...
 DEBUG root [2017-11-07 20:25:15,188] - DBInterfaceMysql::attach: connect: localhost:3306 starting...
 DEBUG root [2017-11-07 20:25:15,189] - DBInterfaceMysql::attach: connect: localhost:3306 starting...
 DEBUG root [2017-11-07 20:25:15,189] - DBInterfaceMysql::attach: connect: localhost:3306 starting...
 DEBUG root [2017-11-07 20:25:15,190] - DBInterfaceMysql::attach: successfully! addr: localhost:3306
 DEBUG root [2017-11-07 20:25:15,190] - DBThread::onStart(): 0x17d9c80!
 DEBUG root [2017-11-07 20:25:15,190] - DBInterfaceMysql::attach: connect: localhost:3306 starting...
 DEBUG root [2017-11-07 20:25:15,190] - DBInterfaceMysql::attach: successfully! addr: localhost:3306
 DEBUG root [2017-11-07 20:25:15,190] - DBThread::onStart(): 0x17d9378!
 DEBUG root [2017-11-07 20:25:15,191] - DBInterfaceMysql::attach: successfully! addr: localhost:3306
 DEBUG root [2017-11-07 20:25:15,191] - DBThread::onStart(): 0x17d9730!
 DEBUG root [2017-11-07 20:25:15,193] - DBInterfaceMysql::attach: successfully! addr: localhost:3306
 DEBUG root [2017-11-07 20:25:15,193] - DBThread::onStart(): 0x17d9e18!
 DEBUG root [2017-11-07 20:25:15,195] - DBInterfaceMysql::attach: successfully! addr: localhost:3306
 DEBUG root [2017-11-07 20:25:15,195] - DBThread::onStart(): 0x17d8fc0!
  INFO root [2017-11-07 20:25:15,290] - DBInterfaceMysql::query: successfully!
  INFO root [2017-11-07 20:25:15,294] - DBInterfaceMysql::query: successfully!
  INFO root [2017-11-07 20:25:15,295] - DBInterfaceMysql::query: successfully!
  INFO root [2017-11-07 20:25:15,295] - DBInterfaceMysql::query: successfully!
  INFO root [2017-11-07 20:25:15,295] - DBInterfaceMysql::query: successfully!
  INFO root [2017-11-07 20:25:15,296] - DBInterfaceMysql::query: successfully!
  INFO root [2017-11-07 20:25:15,296] - DBInterfaceMysql::query: successfully!
  INFO root [2017-11-07 20:25:15,296] - DBInterfaceMysql::query: successfully!
  INFO root [2017-11-07 20:25:15,297] - DBInterfaceMysql::query: successfully!
  INFO root [2017-11-07 20:25:15,297] - DBInterfaceMysql::query: successfully!
  WARN root [2017-11-07 20:25:15,499] - DBTask::process(): took 0.21 seconds
sql:(insert into kbe_serverlog (heartbeatTime, logger) values(1510057515,4000) ON DUPLICATE KEY UPDATE heartbeatTime=1510057515)
  WARN root [2017-11-07 20:25:15,522] - dbmgr.cpp:293: Profile scriptCall took 0.98 seconds
  INFO root [2017-11-07 20:25:15,784] - ---- dbmgr is running ----
 DEBUG root [2017-11-07 20:25:15,784] - Components::process(): Request for the process of identity...
  INFO root [2017-11-07 20:25:23,004] - Components::findComponents: find logger(1)...
  INFO root [2017-11-07 20:25:23,112] - Components::findComponents: found logger, addr:172.16.4.154:60838
  INFO root [2017-11-07 20:25:23,113] - Components::addComponent: reset orderLog, uid=1001!
  INFO root [2017-11-07 20:25:23,113] - Components::addComponent[logger], uid=1001, componentID=2000, globalorderid=1, grouporderid=1, totalcount=1
  WARN root [2017-11-07 20:25:23,114] - Forwarding logs to logger[172.16.4.154:60838/0/0/0]...
 ERROR root [2017-11-07 20:29:02,641] - Components::removeComponentByChannel: logger : 2000, Abnormal exit! errorno=10054
  INFO root [2017-11-07 20:29:02,642] - The following logs sent to logger failed:
  WARN root [2017-11-07 20:29:02,642] - ==> [2017-11-07 20:29:02 641] TCPPacketReceiver::processPendingEvents(172.16.4.154:60838): Throwing REASON_GENERAL_NETWORK - WSAECONNRESET
 ERROR root [2017-11-07 20:29:02,642] - ==> [2017-11-07 20:29:02 641] Components::removeComponentByChannel: logger : 2000, Abnormal exit! errorno=10054
  INFO root [2017-11-07 20:29:08,836] - 
  INFO root [2017-11-07 20:29:08,836] - -----------------------------------------------------------------------------------------


  INFO root [2017-11-07 20:29:08,837] - Resmgr::initialize: KBE_ROOT=C:/Users/hyc/Desktop/kbengine/
  INFO root [2017-11-07 20:29:08,837] - Resmgr::initialize: KBE_RES_PATH=C:/Users/hyc/Desktop/kbengine/kbe/res/;C:/Users/hyc/Desktop/kbengine/llgame/;C:/Users/hyc/Desktop/kbengine/llgame/scripts/;C:/Users/hyc/Desktop/kbengine/llgame/res/
  INFO root [2017-11-07 20:29:08,837] - Resmgr::initialize: KBE_BIN_PATH=C:/Users/hyc/Desktop/kbengine/kbe/bin/server/
  INFO root [2017-11-07 20:29:08,838] - NetworkInterface::recreateListeningSocket(INTERNAL): bound to all interfaces with default route interface on 172.16.4.154 ( 172.16.4.154:60980 )
  INFO root [2017-11-07 20:29:08,838] - NetworkInterface::recreateListeningSocket(INTERNAL): address 172.16.4.154:60980, SOMAXCONN=5.
  INFO root [2017-11-07 20:29:08,839] - server-configs:
  INFO root [2017-11-07 20:29:08,839] - 	internalAddr : 172.16.4.154:60980
  INFO root [2017-11-07 20:29:08,839] - 	componentID : 4000
  WARN root [2017-11-07 20:29:09,180] - BundleBroadcast::BundleBroadcast: Cannot bind to port 20249, errorno=10048
  INFO root [2017-11-07 20:29:09,183] - ---- dbmgr Version: 0.9.12. ScriptVersion: 0.1.0. Protocol: EC01814405852ECE6208B05FBB876694. Config: Debug X86. Built: 16:13:30 Jul  7 2017. AppID: 4000. UID: 1001. PID: 111628 ----
  INFO root [2017-11-07 20:29:09,184] - Server : Intel(R) Core(TM) i5-4590 CPU @ 3.30GHz with 4194303kB RAM
  INFO root [2017-11-07 20:29:09,184] - ThreadPool::createThreadPool: creating  threadpool...
  INFO root [2017-11-07 20:29:09,184] - ThreadPool::createThreadPool: successfully(2), newThreadCount=1, normalMaxThreadCount=2, maxThreadCount=8
 DEBUG root [2017-11-07 20:29:09,312] - Script::install_py_dlls(): PyInit_pyexpat
 DEBUG root [2017-11-07 20:29:09,313] - Script::install_py_dlls(): PyInit__socket
 DEBUG root [2017-11-07 20:29:09,313] - Script::install_py_dlls(): PyInit__hashlib
 DEBUG root [2017-11-07 20:29:09,315] - Script::install_py_dlls(): PyInit_select
 DEBUG root [2017-11-07 20:29:09,315] - Script::install_py_dlls(): PyInit__ctypes
 DEBUG root [2017-11-07 20:29:09,315] - Script::install_py_dlls(): PyInit__elementtree
 DEBUG root [2017-11-07 20:29:09,347] - Script::install_py_dlls(): PyInit_unicodedata
  INFO root [2017-11-07 20:29:09,377] - Script::install(): is successfully, Python=(3.4.2 (default, Jul  7 2017, 16:13:24) [MSC v.1800 32 bit (Intel)])!
  INFO root [2017-11-07 20:29:09,377] - Script::install(): KBExtra is successfully!
  INFO root [2017-11-07 20:29:09,425] - Dbmgr::initializeEnd: digest(E614C86301A4AD883CD2A64747A48797)
S_INFO root [2017-11-07 20:29:09,425] - onDBMgrReady: bootstrapGroupIndex=0, bootstrapGlobalIndex=0
  INFO root [2017-11-07 20:29:09,426] - TelnetServer server is running on port 32000
  INFO root [2017-11-07 20:29:09,426] - Dbmgr::initInterfacesHandler: interfaces addr(127.0.0.1:30099), accountType:(interfaces), chargeType:(interfaces).
  WARN root [2017-11-07 20:29:10,064] - DBUtil::initialize: db(default) password is not encrypted!
please use password(rsa):
99CE3438E32D76A9FF79E8A25CCCAAE86960FF17AD8B66AA6BD9EF20124D8B3AA69EF22F6A148FFFE038BEC80BDFEA9C5A3299F09F131183E8CD51CF73C1D5FD79596AE308D868B00E6D84FA766D1D59D19A2041D820F9731D5CAFC1CA034C081BB010C98AC369D5EFF44C00B93CBD38856D3F13A676FDC98A42FEDB25F09604
 DEBUG root [2017-11-07 20:29:10,066] - DBInterfaceMysql::attach: connect: localhost:3306 starting...
 DEBUG root [2017-11-07 20:29:10,069] - DBInterfaceMysql::attach: successfully! addr: localhost:3306
  INFO root [2017-11-07 20:29:10,069] - DBUtil::createInterface[0x2befec]: interface=default, dbtype=mysql, ip=localhost, port=3306, currdatabase=kbe, username=kbe, connected=yes.

  INFO root [2017-11-07 20:29:10,070] - ThreadPool::createThreadPool: creating  threadpool...
  INFO root [2017-11-07 20:29:10,070] - ThreadPool::createThreadPool: successfully(5), newThreadCount=5, normalMaxThreadCount=5, maxThreadCount=5
 DEBUG root [2017-11-07 20:29:10,070] - DBInterfaceMysql::attach: connect: localhost:3306 starting...
 DEBUG root [2017-11-07 20:29:10,070] - DBInterfaceMysql::attach: connect: localhost:3306 starting...
 DEBUG root [2017-11-07 20:29:10,070] - DBInterfaceMysql::attach: connect: localhost:3306 starting...
 DEBUG root [2017-11-07 20:29:10,070] - DBInterfaceMysql::attach: connect: localhost:3306 starting...
 DEBUG root [2017-11-07 20:29:10,071] - DBInterfaceMysql::attach: connect: localhost:3306 starting...
 DEBUG root [2017-11-07 20:29:10,073] - DBInterfaceMysql::attach: successfully! addr: localhost:3306
 DEBUG root [2017-11-07 20:29:10,073] - DBThread::onStart(): 0x1757780!
 DEBUG root [2017-11-07 20:29:10,074] - DBInterfaceMysql::attach: successfully! addr: localhost:3306
 DEBUG root [2017-11-07 20:29:10,074] - DBThread::onStart(): 0x1756df0!
 DEBUG root [2017-11-07 20:29:10,074] - DBInterfaceMysql::attach: successfully! addr: localhost:3306
 DEBUG root [2017-11-07 20:29:10,074] - DBThread::onStart(): 0x1757808!
 DEBUG root [2017-11-07 20:29:10,075] - DBInterfaceMysql::attach: successfully! addr: localhost:3306
 DEBUG root [2017-11-07 20:29:10,075] - DBThread::onStart(): 0x1756928!
 DEBUG root [2017-11-07 20:29:10,076] - DBInterfaceMysql::attach: successfully! addr: localhost:3306
 DEBUG root [2017-11-07 20:29:10,076] - DBThread::onStart(): 0x1756d68!
  INFO root [2017-11-07 20:29:10,174] - DBInterfaceMysql::query: successfully!
  INFO root [2017-11-07 20:29:10,177] - DBInterfaceMysql::query: successfully!
  INFO root [2017-11-07 20:29:10,178] - DBInterfaceMysql::query: successfully!
  INFO root [2017-11-07 20:29:10,179] - DBInterfaceMysql::query: successfully!
  INFO root [2017-11-07 20:29:10,179] - DBInterfaceMysql::query: successfully!
  INFO root [2017-11-07 20:29:10,180] - DBInterfaceMysql::query: successfully!
  INFO root [2017-11-07 20:29:10,181] - DBInterfaceMysql::query: successfully!
  INFO root [2017-11-07 20:29:10,181] - DBInterfaceMysql::query: successfully!
  INFO root [2017-11-07 20:29:10,181] - DBInterfaceMysql::query: successfully!
  INFO root [2017-11-07 20:29:10,182] - DBInterfaceMysql::query: successfully!
  WARN root [2017-11-07 20:29:10,243] - dbmgr.cpp:293: Profile scriptCall took 0.82 seconds
  INFO root [2017-11-07 20:29:10,483] - ---- dbmgr is running ----
 DEBUG root [2017-11-07 20:29:10,483] - Components::process(): Request for the process of identity...
  INFO root [2017-11-07 20:29:17,666] - Components::findComponents: find logger(1)...
  INFO root [2017-11-07 20:29:17,684] - Components::findComponents: found logger, addr:172.16.4.154:60977
  INFO root [2017-11-07 20:29:17,684] - Components::addComponent: reset orderLog, uid=1001!
  INFO root [2017-11-07 20:29:17,684] - Components::addComponent[logger], uid=1001, componentID=2000, globalorderid=1, grouporderid=1, totalcount=1
  INFO root [2017-11-07 20:29:17,706] - Components::process(): Found all the components!
  WARN root [2017-11-07 20:29:17,737] - Forwarding logs to logger[172.16.4.154:60977/0/0/0]...
 ERROR root [2017-11-07 20:29:55,694] - Components::removeComponentByChannel: logger : 2000, Abnormal exit! errorno=10054
  INFO root [2017-11-07 20:29:55,704] - The following logs sent to logger failed:
  WARN root [2017-11-07 20:29:55,704] - ==> [2017-11-07 20:29:55 690] TCPPacketReceiver::processPendingEvents(172.16.4.154:60977): Throwing REASON_GENERAL_NETWORK - WSAECONNRESET
 ERROR root [2017-11-07 20:29:55,704] - ==> [2017-11-07 20:29:55 694] Components::removeComponentByChannel: logger : 2000, Abnormal exit! errorno=10054
  INFO root [2017-11-07 20:30:01,902] - 
  INFO root [2017-11-07 20:30:01,903] - -----------------------------------------------------------------------------------------


  INFO root [2017-11-07 20:30:01,903] - Resmgr::initialize: KBE_ROOT=C:/Users/hyc/Desktop/kbengine/
  INFO root [2017-11-07 20:30:01,904] - Resmgr::initialize: KBE_RES_PATH=C:/Users/hyc/Desktop/kbengine/kbe/res/;C:/Users/hyc/Desktop/kbengine/llgame/;C:/Users/hyc/Desktop/kbengine/llgame/scripts/;C:/Users/hyc/Desktop/kbengine/llgame/res/
  INFO root [2017-11-07 20:30:01,904] - Resmgr::initialize: KBE_BIN_PATH=C:/Users/hyc/Desktop/kbengine/kbe/bin/server/
  INFO root [2017-11-07 20:30:01,907] - NetworkInterface::recreateListeningSocket(INTERNAL): bound to all interfaces with default route interface on 172.16.4.154 ( 172.16.4.154:61010 )
  INFO root [2017-11-07 20:30:01,908] - NetworkInterface::recreateListeningSocket(INTERNAL): address 172.16.4.154:61010, SOMAXCONN=5.
  INFO root [2017-11-07 20:30:01,908] - server-configs:
  INFO root [2017-11-07 20:30:01,908] - 	internalAddr : 172.16.4.154:61010
  INFO root [2017-11-07 20:30:01,908] - 	componentID : 4000
  WARN root [2017-11-07 20:30:02,316] - BundleBroadcast::BundleBroadcast: Cannot bind to port 20742, errorno=10048
  INFO root [2017-11-07 20:30:02,352] - ---- dbmgr Version: 0.9.12. ScriptVersion: 0.1.0. Protocol: EC01814405852ECE6208B05FBB876694. Config: Debug X86. Built: 16:13:30 Jul  7 2017. AppID: 4000. UID: 1001. PID: 107512 ----
  INFO root [2017-11-07 20:30:02,362] - Server : Intel(R) Core(TM) i5-4590 CPU @ 3.30GHz with 4194303kB RAM
  INFO root [2017-11-07 20:30:02,362] - ThreadPool::createThreadPool: creating  threadpool...
  INFO root [2017-11-07 20:30:02,362] - ThreadPool::createThreadPool: successfully(2), newThreadCount=1, normalMaxThreadCount=2, maxThreadCount=8
 DEBUG root [2017-11-07 20:30:02,512] - Script::install_py_dlls(): PyInit_pyexpat
 DEBUG root [2017-11-07 20:30:02,512] - Script::install_py_dlls(): PyInit__socket
 DEBUG root [2017-11-07 20:30:02,513] - Script::install_py_dlls(): PyInit__hashlib
 DEBUG root [2017-11-07 20:30:02,516] - Script::install_py_dlls(): PyInit_select
 DEBUG root [2017-11-07 20:30:02,516] - Script::install_py_dlls(): PyInit__ctypes
 DEBUG root [2017-11-07 20:30:02,516] - Script::install_py_dlls(): PyInit__elementtree
 DEBUG root [2017-11-07 20:30:02,559] - Script::install_py_dlls(): PyInit_unicodedata
  INFO root [2017-11-07 20:30:02,592] - Script::install(): is successfully, Python=(3.4.2 (default, Jul  7 2017, 16:13:24) [MSC v.1800 32 bit (Intel)])!
  INFO root [2017-11-07 20:30:02,592] - Script::install(): KBExtra is successfully!
  INFO root [2017-11-07 20:30:02,639] - Dbmgr::initializeEnd: digest(E614C86301A4AD883CD2A64747A48797)
S_INFO root [2017-11-07 20:30:02,639] - onDBMgrReady: bootstrapGroupIndex=0, bootstrapGlobalIndex=0
  INFO root [2017-11-07 20:30:02,640] - TelnetServer server is running on port 32000
  INFO root [2017-11-07 20:30:02,640] - Dbmgr::initInterfacesHandler: interfaces addr(127.0.0.1:30099), accountType:(interfaces), chargeType:(interfaces).
  WARN root [2017-11-07 20:30:03,259] - DBUtil::initialize: db(default) password is not encrypted!
please use password(rsa):
904F31FC4E6E07BCEF5C3C67184DA5E229EAAD95F84FF6A716B8ACD3452E3D84244DBBDF051046C8ADC854054501E35C2FB77947A5CE07BEE7B05BC0A8DCD52BD7FA7AF907C48006BA76002526DAFC1C313CE90C6B9E6F1885C0A07DBADE513FE11D69F9FCB4AB08FF1B4E27B9D51BB047CC97FBA1F608862973E6D8B1F3D750
 DEBUG root [2017-11-07 20:30:03,262] - DBInterfaceMysql::attach: connect: localhost:3306 starting...
 DEBUG root [2017-11-07 20:30:03,265] - DBInterfaceMysql::attach: successfully! addr: localhost:3306
  INFO root [2017-11-07 20:30:03,265] - DBUtil::createInterface[0x168ede8]: interface=default, dbtype=mysql, ip=localhost, port=3306, currdatabase=kbe, username=kbe, connected=yes.

  INFO root [2017-11-07 20:30:03,265] - ThreadPool::createThreadPool: creating  threadpool...
  INFO root [2017-11-07 20:30:03,266] - ThreadPool::createThreadPool: successfully(5), newThreadCount=5, normalMaxThreadCount=5, maxThreadCount=5
 DEBUG root [2017-11-07 20:30:03,266] - DBInterfaceMysql::attach: connect: localhost:3306 starting...
 DEBUG root [2017-11-07 20:30:03,266] - DBInterfaceMysql::attach: connect: localhost:3306 starting...
 DEBUG root [2017-11-07 20:30:03,266] - DBInterfaceMysql::attach: connect: localhost:3306 starting...
 DEBUG root [2017-11-07 20:30:03,266] - DBInterfaceMysql::attach: connect: localhost:3306 starting...
 DEBUG root [2017-11-07 20:30:03,267] - DBInterfaceMysql::attach: connect: localhost:3306 starting...
 DEBUG root [2017-11-07 20:30:03,269] - DBInterfaceMysql::attach: successfully! addr: localhost:3306
 DEBUG root [2017-11-07 20:30:03,269] - DBThread::onStart(): 0x1a57d58!
 DEBUG root [2017-11-07 20:30:03,269] - DBInterfaceMysql::attach: successfully! addr: localhost:3306
 DEBUG root [2017-11-07 20:30:03,269] - DBThread::onStart(): 0x1a57ef0!
 DEBUG root [2017-11-07 20:30:03,270] - DBInterfaceMysql::attach: successfully! addr: localhost:3306
 DEBUG root [2017-11-07 20:30:03,270] - DBThread::onStart(): 0x1a57918!
 DEBUG root [2017-11-07 20:30:03,271] - DBInterfaceMysql::attach: successfully! addr: localhost:3306
 DEBUG root [2017-11-07 20:30:03,271] - DBThread::onStart(): 0x1a585d8!
 DEBUG root [2017-11-07 20:30:03,271] - DBInterfaceMysql::attach: successfully! addr: localhost:3306
 DEBUG root [2017-11-07 20:30:03,271] - DBThread::onStart(): 0x1a58088!
  INFO root [2017-11-07 20:30:03,371] - DBInterfaceMysql::query: successfully!
  INFO root [2017-11-07 20:30:03,377] - DBInterfaceMysql::query: successfully!
  INFO root [2017-11-07 20:30:03,379] - DBInterfaceMysql::query: successfully!
  INFO root [2017-11-07 20:30:03,379] - DBInterfaceMysql::query: successfully!
  INFO root [2017-11-07 20:30:03,380] - DBInterfaceMysql::query: successfully!
  INFO root [2017-11-07 20:30:03,380] - DBInterfaceMysql::query: successfully!
  INFO root [2017-11-07 20:30:03,381] - DBInterfaceMysql::query: successfully!
  INFO root [2017-11-07 20:30:03,381] - DBInterfaceMysql::query: successfully!
  INFO root [2017-11-07 20:30:03,382] - DBInterfaceMysql::query: successfully!
  INFO root [2017-11-07 20:30:03,383] - DBInterfaceMysql::query: successfully!
  WARN root [2017-11-07 20:30:03,487] - dbmgr.cpp:293: Profile scriptCall took 0.85 seconds
  INFO root [2017-11-07 20:30:03,740] - ---- dbmgr is running ----
 DEBUG root [2017-11-07 20:30:03,740] - Components::process(): Request for the process of identity...
  INFO root [2017-11-07 20:30:10,979] - Components::findComponents: find logger(1)...
  INFO root [2017-11-07 20:30:11,099] - Components::findComponents: found logger, addr:172.16.4.154:61008
  INFO root [2017-11-07 20:30:11,100] - Components::addComponent: reset orderLog, uid=1001!
  INFO root [2017-11-07 20:30:11,100] - Components::addComponent[logger], uid=1001, componentID=2000, globalorderid=1, grouporderid=1, totalcount=1
  WARN root [2017-11-07 20:30:11,102] - Forwarding logs to logger[172.16.4.154:61008/0/0/0]...
