  INFO root [2017-11-19 22:53:16,388] - 
  INFO root [2017-11-19 22:53:16,388] - -----------------------------------------------------------------------------------------


  INFO root [2017-11-19 22:53:16,388] - Resmgr::initialize: KBE_ROOT=C:/Users/hyc/Desktop/kbengine/
  INFO root [2017-11-19 22:53:16,388] - Resmgr::initialize: KBE_RES_PATH=C:/Users/hyc/Desktop/kbengine/kbe/res/;C:/Users/hyc/Desktop/kbengine/llgame/;C:/Users/hyc/Desktop/kbengine/llgame/scripts/;C:/Users/hyc/Desktop/kbengine/llgame/res/
  INFO root [2017-11-19 22:53:16,388] - Resmgr::initialize: KBE_BIN_PATH=C:/Users/hyc/Desktop/kbengine/kbe/bin/server/
  INFO root [2017-11-19 22:53:16,388] - NetworkInterface::recreateListeningSocket(INTERNAL): bound to all interfaces with default route interface on 192.168.31.219 ( 192.168.31.219:11879 )
  INFO root [2017-11-19 22:53:16,388] - NetworkInterface::recreateListeningSocket(INTERNAL): address 192.168.31.219:11879, SOMAXCONN=5.
  INFO root [2017-11-19 22:53:16,388] - server-configs:
  INFO root [2017-11-19 22:53:16,388] - 	internalAddr : 192.168.31.219:11879
  INFO root [2017-11-19 22:53:16,388] - 	componentID : 4000
  WARN root [2017-11-19 22:53:16,903] - BundleBroadcast::BundleBroadcast: Cannot bind to port 20819, errorno=10048
  INFO root [2017-11-19 22:53:16,903] - ---- dbmgr Version: 0.9.12. ScriptVersion: 0.1.0. Protocol: F679420710A02CD3A5AA610C30581A2E. Config: Debug X86. Built: 00:48:38 Jul  1 2017. AppID: 4000. UID: 1001. PID: 4196 ----
  INFO root [2017-11-19 22:53:16,903] - Server : Intel(R) Core(TM) i7-4870HQ CPU @ 2.50GHz with 4176404kB RAM
  INFO root [2017-11-19 22:53:16,903] - ThreadPool::createThreadPool: creating  threadpool...
  INFO root [2017-11-19 22:53:16,903] - ThreadPool::createThreadPool: successfully(2), newThreadCount=1, normalMaxThreadCount=2, maxThreadCount=8
 DEBUG root [2017-11-19 22:53:17,045] - Script::install_py_dlls(): PyInit_pyexpat
 DEBUG root [2017-11-19 22:53:17,045] - Script::install_py_dlls(): PyInit__socket
 DEBUG root [2017-11-19 22:53:17,045] - Script::install_py_dlls(): PyInit__hashlib
 DEBUG root [2017-11-19 22:53:17,045] - Script::install_py_dlls(): PyInit_select
 DEBUG root [2017-11-19 22:53:17,045] - Script::install_py_dlls(): PyInit__ctypes
 DEBUG root [2017-11-19 22:53:17,045] - Script::install_py_dlls(): PyInit__elementtree
 DEBUG root [2017-11-19 22:53:17,091] - Script::install_py_dlls(): PyInit_unicodedata
  INFO root [2017-11-19 22:53:17,122] - Script::install(): is successfully, Python=(3.4.2 (default, Jul  1 2017, 00:48:32) [MSC v.1800 32 bit (Intel)])!
  INFO root [2017-11-19 22:53:17,122] - Script::install(): KBExtra is successfully!
  INFO root [2017-11-19 22:53:17,186] - Dbmgr::initializeEnd: digest(9477EF45894C4D1ED11B6FA6B1C16406)
S_INFO root [2017-11-19 22:53:17,186] - onDBMgrReady: bootstrapGroupIndex=0, bootstrapGlobalIndex=0
  INFO root [2017-11-19 22:53:17,186] - TelnetServer server is running on port 32000
  INFO root [2017-11-19 22:53:17,186] - Dbmgr::initInterfacesHandler: interfaces addr(127.0.0.1:30099), accountType:(interfaces), chargeType:(interfaces).
  WARN root [2017-11-19 22:53:17,466] - DBUtil::initialize: db(default) password is not encrypted!
please use password(rsa):
30BFA00E73AA8487F94395196B9AF9E1EB7FEA69F396BA5C9433DC0E1D6D3E00BD9C941EF837052C8A5F7B1F58CB76C20E9AAD59383564EC2D250D8A051A8970A0487EDAF1764F4391A5A03ABA90F1C2BBBE87E48D960272048E868E13C4EB7D45D6D432B0D43F478C12CABCC3B2525EF969FA836F53A40D4756BEDC347714AC
 DEBUG root [2017-11-19 22:53:17,466] - DBInterfaceMysql::attach: connect: localhost:3306 starting...
 DEBUG root [2017-11-19 22:53:17,466] - DBInterfaceMysql::attach: successfully! addr: localhost:3306
  INFO root [2017-11-19 22:53:17,466] - DBUtil::createInterface[0x50edb8]: interface=default, dbtype=mysql, ip=localhost, port=3306, currdatabase=kbe, username=kbe, connected=yes.

  INFO root [2017-11-19 22:53:17,466] - ThreadPool::createThreadPool: creating  threadpool...
  INFO root [2017-11-19 22:53:17,466] - ThreadPool::createThreadPool: successfully(5), newThreadCount=5, normalMaxThreadCount=5, maxThreadCount=5
 DEBUG root [2017-11-19 22:53:17,466] - DBInterfaceMysql::attach: connect: localhost:3306 starting...
 DEBUG root [2017-11-19 22:53:17,466] - DBInterfaceMysql::attach: connect: localhost:3306 starting...
 DEBUG root [2017-11-19 22:53:17,466] - DBInterfaceMysql::attach: connect: localhost:3306 starting...
 DEBUG root [2017-11-19 22:53:17,466] - DBInterfaceMysql::attach: connect: localhost:3306 starting...
 DEBUG root [2017-11-19 22:53:17,466] - DBInterfaceMysql::attach: connect: localhost:3306 starting...
 DEBUG root [2017-11-19 22:53:17,466] - DBInterfaceMysql::attach: successfully! addr: localhost:3306
 DEBUG root [2017-11-19 22:53:17,466] - DBThread::onStart(): 0x7c4708!
 DEBUG root [2017-11-19 22:53:17,481] - DBInterfaceMysql::attach: successfully! addr: localhost:3306
 DEBUG root [2017-11-19 22:53:17,481] - DBThread::onStart(): 0x7c49b0!
 DEBUG root [2017-11-19 22:53:17,481] - DBInterfaceMysql::attach: successfully! addr: localhost:3306
 DEBUG root [2017-11-19 22:53:17,481] - DBThread::onStart(): 0x7c4460!
 DEBUG root [2017-11-19 22:53:17,481] - DBInterfaceMysql::attach: successfully! addr: localhost:3306
 DEBUG root [2017-11-19 22:53:17,481] - DBThread::onStart(): 0x7c4020!
 DEBUG root [2017-11-19 22:53:17,481] - DBInterfaceMysql::attach: successfully! addr: localhost:3306
 DEBUG root [2017-11-19 22:53:17,481] - DBThread::onStart(): 0x7c48a0!
  INFO root [2017-11-19 22:53:17,591] - DBInterfaceMysql::query: successfully!
  INFO root [2017-11-19 22:53:17,591] - DBInterfaceMysql::query: successfully!
  INFO root [2017-11-19 22:53:17,591] - DBInterfaceMysql::query: successfully!
  INFO root [2017-11-19 22:53:17,591] - DBInterfaceMysql::query: successfully!
  INFO root [2017-11-19 22:53:17,591] - DBInterfaceMysql::query: successfully!
  INFO root [2017-11-19 22:53:17,591] - DBInterfaceMysql::query: successfully!
  INFO root [2017-11-19 22:53:17,591] - DBInterfaceMysql::query: successfully!
  INFO root [2017-11-19 22:53:17,591] - DBInterfaceMysql::query: successfully!
  INFO root [2017-11-19 22:53:17,591] - DBInterfaceMysql::query: successfully!
  INFO root [2017-11-19 22:53:17,591] - DBInterfaceMysql::query: successfully!
  WARN root [2017-11-19 22:53:17,622] - dbmgr.cpp:293: Profile scriptCall took 0.43 seconds
  INFO root [2017-11-19 22:53:17,935] - ---- dbmgr is running ----
 DEBUG root [2017-11-19 22:53:17,935] - Components::process(): Request for the process of identity...
  INFO root [2017-11-19 22:53:25,045] - Components::findComponents: find logger(1)...
  INFO root [2017-11-19 22:53:25,138] - Components::findComponents: found logger, addr:192.168.31.219:11873
  INFO root [2017-11-19 22:53:25,138] - Components::addComponent: reset orderLog, uid=1001!
  INFO root [2017-11-19 22:53:25,138] - Components::addComponent[logger], uid=1001, componentID=2000, globalorderid=1, grouporderid=1, totalcount=1
  WARN root [2017-11-19 22:53:25,138] - Forwarding logs to logger[192.168.31.219:11873/0/0/0]...
 ERROR root [2017-11-19 22:53:36,997] - Components::removeComponentByChannel: logger : 2000, Abnormal exit! errorno=10054
  INFO root [2017-11-19 22:53:36,997] - The following logs sent to logger failed:
  WARN root [2017-11-19 22:53:36,997] - ==> [2017-11-19 22:53:36 997] TCPPacketReceiver::processPendingEvents(192.168.31.219:11873): Throwing REASON_GENERAL_NETWORK - WSAECONNRESET
 ERROR root [2017-11-19 22:53:36,997] - ==> [2017-11-19 22:53:36 997] Components::removeComponentByChannel: logger : 2000, Abnormal exit! errorno=10054
