  WARN root [2017-11-15 16:27:42,954] - TCPPacketReceiver::processPendingEvents(127.0.0.1:50066): Throwing REASON_GENERAL_NETWORK - WSAECONNRESET
  INFO root [2017-11-15 16:27:49,282] - 
  INFO root [2017-11-15 16:27:49,283] - -----------------------------------------------------------------------------------------


  INFO root [2017-11-15 16:27:49,283] - Resmgr::initialize: KBE_ROOT=C:/Users/hyc/Desktop/kbengine/
  INFO root [2017-11-15 16:27:49,284] - Resmgr::initialize: KBE_RES_PATH=C:/Users/hyc/Desktop/kbengine/kbe/res/;C:/Users/hyc/Desktop/kbengine/llgame/;C:/Users/hyc/Desktop/kbengine/llgame/scripts/;C:/Users/hyc/Desktop/kbengine/llgame/res/
  INFO root [2017-11-15 16:27:49,284] - Resmgr::initialize: KBE_BIN_PATH=C:/Users/hyc/Desktop/kbengine/kbe/bin/server/
  INFO root [2017-11-15 16:27:49,299] - NetworkInterface::recreateListeningSocket(INTERNAL): bound to all interfaces with default route interface on 172.16.4.154 ( 172.16.4.154:30099 )
  INFO root [2017-11-15 16:27:49,299] - NetworkInterface::recreateListeningSocket(INTERNAL): address 172.16.4.154:30099, SOMAXCONN=5.
  INFO root [2017-11-15 16:27:49,303] - ---- interfaces Version: 0.9.12. ScriptVersion: 0.1.0. Protocol: D6C7FB68FFF6E39CC7CC01DC42ACB5A4. Config: Debug X86. Built: 16:15:06 Jul  7 2017. AppID: 3000. UID: 1001. PID: 258220 ----
  INFO root [2017-11-15 16:27:49,303] - Server : Intel(R) Core(TM) i5-4590 CPU @ 3.30GHz with 4194303kB RAM
  INFO root [2017-11-15 16:27:49,303] - ThreadPool::createThreadPool: creating  threadpool...
  INFO root [2017-11-15 16:27:49,304] - ThreadPool::createThreadPool: successfully(2), newThreadCount=1, normalMaxThreadCount=2, maxThreadCount=8
 DEBUG root [2017-11-15 16:27:49,432] - Script::install_py_dlls(): PyInit_pyexpat
 DEBUG root [2017-11-15 16:27:49,432] - Script::install_py_dlls(): PyInit__socket
 DEBUG root [2017-11-15 16:27:49,433] - Script::install_py_dlls(): PyInit__hashlib
 DEBUG root [2017-11-15 16:27:49,434] - Script::install_py_dlls(): PyInit_select
 DEBUG root [2017-11-15 16:27:49,434] - Script::install_py_dlls(): PyInit__ctypes
 DEBUG root [2017-11-15 16:27:49,435] - Script::install_py_dlls(): PyInit__elementtree
 DEBUG root [2017-11-15 16:27:49,466] - Script::install_py_dlls(): PyInit_unicodedata
  INFO root [2017-11-15 16:27:49,500] - Script::install(): is successfully, Python=(3.4.2 (default, Jul  7 2017, 16:15:02) [MSC v.1800 32 bit (Intel)])!
  INFO root [2017-11-15 16:27:49,500] - Script::install(): KBExtra is successfully!
SCRIPT root [2017-11-15 16:27:49,509] - 1
S_INFO root [2017-11-15 16:27:49,520] - onInterfaceAppReady: bootstrapGroupIndex=0, bootstrapGlobalIndex=0
S_INFO root [2017-11-15 16:27:49,521] - ======================= interface .onInterfaceAppReady =======================
  INFO root [2017-11-15 16:27:49,528] - TelnetServer server is running on port 33000
  INFO root [2017-11-15 16:27:49,750] - ---- interfaces is running ----
 DEBUG root [2017-11-15 16:27:49,750] - Components::process(): Request for the process of identity...
  INFO root [2017-11-15 16:27:57,288] - Components::process(): Found all the components!
S_INFO root [2017-11-15 16:35:02,417] - onRequestAccountLogin: registerName=1122334455662
  WARN root [2017-11-15 16:36:34,041] - TCPPacketReceiver::processPendingEvents(127.0.0.1:54429): Throwing REASON_GENERAL_NETWORK - WSAECONNRESET
  INFO root [2017-11-15 16:36:40,405] - 
  INFO root [2017-11-15 16:36:40,405] - -----------------------------------------------------------------------------------------


  INFO root [2017-11-15 16:36:40,406] - Resmgr::initialize: KBE_ROOT=C:/Users/hyc/Desktop/kbengine/
  INFO root [2017-11-15 16:36:40,406] - Resmgr::initialize: KBE_RES_PATH=C:/Users/hyc/Desktop/kbengine/kbe/res/;C:/Users/hyc/Desktop/kbengine/llgame/;C:/Users/hyc/Desktop/kbengine/llgame/scripts/;C:/Users/hyc/Desktop/kbengine/llgame/res/
  INFO root [2017-11-15 16:36:40,406] - Resmgr::initialize: KBE_BIN_PATH=C:/Users/hyc/Desktop/kbengine/kbe/bin/server/
  INFO root [2017-11-15 16:36:40,408] - NetworkInterface::recreateListeningSocket(INTERNAL): bound to all interfaces with default route interface on 172.16.4.154 ( 172.16.4.154:30099 )
  INFO root [2017-11-15 16:36:40,408] - NetworkInterface::recreateListeningSocket(INTERNAL): address 172.16.4.154:30099, SOMAXCONN=5.
  INFO root [2017-11-15 16:36:40,412] - ---- interfaces Version: 0.9.12. ScriptVersion: 0.1.0. Protocol: D6C7FB68FFF6E39CC7CC01DC42ACB5A4. Config: Debug X86. Built: 16:15:06 Jul  7 2017. AppID: 3000. UID: 1001. PID: 255576 ----
  INFO root [2017-11-15 16:36:40,413] - Server : Intel(R) Core(TM) i5-4590 CPU @ 3.30GHz with 4194303kB RAM
  INFO root [2017-11-15 16:36:40,413] - ThreadPool::createThreadPool: creating  threadpool...
  INFO root [2017-11-15 16:36:40,413] - ThreadPool::createThreadPool: successfully(2), newThreadCount=1, normalMaxThreadCount=2, maxThreadCount=8
 DEBUG root [2017-11-15 16:36:40,541] - Script::install_py_dlls(): PyInit_pyexpat
 DEBUG root [2017-11-15 16:36:40,542] - Script::install_py_dlls(): PyInit__socket
 DEBUG root [2017-11-15 16:36:40,542] - Script::install_py_dlls(): PyInit__hashlib
 DEBUG root [2017-11-15 16:36:40,544] - Script::install_py_dlls(): PyInit_select
 DEBUG root [2017-11-15 16:36:40,544] - Script::install_py_dlls(): PyInit__ctypes
 DEBUG root [2017-11-15 16:36:40,544] - Script::install_py_dlls(): PyInit__elementtree
 DEBUG root [2017-11-15 16:36:40,576] - Script::install_py_dlls(): PyInit_unicodedata
  INFO root [2017-11-15 16:36:40,607] - Script::install(): is successfully, Python=(3.4.2 (default, Jul  7 2017, 16:15:02) [MSC v.1800 32 bit (Intel)])!
  INFO root [2017-11-15 16:36:40,607] - Script::install(): KBExtra is successfully!
SCRIPT root [2017-11-15 16:36:40,615] - 1
S_INFO root [2017-11-15 16:36:40,625] - onInterfaceAppReady: bootstrapGroupIndex=0, bootstrapGlobalIndex=0
S_INFO root [2017-11-15 16:36:40,625] - ======================= interface .onInterfaceAppReady =======================
  INFO root [2017-11-15 16:36:40,632] - TelnetServer server is running on port 33000
  INFO root [2017-11-15 16:36:40,872] - ---- interfaces is running ----
 DEBUG root [2017-11-15 16:36:40,882] - Components::process(): Request for the process of identity...
  INFO root [2017-11-15 16:36:48,392] - Components::process(): Found all the components!
S_INFO root [2017-11-15 16:37:24,792] - onRequestAccountLogin: registerName=1122334455662
  WARN root [2017-11-15 16:40:14,664] - TCPPacketReceiver::processPendingEvents(127.0.0.1:54613): Throwing REASON_GENERAL_NETWORK - WSAECONNRESET
  INFO root [2017-11-15 16:40:21,050] - 
  INFO root [2017-11-15 16:40:21,050] - -----------------------------------------------------------------------------------------


  INFO root [2017-11-15 16:40:21,051] - Resmgr::initialize: KBE_ROOT=C:/Users/hyc/Desktop/kbengine/
  INFO root [2017-11-15 16:40:21,051] - Resmgr::initialize: KBE_RES_PATH=C:/Users/hyc/Desktop/kbengine/kbe/res/;C:/Users/hyc/Desktop/kbengine/llgame/;C:/Users/hyc/Desktop/kbengine/llgame/scripts/;C:/Users/hyc/Desktop/kbengine/llgame/res/
  INFO root [2017-11-15 16:40:21,051] - Resmgr::initialize: KBE_BIN_PATH=C:/Users/hyc/Desktop/kbengine/kbe/bin/server/
  INFO root [2017-11-15 16:40:21,053] - NetworkInterface::recreateListeningSocket(INTERNAL): bound to all interfaces with default route interface on 172.16.4.154 ( 172.16.4.154:30099 )
  INFO root [2017-11-15 16:40:21,053] - NetworkInterface::recreateListeningSocket(INTERNAL): address 172.16.4.154:30099, SOMAXCONN=5.
  INFO root [2017-11-15 16:40:21,056] - ---- interfaces Version: 0.9.12. ScriptVersion: 0.1.0. Protocol: D6C7FB68FFF6E39CC7CC01DC42ACB5A4. Config: Debug X86. Built: 16:15:06 Jul  7 2017. AppID: 3000. UID: 1001. PID: 257776 ----
  INFO root [2017-11-15 16:40:21,057] - Server : Intel(R) Core(TM) i5-4590 CPU @ 3.30GHz with 4194303kB RAM
  INFO root [2017-11-15 16:40:21,057] - ThreadPool::createThreadPool: creating  threadpool...
  INFO root [2017-11-15 16:40:21,057] - ThreadPool::createThreadPool: successfully(2), newThreadCount=1, normalMaxThreadCount=2, maxThreadCount=8
 DEBUG root [2017-11-15 16:40:21,190] - Script::install_py_dlls(): PyInit_pyexpat
 DEBUG root [2017-11-15 16:40:21,191] - Script::install_py_dlls(): PyInit__socket
 DEBUG root [2017-11-15 16:40:21,191] - Script::install_py_dlls(): PyInit__hashlib
 DEBUG root [2017-11-15 16:40:21,193] - Script::install_py_dlls(): PyInit_select
 DEBUG root [2017-11-15 16:40:21,193] - Script::install_py_dlls(): PyInit__ctypes
 DEBUG root [2017-11-15 16:40:21,194] - Script::install_py_dlls(): PyInit__elementtree
 DEBUG root [2017-11-15 16:40:21,228] - Script::install_py_dlls(): PyInit_unicodedata
  INFO root [2017-11-15 16:40:21,279] - Script::install(): is successfully, Python=(3.4.2 (default, Jul  7 2017, 16:15:02) [MSC v.1800 32 bit (Intel)])!
  INFO root [2017-11-15 16:40:21,279] - Script::install(): KBExtra is successfully!
SCRIPT root [2017-11-15 16:40:21,288] - 1
S_INFO root [2017-11-15 16:40:21,312] - onInterfaceAppReady: bootstrapGroupIndex=0, bootstrapGlobalIndex=0
S_INFO root [2017-11-15 16:40:21,312] - ======================= interface .onInterfaceAppReady =======================
  INFO root [2017-11-15 16:40:21,319] - TelnetServer server is running on port 33000
  INFO root [2017-11-15 16:40:21,599] - ---- interfaces is running ----
 DEBUG root [2017-11-15 16:40:21,611] - Components::process(): Request for the process of identity...
  INFO root [2017-11-15 16:40:29,052] - Components::process(): Found all the components!
S_INFO root [2017-11-15 17:19:38,700] - onRequestAccountLogin: registerName=1122334455662
  WARN root [2017-11-15 17:20:08,107] - TCPPacketReceiver::processPendingEvents(127.0.0.1:54671): Throwing REASON_GENERAL_NETWORK - WSAECONNRESET
  INFO root [2017-11-15 17:20:14,897] - 
  INFO root [2017-11-15 17:20:14,897] - -----------------------------------------------------------------------------------------


  INFO root [2017-11-15 17:20:14,898] - Resmgr::initialize: KBE_ROOT=C:/Users/hyc/Desktop/kbengine/
  INFO root [2017-11-15 17:20:14,898] - Resmgr::initialize: KBE_RES_PATH=C:/Users/hyc/Desktop/kbengine/kbe/res/;C:/Users/hyc/Desktop/kbengine/llgame/;C:/Users/hyc/Desktop/kbengine/llgame/scripts/;C:/Users/hyc/Desktop/kbengine/llgame/res/
  INFO root [2017-11-15 17:20:14,898] - Resmgr::initialize: KBE_BIN_PATH=C:/Users/hyc/Desktop/kbengine/kbe/bin/server/
  INFO root [2017-11-15 17:20:14,901] - NetworkInterface::recreateListeningSocket(INTERNAL): bound to all interfaces with default route interface on 172.16.4.154 ( 172.16.4.154:30099 )
  INFO root [2017-11-15 17:20:14,902] - NetworkInterface::recreateListeningSocket(INTERNAL): address 172.16.4.154:30099, SOMAXCONN=5.
  INFO root [2017-11-15 17:20:14,905] - ---- interfaces Version: 0.9.12. ScriptVersion: 0.1.0. Protocol: D6C7FB68FFF6E39CC7CC01DC42ACB5A4. Config: Debug X86. Built: 16:15:06 Jul  7 2017. AppID: 3000. UID: 1001. PID: 261688 ----
  INFO root [2017-11-15 17:20:14,906] - Server : Intel(R) Core(TM) i5-4590 CPU @ 3.30GHz with 4194303kB RAM
  INFO root [2017-11-15 17:20:14,906] - ThreadPool::createThreadPool: creating  threadpool...
  INFO root [2017-11-15 17:20:14,906] - ThreadPool::createThreadPool: successfully(2), newThreadCount=1, normalMaxThreadCount=2, maxThreadCount=8
 DEBUG root [2017-11-15 17:20:15,036] - Script::install_py_dlls(): PyInit_pyexpat
 DEBUG root [2017-11-15 17:20:15,037] - Script::install_py_dlls(): PyInit__socket
 DEBUG root [2017-11-15 17:20:15,037] - Script::install_py_dlls(): PyInit__hashlib
 DEBUG root [2017-11-15 17:20:15,039] - Script::install_py_dlls(): PyInit_select
 DEBUG root [2017-11-15 17:20:15,039] - Script::install_py_dlls(): PyInit__ctypes
 DEBUG root [2017-11-15 17:20:15,039] - Script::install_py_dlls(): PyInit__elementtree
 DEBUG root [2017-11-15 17:20:15,072] - Script::install_py_dlls(): PyInit_unicodedata
  INFO root [2017-11-15 17:20:15,104] - Script::install(): is successfully, Python=(3.4.2 (default, Jul  7 2017, 16:15:02) [MSC v.1800 32 bit (Intel)])!
  INFO root [2017-11-15 17:20:15,104] - Script::install(): KBExtra is successfully!
SCRIPT root [2017-11-15 17:20:15,113] - 1
S_INFO root [2017-11-15 17:20:15,124] - onInterfaceAppReady: bootstrapGroupIndex=0, bootstrapGlobalIndex=0
S_INFO root [2017-11-15 17:20:15,124] - ======================= interface .onInterfaceAppReady =======================
  INFO root [2017-11-15 17:20:15,131] - TelnetServer server is running on port 33000
  INFO root [2017-11-15 17:20:15,359] - ---- interfaces is running ----
 DEBUG root [2017-11-15 17:20:15,359] - Components::process(): Request for the process of identity...
  INFO root [2017-11-15 17:20:22,959] - Components::process(): Found all the components!
S_INFO root [2017-11-15 17:20:39,858] - onRequestAccountLogin: registerName=1122334455662
  WARN root [2017-11-15 17:24:20,571] - TCPPacketReceiver::processPendingEvents(127.0.0.1:56421): Throwing REASON_GENERAL_NETWORK - WSAECONNRESET
  INFO root [2017-11-15 17:24:26,846] - 
  INFO root [2017-11-15 17:24:26,847] - -----------------------------------------------------------------------------------------


  INFO root [2017-11-15 17:24:26,847] - Resmgr::initialize: KBE_ROOT=C:/Users/hyc/Desktop/kbengine/
  INFO root [2017-11-15 17:24:26,847] - Resmgr::initialize: KBE_RES_PATH=C:/Users/hyc/Desktop/kbengine/kbe/res/;C:/Users/hyc/Desktop/kbengine/llgame/;C:/Users/hyc/Desktop/kbengine/llgame/scripts/;C:/Users/hyc/Desktop/kbengine/llgame/res/
  INFO root [2017-11-15 17:24:26,848] - Resmgr::initialize: KBE_BIN_PATH=C:/Users/hyc/Desktop/kbengine/kbe/bin/server/
  INFO root [2017-11-15 17:24:26,849] - NetworkInterface::recreateListeningSocket(INTERNAL): bound to all interfaces with default route interface on 172.16.4.154 ( 172.16.4.154:30099 )
  INFO root [2017-11-15 17:24:26,849] - NetworkInterface::recreateListeningSocket(INTERNAL): address 172.16.4.154:30099, SOMAXCONN=5.
  INFO root [2017-11-15 17:24:26,853] - ---- interfaces Version: 0.9.12. ScriptVersion: 0.1.0. Protocol: D6C7FB68FFF6E39CC7CC01DC42ACB5A4. Config: Debug X86. Built: 16:15:06 Jul  7 2017. AppID: 3000. UID: 1001. PID: 258092 ----
  INFO root [2017-11-15 17:24:26,853] - Server : Intel(R) Core(TM) i5-4590 CPU @ 3.30GHz with 4194303kB RAM
  INFO root [2017-11-15 17:24:26,853] - ThreadPool::createThreadPool: creating  threadpool...
  INFO root [2017-11-15 17:24:26,853] - ThreadPool::createThreadPool: successfully(2), newThreadCount=1, normalMaxThreadCount=2, maxThreadCount=8
 DEBUG root [2017-11-15 17:24:26,981] - Script::install_py_dlls(): PyInit_pyexpat
 DEBUG root [2017-11-15 17:24:26,981] - Script::install_py_dlls(): PyInit__socket
 DEBUG root [2017-11-15 17:24:26,982] - Script::install_py_dlls(): PyInit__hashlib
 DEBUG root [2017-11-15 17:24:26,983] - Script::install_py_dlls(): PyInit_select
 DEBUG root [2017-11-15 17:24:26,983] - Script::install_py_dlls(): PyInit__ctypes
 DEBUG root [2017-11-15 17:24:26,984] - Script::install_py_dlls(): PyInit__elementtree
 DEBUG root [2017-11-15 17:24:27,015] - Script::install_py_dlls(): PyInit_unicodedata
  INFO root [2017-11-15 17:24:27,047] - Script::install(): is successfully, Python=(3.4.2 (default, Jul  7 2017, 16:15:02) [MSC v.1800 32 bit (Intel)])!
  INFO root [2017-11-15 17:24:27,048] - Script::install(): KBExtra is successfully!
SCRIPT root [2017-11-15 17:24:27,057] - 1
S_INFO root [2017-11-15 17:24:27,067] - onInterfaceAppReady: bootstrapGroupIndex=0, bootstrapGlobalIndex=0
S_INFO root [2017-11-15 17:24:27,067] - ======================= interface .onInterfaceAppReady =======================
  INFO root [2017-11-15 17:24:27,075] - TelnetServer server is running on port 33000
  INFO root [2017-11-15 17:24:27,336] - ---- interfaces is running ----
 DEBUG root [2017-11-15 17:24:27,336] - Components::process(): Request for the process of identity...
  INFO root [2017-11-15 17:24:34,834] - Components::process(): Found all the components!
S_INFO root [2017-11-15 17:24:56,034] - onRequestAccountLogin: registerName=1122334455662
