  INFO root [2017-11-19 22:53:16,076] - 
  INFO root [2017-11-19 22:53:16,076] - -----------------------------------------------------------------------------------------


  INFO root [2017-11-19 22:53:16,076] - Resmgr::initialize: KBE_ROOT=C:/Users/hyc/Desktop/kbengine/
  INFO root [2017-11-19 22:53:16,076] - Resmgr::initialize: KBE_RES_PATH=C:/Users/hyc/Desktop/kbengine/kbe/res/;C:/Users/hyc/Desktop/kbengine/llgame/;C:/Users/hyc/Desktop/kbengine/llgame/scripts/;C:/Users/hyc/Desktop/kbengine/llgame/res/
  INFO root [2017-11-19 22:53:16,076] - Resmgr::initialize: KBE_BIN_PATH=C:/Users/hyc/Desktop/kbengine/kbe/bin/server/
  INFO root [2017-11-19 22:53:16,076] - NetworkInterface::recreateListeningSocket(INTERNAL): bound to all interfaces with default route interface on 192.168.31.219 ( 192.168.31.219:30099 )
  INFO root [2017-11-19 22:53:16,076] - NetworkInterface::recreateListeningSocket(INTERNAL): address 192.168.31.219:30099, SOMAXCONN=5.
  INFO root [2017-11-19 22:53:16,076] - ---- interfaces Version: 0.9.12. ScriptVersion: 0.1.0. Protocol: 9E765948B0CBBFE757F53CE9A0EBAFD3. Config: Debug X86. Built: 00:50:22 Jul  1 2017. AppID: 3000. UID: 1001. PID: 7024 ----
  INFO root [2017-11-19 22:53:16,106] - Server : Intel(R) Core(TM) i7-4870HQ CPU @ 2.50GHz with 4176404kB RAM
  INFO root [2017-11-19 22:53:16,106] - ThreadPool::createThreadPool: creating  threadpool...
  INFO root [2017-11-19 22:53:16,106] - ThreadPool::createThreadPool: successfully(2), newThreadCount=1, normalMaxThreadCount=2, maxThreadCount=8
 DEBUG root [2017-11-19 22:53:16,294] - Script::install_py_dlls(): PyInit_pyexpat
 DEBUG root [2017-11-19 22:53:16,294] - Script::install_py_dlls(): PyInit__socket
 DEBUG root [2017-11-19 22:53:16,294] - Script::install_py_dlls(): PyInit__hashlib
 DEBUG root [2017-11-19 22:53:16,294] - Script::install_py_dlls(): PyInit_select
 DEBUG root [2017-11-19 22:53:16,294] - Script::install_py_dlls(): PyInit__ctypes
 DEBUG root [2017-11-19 22:53:16,294] - Script::install_py_dlls(): PyInit__elementtree
 DEBUG root [2017-11-19 22:53:16,356] - Script::install_py_dlls(): PyInit_unicodedata
  INFO root [2017-11-19 22:53:16,403] - Script::install(): is successfully, Python=(3.4.2 (default, Jul  1 2017, 00:50:18) [MSC v.1800 32 bit (Intel)])!
  INFO root [2017-11-19 22:53:16,403] - Script::install(): KBExtra is successfully!
SCRIPT root [2017-11-19 22:53:16,419] - 1
S_INFO root [2017-11-19 22:53:16,435] - onInterfaceAppReady: bootstrapGroupIndex=0, bootstrapGlobalIndex=0
S_INFO root [2017-11-19 22:53:16,435] - ======================= interface .onInterfaceAppReady =======================
  INFO root [2017-11-19 22:53:16,450] - TelnetServer server is running on port 33000
  INFO root [2017-11-19 22:53:16,778] - ---- interfaces is running ----
 DEBUG root [2017-11-19 22:53:16,778] - Components::process(): Request for the process of identity...
  INFO root [2017-11-19 22:53:23,983] - Components::process(): Found all the components!
  WARN root [2017-11-19 22:53:37,028] - TCPPacketReceiver::processPendingEvents(127.0.0.1:11880): Throwing REASON_GENERAL_NETWORK - WSAECONNRESET
