  INFO root [2017-11-16 20:33:41,296] - 
  INFO root [2017-11-16 20:33:41,297] - -----------------------------------------------------------------------------------------


  INFO root [2017-11-16 20:33:41,297] - Resmgr::initialize: KBE_ROOT=C:/Users/hyc/Desktop/kbengine/
  INFO root [2017-11-16 20:33:41,297] - Resmgr::initialize: KBE_RES_PATH=C:/Users/hyc/Desktop/kbengine/kbe/res/;C:/Users/hyc/Desktop/kbengine/llgame/;C:/Users/hyc/Desktop/kbengine/llgame/scripts/;C:/Users/hyc/Desktop/kbengine/llgame/res/
  INFO root [2017-11-16 20:33:41,298] - Resmgr::initialize: KBE_BIN_PATH=C:/Users/hyc/Desktop/kbengine/kbe/bin/server/
  INFO root [2017-11-16 20:33:41,300] - NetworkInterface::recreateListeningSocket(INTERNAL): bound to all interfaces with default route interface on 172.16.4.154 ( 172.16.4.154:30099 )
  INFO root [2017-11-16 20:33:41,300] - NetworkInterface::recreateListeningSocket(INTERNAL): address 172.16.4.154:30099, SOMAXCONN=5.
  INFO root [2017-11-16 20:33:41,303] - ---- interfaces Version: 0.9.12. ScriptVersion: 0.1.0. Protocol: D6C7FB68FFF6E39CC7CC01DC42ACB5A4. Config: Debug X86. Built: 16:15:06 Jul  7 2017. AppID: 3000. UID: 1001. PID: 276452 ----
  INFO root [2017-11-16 20:33:41,304] - Server : Intel(R) Core(TM) i5-4590 CPU @ 3.30GHz with 4194303kB RAM
  INFO root [2017-11-16 20:33:41,304] - ThreadPool::createThreadPool: creating  threadpool...
  INFO root [2017-11-16 20:33:41,304] - ThreadPool::createThreadPool: successfully(2), newThreadCount=1, normalMaxThreadCount=2, maxThreadCount=8
 DEBUG root [2017-11-16 20:33:41,433] - Script::install_py_dlls(): PyInit_pyexpat
 DEBUG root [2017-11-16 20:33:41,434] - Script::install_py_dlls(): PyInit__socket
 DEBUG root [2017-11-16 20:33:41,434] - Script::install_py_dlls(): PyInit__hashlib
 DEBUG root [2017-11-16 20:33:41,436] - Script::install_py_dlls(): PyInit_select
 DEBUG root [2017-11-16 20:33:41,436] - Script::install_py_dlls(): PyInit__ctypes
 DEBUG root [2017-11-16 20:33:41,436] - Script::install_py_dlls(): PyInit__elementtree
 DEBUG root [2017-11-16 20:33:41,468] - Script::install_py_dlls(): PyInit_unicodedata
  INFO root [2017-11-16 20:33:41,499] - Script::install(): is successfully, Python=(3.4.2 (default, Jul  7 2017, 16:15:02) [MSC v.1800 32 bit (Intel)])!
  INFO root [2017-11-16 20:33:41,500] - Script::install(): KBExtra is successfully!
SCRIPT root [2017-11-16 20:33:41,514] - 1
S_INFO root [2017-11-16 20:33:41,526] - onInterfaceAppReady: bootstrapGroupIndex=0, bootstrapGlobalIndex=0
S_INFO root [2017-11-16 20:33:41,526] - ======================= interface .onInterfaceAppReady =======================
  INFO root [2017-11-16 20:33:41,534] - TelnetServer server is running on port 33000
  INFO root [2017-11-16 20:33:41,765] - ---- interfaces is running ----
 DEBUG root [2017-11-16 20:33:41,767] - Components::process(): Request for the process of identity...
  INFO root [2017-11-16 20:33:49,292] - Components::process(): Found all the components!
S_INFO root [2017-11-16 20:34:16,025] - onRequestCreateAccount: registerName=bot_6488989698582642688_1
S_INFO root [2017-11-16 20:34:16,025] - onRequestCreateAccount: registerName=bot_6488989698582642688_2
S_INFO root [2017-11-16 20:34:16,159] - onRequestAccountLogin: registerName=bot_6488989698582642688_2
S_INFO root [2017-11-16 20:34:16,192] - onRequestAccountLogin: registerName=bot_6488989698582642688_1
  WARN root [2017-11-16 20:40:25,943] - TCPPacketReceiver::processPendingEvents(127.0.0.1:49444): Throwing REASON_GENERAL_NETWORK - WSAECONNRESET
  INFO root [2017-11-16 20:40:32,858] - 
  INFO root [2017-11-16 20:40:32,859] - -----------------------------------------------------------------------------------------


  INFO root [2017-11-16 20:40:32,860] - Resmgr::initialize: KBE_ROOT=C:/Users/hyc/Desktop/kbengine/
  INFO root [2017-11-16 20:40:32,860] - Resmgr::initialize: KBE_RES_PATH=C:/Users/hyc/Desktop/kbengine/kbe/res/;C:/Users/hyc/Desktop/kbengine/llgame/;C:/Users/hyc/Desktop/kbengine/llgame/scripts/;C:/Users/hyc/Desktop/kbengine/llgame/res/
  INFO root [2017-11-16 20:40:32,860] - Resmgr::initialize: KBE_BIN_PATH=C:/Users/hyc/Desktop/kbengine/kbe/bin/server/
  INFO root [2017-11-16 20:40:32,862] - NetworkInterface::recreateListeningSocket(INTERNAL): bound to all interfaces with default route interface on 172.16.4.154 ( 172.16.4.154:30099 )
  INFO root [2017-11-16 20:40:32,862] - NetworkInterface::recreateListeningSocket(INTERNAL): address 172.16.4.154:30099, SOMAXCONN=5.
  INFO root [2017-11-16 20:40:32,866] - ---- interfaces Version: 0.9.12. ScriptVersion: 0.1.0. Protocol: D6C7FB68FFF6E39CC7CC01DC42ACB5A4. Config: Debug X86. Built: 16:15:06 Jul  7 2017. AppID: 3000. UID: 1001. PID: 287680 ----
  INFO root [2017-11-16 20:40:32,866] - Server : Intel(R) Core(TM) i5-4590 CPU @ 3.30GHz with 4194303kB RAM
  INFO root [2017-11-16 20:40:32,866] - ThreadPool::createThreadPool: creating  threadpool...
  INFO root [2017-11-16 20:40:32,867] - ThreadPool::createThreadPool: successfully(2), newThreadCount=1, normalMaxThreadCount=2, maxThreadCount=8
 DEBUG root [2017-11-16 20:40:32,998] - Script::install_py_dlls(): PyInit_pyexpat
 DEBUG root [2017-11-16 20:40:32,999] - Script::install_py_dlls(): PyInit__socket
 DEBUG root [2017-11-16 20:40:32,999] - Script::install_py_dlls(): PyInit__hashlib
 DEBUG root [2017-11-16 20:40:33,001] - Script::install_py_dlls(): PyInit_select
 DEBUG root [2017-11-16 20:40:33,001] - Script::install_py_dlls(): PyInit__ctypes
 DEBUG root [2017-11-16 20:40:33,001] - Script::install_py_dlls(): PyInit__elementtree
 DEBUG root [2017-11-16 20:40:33,033] - Script::install_py_dlls(): PyInit_unicodedata
  INFO root [2017-11-16 20:40:33,066] - Script::install(): is successfully, Python=(3.4.2 (default, Jul  7 2017, 16:15:02) [MSC v.1800 32 bit (Intel)])!
  INFO root [2017-11-16 20:40:33,066] - Script::install(): KBExtra is successfully!
SCRIPT root [2017-11-16 20:40:33,075] - 1
S_INFO root [2017-11-16 20:40:33,086] - onInterfaceAppReady: bootstrapGroupIndex=0, bootstrapGlobalIndex=0
S_INFO root [2017-11-16 20:40:33,086] - ======================= interface .onInterfaceAppReady =======================
  INFO root [2017-11-16 20:40:33,093] - TelnetServer server is running on port 33000
  INFO root [2017-11-16 20:40:33,319] - ---- interfaces is running ----
 DEBUG root [2017-11-16 20:40:33,320] - Components::process(): Request for the process of identity...
  INFO root [2017-11-16 20:40:40,953] - Components::process(): Found all the components!
S_INFO root [2017-11-16 20:41:11,219] - onRequestCreateAccount: registerName=bot_6488991481812942848_2
S_INFO root [2017-11-16 20:41:11,220] - onRequestCreateAccount: registerName=bot_6488991481812942848_1
S_INFO root [2017-11-16 20:41:11,386] - onRequestAccountLogin: registerName=bot_6488991481812942848_2
S_INFO root [2017-11-16 20:41:11,387] - onRequestAccountLogin: registerName=bot_6488991481812942848_1
  WARN root [2017-11-16 20:42:02,632] - TCPPacketReceiver::processPendingEvents(127.0.0.1:49548): Throwing REASON_GENERAL_NETWORK - WSAECONNRESET
  INFO root [2017-11-16 20:42:09,947] - 
  INFO root [2017-11-16 20:42:09,948] - -----------------------------------------------------------------------------------------


  INFO root [2017-11-16 20:42:09,948] - Resmgr::initialize: KBE_ROOT=C:/Users/hyc/Desktop/kbengine/
  INFO root [2017-11-16 20:42:09,949] - Resmgr::initialize: KBE_RES_PATH=C:/Users/hyc/Desktop/kbengine/kbe/res/;C:/Users/hyc/Desktop/kbengine/llgame/;C:/Users/hyc/Desktop/kbengine/llgame/scripts/;C:/Users/hyc/Desktop/kbengine/llgame/res/
  INFO root [2017-11-16 20:42:09,949] - Resmgr::initialize: KBE_BIN_PATH=C:/Users/hyc/Desktop/kbengine/kbe/bin/server/
  INFO root [2017-11-16 20:42:09,950] - NetworkInterface::recreateListeningSocket(INTERNAL): bound to all interfaces with default route interface on 172.16.4.154 ( 172.16.4.154:30099 )
  INFO root [2017-11-16 20:42:09,950] - NetworkInterface::recreateListeningSocket(INTERNAL): address 172.16.4.154:30099, SOMAXCONN=5.
  INFO root [2017-11-16 20:42:09,954] - ---- interfaces Version: 0.9.12. ScriptVersion: 0.1.0. Protocol: D6C7FB68FFF6E39CC7CC01DC42ACB5A4. Config: Debug X86. Built: 16:15:06 Jul  7 2017. AppID: 3000. UID: 1001. PID: 269776 ----
  INFO root [2017-11-16 20:42:09,954] - Server : Intel(R) Core(TM) i5-4590 CPU @ 3.30GHz with 4194303kB RAM
  INFO root [2017-11-16 20:42:09,954] - ThreadPool::createThreadPool: creating  threadpool...
  INFO root [2017-11-16 20:42:09,954] - ThreadPool::createThreadPool: successfully(2), newThreadCount=1, normalMaxThreadCount=2, maxThreadCount=8
 DEBUG root [2017-11-16 20:42:10,082] - Script::install_py_dlls(): PyInit_pyexpat
 DEBUG root [2017-11-16 20:42:10,082] - Script::install_py_dlls(): PyInit__socket
 DEBUG root [2017-11-16 20:42:10,082] - Script::install_py_dlls(): PyInit__hashlib
 DEBUG root [2017-11-16 20:42:10,084] - Script::install_py_dlls(): PyInit_select
 DEBUG root [2017-11-16 20:42:10,084] - Script::install_py_dlls(): PyInit__ctypes
 DEBUG root [2017-11-16 20:42:10,085] - Script::install_py_dlls(): PyInit__elementtree
 DEBUG root [2017-11-16 20:42:10,116] - Script::install_py_dlls(): PyInit_unicodedata
  INFO root [2017-11-16 20:42:10,147] - Script::install(): is successfully, Python=(3.4.2 (default, Jul  7 2017, 16:15:02) [MSC v.1800 32 bit (Intel)])!
  INFO root [2017-11-16 20:42:10,147] - Script::install(): KBExtra is successfully!
SCRIPT root [2017-11-16 20:42:10,155] - 1
S_INFO root [2017-11-16 20:42:10,165] - onInterfaceAppReady: bootstrapGroupIndex=0, bootstrapGlobalIndex=0
S_INFO root [2017-11-16 20:42:10,166] - ======================= interface .onInterfaceAppReady =======================
  INFO root [2017-11-16 20:42:10,172] - TelnetServer server is running on port 33000
  INFO root [2017-11-16 20:42:10,393] - ---- interfaces is running ----
 DEBUG root [2017-11-16 20:42:10,394] - Components::process(): Request for the process of identity...
  INFO root [2017-11-16 20:42:17,950] - Components::process(): Found all the components!
S_INFO root [2017-11-16 20:42:44,266] - onRequestCreateAccount: registerName=bot_6488991879666466816_2
S_INFO root [2017-11-16 20:42:44,299] - onRequestCreateAccount: registerName=bot_6488991879666466816_1
S_INFO root [2017-11-16 20:42:44,400] - onRequestAccountLogin: registerName=bot_6488991879666466816_2
S_INFO root [2017-11-16 20:42:44,401] - onRequestAccountLogin: registerName=bot_6488991879666466816_1
  WARN root [2017-11-16 20:43:35,152] - TCPPacketReceiver::processPendingEvents(127.0.0.1:49611): Throwing REASON_GENERAL_NETWORK - WSAECONNRESET
  INFO root [2017-11-16 20:50:10,064] - 
  INFO root [2017-11-16 20:50:10,065] - -----------------------------------------------------------------------------------------


  INFO root [2017-11-16 20:50:10,065] - Resmgr::initialize: KBE_ROOT=C:/Users/hyc/Desktop/kbengine/
  INFO root [2017-11-16 20:50:10,065] - Resmgr::initialize: KBE_RES_PATH=C:/Users/hyc/Desktop/kbengine/kbe/res/;C:/Users/hyc/Desktop/kbengine/llgame/;C:/Users/hyc/Desktop/kbengine/llgame/scripts/;C:/Users/hyc/Desktop/kbengine/llgame/res/
  INFO root [2017-11-16 20:50:10,065] - Resmgr::initialize: KBE_BIN_PATH=C:/Users/hyc/Desktop/kbengine/kbe/bin/server/
  INFO root [2017-11-16 20:50:10,067] - NetworkInterface::recreateListeningSocket(INTERNAL): bound to all interfaces with default route interface on 172.16.4.154 ( 172.16.4.154:30099 )
  INFO root [2017-11-16 20:50:10,067] - NetworkInterface::recreateListeningSocket(INTERNAL): address 172.16.4.154:30099, SOMAXCONN=5.
  INFO root [2017-11-16 20:50:10,071] - ---- interfaces Version: 0.9.12. ScriptVersion: 0.1.0. Protocol: D6C7FB68FFF6E39CC7CC01DC42ACB5A4. Config: Debug X86. Built: 16:15:06 Jul  7 2017. AppID: 3000. UID: 1001. PID: 287332 ----
  INFO root [2017-11-16 20:50:10,071] - Server : Intel(R) Core(TM) i5-4590 CPU @ 3.30GHz with 4194303kB RAM
  INFO root [2017-11-16 20:50:10,071] - ThreadPool::createThreadPool: creating  threadpool...
  INFO root [2017-11-16 20:50:10,072] - ThreadPool::createThreadPool: successfully(2), newThreadCount=1, normalMaxThreadCount=2, maxThreadCount=8
 DEBUG root [2017-11-16 20:50:10,199] - Script::install_py_dlls(): PyInit_pyexpat
 DEBUG root [2017-11-16 20:50:10,200] - Script::install_py_dlls(): PyInit__socket
 DEBUG root [2017-11-16 20:50:10,200] - Script::install_py_dlls(): PyInit__hashlib
 DEBUG root [2017-11-16 20:50:10,202] - Script::install_py_dlls(): PyInit_select
 DEBUG root [2017-11-16 20:50:10,202] - Script::install_py_dlls(): PyInit__ctypes
 DEBUG root [2017-11-16 20:50:10,203] - Script::install_py_dlls(): PyInit__elementtree
 DEBUG root [2017-11-16 20:50:10,235] - Script::install_py_dlls(): PyInit_unicodedata
  INFO root [2017-11-16 20:50:10,268] - Script::install(): is successfully, Python=(3.4.2 (default, Jul  7 2017, 16:15:02) [MSC v.1800 32 bit (Intel)])!
  INFO root [2017-11-16 20:50:10,268] - Script::install(): KBExtra is successfully!
SCRIPT root [2017-11-16 20:50:10,277] - 1
S_INFO root [2017-11-16 20:50:10,288] - onInterfaceAppReady: bootstrapGroupIndex=0, bootstrapGlobalIndex=0
S_INFO root [2017-11-16 20:50:10,288] - ======================= interface .onInterfaceAppReady =======================
  INFO root [2017-11-16 20:50:10,295] - TelnetServer server is running on port 33000
  INFO root [2017-11-16 20:50:10,515] - ---- interfaces is running ----
 DEBUG root [2017-11-16 20:50:10,517] - Components::process(): Request for the process of identity...
  INFO root [2017-11-16 20:50:18,055] - Components::process(): Found all the components!
  WARN root [2017-11-16 20:50:41,582] - TCPPacketReceiver::processPendingEvents(127.0.0.1:49718): Throwing REASON_GENERAL_NETWORK - WSAECONNRESET
  INFO root [2017-11-16 20:50:44,940] - 
  INFO root [2017-11-16 20:50:44,940] - -----------------------------------------------------------------------------------------


  INFO root [2017-11-16 20:50:44,940] - Resmgr::initialize: KBE_ROOT=C:/Users/hyc/Desktop/kbengine/
  INFO root [2017-11-16 20:50:44,941] - Resmgr::initialize: KBE_RES_PATH=C:/Users/hyc/Desktop/kbengine/kbe/res/;C:/Users/hyc/Desktop/kbengine/llgame/;C:/Users/hyc/Desktop/kbengine/llgame/scripts/;C:/Users/hyc/Desktop/kbengine/llgame/res/
  INFO root [2017-11-16 20:50:44,941] - Resmgr::initialize: KBE_BIN_PATH=C:/Users/hyc/Desktop/kbengine/kbe/bin/server/
  INFO root [2017-11-16 20:50:44,942] - NetworkInterface::recreateListeningSocket(INTERNAL): bound to all interfaces with default route interface on 172.16.4.154 ( 172.16.4.154:30099 )
  INFO root [2017-11-16 20:50:44,943] - NetworkInterface::recreateListeningSocket(INTERNAL): address 172.16.4.154:30099, SOMAXCONN=5.
  INFO root [2017-11-16 20:50:44,946] - ---- interfaces Version: 0.9.12. ScriptVersion: 0.1.0. Protocol: D6C7FB68FFF6E39CC7CC01DC42ACB5A4. Config: Debug X86. Built: 16:15:06 Jul  7 2017. AppID: 3000. UID: 1001. PID: 275308 ----
  INFO root [2017-11-16 20:50:44,947] - Server : Intel(R) Core(TM) i5-4590 CPU @ 3.30GHz with 4194303kB RAM
  INFO root [2017-11-16 20:50:44,947] - ThreadPool::createThreadPool: creating  threadpool...
  INFO root [2017-11-16 20:50:44,947] - ThreadPool::createThreadPool: successfully(2), newThreadCount=1, normalMaxThreadCount=2, maxThreadCount=8
 DEBUG root [2017-11-16 20:50:45,075] - Script::install_py_dlls(): PyInit_pyexpat
 DEBUG root [2017-11-16 20:50:45,076] - Script::install_py_dlls(): PyInit__socket
 DEBUG root [2017-11-16 20:50:45,076] - Script::install_py_dlls(): PyInit__hashlib
 DEBUG root [2017-11-16 20:50:45,078] - Script::install_py_dlls(): PyInit_select
 DEBUG root [2017-11-16 20:50:45,078] - Script::install_py_dlls(): PyInit__ctypes
 DEBUG root [2017-11-16 20:50:45,078] - Script::install_py_dlls(): PyInit__elementtree
 DEBUG root [2017-11-16 20:50:45,111] - Script::install_py_dlls(): PyInit_unicodedata
  INFO root [2017-11-16 20:50:45,141] - Script::install(): is successfully, Python=(3.4.2 (default, Jul  7 2017, 16:15:02) [MSC v.1800 32 bit (Intel)])!
  INFO root [2017-11-16 20:50:45,141] - Script::install(): KBExtra is successfully!
SCRIPT root [2017-11-16 20:50:45,149] - 1
S_INFO root [2017-11-16 20:50:45,168] - onInterfaceAppReady: bootstrapGroupIndex=0, bootstrapGlobalIndex=0
S_INFO root [2017-11-16 20:50:45,169] - ======================= interface .onInterfaceAppReady =======================
  INFO root [2017-11-16 20:50:45,175] - TelnetServer server is running on port 33000
  INFO root [2017-11-16 20:50:45,408] - ---- interfaces is running ----
 DEBUG root [2017-11-16 20:50:45,408] - Components::process(): Request for the process of identity...
  INFO root [2017-11-16 20:50:55,442] - 
  INFO root [2017-11-16 20:50:55,442] - -----------------------------------------------------------------------------------------


  INFO root [2017-11-16 20:50:55,443] - Resmgr::initialize: KBE_ROOT=C:/Users/hyc/Desktop/kbengine/
  INFO root [2017-11-16 20:50:55,443] - Resmgr::initialize: KBE_RES_PATH=C:/Users/hyc/Desktop/kbengine/kbe/res/;C:/Users/hyc/Desktop/kbengine/llgame/;C:/Users/hyc/Desktop/kbengine/llgame/scripts/;C:/Users/hyc/Desktop/kbengine/llgame/res/
  INFO root [2017-11-16 20:50:55,443] - Resmgr::initialize: KBE_BIN_PATH=C:/Users/hyc/Desktop/kbengine/kbe/bin/server/
  INFO root [2017-11-16 20:50:55,444] - NetworkInterface::recreateListeningSocket(INTERNAL): bound to all interfaces with default route interface on 172.16.4.154 ( 172.16.4.154:30099 )
  INFO root [2017-11-16 20:50:55,445] - NetworkInterface::recreateListeningSocket(INTERNAL): address 172.16.4.154:30099, SOMAXCONN=5.
  INFO root [2017-11-16 20:50:55,448] - ---- interfaces Version: 0.9.12. ScriptVersion: 0.1.0. Protocol: D6C7FB68FFF6E39CC7CC01DC42ACB5A4. Config: Debug X86. Built: 16:15:06 Jul  7 2017. AppID: 3000. UID: 1001. PID: 276076 ----
  INFO root [2017-11-16 20:50:55,448] - Server : Intel(R) Core(TM) i5-4590 CPU @ 3.30GHz with 4194303kB RAM
  INFO root [2017-11-16 20:50:55,449] - ThreadPool::createThreadPool: creating  threadpool...
  INFO root [2017-11-16 20:50:55,449] - ThreadPool::createThreadPool: successfully(2), newThreadCount=1, normalMaxThreadCount=2, maxThreadCount=8
 DEBUG root [2017-11-16 20:50:55,577] - Script::install_py_dlls(): PyInit_pyexpat
 DEBUG root [2017-11-16 20:50:55,577] - Script::install_py_dlls(): PyInit__socket
 DEBUG root [2017-11-16 20:50:55,577] - Script::install_py_dlls(): PyInit__hashlib
 DEBUG root [2017-11-16 20:50:55,579] - Script::install_py_dlls(): PyInit_select
 DEBUG root [2017-11-16 20:50:55,579] - Script::install_py_dlls(): PyInit__ctypes
 DEBUG root [2017-11-16 20:50:55,579] - Script::install_py_dlls(): PyInit__elementtree
 DEBUG root [2017-11-16 20:50:55,610] - Script::install_py_dlls(): PyInit_unicodedata
  INFO root [2017-11-16 20:50:55,655] - Script::install(): is successfully, Python=(3.4.2 (default, Jul  7 2017, 16:15:02) [MSC v.1800 32 bit (Intel)])!
  INFO root [2017-11-16 20:50:55,655] - Script::install(): KBExtra is successfully!
SCRIPT root [2017-11-16 20:50:55,664] - 1
S_INFO root [2017-11-16 20:50:55,674] - onInterfaceAppReady: bootstrapGroupIndex=0, bootstrapGlobalIndex=0
S_INFO root [2017-11-16 20:50:55,674] - ======================= interface .onInterfaceAppReady =======================
  INFO root [2017-11-16 20:50:55,683] - TelnetServer server is running on port 33000
  INFO root [2017-11-16 20:50:55,924] - ---- interfaces is running ----
 DEBUG root [2017-11-16 20:50:55,924] - Components::process(): Request for the process of identity...
  INFO root [2017-11-16 20:51:03,409] - Components::process(): Found all the components!
S_INFO root [2017-11-16 20:51:34,709] - onRequestCreateAccount: registerName=bot_6488994162138939392_1
S_INFO root [2017-11-16 20:51:34,710] - onRequestCreateAccount: registerName=bot_6488994162138939392_2
S_INFO root [2017-11-16 20:51:34,842] - onRequestAccountLogin: registerName=bot_6488994162138939392_1
S_INFO root [2017-11-16 20:51:34,909] - onRequestAccountLogin: registerName=bot_6488994162138939392_2
