  INFO root [2017-11-06 14:24:06,130] - 
  INFO root [2017-11-06 14:24:06,136] - -----------------------------------------------------------------------------------------


  INFO root [2017-11-06 14:24:06,138] - Resmgr::initialize: KBE_ROOT=C:/Users/hyc/Desktop/kbengine/
  INFO root [2017-11-06 14:24:06,138] - Resmgr::initialize: KBE_RES_PATH=C:/Users/hyc/Desktop/kbengine/kbe/res/;C:/Users/hyc/Desktop/kbengine/llgame/;C:/Users/hyc/Desktop/kbengine/llgame/scripts/;C:/Users/hyc/Desktop/kbengine/llgame/res/
  INFO root [2017-11-06 14:24:06,138] - Resmgr::initialize: KBE_BIN_PATH=C:/Users/hyc/Desktop/kbengine/kbe/bin/server/
  INFO root [2017-11-06 14:24:06,143] - NetworkInterface::recreateListeningSocket(INTERNAL): bound to all interfaces with default route interface on 172.16.4.154 ( 172.16.4.154:30099 )
  INFO root [2017-11-06 14:24:06,143] - NetworkInterface::recreateListeningSocket(INTERNAL): address 172.16.4.154:30099, SOMAXCONN=5.
  INFO root [2017-11-06 14:24:06,147] - ---- interfaces Version: 0.9.12. ScriptVersion: 0.1.0. Protocol: D6C7FB68FFF6E39CC7CC01DC42ACB5A4. Config: Debug X86. Built: 16:15:06 Jul  7 2017. AppID: 3000. UID: 1001. PID: 88176 ----
  INFO root [2017-11-06 14:24:06,148] - Server : Intel(R) Core(TM) i5-4590 CPU @ 3.30GHz with 4194303kB RAM
  INFO root [2017-11-06 14:24:06,148] - ThreadPool::createThreadPool: creating  threadpool...
  INFO root [2017-11-06 14:24:06,148] - ThreadPool::createThreadPool: successfully(2), newThreadCount=1, normalMaxThreadCount=2, maxThreadCount=8
 DEBUG root [2017-11-06 14:24:06,275] - Script::install_py_dlls(): PyInit_pyexpat
 DEBUG root [2017-11-06 14:24:06,276] - Script::install_py_dlls(): PyInit__socket
 DEBUG root [2017-11-06 14:24:06,276] - Script::install_py_dlls(): PyInit__hashlib
 DEBUG root [2017-11-06 14:24:06,278] - Script::install_py_dlls(): PyInit_select
 DEBUG root [2017-11-06 14:24:06,278] - Script::install_py_dlls(): PyInit__ctypes
 DEBUG root [2017-11-06 14:24:06,278] - Script::install_py_dlls(): PyInit__elementtree
 DEBUG root [2017-11-06 14:24:06,314] - Script::install_py_dlls(): PyInit_unicodedata
  INFO root [2017-11-06 14:24:06,348] - Script::install(): is successfully, Python=(3.4.2 (default, Jul  7 2017, 16:15:02) [MSC v.1800 32 bit (Intel)])!
  INFO root [2017-11-06 14:24:06,348] - Script::install(): KBExtra is successfully!
S_INFO root [2017-11-06 14:24:06,376] - onInterfaceAppReady: bootstrapGroupIndex=0, bootstrapGlobalIndex=0
S_INFO root [2017-11-06 14:24:06,376] - ======================= interface .onInterfaceAppReady =======================
  INFO root [2017-11-06 14:24:06,383] - TelnetServer server is running on port 33000
  INFO root [2017-11-06 14:24:06,612] - ---- interfaces is running ----
 DEBUG root [2017-11-06 14:24:06,612] - Components::process(): Request for the process of identity...
  INFO root [2017-11-06 14:24:13,810] - Components::process(): Found all the components!
S_INFO root [2017-11-06 14:28:13,041] - onRequestAccountLogin: registerName=1122334455662
  WARN root [2017-11-06 14:30:02,333] - TCPPacketReceiver::processPendingEvents(127.0.0.1:61266): Throwing REASON_GENERAL_NETWORK - WSAECONNRESET
  INFO root [2017-11-06 14:30:07,230] - 
  INFO root [2017-11-06 14:30:07,231] - -----------------------------------------------------------------------------------------


  INFO root [2017-11-06 14:30:07,231] - Resmgr::initialize: KBE_ROOT=C:/Users/hyc/Desktop/kbengine/
  INFO root [2017-11-06 14:30:07,232] - Resmgr::initialize: KBE_RES_PATH=C:/Users/hyc/Desktop/kbengine/kbe/res/;C:/Users/hyc/Desktop/kbengine/llgame/;C:/Users/hyc/Desktop/kbengine/llgame/scripts/;C:/Users/hyc/Desktop/kbengine/llgame/res/
  INFO root [2017-11-06 14:30:07,232] - Resmgr::initialize: KBE_BIN_PATH=C:/Users/hyc/Desktop/kbengine/kbe/bin/server/
  INFO root [2017-11-06 14:30:07,233] - NetworkInterface::recreateListeningSocket(INTERNAL): bound to all interfaces with default route interface on 172.16.4.154 ( 172.16.4.154:30099 )
  INFO root [2017-11-06 14:30:07,234] - NetworkInterface::recreateListeningSocket(INTERNAL): address 172.16.4.154:30099, SOMAXCONN=5.
  INFO root [2017-11-06 14:30:07,237] - ---- interfaces Version: 0.9.12. ScriptVersion: 0.1.0. Protocol: D6C7FB68FFF6E39CC7CC01DC42ACB5A4. Config: Debug X86. Built: 16:15:06 Jul  7 2017. AppID: 3000. UID: 1001. PID: 89212 ----
  INFO root [2017-11-06 14:30:07,237] - Server : Intel(R) Core(TM) i5-4590 CPU @ 3.30GHz with 4194303kB RAM
  INFO root [2017-11-06 14:30:07,237] - ThreadPool::createThreadPool: creating  threadpool...
  INFO root [2017-11-06 14:30:07,238] - ThreadPool::createThreadPool: successfully(2), newThreadCount=1, normalMaxThreadCount=2, maxThreadCount=8
 DEBUG root [2017-11-06 14:30:07,368] - Script::install_py_dlls(): PyInit_pyexpat
 DEBUG root [2017-11-06 14:30:07,368] - Script::install_py_dlls(): PyInit__socket
 DEBUG root [2017-11-06 14:30:07,368] - Script::install_py_dlls(): PyInit__hashlib
 DEBUG root [2017-11-06 14:30:07,370] - Script::install_py_dlls(): PyInit_select
 DEBUG root [2017-11-06 14:30:07,370] - Script::install_py_dlls(): PyInit__ctypes
 DEBUG root [2017-11-06 14:30:07,370] - Script::install_py_dlls(): PyInit__elementtree
 DEBUG root [2017-11-06 14:30:07,403] - Script::install_py_dlls(): PyInit_unicodedata
  INFO root [2017-11-06 14:30:07,437] - Script::install(): is successfully, Python=(3.4.2 (default, Jul  7 2017, 16:15:02) [MSC v.1800 32 bit (Intel)])!
  INFO root [2017-11-06 14:30:07,437] - Script::install(): KBExtra is successfully!
S_INFO root [2017-11-06 14:30:07,475] - onInterfaceAppReady: bootstrapGroupIndex=0, bootstrapGlobalIndex=0
S_INFO root [2017-11-06 14:30:07,475] - ======================= interface .onInterfaceAppReady =======================
  INFO root [2017-11-06 14:30:07,483] - TelnetServer server is running on port 33000
  INFO root [2017-11-06 14:30:07,716] - ---- interfaces is running ----
 DEBUG root [2017-11-06 14:30:07,717] - Components::process(): Request for the process of identity...
  WARN root [2017-11-06 14:30:11,223] - BundleBroadcast::BundleBroadcast: Cannot bind to port 20688, errorno=10048
  INFO root [2017-11-06 14:30:15,333] - Components::process(): Found all the components!
  WARN root [2017-11-06 14:30:29,019] - TCPPacketReceiver::processPendingEvents(127.0.0.1:61339): Throwing REASON_GENERAL_NETWORK - WSAECONNRESET
  INFO root [2017-11-06 14:31:11,773] - 
  INFO root [2017-11-06 14:31:11,774] - -----------------------------------------------------------------------------------------


  INFO root [2017-11-06 14:31:11,774] - Resmgr::initialize: KBE_ROOT=C:/Users/hyc/Desktop/kbengine/
  INFO root [2017-11-06 14:31:11,774] - Resmgr::initialize: KBE_RES_PATH=C:/Users/hyc/Desktop/kbengine/kbe/res/;C:/Users/hyc/Desktop/kbengine/llgame/;C:/Users/hyc/Desktop/kbengine/llgame/scripts/;C:/Users/hyc/Desktop/kbengine/llgame/res/
  INFO root [2017-11-06 14:31:11,775] - Resmgr::initialize: KBE_BIN_PATH=C:/Users/hyc/Desktop/kbengine/kbe/bin/server/
  INFO root [2017-11-06 14:31:11,776] - NetworkInterface::recreateListeningSocket(INTERNAL): bound to all interfaces with default route interface on 172.16.4.154 ( 172.16.4.154:30099 )
  INFO root [2017-11-06 14:31:11,776] - NetworkInterface::recreateListeningSocket(INTERNAL): address 172.16.4.154:30099, SOMAXCONN=5.
  INFO root [2017-11-06 14:31:11,780] - ---- interfaces Version: 0.9.12. ScriptVersion: 0.1.0. Protocol: D6C7FB68FFF6E39CC7CC01DC42ACB5A4. Config: Debug X86. Built: 16:15:06 Jul  7 2017. AppID: 3000. UID: 1001. PID: 89912 ----
  INFO root [2017-11-06 14:31:11,781] - Server : Intel(R) Core(TM) i5-4590 CPU @ 3.30GHz with 4194303kB RAM
  INFO root [2017-11-06 14:31:11,781] - ThreadPool::createThreadPool: creating  threadpool...
  INFO root [2017-11-06 14:31:11,781] - ThreadPool::createThreadPool: successfully(2), newThreadCount=1, normalMaxThreadCount=2, maxThreadCount=8
 DEBUG root [2017-11-06 14:31:11,911] - Script::install_py_dlls(): PyInit_pyexpat
 DEBUG root [2017-11-06 14:31:11,911] - Script::install_py_dlls(): PyInit__socket
 DEBUG root [2017-11-06 14:31:11,911] - Script::install_py_dlls(): PyInit__hashlib
 DEBUG root [2017-11-06 14:31:11,913] - Script::install_py_dlls(): PyInit_select
 DEBUG root [2017-11-06 14:31:11,913] - Script::install_py_dlls(): PyInit__ctypes
 DEBUG root [2017-11-06 14:31:11,914] - Script::install_py_dlls(): PyInit__elementtree
 DEBUG root [2017-11-06 14:31:11,947] - Script::install_py_dlls(): PyInit_unicodedata
  INFO root [2017-11-06 14:31:11,979] - Script::install(): is successfully, Python=(3.4.2 (default, Jul  7 2017, 16:15:02) [MSC v.1800 32 bit (Intel)])!
  INFO root [2017-11-06 14:31:11,979] - Script::install(): KBExtra is successfully!
S_INFO root [2017-11-06 14:31:12,006] - onInterfaceAppReady: bootstrapGroupIndex=0, bootstrapGlobalIndex=0
S_INFO root [2017-11-06 14:31:12,007] - ======================= interface .onInterfaceAppReady =======================
  INFO root [2017-11-06 14:31:12,015] - TelnetServer server is running on port 33000
  INFO root [2017-11-06 14:31:12,241] - ---- interfaces is running ----
 DEBUG root [2017-11-06 14:31:12,241] - Components::process(): Request for the process of identity...
  INFO root [2017-11-06 14:31:19,440] - Components::process(): Found all the components!
S_INFO root [2017-11-06 14:31:44,206] - onRequestAccountLogin: registerName=1122334455662
  WARN root [2017-11-06 14:32:13,958] - TCPPacketReceiver::processPendingEvents(127.0.0.1:61386): Throwing REASON_GENERAL_NETWORK - WSAECONNRESET
  INFO root [2017-11-06 14:32:19,527] - 
  INFO root [2017-11-06 14:32:19,539] - -----------------------------------------------------------------------------------------


  INFO root [2017-11-06 14:32:19,540] - Resmgr::initialize: KBE_ROOT=C:/Users/hyc/Desktop/kbengine/
  INFO root [2017-11-06 14:32:19,540] - Resmgr::initialize: KBE_RES_PATH=C:/Users/hyc/Desktop/kbengine/kbe/res/;C:/Users/hyc/Desktop/kbengine/llgame/;C:/Users/hyc/Desktop/kbengine/llgame/scripts/;C:/Users/hyc/Desktop/kbengine/llgame/res/
  INFO root [2017-11-06 14:32:19,540] - Resmgr::initialize: KBE_BIN_PATH=C:/Users/hyc/Desktop/kbengine/kbe/bin/server/
  INFO root [2017-11-06 14:32:19,549] - NetworkInterface::recreateListeningSocket(INTERNAL): bound to all interfaces with default route interface on 172.16.4.154 ( 172.16.4.154:30099 )
  INFO root [2017-11-06 14:32:19,550] - NetworkInterface::recreateListeningSocket(INTERNAL): address 172.16.4.154:30099, SOMAXCONN=5.
  INFO root [2017-11-06 14:32:19,553] - ---- interfaces Version: 0.9.12. ScriptVersion: 0.1.0. Protocol: D6C7FB68FFF6E39CC7CC01DC42ACB5A4. Config: Debug X86. Built: 16:15:06 Jul  7 2017. AppID: 3000. UID: 1001. PID: 89928 ----
  INFO root [2017-11-06 14:32:19,553] - Server : Intel(R) Core(TM) i5-4590 CPU @ 3.30GHz with 4194303kB RAM
  INFO root [2017-11-06 14:32:19,554] - ThreadPool::createThreadPool: creating  threadpool...
  INFO root [2017-11-06 14:32:19,554] - ThreadPool::createThreadPool: successfully(2), newThreadCount=1, normalMaxThreadCount=2, maxThreadCount=8
 DEBUG root [2017-11-06 14:32:19,683] - Script::install_py_dlls(): PyInit_pyexpat
 DEBUG root [2017-11-06 14:32:19,684] - Script::install_py_dlls(): PyInit__socket
 DEBUG root [2017-11-06 14:32:19,684] - Script::install_py_dlls(): PyInit__hashlib
 DEBUG root [2017-11-06 14:32:19,686] - Script::install_py_dlls(): PyInit_select
 DEBUG root [2017-11-06 14:32:19,686] - Script::install_py_dlls(): PyInit__ctypes
 DEBUG root [2017-11-06 14:32:19,687] - Script::install_py_dlls(): PyInit__elementtree
 DEBUG root [2017-11-06 14:32:19,721] - Script::install_py_dlls(): PyInit_unicodedata
  INFO root [2017-11-06 14:32:19,760] - Script::install(): is successfully, Python=(3.4.2 (default, Jul  7 2017, 16:15:02) [MSC v.1800 32 bit (Intel)])!
  INFO root [2017-11-06 14:32:19,760] - Script::install(): KBExtra is successfully!
S_INFO root [2017-11-06 14:32:19,780] - onInterfaceAppReady: bootstrapGroupIndex=0, bootstrapGlobalIndex=0
S_INFO root [2017-11-06 14:32:19,780] - ======================= interface .onInterfaceAppReady =======================
  INFO root [2017-11-06 14:32:19,794] - TelnetServer server is running on port 33000
  INFO root [2017-11-06 14:32:20,049] - ---- interfaces is running ----
 DEBUG root [2017-11-06 14:32:20,049] - Components::process(): Request for the process of identity...
  INFO root [2017-11-06 14:32:27,246] - Components::process(): Found all the components!
S_INFO root [2017-11-06 14:33:20,379] - onRequestAccountLogin: registerName=1122334455662
  WARN root [2017-11-06 16:38:42,346] - TCPPacketReceiver::processPendingEvents(127.0.0.1:61436): Throwing REASON_GENERAL_NETWORK - WSAECONNRESET
  INFO root [2017-11-06 16:38:56,886] - 
  INFO root [2017-11-06 16:38:56,886] - -----------------------------------------------------------------------------------------


  INFO root [2017-11-06 16:38:56,886] - Resmgr::initialize: KBE_ROOT=C:/Users/hyc/Desktop/kbengine/
  INFO root [2017-11-06 16:38:56,887] - Resmgr::initialize: KBE_RES_PATH=C:/Users/hyc/Desktop/kbengine/kbe/res/;C:/Users/hyc/Desktop/kbengine/llgame/;C:/Users/hyc/Desktop/kbengine/llgame/scripts/;C:/Users/hyc/Desktop/kbengine/llgame/res/
  INFO root [2017-11-06 16:38:56,887] - Resmgr::initialize: KBE_BIN_PATH=C:/Users/hyc/Desktop/kbengine/kbe/bin/server/
  INFO root [2017-11-06 16:38:56,888] - NetworkInterface::recreateListeningSocket(INTERNAL): bound to all interfaces with default route interface on 172.16.4.154 ( 172.16.4.154:30099 )
  INFO root [2017-11-06 16:38:56,889] - NetworkInterface::recreateListeningSocket(INTERNAL): address 172.16.4.154:30099, SOMAXCONN=5.
  INFO root [2017-11-06 16:38:56,892] - ---- interfaces Version: 0.9.12. ScriptVersion: 0.1.0. Protocol: D6C7FB68FFF6E39CC7CC01DC42ACB5A4. Config: Debug X86. Built: 16:15:06 Jul  7 2017. AppID: 3000. UID: 1001. PID: 89096 ----
  INFO root [2017-11-06 16:38:56,892] - Server : Intel(R) Core(TM) i5-4590 CPU @ 3.30GHz with 4194303kB RAM
  INFO root [2017-11-06 16:38:56,892] - ThreadPool::createThreadPool: creating  threadpool...
  INFO root [2017-11-06 16:38:56,893] - ThreadPool::createThreadPool: successfully(2), newThreadCount=1, normalMaxThreadCount=2, maxThreadCount=8
 DEBUG root [2017-11-06 16:38:57,026] - Script::install_py_dlls(): PyInit_pyexpat
 DEBUG root [2017-11-06 16:38:57,026] - Script::install_py_dlls(): PyInit__socket
 DEBUG root [2017-11-06 16:38:57,026] - Script::install_py_dlls(): PyInit__hashlib
 DEBUG root [2017-11-06 16:38:57,028] - Script::install_py_dlls(): PyInit_select
 DEBUG root [2017-11-06 16:38:57,028] - Script::install_py_dlls(): PyInit__ctypes
 DEBUG root [2017-11-06 16:38:57,029] - Script::install_py_dlls(): PyInit__elementtree
 DEBUG root [2017-11-06 16:38:57,078] - Script::install_py_dlls(): PyInit_unicodedata
  INFO root [2017-11-06 16:38:57,110] - Script::install(): is successfully, Python=(3.4.2 (default, Jul  7 2017, 16:15:02) [MSC v.1800 32 bit (Intel)])!
  INFO root [2017-11-06 16:38:57,111] - Script::install(): KBExtra is successfully!
S_INFO root [2017-11-06 16:38:57,131] - onInterfaceAppReady: bootstrapGroupIndex=0, bootstrapGlobalIndex=0
S_INFO root [2017-11-06 16:38:57,131] - ======================= interface .onInterfaceAppReady =======================
  INFO root [2017-11-06 16:38:57,138] - TelnetServer server is running on port 33000
  INFO root [2017-11-06 16:38:57,405] - ---- interfaces is running ----
 DEBUG root [2017-11-06 16:38:57,405] - Components::process(): Request for the process of identity...
  INFO root [2017-11-06 16:39:04,598] - Components::process(): Found all the components!
S_INFO root [2017-11-06 16:40:03,931] - onRequestAccountLogin: registerName=1122334455662
  WARN root [2017-11-06 16:44:45,475] - TCPPacketReceiver::processPendingEvents(127.0.0.1:62029): Throwing REASON_GENERAL_NETWORK - WSAECONNRESET
  INFO root [2017-11-06 16:44:51,037] - 
  INFO root [2017-11-06 16:44:51,037] - -----------------------------------------------------------------------------------------


  INFO root [2017-11-06 16:44:51,038] - Resmgr::initialize: KBE_ROOT=C:/Users/hyc/Desktop/kbengine/
  INFO root [2017-11-06 16:44:51,038] - Resmgr::initialize: KBE_RES_PATH=C:/Users/hyc/Desktop/kbengine/kbe/res/;C:/Users/hyc/Desktop/kbengine/llgame/;C:/Users/hyc/Desktop/kbengine/llgame/scripts/;C:/Users/hyc/Desktop/kbengine/llgame/res/
  INFO root [2017-11-06 16:44:51,038] - Resmgr::initialize: KBE_BIN_PATH=C:/Users/hyc/Desktop/kbengine/kbe/bin/server/
  INFO root [2017-11-06 16:44:51,040] - NetworkInterface::recreateListeningSocket(INTERNAL): bound to all interfaces with default route interface on 172.16.4.154 ( 172.16.4.154:30099 )
  INFO root [2017-11-06 16:44:51,040] - NetworkInterface::recreateListeningSocket(INTERNAL): address 172.16.4.154:30099, SOMAXCONN=5.
  INFO root [2017-11-06 16:44:51,044] - ---- interfaces Version: 0.9.12. ScriptVersion: 0.1.0. Protocol: D6C7FB68FFF6E39CC7CC01DC42ACB5A4. Config: Debug X86. Built: 16:15:06 Jul  7 2017. AppID: 3000. UID: 1001. PID: 89476 ----
  INFO root [2017-11-06 16:44:51,044] - Server : Intel(R) Core(TM) i5-4590 CPU @ 3.30GHz with 4194303kB RAM
  INFO root [2017-11-06 16:44:51,045] - ThreadPool::createThreadPool: creating  threadpool...
  INFO root [2017-11-06 16:44:51,045] - ThreadPool::createThreadPool: successfully(2), newThreadCount=1, normalMaxThreadCount=2, maxThreadCount=8
 DEBUG root [2017-11-06 16:44:51,216] - Script::install_py_dlls(): PyInit_pyexpat
 DEBUG root [2017-11-06 16:44:51,216] - Script::install_py_dlls(): PyInit__socket
 DEBUG root [2017-11-06 16:44:51,216] - Script::install_py_dlls(): PyInit__hashlib
 DEBUG root [2017-11-06 16:44:51,218] - Script::install_py_dlls(): PyInit_select
 DEBUG root [2017-11-06 16:44:51,218] - Script::install_py_dlls(): PyInit__ctypes
 DEBUG root [2017-11-06 16:44:51,219] - Script::install_py_dlls(): PyInit__elementtree
 DEBUG root [2017-11-06 16:44:51,266] - Script::install_py_dlls(): PyInit_unicodedata
  INFO root [2017-11-06 16:44:51,303] - Script::install(): is successfully, Python=(3.4.2 (default, Jul  7 2017, 16:15:02) [MSC v.1800 32 bit (Intel)])!
  INFO root [2017-11-06 16:44:51,304] - Script::install(): KBExtra is successfully!
S_INFO root [2017-11-06 16:44:51,323] - onInterfaceAppReady: bootstrapGroupIndex=0, bootstrapGlobalIndex=0
S_INFO root [2017-11-06 16:44:51,323] - ======================= interface .onInterfaceAppReady =======================
  INFO root [2017-11-06 16:44:51,331] - TelnetServer server is running on port 33000
  INFO root [2017-11-06 16:44:51,579] - ---- interfaces is running ----
 DEBUG root [2017-11-06 16:44:51,580] - Components::process(): Request for the process of identity...
  INFO root [2017-11-06 16:44:58,823] - Components::process(): Found all the components!
S_INFO root [2017-11-06 16:45:19,257] - onRequestAccountLogin: registerName=1122334455662
  WARN root [2017-11-06 17:02:14,308] - TCPPacketReceiver::processPendingEvents(127.0.0.1:62085): Throwing REASON_GENERAL_NETWORK - WSAECONNRESET
  INFO root [2017-11-06 17:02:20,050] - 
  INFO root [2017-11-06 17:02:20,050] - -----------------------------------------------------------------------------------------


  INFO root [2017-11-06 17:02:20,051] - Resmgr::initialize: KBE_ROOT=C:/Users/hyc/Desktop/kbengine/
  INFO root [2017-11-06 17:02:20,051] - Resmgr::initialize: KBE_RES_PATH=C:/Users/hyc/Desktop/kbengine/kbe/res/;C:/Users/hyc/Desktop/kbengine/llgame/;C:/Users/hyc/Desktop/kbengine/llgame/scripts/;C:/Users/hyc/Desktop/kbengine/llgame/res/
  INFO root [2017-11-06 17:02:20,051] - Resmgr::initialize: KBE_BIN_PATH=C:/Users/hyc/Desktop/kbengine/kbe/bin/server/
  INFO root [2017-11-06 17:02:20,053] - NetworkInterface::recreateListeningSocket(INTERNAL): bound to all interfaces with default route interface on 172.16.4.154 ( 172.16.4.154:30099 )
  INFO root [2017-11-06 17:02:20,053] - NetworkInterface::recreateListeningSocket(INTERNAL): address 172.16.4.154:30099, SOMAXCONN=5.
  INFO root [2017-11-06 17:02:20,057] - ---- interfaces Version: 0.9.12. ScriptVersion: 0.1.0. Protocol: D6C7FB68FFF6E39CC7CC01DC42ACB5A4. Config: Debug X86. Built: 16:15:06 Jul  7 2017. AppID: 3000. UID: 1001. PID: 83548 ----
  INFO root [2017-11-06 17:02:20,057] - Server : Intel(R) Core(TM) i5-4590 CPU @ 3.30GHz with 4194303kB RAM
  INFO root [2017-11-06 17:02:20,057] - ThreadPool::createThreadPool: creating  threadpool...
  INFO root [2017-11-06 17:02:20,058] - ThreadPool::createThreadPool: successfully(2), newThreadCount=1, normalMaxThreadCount=2, maxThreadCount=8
 DEBUG root [2017-11-06 17:02:20,186] - Script::install_py_dlls(): PyInit_pyexpat
 DEBUG root [2017-11-06 17:02:20,186] - Script::install_py_dlls(): PyInit__socket
 DEBUG root [2017-11-06 17:02:20,186] - Script::install_py_dlls(): PyInit__hashlib
 DEBUG root [2017-11-06 17:02:20,188] - Script::install_py_dlls(): PyInit_select
 DEBUG root [2017-11-06 17:02:20,188] - Script::install_py_dlls(): PyInit__ctypes
 DEBUG root [2017-11-06 17:02:20,189] - Script::install_py_dlls(): PyInit__elementtree
 DEBUG root [2017-11-06 17:02:20,221] - Script::install_py_dlls(): PyInit_unicodedata
  INFO root [2017-11-06 17:02:20,255] - Script::install(): is successfully, Python=(3.4.2 (default, Jul  7 2017, 16:15:02) [MSC v.1800 32 bit (Intel)])!
  INFO root [2017-11-06 17:02:20,255] - Script::install(): KBExtra is successfully!
S_INFO root [2017-11-06 17:02:20,275] - onInterfaceAppReady: bootstrapGroupIndex=0, bootstrapGlobalIndex=0
S_INFO root [2017-11-06 17:02:20,275] - ======================= interface .onInterfaceAppReady =======================
  INFO root [2017-11-06 17:02:20,283] - TelnetServer server is running on port 33000
  INFO root [2017-11-06 17:02:20,504] - ---- interfaces is running ----
 DEBUG root [2017-11-06 17:02:20,505] - Components::process(): Request for the process of identity...
  INFO root [2017-11-06 17:02:27,709] - Components::process(): Found all the components!
S_INFO root [2017-11-06 17:02:57,474] - onRequestAccountLogin: registerName=1122334455662
  WARN root [2017-11-06 17:03:13,987] - TCPPacketReceiver::processPendingEvents(127.0.0.1:51625): Throwing REASON_GENERAL_NETWORK - WSAECONNRESET
  INFO root [2017-11-06 17:03:39,017] - 
  INFO root [2017-11-06 17:03:39,017] - -----------------------------------------------------------------------------------------


  INFO root [2017-11-06 17:03:39,018] - Resmgr::initialize: KBE_ROOT=C:/Users/hyc/Desktop/kbengine/
  INFO root [2017-11-06 17:03:39,018] - Resmgr::initialize: KBE_RES_PATH=C:/Users/hyc/Desktop/kbengine/kbe/res/;C:/Users/hyc/Desktop/kbengine/llgame/;C:/Users/hyc/Desktop/kbengine/llgame/scripts/;C:/Users/hyc/Desktop/kbengine/llgame/res/
  INFO root [2017-11-06 17:03:39,018] - Resmgr::initialize: KBE_BIN_PATH=C:/Users/hyc/Desktop/kbengine/kbe/bin/server/
  INFO root [2017-11-06 17:03:39,020] - NetworkInterface::recreateListeningSocket(INTERNAL): bound to all interfaces with default route interface on 172.16.4.154 ( 172.16.4.154:30099 )
  INFO root [2017-11-06 17:03:39,020] - NetworkInterface::recreateListeningSocket(INTERNAL): address 172.16.4.154:30099, SOMAXCONN=5.
  INFO root [2017-11-06 17:03:39,024] - ---- interfaces Version: 0.9.12. ScriptVersion: 0.1.0. Protocol: D6C7FB68FFF6E39CC7CC01DC42ACB5A4. Config: Debug X86. Built: 16:15:06 Jul  7 2017. AppID: 3000. UID: 1001. PID: 92284 ----
  INFO root [2017-11-06 17:03:39,024] - Server : Intel(R) Core(TM) i5-4590 CPU @ 3.30GHz with 4194303kB RAM
  INFO root [2017-11-06 17:03:39,025] - ThreadPool::createThreadPool: creating  threadpool...
  INFO root [2017-11-06 17:03:39,025] - ThreadPool::createThreadPool: successfully(2), newThreadCount=1, normalMaxThreadCount=2, maxThreadCount=8
 DEBUG root [2017-11-06 17:03:39,156] - Script::install_py_dlls(): PyInit_pyexpat
 DEBUG root [2017-11-06 17:03:39,157] - Script::install_py_dlls(): PyInit__socket
 DEBUG root [2017-11-06 17:03:39,157] - Script::install_py_dlls(): PyInit__hashlib
 DEBUG root [2017-11-06 17:03:39,159] - Script::install_py_dlls(): PyInit_select
 DEBUG root [2017-11-06 17:03:39,159] - Script::install_py_dlls(): PyInit__ctypes
 DEBUG root [2017-11-06 17:03:39,159] - Script::install_py_dlls(): PyInit__elementtree
 DEBUG root [2017-11-06 17:03:39,192] - Script::install_py_dlls(): PyInit_unicodedata
  INFO root [2017-11-06 17:03:39,227] - Script::install(): is successfully, Python=(3.4.2 (default, Jul  7 2017, 16:15:02) [MSC v.1800 32 bit (Intel)])!
  INFO root [2017-11-06 17:03:39,227] - Script::install(): KBExtra is successfully!
S_INFO root [2017-11-06 17:03:39,247] - onInterfaceAppReady: bootstrapGroupIndex=0, bootstrapGlobalIndex=0
S_INFO root [2017-11-06 17:03:39,247] - ======================= interface .onInterfaceAppReady =======================
  INFO root [2017-11-06 17:03:39,254] - TelnetServer server is running on port 33000
  INFO root [2017-11-06 17:03:39,487] - ---- interfaces is running ----
 DEBUG root [2017-11-06 17:03:39,487] - Components::process(): Request for the process of identity...
  INFO root [2017-11-06 17:03:46,681] - Components::process(): Found all the components!
S_INFO root [2017-11-06 17:04:03,482] - onRequestAccountLogin: registerName=1122334455662
  WARN root [2017-11-06 17:05:40,694] - TCPPacketReceiver::processPendingEvents(127.0.0.1:51675): Throwing REASON_GENERAL_NETWORK - WSAECONNRESET
  INFO root [2017-11-06 17:05:45,453] - 
  INFO root [2017-11-06 17:05:45,461] - -----------------------------------------------------------------------------------------


  INFO root [2017-11-06 17:05:45,462] - Resmgr::initialize: KBE_ROOT=C:/Users/hyc/Desktop/kbengine/
  INFO root [2017-11-06 17:05:45,462] - Resmgr::initialize: KBE_RES_PATH=C:/Users/hyc/Desktop/kbengine/kbe/res/;C:/Users/hyc/Desktop/kbengine/llgame/;C:/Users/hyc/Desktop/kbengine/llgame/scripts/;C:/Users/hyc/Desktop/kbengine/llgame/res/
  INFO root [2017-11-06 17:05:45,462] - Resmgr::initialize: KBE_BIN_PATH=C:/Users/hyc/Desktop/kbengine/kbe/bin/server/
  INFO root [2017-11-06 17:05:45,466] - NetworkInterface::recreateListeningSocket(INTERNAL): bound to all interfaces with default route interface on 172.16.4.154 ( 172.16.4.154:30099 )
  INFO root [2017-11-06 17:05:45,466] - NetworkInterface::recreateListeningSocket(INTERNAL): address 172.16.4.154:30099, SOMAXCONN=5.
  INFO root [2017-11-06 17:05:45,470] - ---- interfaces Version: 0.9.12. ScriptVersion: 0.1.0. Protocol: D6C7FB68FFF6E39CC7CC01DC42ACB5A4. Config: Debug X86. Built: 16:15:06 Jul  7 2017. AppID: 3000. UID: 1001. PID: 92304 ----
  INFO root [2017-11-06 17:05:45,470] - Server : Intel(R) Core(TM) i5-4590 CPU @ 3.30GHz with 4194303kB RAM
  INFO root [2017-11-06 17:05:45,470] - ThreadPool::createThreadPool: creating  threadpool...
  INFO root [2017-11-06 17:05:45,470] - ThreadPool::createThreadPool: successfully(2), newThreadCount=1, normalMaxThreadCount=2, maxThreadCount=8
 DEBUG root [2017-11-06 17:05:45,598] - Script::install_py_dlls(): PyInit_pyexpat
 DEBUG root [2017-11-06 17:05:45,598] - Script::install_py_dlls(): PyInit__socket
 DEBUG root [2017-11-06 17:05:45,598] - Script::install_py_dlls(): PyInit__hashlib
 DEBUG root [2017-11-06 17:05:45,600] - Script::install_py_dlls(): PyInit_select
 DEBUG root [2017-11-06 17:05:45,600] - Script::install_py_dlls(): PyInit__ctypes
 DEBUG root [2017-11-06 17:05:45,600] - Script::install_py_dlls(): PyInit__elementtree
 DEBUG root [2017-11-06 17:05:45,631] - Script::install_py_dlls(): PyInit_unicodedata
  INFO root [2017-11-06 17:05:45,663] - Script::install(): is successfully, Python=(3.4.2 (default, Jul  7 2017, 16:15:02) [MSC v.1800 32 bit (Intel)])!
  INFO root [2017-11-06 17:05:45,663] - Script::install(): KBExtra is successfully!
S_INFO root [2017-11-06 17:05:45,685] - onInterfaceAppReady: bootstrapGroupIndex=0, bootstrapGlobalIndex=0
S_INFO root [2017-11-06 17:05:45,685] - ======================= interface .onInterfaceAppReady =======================
  INFO root [2017-11-06 17:05:45,693] - TelnetServer server is running on port 33000
  INFO root [2017-11-06 17:05:45,916] - ---- interfaces is running ----
 DEBUG root [2017-11-06 17:05:45,916] - Components::process(): Request for the process of identity...
  INFO root [2017-11-06 17:05:53,118] - Components::process(): Found all the components!
S_INFO root [2017-11-06 17:06:46,318] - onRequestAccountLogin: registerName=1122334455662
  WARN root [2017-11-06 17:10:33,454] - TCPPacketReceiver::processPendingEvents(127.0.0.1:51721): Throwing REASON_GENERAL_NETWORK - WSAECONNRESET
  INFO root [2017-11-06 17:10:39,213] - 
  INFO root [2017-11-06 17:10:39,214] - -----------------------------------------------------------------------------------------


  INFO root [2017-11-06 17:10:39,214] - Resmgr::initialize: KBE_ROOT=C:/Users/hyc/Desktop/kbengine/
  INFO root [2017-11-06 17:10:39,215] - Resmgr::initialize: KBE_RES_PATH=C:/Users/hyc/Desktop/kbengine/kbe/res/;C:/Users/hyc/Desktop/kbengine/llgame/;C:/Users/hyc/Desktop/kbengine/llgame/scripts/;C:/Users/hyc/Desktop/kbengine/llgame/res/
  INFO root [2017-11-06 17:10:39,215] - Resmgr::initialize: KBE_BIN_PATH=C:/Users/hyc/Desktop/kbengine/kbe/bin/server/
  INFO root [2017-11-06 17:10:39,216] - NetworkInterface::recreateListeningSocket(INTERNAL): bound to all interfaces with default route interface on 172.16.4.154 ( 172.16.4.154:30099 )
  INFO root [2017-11-06 17:10:39,217] - NetworkInterface::recreateListeningSocket(INTERNAL): address 172.16.4.154:30099, SOMAXCONN=5.
  INFO root [2017-11-06 17:10:39,221] - ---- interfaces Version: 0.9.12. ScriptVersion: 0.1.0. Protocol: D6C7FB68FFF6E39CC7CC01DC42ACB5A4. Config: Debug X86. Built: 16:15:06 Jul  7 2017. AppID: 3000. UID: 1001. PID: 90868 ----
  INFO root [2017-11-06 17:10:39,221] - Server : Intel(R) Core(TM) i5-4590 CPU @ 3.30GHz with 4194303kB RAM
  INFO root [2017-11-06 17:10:39,221] - ThreadPool::createThreadPool: creating  threadpool...
  INFO root [2017-11-06 17:10:39,221] - ThreadPool::createThreadPool: successfully(2), newThreadCount=1, normalMaxThreadCount=2, maxThreadCount=8
 DEBUG root [2017-11-06 17:10:39,364] - Script::install_py_dlls(): PyInit_pyexpat
 DEBUG root [2017-11-06 17:10:39,364] - Script::install_py_dlls(): PyInit__socket
 DEBUG root [2017-11-06 17:10:39,365] - Script::install_py_dlls(): PyInit__hashlib
 DEBUG root [2017-11-06 17:10:39,366] - Script::install_py_dlls(): PyInit_select
 DEBUG root [2017-11-06 17:10:39,366] - Script::install_py_dlls(): PyInit__ctypes
 DEBUG root [2017-11-06 17:10:39,367] - Script::install_py_dlls(): PyInit__elementtree
 DEBUG root [2017-11-06 17:10:39,403] - Script::install_py_dlls(): PyInit_unicodedata
  INFO root [2017-11-06 17:10:39,466] - Script::install(): is successfully, Python=(3.4.2 (default, Jul  7 2017, 16:15:02) [MSC v.1800 32 bit (Intel)])!
  INFO root [2017-11-06 17:10:39,466] - Script::install(): KBExtra is successfully!
S_INFO root [2017-11-06 17:10:39,490] - onInterfaceAppReady: bootstrapGroupIndex=0, bootstrapGlobalIndex=0
S_INFO root [2017-11-06 17:10:39,490] - ======================= interface .onInterfaceAppReady =======================
  INFO root [2017-11-06 17:10:39,499] - TelnetServer server is running on port 33000
  INFO root [2017-11-06 17:10:39,752] - ---- interfaces is running ----
 DEBUG root [2017-11-06 17:10:39,752] - Components::process(): Request for the process of identity...
  INFO root [2017-11-06 17:10:46,990] - Components::process(): Found all the components!
S_INFO root [2017-11-06 17:11:37,357] - onRequestAccountLogin: registerName=1122334455662
  WARN root [2017-11-06 17:22:56,986] - TCPPacketReceiver::processPendingEvents(127.0.0.1:51777): Throwing REASON_GENERAL_NETWORK - WSAECONNRESET
  INFO root [2017-11-06 17:23:02,018] - 
  INFO root [2017-11-06 17:23:02,018] - -----------------------------------------------------------------------------------------


  INFO root [2017-11-06 17:23:02,019] - Resmgr::initialize: KBE_ROOT=C:/Users/hyc/Desktop/kbengine/
  INFO root [2017-11-06 17:23:02,019] - Resmgr::initialize: KBE_RES_PATH=C:/Users/hyc/Desktop/kbengine/kbe/res/;C:/Users/hyc/Desktop/kbengine/llgame/;C:/Users/hyc/Desktop/kbengine/llgame/scripts/;C:/Users/hyc/Desktop/kbengine/llgame/res/
  INFO root [2017-11-06 17:23:02,019] - Resmgr::initialize: KBE_BIN_PATH=C:/Users/hyc/Desktop/kbengine/kbe/bin/server/
  INFO root [2017-11-06 17:23:02,020] - NetworkInterface::recreateListeningSocket(INTERNAL): bound to all interfaces with default route interface on 172.16.4.154 ( 172.16.4.154:30099 )
  INFO root [2017-11-06 17:23:02,020] - NetworkInterface::recreateListeningSocket(INTERNAL): address 172.16.4.154:30099, SOMAXCONN=5.
  INFO root [2017-11-06 17:23:02,024] - ---- interfaces Version: 0.9.12. ScriptVersion: 0.1.0. Protocol: D6C7FB68FFF6E39CC7CC01DC42ACB5A4. Config: Debug X86. Built: 16:15:06 Jul  7 2017. AppID: 3000. UID: 1001. PID: 91384 ----
  INFO root [2017-11-06 17:23:02,024] - Server : Intel(R) Core(TM) i5-4590 CPU @ 3.30GHz with 4194303kB RAM
  INFO root [2017-11-06 17:23:02,024] - ThreadPool::createThreadPool: creating  threadpool...
  INFO root [2017-11-06 17:23:02,024] - ThreadPool::createThreadPool: successfully(2), newThreadCount=1, normalMaxThreadCount=2, maxThreadCount=8
 DEBUG root [2017-11-06 17:23:02,156] - Script::install_py_dlls(): PyInit_pyexpat
 DEBUG root [2017-11-06 17:23:02,156] - Script::install_py_dlls(): PyInit__socket
 DEBUG root [2017-11-06 17:23:02,156] - Script::install_py_dlls(): PyInit__hashlib
 DEBUG root [2017-11-06 17:23:02,158] - Script::install_py_dlls(): PyInit_select
 DEBUG root [2017-11-06 17:23:02,158] - Script::install_py_dlls(): PyInit__ctypes
 DEBUG root [2017-11-06 17:23:02,159] - Script::install_py_dlls(): PyInit__elementtree
 DEBUG root [2017-11-06 17:23:02,192] - Script::install_py_dlls(): PyInit_unicodedata
  INFO root [2017-11-06 17:23:02,224] - Script::install(): is successfully, Python=(3.4.2 (default, Jul  7 2017, 16:15:02) [MSC v.1800 32 bit (Intel)])!
  INFO root [2017-11-06 17:23:02,224] - Script::install(): KBExtra is successfully!
S_INFO root [2017-11-06 17:23:02,244] - onInterfaceAppReady: bootstrapGroupIndex=0, bootstrapGlobalIndex=0
S_INFO root [2017-11-06 17:23:02,244] - ======================= interface .onInterfaceAppReady =======================
  INFO root [2017-11-06 17:23:02,250] - TelnetServer server is running on port 33000
  INFO root [2017-11-06 17:23:02,475] - ---- interfaces is running ----
 DEBUG root [2017-11-06 17:23:02,475] - Components::process(): Request for the process of identity...
  INFO root [2017-11-06 17:23:09,645] - Components::process(): Found all the components!
S_INFO root [2017-11-06 17:23:30,144] - onRequestAccountLogin: registerName=1122334455662
  WARN root [2017-11-06 17:59:57,694] - TCPPacketReceiver::processPendingEvents(127.0.0.1:51858): Throwing REASON_GENERAL_NETWORK - WSAECONNRESET
  INFO root [2017-11-06 18:00:03,072] - 
  INFO root [2017-11-06 18:00:03,072] - -----------------------------------------------------------------------------------------


  INFO root [2017-11-06 18:00:03,073] - Resmgr::initialize: KBE_ROOT=C:/Users/hyc/Desktop/kbengine/
  INFO root [2017-11-06 18:00:03,073] - Resmgr::initialize: KBE_RES_PATH=C:/Users/hyc/Desktop/kbengine/kbe/res/;C:/Users/hyc/Desktop/kbengine/llgame/;C:/Users/hyc/Desktop/kbengine/llgame/scripts/;C:/Users/hyc/Desktop/kbengine/llgame/res/
  INFO root [2017-11-06 18:00:03,073] - Resmgr::initialize: KBE_BIN_PATH=C:/Users/hyc/Desktop/kbengine/kbe/bin/server/
  INFO root [2017-11-06 18:00:03,075] - NetworkInterface::recreateListeningSocket(INTERNAL): bound to all interfaces with default route interface on 172.16.4.154 ( 172.16.4.154:30099 )
  INFO root [2017-11-06 18:00:03,075] - NetworkInterface::recreateListeningSocket(INTERNAL): address 172.16.4.154:30099, SOMAXCONN=5.
  INFO root [2017-11-06 18:00:03,078] - ---- interfaces Version: 0.9.12. ScriptVersion: 0.1.0. Protocol: D6C7FB68FFF6E39CC7CC01DC42ACB5A4. Config: Debug X86. Built: 16:15:06 Jul  7 2017. AppID: 3000. UID: 1001. PID: 87220 ----
  INFO root [2017-11-06 18:00:03,078] - Server : Intel(R) Core(TM) i5-4590 CPU @ 3.30GHz with 4194303kB RAM
  INFO root [2017-11-06 18:00:03,079] - ThreadPool::createThreadPool: creating  threadpool...
  INFO root [2017-11-06 18:00:03,079] - ThreadPool::createThreadPool: successfully(2), newThreadCount=1, normalMaxThreadCount=2, maxThreadCount=8
 DEBUG root [2017-11-06 18:00:03,208] - Script::install_py_dlls(): PyInit_pyexpat
 DEBUG root [2017-11-06 18:00:03,208] - Script::install_py_dlls(): PyInit__socket
 DEBUG root [2017-11-06 18:00:03,208] - Script::install_py_dlls(): PyInit__hashlib
 DEBUG root [2017-11-06 18:00:03,210] - Script::install_py_dlls(): PyInit_select
 DEBUG root [2017-11-06 18:00:03,210] - Script::install_py_dlls(): PyInit__ctypes
 DEBUG root [2017-11-06 18:00:03,211] - Script::install_py_dlls(): PyInit__elementtree
 DEBUG root [2017-11-06 18:00:03,243] - Script::install_py_dlls(): PyInit_unicodedata
  INFO root [2017-11-06 18:00:03,274] - Script::install(): is successfully, Python=(3.4.2 (default, Jul  7 2017, 16:15:02) [MSC v.1800 32 bit (Intel)])!
  INFO root [2017-11-06 18:00:03,274] - Script::install(): KBExtra is successfully!
S_INFO root [2017-11-06 18:00:03,293] - onInterfaceAppReady: bootstrapGroupIndex=0, bootstrapGlobalIndex=0
S_INFO root [2017-11-06 18:00:03,293] - ======================= interface .onInterfaceAppReady =======================
  INFO root [2017-11-06 18:00:03,300] - TelnetServer server is running on port 33000
  INFO root [2017-11-06 18:00:03,545] - ---- interfaces is running ----
 DEBUG root [2017-11-06 18:00:03,545] - Components::process(): Request for the process of identity...
  INFO root [2017-11-06 18:00:10,773] - Components::process(): Found all the components!
S_INFO root [2017-11-06 18:00:23,526] - onRequestAccountLogin: registerName=1122334455662
  WARN root [2017-11-06 18:27:05,103] - TCPPacketReceiver::processPendingEvents(127.0.0.1:52588): Throwing REASON_GENERAL_NETWORK - WSAECONNRESET
  INFO root [2017-11-06 18:27:10,829] - 
  INFO root [2017-11-06 18:27:10,829] - -----------------------------------------------------------------------------------------


  INFO root [2017-11-06 18:27:10,830] - Resmgr::initialize: KBE_ROOT=C:/Users/hyc/Desktop/kbengine/
  INFO root [2017-11-06 18:27:10,830] - Resmgr::initialize: KBE_RES_PATH=C:/Users/hyc/Desktop/kbengine/kbe/res/;C:/Users/hyc/Desktop/kbengine/llgame/;C:/Users/hyc/Desktop/kbengine/llgame/scripts/;C:/Users/hyc/Desktop/kbengine/llgame/res/
  INFO root [2017-11-06 18:27:10,830] - Resmgr::initialize: KBE_BIN_PATH=C:/Users/hyc/Desktop/kbengine/kbe/bin/server/
  INFO root [2017-11-06 18:27:10,832] - NetworkInterface::recreateListeningSocket(INTERNAL): bound to all interfaces with default route interface on 172.16.4.154 ( 172.16.4.154:30099 )
  INFO root [2017-11-06 18:27:10,832] - NetworkInterface::recreateListeningSocket(INTERNAL): address 172.16.4.154:30099, SOMAXCONN=5.
  INFO root [2017-11-06 18:27:10,835] - ---- interfaces Version: 0.9.12. ScriptVersion: 0.1.0. Protocol: D6C7FB68FFF6E39CC7CC01DC42ACB5A4. Config: Debug X86. Built: 16:15:06 Jul  7 2017. AppID: 3000. UID: 1001. PID: 93276 ----
  INFO root [2017-11-06 18:27:10,836] - Server : Intel(R) Core(TM) i5-4590 CPU @ 3.30GHz with 4194303kB RAM
  INFO root [2017-11-06 18:27:10,836] - ThreadPool::createThreadPool: creating  threadpool...
  INFO root [2017-11-06 18:27:10,836] - ThreadPool::createThreadPool: successfully(2), newThreadCount=1, normalMaxThreadCount=2, maxThreadCount=8
 DEBUG root [2017-11-06 18:27:10,968] - Script::install_py_dlls(): PyInit_pyexpat
 DEBUG root [2017-11-06 18:27:10,968] - Script::install_py_dlls(): PyInit__socket
 DEBUG root [2017-11-06 18:27:10,968] - Script::install_py_dlls(): PyInit__hashlib
 DEBUG root [2017-11-06 18:27:10,970] - Script::install_py_dlls(): PyInit_select
 DEBUG root [2017-11-06 18:27:10,970] - Script::install_py_dlls(): PyInit__ctypes
 DEBUG root [2017-11-06 18:27:10,970] - Script::install_py_dlls(): PyInit__elementtree
 DEBUG root [2017-11-06 18:27:11,004] - Script::install_py_dlls(): PyInit_unicodedata
  INFO root [2017-11-06 18:27:11,037] - Script::install(): is successfully, Python=(3.4.2 (default, Jul  7 2017, 16:15:02) [MSC v.1800 32 bit (Intel)])!
  INFO root [2017-11-06 18:27:11,037] - Script::install(): KBExtra is successfully!
S_INFO root [2017-11-06 18:27:11,055] - onInterfaceAppReady: bootstrapGroupIndex=0, bootstrapGlobalIndex=0
S_INFO root [2017-11-06 18:27:11,055] - ======================= interface .onInterfaceAppReady =======================
  INFO root [2017-11-06 18:27:11,062] - TelnetServer server is running on port 33000
  INFO root [2017-11-06 18:27:11,306] - ---- interfaces is running ----
 DEBUG root [2017-11-06 18:27:11,311] - Components::process(): Request for the process of identity...
  INFO root [2017-11-06 18:27:18,522] - Components::process(): Found all the components!
S_INFO root [2017-11-06 18:27:46,223] - onRequestCreateAccount: registerName=bot_6485246248124153856_1
S_INFO root [2017-11-06 18:27:46,224] - onRequestCreateAccount: registerName=bot_6485246248124153856_2
S_INFO root [2017-11-06 18:27:46,622] - onRequestAccountLogin: registerName=bot_6485246248124153856_1
S_INFO root [2017-11-06 18:27:46,623] - onRequestAccountLogin: registerName=bot_6485246248124153856_2
  WARN root [2017-11-06 19:49:06,673] - TCPPacketReceiver::processPendingEvents(127.0.0.1:52760): Throwing REASON_GENERAL_NETWORK - WSAECONNRESET
  INFO root [2017-11-06 19:53:13,082] - 
  INFO root [2017-11-06 19:53:13,083] - -----------------------------------------------------------------------------------------


  INFO root [2017-11-06 19:53:13,083] - Resmgr::initialize: KBE_ROOT=C:/Users/hyc/Desktop/kbengine/
  INFO root [2017-11-06 19:53:13,083] - Resmgr::initialize: KBE_RES_PATH=C:/Users/hyc/Desktop/kbengine/kbe/res/;C:/Users/hyc/Desktop/kbengine/llgame/;C:/Users/hyc/Desktop/kbengine/llgame/scripts/;C:/Users/hyc/Desktop/kbengine/llgame/res/
  INFO root [2017-11-06 19:53:13,084] - Resmgr::initialize: KBE_BIN_PATH=C:/Users/hyc/Desktop/kbengine/kbe/bin/server/
  INFO root [2017-11-06 19:53:13,085] - NetworkInterface::recreateListeningSocket(INTERNAL): bound to all interfaces with default route interface on 172.16.4.154 ( 172.16.4.154:30099 )
  INFO root [2017-11-06 19:53:13,085] - NetworkInterface::recreateListeningSocket(INTERNAL): address 172.16.4.154:30099, SOMAXCONN=5.
  INFO root [2017-11-06 19:53:13,089] - ---- interfaces Version: 0.9.12. ScriptVersion: 0.1.0. Protocol: D6C7FB68FFF6E39CC7CC01DC42ACB5A4. Config: Debug X86. Built: 16:15:06 Jul  7 2017. AppID: 3000. UID: 1001. PID: 95188 ----
  INFO root [2017-11-06 19:53:13,089] - Server : Intel(R) Core(TM) i5-4590 CPU @ 3.30GHz with 4194303kB RAM
  INFO root [2017-11-06 19:53:13,090] - ThreadPool::createThreadPool: creating  threadpool...
  INFO root [2017-11-06 19:53:13,090] - ThreadPool::createThreadPool: successfully(2), newThreadCount=1, normalMaxThreadCount=2, maxThreadCount=8
 DEBUG root [2017-11-06 19:53:13,219] - Script::install_py_dlls(): PyInit_pyexpat
 DEBUG root [2017-11-06 19:53:13,219] - Script::install_py_dlls(): PyInit__socket
 DEBUG root [2017-11-06 19:53:13,220] - Script::install_py_dlls(): PyInit__hashlib
 DEBUG root [2017-11-06 19:53:13,221] - Script::install_py_dlls(): PyInit_select
 DEBUG root [2017-11-06 19:53:13,221] - Script::install_py_dlls(): PyInit__ctypes
 DEBUG root [2017-11-06 19:53:13,222] - Script::install_py_dlls(): PyInit__elementtree
 DEBUG root [2017-11-06 19:53:13,254] - Script::install_py_dlls(): PyInit_unicodedata
  INFO root [2017-11-06 19:53:13,288] - Script::install(): is successfully, Python=(3.4.2 (default, Jul  7 2017, 16:15:02) [MSC v.1800 32 bit (Intel)])!
  INFO root [2017-11-06 19:53:13,288] - Script::install(): KBExtra is successfully!
S_INFO root [2017-11-06 19:53:13,309] - onInterfaceAppReady: bootstrapGroupIndex=0, bootstrapGlobalIndex=0
S_INFO root [2017-11-06 19:53:13,309] - ======================= interface .onInterfaceAppReady =======================
  INFO root [2017-11-06 19:53:13,316] - TelnetServer server is running on port 33000
  INFO root [2017-11-06 19:53:13,538] - ---- interfaces is running ----
 DEBUG root [2017-11-06 19:53:13,539] - Components::process(): Request for the process of identity...
  INFO root [2017-11-06 19:53:20,785] - Components::process(): Found all the components!
  WARN root [2017-11-06 19:53:38,635] - TCPPacketReceiver::processPendingEvents(127.0.0.1:53053): Throwing REASON_GENERAL_NETWORK - WSAECONNRESET
  INFO root [2017-11-06 19:53:41,248] - 
  INFO root [2017-11-06 19:53:41,257] - -----------------------------------------------------------------------------------------


  INFO root [2017-11-06 19:53:41,257] - Resmgr::initialize: KBE_ROOT=C:/Users/hyc/Desktop/kbengine/
  INFO root [2017-11-06 19:53:41,257] - Resmgr::initialize: KBE_RES_PATH=C:/Users/hyc/Desktop/kbengine/kbe/res/;C:/Users/hyc/Desktop/kbengine/llgame/;C:/Users/hyc/Desktop/kbengine/llgame/scripts/;C:/Users/hyc/Desktop/kbengine/llgame/res/
  INFO root [2017-11-06 19:53:41,257] - Resmgr::initialize: KBE_BIN_PATH=C:/Users/hyc/Desktop/kbengine/kbe/bin/server/
  INFO root [2017-11-06 19:53:41,263] - NetworkInterface::recreateListeningSocket(INTERNAL): bound to all interfaces with default route interface on 172.16.4.154 ( 172.16.4.154:30099 )
  INFO root [2017-11-06 19:53:41,263] - NetworkInterface::recreateListeningSocket(INTERNAL): address 172.16.4.154:30099, SOMAXCONN=5.
  INFO root [2017-11-06 19:53:41,266] - ---- interfaces Version: 0.9.12. ScriptVersion: 0.1.0. Protocol: D6C7FB68FFF6E39CC7CC01DC42ACB5A4. Config: Debug X86. Built: 16:15:06 Jul  7 2017. AppID: 3000. UID: 1001. PID: 95684 ----
  INFO root [2017-11-06 19:53:41,267] - Server : Intel(R) Core(TM) i5-4590 CPU @ 3.30GHz with 4194303kB RAM
  INFO root [2017-11-06 19:53:41,267] - ThreadPool::createThreadPool: creating  threadpool...
  INFO root [2017-11-06 19:53:41,267] - ThreadPool::createThreadPool: successfully(2), newThreadCount=1, normalMaxThreadCount=2, maxThreadCount=8
 DEBUG root [2017-11-06 19:53:41,395] - Script::install_py_dlls(): PyInit_pyexpat
 DEBUG root [2017-11-06 19:53:41,395] - Script::install_py_dlls(): PyInit__socket
 DEBUG root [2017-11-06 19:53:41,396] - Script::install_py_dlls(): PyInit__hashlib
 DEBUG root [2017-11-06 19:53:41,397] - Script::install_py_dlls(): PyInit_select
 DEBUG root [2017-11-06 19:53:41,397] - Script::install_py_dlls(): PyInit__ctypes
 DEBUG root [2017-11-06 19:53:41,398] - Script::install_py_dlls(): PyInit__elementtree
 DEBUG root [2017-11-06 19:53:41,430] - Script::install_py_dlls(): PyInit_unicodedata
  INFO root [2017-11-06 19:53:41,461] - Script::install(): is successfully, Python=(3.4.2 (default, Jul  7 2017, 16:15:02) [MSC v.1800 32 bit (Intel)])!
  INFO root [2017-11-06 19:53:41,461] - Script::install(): KBExtra is successfully!
S_INFO root [2017-11-06 19:53:41,480] - onInterfaceAppReady: bootstrapGroupIndex=0, bootstrapGlobalIndex=0
S_INFO root [2017-11-06 19:53:41,480] - ======================= interface .onInterfaceAppReady =======================
  INFO root [2017-11-06 19:53:41,487] - TelnetServer server is running on port 33000
  INFO root [2017-11-06 19:53:41,712] - ---- interfaces is running ----
 DEBUG root [2017-11-06 19:53:41,712] - Components::process(): Request for the process of identity...
  INFO root [2017-11-06 19:53:48,914] - Components::process(): Found all the components!
S_INFO root [2017-11-06 19:54:16,946] - onRequestCreateAccount: registerName=bot_6485268543934889984_2
S_INFO root [2017-11-06 19:54:16,947] - onRequestCreateAccount: registerName=bot_6485268543934889984_1
S_INFO root [2017-11-06 19:54:17,080] - onRequestAccountLogin: registerName=bot_6485268543934889984_1
S_INFO root [2017-11-06 19:54:17,146] - onRequestAccountLogin: registerName=bot_6485268543934889984_2
  WARN root [2017-11-06 19:55:12,339] - TCPPacketReceiver::processPendingEvents(127.0.0.1:53096): Throwing REASON_GENERAL_NETWORK - WSAECONNRESET
  INFO root [2017-11-06 19:55:18,178] - 
  INFO root [2017-11-06 19:55:18,178] - -----------------------------------------------------------------------------------------


  INFO root [2017-11-06 19:55:18,179] - Resmgr::initialize: KBE_ROOT=C:/Users/hyc/Desktop/kbengine/
  INFO root [2017-11-06 19:55:18,179] - Resmgr::initialize: KBE_RES_PATH=C:/Users/hyc/Desktop/kbengine/kbe/res/;C:/Users/hyc/Desktop/kbengine/llgame/;C:/Users/hyc/Desktop/kbengine/llgame/scripts/;C:/Users/hyc/Desktop/kbengine/llgame/res/
  INFO root [2017-11-06 19:55:18,179] - Resmgr::initialize: KBE_BIN_PATH=C:/Users/hyc/Desktop/kbengine/kbe/bin/server/
  INFO root [2017-11-06 19:55:18,181] - NetworkInterface::recreateListeningSocket(INTERNAL): bound to all interfaces with default route interface on 172.16.4.154 ( 172.16.4.154:30099 )
  INFO root [2017-11-06 19:55:18,182] - NetworkInterface::recreateListeningSocket(INTERNAL): address 172.16.4.154:30099, SOMAXCONN=5.
  INFO root [2017-11-06 19:55:18,185] - ---- interfaces Version: 0.9.12. ScriptVersion: 0.1.0. Protocol: D6C7FB68FFF6E39CC7CC01DC42ACB5A4. Config: Debug X86. Built: 16:15:06 Jul  7 2017. AppID: 3000. UID: 1001. PID: 96020 ----
  INFO root [2017-11-06 19:55:18,185] - Server : Intel(R) Core(TM) i5-4590 CPU @ 3.30GHz with 4194303kB RAM
  INFO root [2017-11-06 19:55:18,186] - ThreadPool::createThreadPool: creating  threadpool...
  INFO root [2017-11-06 19:55:18,186] - ThreadPool::createThreadPool: successfully(2), newThreadCount=1, normalMaxThreadCount=2, maxThreadCount=8
 DEBUG root [2017-11-06 19:55:18,316] - Script::install_py_dlls(): PyInit_pyexpat
 DEBUG root [2017-11-06 19:55:18,317] - Script::install_py_dlls(): PyInit__socket
 DEBUG root [2017-11-06 19:55:18,317] - Script::install_py_dlls(): PyInit__hashlib
 DEBUG root [2017-11-06 19:55:18,319] - Script::install_py_dlls(): PyInit_select
 DEBUG root [2017-11-06 19:55:18,319] - Script::install_py_dlls(): PyInit__ctypes
 DEBUG root [2017-11-06 19:55:18,319] - Script::install_py_dlls(): PyInit__elementtree
 DEBUG root [2017-11-06 19:55:18,353] - Script::install_py_dlls(): PyInit_unicodedata
  INFO root [2017-11-06 19:55:18,388] - Script::install(): is successfully, Python=(3.4.2 (default, Jul  7 2017, 16:15:02) [MSC v.1800 32 bit (Intel)])!
  INFO root [2017-11-06 19:55:18,388] - Script::install(): KBExtra is successfully!
S_INFO root [2017-11-06 19:55:18,430] - onInterfaceAppReady: bootstrapGroupIndex=0, bootstrapGlobalIndex=0
S_INFO root [2017-11-06 19:55:18,430] - ======================= interface .onInterfaceAppReady =======================
  INFO root [2017-11-06 19:55:18,439] - TelnetServer server is running on port 33000
  INFO root [2017-11-06 19:55:18,774] - ---- interfaces is running ----
 DEBUG root [2017-11-06 19:55:18,779] - Components::process(): Request for the process of identity...
  INFO root [2017-11-06 19:55:25,980] - Components::process(): Found all the components!
S_INFO root [2017-11-06 19:56:14,030] - onRequestCreateAccount: registerName=bot_6485269045742534656_2
S_INFO root [2017-11-06 19:56:14,031] - onRequestCreateAccount: registerName=bot_6485269045742534656_1
S_INFO root [2017-11-06 19:56:14,196] - onRequestAccountLogin: registerName=bot_6485269045742534656_2
S_INFO root [2017-11-06 19:56:14,196] - onRequestAccountLogin: registerName=bot_6485269045742534656_1
  WARN root [2017-11-06 19:56:26,684] - TCPPacketReceiver::processPendingEvents(127.0.0.1:53152): Throwing REASON_GENERAL_NETWORK - WSAECONNRESET
  INFO root [2017-11-06 19:57:25,880] - 
  INFO root [2017-11-06 19:57:25,880] - -----------------------------------------------------------------------------------------


  INFO root [2017-11-06 19:57:25,881] - Resmgr::initialize: KBE_ROOT=C:/Users/hyc/Desktop/kbengine/
  INFO root [2017-11-06 19:57:25,881] - Resmgr::initialize: KBE_RES_PATH=C:/Users/hyc/Desktop/kbengine/kbe/res/;C:/Users/hyc/Desktop/kbengine/llgame/;C:/Users/hyc/Desktop/kbengine/llgame/scripts/;C:/Users/hyc/Desktop/kbengine/llgame/res/
  INFO root [2017-11-06 19:57:25,881] - Resmgr::initialize: KBE_BIN_PATH=C:/Users/hyc/Desktop/kbengine/kbe/bin/server/
  INFO root [2017-11-06 19:57:25,883] - NetworkInterface::recreateListeningSocket(INTERNAL): bound to all interfaces with default route interface on 172.16.4.154 ( 172.16.4.154:30099 )
  INFO root [2017-11-06 19:57:25,883] - NetworkInterface::recreateListeningSocket(INTERNAL): address 172.16.4.154:30099, SOMAXCONN=5.
  INFO root [2017-11-06 19:57:25,888] - ---- interfaces Version: 0.9.12. ScriptVersion: 0.1.0. Protocol: D6C7FB68FFF6E39CC7CC01DC42ACB5A4. Config: Debug X86. Built: 16:15:06 Jul  7 2017. AppID: 3000. UID: 1001. PID: 96508 ----
  INFO root [2017-11-06 19:57:25,888] - Server : Intel(R) Core(TM) i5-4590 CPU @ 3.30GHz with 4194303kB RAM
  INFO root [2017-11-06 19:57:25,888] - ThreadPool::createThreadPool: creating  threadpool...
  INFO root [2017-11-06 19:57:25,888] - ThreadPool::createThreadPool: successfully(2), newThreadCount=1, normalMaxThreadCount=2, maxThreadCount=8
 DEBUG root [2017-11-06 19:57:26,024] - Script::install_py_dlls(): PyInit_pyexpat
 DEBUG root [2017-11-06 19:57:26,024] - Script::install_py_dlls(): PyInit__socket
 DEBUG root [2017-11-06 19:57:26,025] - Script::install_py_dlls(): PyInit__hashlib
 DEBUG root [2017-11-06 19:57:26,027] - Script::install_py_dlls(): PyInit_select
 DEBUG root [2017-11-06 19:57:26,027] - Script::install_py_dlls(): PyInit__ctypes
 DEBUG root [2017-11-06 19:57:26,028] - Script::install_py_dlls(): PyInit__elementtree
 DEBUG root [2017-11-06 19:57:26,063] - Script::install_py_dlls(): PyInit_unicodedata
  INFO root [2017-11-06 19:57:26,101] - Script::install(): is successfully, Python=(3.4.2 (default, Jul  7 2017, 16:15:02) [MSC v.1800 32 bit (Intel)])!
  INFO root [2017-11-06 19:57:26,101] - Script::install(): KBExtra is successfully!
S_INFO root [2017-11-06 19:57:26,120] - onInterfaceAppReady: bootstrapGroupIndex=0, bootstrapGlobalIndex=0
S_INFO root [2017-11-06 19:57:26,120] - ======================= interface .onInterfaceAppReady =======================
  INFO root [2017-11-06 19:57:26,128] - TelnetServer server is running on port 33000
  INFO root [2017-11-06 19:57:26,357] - ---- interfaces is running ----
 DEBUG root [2017-11-06 19:57:26,357] - Components::process(): Request for the process of identity...
  INFO root [2017-11-06 19:57:33,582] - Components::process(): Found all the components!
S_INFO root [2017-11-06 19:58:23,019] - onRequestCreateAccount: registerName=bot_6485269599480446976_2
S_INFO root [2017-11-06 19:58:23,053] - onRequestCreateAccount: registerName=bot_6485269599480446976_1
S_INFO root [2017-11-06 19:58:23,187] - onRequestAccountLogin: registerName=bot_6485269599480446976_2
S_INFO root [2017-11-06 19:58:23,187] - onRequestAccountLogin: registerName=bot_6485269599480446976_1
S_INFO root [2017-11-06 19:58:53,987] - onRequestAccountLogin: registerName=1122334455662
S_INFO root [2017-11-06 20:01:47,851] - onRequestAccountLogin: registerName=1122334455662
S_INFO root [2017-11-06 20:03:36,217] - onRequestAccountLogin: registerName=1122334455662
  WARN root [2017-11-06 20:06:37,741] - TCPPacketReceiver::processPendingEvents(127.0.0.1:53206): Throwing REASON_GENERAL_NETWORK - WSAECONNRESET
  INFO root [2017-11-06 20:06:43,531] - 
  INFO root [2017-11-06 20:06:43,532] - -----------------------------------------------------------------------------------------


  INFO root [2017-11-06 20:06:43,532] - Resmgr::initialize: KBE_ROOT=C:/Users/hyc/Desktop/kbengine/
  INFO root [2017-11-06 20:06:43,533] - Resmgr::initialize: KBE_RES_PATH=C:/Users/hyc/Desktop/kbengine/kbe/res/;C:/Users/hyc/Desktop/kbengine/llgame/;C:/Users/hyc/Desktop/kbengine/llgame/scripts/;C:/Users/hyc/Desktop/kbengine/llgame/res/
  INFO root [2017-11-06 20:06:43,533] - Resmgr::initialize: KBE_BIN_PATH=C:/Users/hyc/Desktop/kbengine/kbe/bin/server/
  INFO root [2017-11-06 20:06:43,534] - NetworkInterface::recreateListeningSocket(INTERNAL): bound to all interfaces with default route interface on 172.16.4.154 ( 172.16.4.154:30099 )
  INFO root [2017-11-06 20:06:43,534] - NetworkInterface::recreateListeningSocket(INTERNAL): address 172.16.4.154:30099, SOMAXCONN=5.
  INFO root [2017-11-06 20:06:43,538] - ---- interfaces Version: 0.9.12. ScriptVersion: 0.1.0. Protocol: D6C7FB68FFF6E39CC7CC01DC42ACB5A4. Config: Debug X86. Built: 16:15:06 Jul  7 2017. AppID: 3000. UID: 1001. PID: 95468 ----
  INFO root [2017-11-06 20:06:43,538] - Server : Intel(R) Core(TM) i5-4590 CPU @ 3.30GHz with 4194303kB RAM
  INFO root [2017-11-06 20:06:43,538] - ThreadPool::createThreadPool: creating  threadpool...
  INFO root [2017-11-06 20:06:43,538] - ThreadPool::createThreadPool: successfully(2), newThreadCount=1, normalMaxThreadCount=2, maxThreadCount=8
 DEBUG root [2017-11-06 20:06:43,668] - Script::install_py_dlls(): PyInit_pyexpat
 DEBUG root [2017-11-06 20:06:43,668] - Script::install_py_dlls(): PyInit__socket
 DEBUG root [2017-11-06 20:06:43,668] - Script::install_py_dlls(): PyInit__hashlib
 DEBUG root [2017-11-06 20:06:43,670] - Script::install_py_dlls(): PyInit_select
 DEBUG root [2017-11-06 20:06:43,670] - Script::install_py_dlls(): PyInit__ctypes
 DEBUG root [2017-11-06 20:06:43,671] - Script::install_py_dlls(): PyInit__elementtree
 DEBUG root [2017-11-06 20:06:43,703] - Script::install_py_dlls(): PyInit_unicodedata
  INFO root [2017-11-06 20:06:43,735] - Script::install(): is successfully, Python=(3.4.2 (default, Jul  7 2017, 16:15:02) [MSC v.1800 32 bit (Intel)])!
  INFO root [2017-11-06 20:06:43,735] - Script::install(): KBExtra is successfully!
S_INFO root [2017-11-06 20:06:43,756] - onInterfaceAppReady: bootstrapGroupIndex=0, bootstrapGlobalIndex=0
S_INFO root [2017-11-06 20:06:43,756] - ======================= interface .onInterfaceAppReady =======================
  INFO root [2017-11-06 20:06:43,764] - TelnetServer server is running on port 33000
  INFO root [2017-11-06 20:06:44,012] - ---- interfaces is running ----
 DEBUG root [2017-11-06 20:06:44,012] - Components::process(): Request for the process of identity...
  INFO root [2017-11-06 20:06:51,223] - Components::process(): Found all the components!
S_INFO root [2017-11-06 20:07:31,056] - onRequestAccountLogin: registerName=1122334455662
S_INFO root [2017-11-06 20:10:33,488] - onRequestAccountLogin: registerName=1122334455662
  WARN root [2017-11-06 20:10:48,800] - TCPPacketReceiver::processPendingEvents(127.0.0.1:53276): Throwing REASON_GENERAL_NETWORK - WSAECONNRESET
  INFO root [2017-11-06 20:18:20,840] - 
  INFO root [2017-11-06 20:18:20,841] - -----------------------------------------------------------------------------------------


  INFO root [2017-11-06 20:18:20,841] - Resmgr::initialize: KBE_ROOT=C:/Users/hyc/Desktop/kbengine/
  INFO root [2017-11-06 20:18:20,842] - Resmgr::initialize: KBE_RES_PATH=C:/Users/hyc/Desktop/kbengine/kbe/res/;C:/Users/hyc/Desktop/kbengine/llgame/;C:/Users/hyc/Desktop/kbengine/llgame/scripts/;C:/Users/hyc/Desktop/kbengine/llgame/res/
  INFO root [2017-11-06 20:18:20,842] - Resmgr::initialize: KBE_BIN_PATH=C:/Users/hyc/Desktop/kbengine/kbe/bin/server/
  INFO root [2017-11-06 20:18:20,844] - NetworkInterface::recreateListeningSocket(INTERNAL): bound to all interfaces with default route interface on 172.16.4.154 ( 172.16.4.154:30099 )
  INFO root [2017-11-06 20:18:20,844] - NetworkInterface::recreateListeningSocket(INTERNAL): address 172.16.4.154:30099, SOMAXCONN=5.
  INFO root [2017-11-06 20:18:20,848] - ---- interfaces Version: 0.9.12. ScriptVersion: 0.1.0. Protocol: D6C7FB68FFF6E39CC7CC01DC42ACB5A4. Config: Debug X86. Built: 16:15:06 Jul  7 2017. AppID: 3000. UID: 1001. PID: 71524 ----
  INFO root [2017-11-06 20:18:20,849] - Server : Intel(R) Core(TM) i5-4590 CPU @ 3.30GHz with 4194303kB RAM
  INFO root [2017-11-06 20:18:20,849] - ThreadPool::createThreadPool: creating  threadpool...
  INFO root [2017-11-06 20:18:20,849] - ThreadPool::createThreadPool: successfully(2), newThreadCount=1, normalMaxThreadCount=2, maxThreadCount=8
 DEBUG root [2017-11-06 20:18:20,978] - Script::install_py_dlls(): PyInit_pyexpat
 DEBUG root [2017-11-06 20:18:20,978] - Script::install_py_dlls(): PyInit__socket
 DEBUG root [2017-11-06 20:18:20,978] - Script::install_py_dlls(): PyInit__hashlib
 DEBUG root [2017-11-06 20:18:20,980] - Script::install_py_dlls(): PyInit_select
 DEBUG root [2017-11-06 20:18:20,980] - Script::install_py_dlls(): PyInit__ctypes
 DEBUG root [2017-11-06 20:18:20,980] - Script::install_py_dlls(): PyInit__elementtree
 DEBUG root [2017-11-06 20:18:21,012] - Script::install_py_dlls(): PyInit_unicodedata
  INFO root [2017-11-06 20:18:21,044] - Script::install(): is successfully, Python=(3.4.2 (default, Jul  7 2017, 16:15:02) [MSC v.1800 32 bit (Intel)])!
  INFO root [2017-11-06 20:18:21,044] - Script::install(): KBExtra is successfully!
S_INFO root [2017-11-06 20:18:21,063] - onInterfaceAppReady: bootstrapGroupIndex=0, bootstrapGlobalIndex=0
S_INFO root [2017-11-06 20:18:21,063] - ======================= interface .onInterfaceAppReady =======================
  INFO root [2017-11-06 20:18:21,070] - TelnetServer server is running on port 33000
  INFO root [2017-11-06 20:18:21,292] - ---- interfaces is running ----
 DEBUG root [2017-11-06 20:18:21,292] - Components::process(): Request for the process of identity...
  INFO root [2017-11-06 20:18:28,497] - Components::process(): Found all the components!
S_INFO root [2017-11-06 20:18:55,697] - onRequestAccountLogin: registerName=1122334455662
  WARN root [2017-11-06 20:21:43,230] - TCPPacketReceiver::processPendingEvents(127.0.0.1:53376): Throwing REASON_GENERAL_NETWORK - WSAECONNRESET
  INFO root [2017-11-06 20:21:48,034] - 
  INFO root [2017-11-06 20:21:48,035] - -----------------------------------------------------------------------------------------


  INFO root [2017-11-06 20:21:48,035] - Resmgr::initialize: KBE_ROOT=C:/Users/hyc/Desktop/kbengine/
  INFO root [2017-11-06 20:21:48,036] - Resmgr::initialize: KBE_RES_PATH=C:/Users/hyc/Desktop/kbengine/kbe/res/;C:/Users/hyc/Desktop/kbengine/llgame/;C:/Users/hyc/Desktop/kbengine/llgame/scripts/;C:/Users/hyc/Desktop/kbengine/llgame/res/
  INFO root [2017-11-06 20:21:48,036] - Resmgr::initialize: KBE_BIN_PATH=C:/Users/hyc/Desktop/kbengine/kbe/bin/server/
  INFO root [2017-11-06 20:21:48,037] - NetworkInterface::recreateListeningSocket(INTERNAL): bound to all interfaces with default route interface on 172.16.4.154 ( 172.16.4.154:30099 )
  INFO root [2017-11-06 20:21:48,038] - NetworkInterface::recreateListeningSocket(INTERNAL): address 172.16.4.154:30099, SOMAXCONN=5.
  INFO root [2017-11-06 20:21:48,041] - ---- interfaces Version: 0.9.12. ScriptVersion: 0.1.0. Protocol: D6C7FB68FFF6E39CC7CC01DC42ACB5A4. Config: Debug X86. Built: 16:15:06 Jul  7 2017. AppID: 3000. UID: 1001. PID: 96184 ----
  INFO root [2017-11-06 20:21:48,041] - Server : Intel(R) Core(TM) i5-4590 CPU @ 3.30GHz with 4194303kB RAM
  INFO root [2017-11-06 20:21:48,042] - ThreadPool::createThreadPool: creating  threadpool...
  INFO root [2017-11-06 20:21:48,042] - ThreadPool::createThreadPool: successfully(2), newThreadCount=1, normalMaxThreadCount=2, maxThreadCount=8
 DEBUG root [2017-11-06 20:21:48,172] - Script::install_py_dlls(): PyInit_pyexpat
 DEBUG root [2017-11-06 20:21:48,172] - Script::install_py_dlls(): PyInit__socket
 DEBUG root [2017-11-06 20:21:48,173] - Script::install_py_dlls(): PyInit__hashlib
 DEBUG root [2017-11-06 20:21:48,174] - Script::install_py_dlls(): PyInit_select
 DEBUG root [2017-11-06 20:21:48,174] - Script::install_py_dlls(): PyInit__ctypes
 DEBUG root [2017-11-06 20:21:48,175] - Script::install_py_dlls(): PyInit__elementtree
 DEBUG root [2017-11-06 20:21:48,207] - Script::install_py_dlls(): PyInit_unicodedata
  INFO root [2017-11-06 20:21:48,248] - Script::install(): is successfully, Python=(3.4.2 (default, Jul  7 2017, 16:15:02) [MSC v.1800 32 bit (Intel)])!
  INFO root [2017-11-06 20:21:48,248] - Script::install(): KBExtra is successfully!
S_INFO root [2017-11-06 20:21:48,268] - onInterfaceAppReady: bootstrapGroupIndex=0, bootstrapGlobalIndex=0
S_INFO root [2017-11-06 20:21:48,268] - ======================= interface .onInterfaceAppReady =======================
  INFO root [2017-11-06 20:21:48,277] - TelnetServer server is running on port 33000
  INFO root [2017-11-06 20:21:48,522] - ---- interfaces is running ----
 DEBUG root [2017-11-06 20:21:48,522] - Components::process(): Request for the process of identity...
  WARN root [2017-11-06 20:21:51,991] - BundleBroadcast::BundleBroadcast: Cannot bind to port 20807, errorno=10048
  INFO root [2017-11-06 20:21:56,102] - Components::process(): Found all the components!
S_INFO root [2017-11-06 20:23:46,701] - onRequestAccountLogin: registerName=1122334455662
S_INFO root [2017-11-06 20:24:12,567] - onRequestCreateAccount: registerName=bot_6485276257593720832_2
S_INFO root [2017-11-06 20:24:12,567] - onRequestCreateAccount: registerName=bot_6485276257593720832_1
S_INFO root [2017-11-06 20:24:12,700] - onRequestAccountLogin: registerName=bot_6485276257593720832_2
S_INFO root [2017-11-06 20:24:12,734] - onRequestAccountLogin: registerName=bot_6485276257593720832_1
  WARN root [2017-11-06 20:26:06,919] - TCPPacketReceiver::processPendingEvents(127.0.0.1:53424): Throwing REASON_GENERAL_NETWORK - WSAECONNRESET
  INFO root [2017-11-06 20:36:38,096] - 
  INFO root [2017-11-06 20:36:38,096] - -----------------------------------------------------------------------------------------


  INFO root [2017-11-06 20:36:38,097] - Resmgr::initialize: KBE_ROOT=C:/Users/hyc/Desktop/kbengine/
  INFO root [2017-11-06 20:36:38,097] - Resmgr::initialize: KBE_RES_PATH=C:/Users/hyc/Desktop/kbengine/kbe/res/;C:/Users/hyc/Desktop/kbengine/llgame/;C:/Users/hyc/Desktop/kbengine/llgame/scripts/;C:/Users/hyc/Desktop/kbengine/llgame/res/
  INFO root [2017-11-06 20:36:38,097] - Resmgr::initialize: KBE_BIN_PATH=C:/Users/hyc/Desktop/kbengine/kbe/bin/server/
  INFO root [2017-11-06 20:36:38,099] - NetworkInterface::recreateListeningSocket(INTERNAL): bound to all interfaces with default route interface on 172.16.4.154 ( 172.16.4.154:30099 )
  INFO root [2017-11-06 20:36:38,099] - NetworkInterface::recreateListeningSocket(INTERNAL): address 172.16.4.154:30099, SOMAXCONN=5.
  INFO root [2017-11-06 20:36:38,102] - ---- interfaces Version: 0.9.12. ScriptVersion: 0.1.0. Protocol: D6C7FB68FFF6E39CC7CC01DC42ACB5A4. Config: Debug X86. Built: 16:15:06 Jul  7 2017. AppID: 3000. UID: 1001. PID: 96816 ----
  INFO root [2017-11-06 20:36:38,103] - Server : Intel(R) Core(TM) i5-4590 CPU @ 3.30GHz with 4194303kB RAM
  INFO root [2017-11-06 20:36:38,103] - ThreadPool::createThreadPool: creating  threadpool...
  INFO root [2017-11-06 20:36:38,103] - ThreadPool::createThreadPool: successfully(2), newThreadCount=1, normalMaxThreadCount=2, maxThreadCount=8
 DEBUG root [2017-11-06 20:36:38,232] - Script::install_py_dlls(): PyInit_pyexpat
 DEBUG root [2017-11-06 20:36:38,232] - Script::install_py_dlls(): PyInit__socket
 DEBUG root [2017-11-06 20:36:38,232] - Script::install_py_dlls(): PyInit__hashlib
 DEBUG root [2017-11-06 20:36:38,234] - Script::install_py_dlls(): PyInit_select
 DEBUG root [2017-11-06 20:36:38,234] - Script::install_py_dlls(): PyInit__ctypes
 DEBUG root [2017-11-06 20:36:38,234] - Script::install_py_dlls(): PyInit__elementtree
 DEBUG root [2017-11-06 20:36:38,268] - Script::install_py_dlls(): PyInit_unicodedata
  INFO root [2017-11-06 20:36:38,299] - Script::install(): is successfully, Python=(3.4.2 (default, Jul  7 2017, 16:15:02) [MSC v.1800 32 bit (Intel)])!
  INFO root [2017-11-06 20:36:38,299] - Script::install(): KBExtra is successfully!
S_INFO root [2017-11-06 20:36:38,318] - onInterfaceAppReady: bootstrapGroupIndex=0, bootstrapGlobalIndex=0
S_INFO root [2017-11-06 20:36:38,319] - ======================= interface .onInterfaceAppReady =======================
  INFO root [2017-11-06 20:36:38,326] - TelnetServer server is running on port 33000
  INFO root [2017-11-06 20:36:38,571] - ---- interfaces is running ----
 DEBUG root [2017-11-06 20:36:38,571] - Components::process(): Request for the process of identity...
  INFO root [2017-11-06 20:36:45,798] - Components::process(): Found all the components!
S_INFO root [2017-11-06 20:37:16,853] - onRequestCreateAccount: registerName=bot_6485279625170780160_2
S_INFO root [2017-11-06 20:37:16,854] - onRequestCreateAccount: registerName=bot_6485279625170780160_1
S_INFO root [2017-11-06 20:37:17,119] - onRequestAccountLogin: registerName=bot_6485279625170780160_2
S_INFO root [2017-11-06 20:37:17,186] - onRequestAccountLogin: registerName=bot_6485279625170780160_1
S_INFO root [2017-11-06 20:37:26,353] - onRequestAccountLogin: registerName=1122334455662
