  INFO root [2017-11-20 19:49:00,957] - 
  INFO root [2017-11-20 19:49:00,957] - -----------------------------------------------------------------------------------------


  INFO root [2017-11-20 19:49:00,958] - Resmgr::initialize: KBE_ROOT=C:/Users/hyc/Desktop/kbengine/
  INFO root [2017-11-20 19:49:00,958] - Resmgr::initialize: KBE_RES_PATH=C:/Users/hyc/Desktop/kbengine/kbe/res/;C:/Users/hyc/Desktop/kbengine/llgame/;C:/Users/hyc/Desktop/kbengine/llgame/scripts/;C:/Users/hyc/Desktop/kbengine/llgame/res/
  INFO root [2017-11-20 19:49:00,958] - Resmgr::initialize: KBE_BIN_PATH=C:/Users/hyc/Desktop/kbengine/kbe/bin/server/
  INFO root [2017-11-20 19:49:00,959] - NetworkInterface::recreateListeningSocket(EXTERNAL): bound to all interfaces with default route interface on 172.16.4.154 ( 172.16.4.154:20013 )
  INFO root [2017-11-20 19:49:00,960] - NetworkInterface::recreateListeningSocket(EXTERNAL): address 172.16.4.154:20013, SOMAXCONN=128.
  INFO root [2017-11-20 19:49:00,961] - NetworkInterface::recreateListeningSocket(INTERNAL): bound to all interfaces with default route interface on 172.16.4.154 ( 172.16.4.154:59303 )
  INFO root [2017-11-20 19:49:00,962] - NetworkInterface::recreateListeningSocket(INTERNAL): address 172.16.4.154:59303, SOMAXCONN=128.
  INFO root [2017-11-20 19:49:00,962] - server-configs:
  INFO root [2017-11-20 19:49:00,962] - 	internalAddr : 172.16.4.154:59303
  INFO root [2017-11-20 19:49:00,962] - 	externalAddr : 172.16.4.154:20013
  INFO root [2017-11-20 19:49:00,962] - 	componentID : 9000
  INFO root [2017-11-20 19:49:01,340] - Components::findLogger: found logger, addr:172.16.4.154:59295
  INFO root [2017-11-20 19:49:01,341] - Components::addComponent: reset orderLog, uid=1001!
  INFO root [2017-11-20 19:49:01,341] - Components::addComponent[logger], uid=1001, componentID=2000, globalorderid=1, grouporderid=1, totalcount=1
  INFO root [2017-11-20 19:49:01,345] - ---- loginapp Version: 0.9.12. ScriptVersion: 0.1.0. Protocol: 75C8DA776708D1E89693088467E5A4FB. Config: Debug X86. Built: 16:13:51 Jul  7 2017. AppID: 9000. UID: 1001. PID: 2156 ----
  INFO root [2017-11-20 19:49:01,345] - Server : Intel(R) Core(TM) i5-4590 CPU @ 3.30GHz with 4194303kB RAM
  INFO root [2017-11-20 19:49:01,346] - ThreadPool::createThreadPool: creating  threadpool...
  INFO root [2017-11-20 19:49:01,346] - ThreadPool::createThreadPool: successfully(2), newThreadCount=1, normalMaxThreadCount=2, maxThreadCount=8
 DEBUG root [2017-11-20 19:49:01,472] - Script::install_py_dlls(): PyInit_pyexpat
 DEBUG root [2017-11-20 19:49:01,473] - Script::install_py_dlls(): PyInit__socket
 DEBUG root [2017-11-20 19:49:01,473] - Script::install_py_dlls(): PyInit__hashlib
 DEBUG root [2017-11-20 19:49:01,475] - Script::install_py_dlls(): PyInit_select
 DEBUG root [2017-11-20 19:49:01,475] - Script::install_py_dlls(): PyInit__ctypes
 DEBUG root [2017-11-20 19:49:01,475] - Script::install_py_dlls(): PyInit__elementtree
 DEBUG root [2017-11-20 19:49:01,505] - Script::install_py_dlls(): PyInit_unicodedata
  INFO root [2017-11-20 19:49:01,534] - Script::install(): is successfully, Python=(3.4.2 (default, Jul  7 2017, 16:13:50) [MSC v.1800 32 bit (Intel)])!
  INFO root [2017-11-20 19:49:01,535] - Script::install(): KBExtra is successfully!
S_INFO root [2017-11-20 19:49:01,543] - onLoginAppReady: bootstrapGroupIndex=0, bootstrapGlobalIndex=0
  INFO root [2017-11-20 19:49:01,543] - TelnetServer server is running on port 31000
  INFO root [2017-11-20 19:49:01,764] - ---- loginapp is running ----
 DEBUG root [2017-11-20 19:49:01,765] - Components::process(): Request for the process of identity...
  WARN root [2017-11-20 19:49:07,850] - Forwarding logs to logger[172.16.4.154:59295/0/0/0]...
 ERROR root [2017-11-20 19:53:03,098] - Components::removeComponentByChannel: logger : 2000, Abnormal exit! errorno=10054
  INFO root [2017-11-20 19:53:03,101] - The following logs sent to logger failed:
  WARN root [2017-11-20 19:53:03,101] - ==> [2017-11-20 19:53:03 098] TCPPacketReceiver::processPendingEvents(172.16.4.154:59295): Throwing REASON_GENERAL_NETWORK - WSAECONNRESET
 ERROR root [2017-11-20 19:53:03,101] - ==> [2017-11-20 19:53:03 098] Components::removeComponentByChannel: logger : 2000, Abnormal exit! errorno=10054
  WARN root [2017-11-20 19:53:03,310] - TCPPacketReceiver::processPendingEvents(172.16.4.154:59296): Throwing REASON_GENERAL_NETWORK - WSAECONNRESET
 ERROR root [2017-11-20 19:53:03,312] - Components::removeComponentByChannel: dbmgr : 4000, Abnormal exit! errorno=10054
  INFO root [2017-11-20 19:53:03,336] - Shutdowner::onShutdownBegin: shutting down(period=0, tickPeriod=1)
S_INFO root [2017-11-20 19:53:03,342] - onLoginAppShutDown()
  INFO root [2017-11-20 19:53:03,342] - Shutdowner::onShutdown: shutting down
  INFO root [2017-11-20 19:53:03,342] - Shutdowner::onShutdownEnd: shutting down
 DEBUG root [2017-11-20 19:53:03,342] - Script::uninstall_py_dlls(): PyInit_pyexpat
 DEBUG root [2017-11-20 19:53:03,342] - Script::uninstall_py_dlls(): PyInit__socket
 DEBUG root [2017-11-20 19:53:03,342] - Script::uninstall_py_dlls(): PyInit__hashlib
 DEBUG root [2017-11-20 19:53:03,342] - Script::uninstall_py_dlls(): PyInit_select
 DEBUG root [2017-11-20 19:53:03,343] - Script::uninstall_py_dlls(): PyInit__ctypes
 DEBUG root [2017-11-20 19:53:03,343] - Script::uninstall_py_dlls(): PyInit__elementtree
 DEBUG root [2017-11-20 19:53:03,343] - Script::uninstall_py_dlls(): PyInit_unicodedata
  INFO root [2017-11-20 19:53:03,353] - Script::uninstall(): is successfully!
 DEBUG root [2017-11-20 19:53:03,353] - ThreadPool::destroy(): starting size 2.
  WARN root [2017-11-20 19:53:03,655] - ThreadPool::destroy(): waiting for thread(2)[0xde58b0,0xde59e8,], try=1
 DEBUG root [2017-11-20 19:53:04,057] - TPThread::~TPThread(): 0xde58b0
 DEBUG root [2017-11-20 19:53:04,057] - TPThread::~TPThread(): 0xde59e8
 DEBUG root [2017-11-20 19:53:04,057] - ThreadPool::destroy(): successfully!
 DEBUG root [2017-11-20 19:53:04,065] - Bundle::destroyObjPool(): size 13.
 DEBUG root [2017-11-20 19:53:04,065] - Channel::destroyObjPool(): size 15.
 DEBUG root [2017-11-20 19:53:04,065] - TCPPacket::destroyObjPool(): size 12.
 DEBUG root [2017-11-20 19:53:04,066] - UDPPacket::destroyObjPool(): size 2.
 DEBUG root [2017-11-20 19:53:04,066] - EndPoint::destroyObjPool(): size 14.
 DEBUG root [2017-11-20 19:53:04,066] - Address::destroyObjPool(): size 0.
 DEBUG root [2017-11-20 19:53:04,066] - TCPPacketReceiver::destroyObjPool(): size 0.
 DEBUG root [2017-11-20 19:53:04,066] - UDPPacketReceiver::destroyObjPool(): size 0.
  INFO root [2017-11-20 19:53:04,066] - loginapp(9000) has shut down.
  INFO root [2017-11-20 20:03:06,716] - 
  INFO root [2017-11-20 20:03:06,717] - -----------------------------------------------------------------------------------------


  INFO root [2017-11-20 20:03:06,717] - Resmgr::initialize: KBE_ROOT=C:/Users/hyc/Desktop/kbengine/
  INFO root [2017-11-20 20:03:06,717] - Resmgr::initialize: KBE_RES_PATH=C:/Users/hyc/Desktop/kbengine/kbe/res/;C:/Users/hyc/Desktop/kbengine/llgame/;C:/Users/hyc/Desktop/kbengine/llgame/scripts/;C:/Users/hyc/Desktop/kbengine/llgame/res/
  INFO root [2017-11-20 20:03:06,717] - Resmgr::initialize: KBE_BIN_PATH=C:/Users/hyc/Desktop/kbengine/kbe/bin/server/
  INFO root [2017-11-20 20:03:06,719] - NetworkInterface::recreateListeningSocket(EXTERNAL): bound to all interfaces with default route interface on 172.16.4.154 ( 172.16.4.154:20013 )
  INFO root [2017-11-20 20:03:06,720] - NetworkInterface::recreateListeningSocket(EXTERNAL): address 172.16.4.154:20013, SOMAXCONN=128.
  INFO root [2017-11-20 20:03:06,721] - NetworkInterface::recreateListeningSocket(INTERNAL): bound to all interfaces with default route interface on 172.16.4.154 ( 172.16.4.154:59400 )
  INFO root [2017-11-20 20:03:06,722] - NetworkInterface::recreateListeningSocket(INTERNAL): address 172.16.4.154:59400, SOMAXCONN=128.
  INFO root [2017-11-20 20:03:06,722] - server-configs:
  INFO root [2017-11-20 20:03:06,722] - 	internalAddr : 172.16.4.154:59400
  INFO root [2017-11-20 20:03:06,722] - 	externalAddr : 172.16.4.154:20013
  INFO root [2017-11-20 20:03:06,722] - 	componentID : 9000
  INFO root [2017-11-20 20:03:07,253] - Components::findLogger: found logger, addr:172.16.4.154:59395
  INFO root [2017-11-20 20:03:07,254] - Components::addComponent: reset orderLog, uid=1001!
  INFO root [2017-11-20 20:03:07,254] - Components::addComponent[logger], uid=1001, componentID=2000, globalorderid=1, grouporderid=1, totalcount=1
  INFO root [2017-11-20 20:03:07,260] - ---- loginapp Version: 0.9.12. ScriptVersion: 0.1.0. Protocol: 75C8DA776708D1E89693088467E5A4FB. Config: Debug X86. Built: 16:13:51 Jul  7 2017. AppID: 9000. UID: 1001. PID: 33016 ----
  INFO root [2017-11-20 20:03:07,261] - Server : Intel(R) Core(TM) i5-4590 CPU @ 3.30GHz with 4194303kB RAM
  INFO root [2017-11-20 20:03:07,262] - ThreadPool::createThreadPool: creating  threadpool...
  INFO root [2017-11-20 20:03:07,262] - ThreadPool::createThreadPool: successfully(2), newThreadCount=1, normalMaxThreadCount=2, maxThreadCount=8
 DEBUG root [2017-11-20 20:03:07,416] - Script::install_py_dlls(): PyInit_pyexpat
 DEBUG root [2017-11-20 20:03:07,416] - Script::install_py_dlls(): PyInit__socket
 DEBUG root [2017-11-20 20:03:07,417] - Script::install_py_dlls(): PyInit__hashlib
 DEBUG root [2017-11-20 20:03:07,418] - Script::install_py_dlls(): PyInit_select
 DEBUG root [2017-11-20 20:03:07,418] - Script::install_py_dlls(): PyInit__ctypes
 DEBUG root [2017-11-20 20:03:07,419] - Script::install_py_dlls(): PyInit__elementtree
 DEBUG root [2017-11-20 20:03:07,451] - Script::install_py_dlls(): PyInit_unicodedata
  INFO root [2017-11-20 20:03:07,481] - Script::install(): is successfully, Python=(3.4.2 (default, Jul  7 2017, 16:13:50) [MSC v.1800 32 bit (Intel)])!
  INFO root [2017-11-20 20:03:07,481] - Script::install(): KBExtra is successfully!
S_INFO root [2017-11-20 20:03:07,483] - onLoginAppReady: bootstrapGroupIndex=0, bootstrapGlobalIndex=0
  INFO root [2017-11-20 20:03:07,484] - TelnetServer server is running on port 31000
  INFO root [2017-11-20 20:03:07,711] - ---- loginapp is running ----
 DEBUG root [2017-11-20 20:03:07,712] - Components::process(): Request for the process of identity...
  WARN root [2017-11-20 20:03:13,805] - Forwarding logs to logger[172.16.4.154:59395/0/0/0]...
 ERROR root [2017-11-20 20:04:04,716] - Components::removeComponentByChannel: logger : 2000, Abnormal exit! errorno=10054
  INFO root [2017-11-20 20:04:04,717] - The following logs sent to logger failed:
  WARN root [2017-11-20 20:04:04,717] - ==> [2017-11-20 20:04:04 716] TCPPacketReceiver::processPendingEvents(172.16.4.154:59395): Throwing REASON_GENERAL_NETWORK - WSAECONNRESET
 ERROR root [2017-11-20 20:04:04,717] - ==> [2017-11-20 20:04:04 716] Components::removeComponentByChannel: logger : 2000, Abnormal exit! errorno=10054
  WARN root [2017-11-20 20:04:04,987] - TCPPacketReceiver::processPendingEvents(172.16.4.154:59396): Throwing REASON_GENERAL_NETWORK - WSAECONNRESET
 ERROR root [2017-11-20 20:04:04,987] - Components::removeComponentByChannel: dbmgr : 4000, Abnormal exit! errorno=10054
  INFO root [2017-11-20 20:04:04,988] - Shutdowner::onShutdownBegin: shutting down(period=0, tickPeriod=1)
S_INFO root [2017-11-20 20:04:04,988] - onLoginAppShutDown()
  INFO root [2017-11-20 20:04:04,988] - Shutdowner::onShutdown: shutting down
  INFO root [2017-11-20 20:04:04,988] - Shutdowner::onShutdownEnd: shutting down
 DEBUG root [2017-11-20 20:04:04,989] - Script::uninstall_py_dlls(): PyInit_pyexpat
 DEBUG root [2017-11-20 20:04:04,989] - Script::uninstall_py_dlls(): PyInit__socket
 DEBUG root [2017-11-20 20:04:04,989] - Script::uninstall_py_dlls(): PyInit__hashlib
 DEBUG root [2017-11-20 20:04:04,989] - Script::uninstall_py_dlls(): PyInit_select
 DEBUG root [2017-11-20 20:04:04,989] - Script::uninstall_py_dlls(): PyInit__ctypes
 DEBUG root [2017-11-20 20:04:04,989] - Script::uninstall_py_dlls(): PyInit__elementtree
 DEBUG root [2017-11-20 20:04:04,989] - Script::uninstall_py_dlls(): PyInit_unicodedata
  INFO root [2017-11-20 20:04:04,999] - Script::uninstall(): is successfully!
 DEBUG root [2017-11-20 20:04:05,000] - ThreadPool::destroy(): starting size 2.
  WARN root [2017-11-20 20:04:05,300] - ThreadPool::destroy(): waiting for thread(2)[0x695918,0x6958b0,], try=1
 DEBUG root [2017-11-20 20:04:05,702] - TPThread::~TPThread(): 0x695918
 DEBUG root [2017-11-20 20:04:05,702] - TPThread::~TPThread(): 0x6958b0
 DEBUG root [2017-11-20 20:04:05,702] - ThreadPool::destroy(): successfully!
 DEBUG root [2017-11-20 20:04:05,710] - Bundle::destroyObjPool(): size 13.
 DEBUG root [2017-11-20 20:04:05,710] - Channel::destroyObjPool(): size 13.
 DEBUG root [2017-11-20 20:04:05,711] - TCPPacket::destroyObjPool(): size 12.
 DEBUG root [2017-11-20 20:04:05,711] - UDPPacket::destroyObjPool(): size 2.
 DEBUG root [2017-11-20 20:04:05,711] - EndPoint::destroyObjPool(): size 12.
 DEBUG root [2017-11-20 20:04:05,711] - Address::destroyObjPool(): size 0.
 DEBUG root [2017-11-20 20:04:05,711] - TCPPacketReceiver::destroyObjPool(): size 0.
 DEBUG root [2017-11-20 20:04:05,711] - UDPPacketReceiver::destroyObjPool(): size 0.
  INFO root [2017-11-20 20:04:05,711] - loginapp(9000) has shut down.
  INFO root [2017-11-20 20:04:10,501] - 
  INFO root [2017-11-20 20:04:10,501] - -----------------------------------------------------------------------------------------


  INFO root [2017-11-20 20:04:10,502] - Resmgr::initialize: KBE_ROOT=C:/Users/hyc/Desktop/kbengine/
  INFO root [2017-11-20 20:04:10,502] - Resmgr::initialize: KBE_RES_PATH=C:/Users/hyc/Desktop/kbengine/kbe/res/;C:/Users/hyc/Desktop/kbengine/llgame/;C:/Users/hyc/Desktop/kbengine/llgame/scripts/;C:/Users/hyc/Desktop/kbengine/llgame/res/
  INFO root [2017-11-20 20:04:10,502] - Resmgr::initialize: KBE_BIN_PATH=C:/Users/hyc/Desktop/kbengine/kbe/bin/server/
  INFO root [2017-11-20 20:04:10,503] - NetworkInterface::recreateListeningSocket(EXTERNAL): bound to all interfaces with default route interface on 172.16.4.154 ( 172.16.4.154:20013 )
  INFO root [2017-11-20 20:04:10,504] - NetworkInterface::recreateListeningSocket(EXTERNAL): address 172.16.4.154:20013, SOMAXCONN=128.
  INFO root [2017-11-20 20:04:10,505] - NetworkInterface::recreateListeningSocket(INTERNAL): bound to all interfaces with default route interface on 172.16.4.154 ( 172.16.4.154:59455 )
  INFO root [2017-11-20 20:04:10,506] - NetworkInterface::recreateListeningSocket(INTERNAL): address 172.16.4.154:59455, SOMAXCONN=128.
  INFO root [2017-11-20 20:04:10,506] - server-configs:
  INFO root [2017-11-20 20:04:10,506] - 	internalAddr : 172.16.4.154:59455
  INFO root [2017-11-20 20:04:10,506] - 	externalAddr : 172.16.4.154:20013
  INFO root [2017-11-20 20:04:10,506] - 	componentID : 9000
  INFO root [2017-11-20 20:04:10,942] - Components::findLogger: found logger, addr:172.16.4.154:59450
  INFO root [2017-11-20 20:04:10,942] - Components::addComponent: reset orderLog, uid=1001!
  INFO root [2017-11-20 20:04:10,942] - Components::addComponent[logger], uid=1001, componentID=2000, globalorderid=1, grouporderid=1, totalcount=1
  INFO root [2017-11-20 20:04:10,947] - ---- loginapp Version: 0.9.12. ScriptVersion: 0.1.0. Protocol: 75C8DA776708D1E89693088467E5A4FB. Config: Debug X86. Built: 16:13:51 Jul  7 2017. AppID: 9000. UID: 1001. PID: 33664 ----
  INFO root [2017-11-20 20:04:10,948] - Server : Intel(R) Core(TM) i5-4590 CPU @ 3.30GHz with 4194303kB RAM
  INFO root [2017-11-20 20:04:10,948] - ThreadPool::createThreadPool: creating  threadpool...
  INFO root [2017-11-20 20:04:10,948] - ThreadPool::createThreadPool: successfully(2), newThreadCount=1, normalMaxThreadCount=2, maxThreadCount=8
 DEBUG root [2017-11-20 20:04:11,102] - Script::install_py_dlls(): PyInit_pyexpat
 DEBUG root [2017-11-20 20:04:11,102] - Script::install_py_dlls(): PyInit__socket
 DEBUG root [2017-11-20 20:04:11,102] - Script::install_py_dlls(): PyInit__hashlib
 DEBUG root [2017-11-20 20:04:11,104] - Script::install_py_dlls(): PyInit_select
 DEBUG root [2017-11-20 20:04:11,104] - Script::install_py_dlls(): PyInit__ctypes
 DEBUG root [2017-11-20 20:04:11,104] - Script::install_py_dlls(): PyInit__elementtree
 DEBUG root [2017-11-20 20:04:11,145] - Script::install_py_dlls(): PyInit_unicodedata
  INFO root [2017-11-20 20:04:11,180] - Script::install(): is successfully, Python=(3.4.2 (default, Jul  7 2017, 16:13:50) [MSC v.1800 32 bit (Intel)])!
  INFO root [2017-11-20 20:04:11,180] - Script::install(): KBExtra is successfully!
S_INFO root [2017-11-20 20:04:11,183] - onLoginAppReady: bootstrapGroupIndex=0, bootstrapGlobalIndex=0
  INFO root [2017-11-20 20:04:11,184] - TelnetServer server is running on port 31000
  INFO root [2017-11-20 20:04:11,444] - ---- loginapp is running ----
 DEBUG root [2017-11-20 20:04:11,448] - Components::process(): Request for the process of identity...
  WARN root [2017-11-20 20:04:17,545] - Forwarding logs to logger[172.16.4.154:59450/0/0/0]...
