 ERROR root [2017-11-09 18:36:40,408] - Components::removeComponentByChannel: logger : 2000, Abnormal exit! errorno=10054
  INFO root [2017-11-09 18:36:40,410] - The following logs sent to logger failed:
  WARN root [2017-11-09 18:36:40,410] - ==> [2017-11-09 18:36:40 408] TCPPacketReceiver::processPendingEvents(172.16.4.154:61008): Throwing REASON_GENERAL_NETWORK - WSAECONNRESET
 ERROR root [2017-11-09 18:36:40,410] - ==> [2017-11-09 18:36:40 410] Components::removeComponentByChannel: logger : 2000, Abnormal exit! errorno=10054
  WARN root [2017-11-09 18:36:40,594] - TCPPacketReceiver::processPendingEvents(172.16.4.154:61010): Throwing REASON_GENERAL_NETWORK - WSAECONNRESET
 ERROR root [2017-11-09 18:36:40,595] - Components::removeComponentByChannel: dbmgr : 4000, Abnormal exit! errorno=10054
  INFO root [2017-11-09 18:36:40,613] - Shutdowner::onShutdownBegin: shutting down(period=0, tickPeriod=1)
S_INFO root [2017-11-09 18:36:40,614] - onLoginAppShutDown()
  INFO root [2017-11-09 18:36:40,614] - Shutdowner::onShutdown: shutting down
  INFO root [2017-11-09 18:36:40,614] - Shutdowner::onShutdownEnd: shutting down
 DEBUG root [2017-11-09 18:36:40,615] - Script::uninstall_py_dlls(): PyInit_pyexpat
 DEBUG root [2017-11-09 18:36:40,615] - Script::uninstall_py_dlls(): PyInit__socket
 DEBUG root [2017-11-09 18:36:40,615] - Script::uninstall_py_dlls(): PyInit__hashlib
 DEBUG root [2017-11-09 18:36:40,615] - Script::uninstall_py_dlls(): PyInit_select
 DEBUG root [2017-11-09 18:36:40,615] - Script::uninstall_py_dlls(): PyInit__ctypes
 DEBUG root [2017-11-09 18:36:40,615] - Script::uninstall_py_dlls(): PyInit__elementtree
 DEBUG root [2017-11-09 18:36:40,615] - Script::uninstall_py_dlls(): PyInit_unicodedata
  INFO root [2017-11-09 18:36:40,627] - Script::uninstall(): is successfully!
 DEBUG root [2017-11-09 18:36:40,627] - ThreadPool::destroy(): starting size 2.
  WARN root [2017-11-09 18:36:40,929] - ThreadPool::destroy(): waiting for thread(2)[0x875778,0x8757e0,], try=1
 DEBUG root [2017-11-09 18:36:41,330] - TPThread::~TPThread(): 0x875778
 DEBUG root [2017-11-09 18:36:41,330] - TPThread::~TPThread(): 0x8757e0
 DEBUG root [2017-11-09 18:36:41,330] - ThreadPool::destroy(): successfully!
 DEBUG root [2017-11-09 18:36:41,338] - Bundle::destroyObjPool(): size 13.
 DEBUG root [2017-11-09 18:36:41,338] - Channel::destroyObjPool(): size 15.
 DEBUG root [2017-11-09 18:36:41,338] - TCPPacket::destroyObjPool(): size 1.
 DEBUG root [2017-11-09 18:36:41,338] - UDPPacket::destroyObjPool(): size 2.
 DEBUG root [2017-11-09 18:36:41,339] - EndPoint::destroyObjPool(): size 14.
 DEBUG root [2017-11-09 18:36:41,339] - Address::destroyObjPool(): size 0.
 DEBUG root [2017-11-09 18:36:41,339] - TCPPacketReceiver::destroyObjPool(): size 0.
 DEBUG root [2017-11-09 18:36:41,339] - UDPPacketReceiver::destroyObjPool(): size 0.
  INFO root [2017-11-09 18:36:41,339] - loginapp(9000) has shut down.
