 ERROR root [2017-11-07 08:48:11,276] - Components::removeComponentByChannel: logger : 2000, Abnormal exit! errorno=10054
  INFO root [2017-11-07 08:48:11,280] - The following logs sent to logger failed:
  WARN root [2017-11-07 08:48:11,280] - ==> [2017-11-07 08:48:11 276] TCPPacketReceiver::processPendingEvents(172.16.4.154:53506): Throwing REASON_GENERAL_NETWORK - WSAECONNRESET
 ERROR root [2017-11-07 08:48:11,281] - ==> [2017-11-07 08:48:11 276] Components::removeComponentByChannel: logger : 2000, Abnormal exit! errorno=10054
  WARN root [2017-11-07 08:48:11,491] - TCPPacketReceiver::processPendingEvents(172.16.4.154:53508): Throwing REASON_GENERAL_NETWORK - WSAECONNRESET
 ERROR root [2017-11-07 08:48:11,491] - Components::removeComponentByChannel: dbmgr : 4000, Abnormal exit! errorno=10054
  INFO root [2017-11-07 08:48:11,492] - Shutdowner::onShutdownBegin: shutting down(period=0, tickPeriod=1)
S_INFO root [2017-11-07 08:48:11,494] - onLoginAppShutDown()
  INFO root [2017-11-07 08:48:11,495] - Shutdowner::onShutdown: shutting down
  INFO root [2017-11-07 08:48:11,495] - Shutdowner::onShutdownEnd: shutting down
 DEBUG root [2017-11-07 08:48:11,495] - Script::uninstall_py_dlls(): PyInit_pyexpat
 DEBUG root [2017-11-07 08:48:11,495] - Script::uninstall_py_dlls(): PyInit__socket
 DEBUG root [2017-11-07 08:48:11,495] - Script::uninstall_py_dlls(): PyInit__hashlib
 DEBUG root [2017-11-07 08:48:11,495] - Script::uninstall_py_dlls(): PyInit_select
 DEBUG root [2017-11-07 08:48:11,495] - Script::uninstall_py_dlls(): PyInit__ctypes
 DEBUG root [2017-11-07 08:48:11,495] - Script::uninstall_py_dlls(): PyInit__elementtree
 DEBUG root [2017-11-07 08:48:11,496] - Script::uninstall_py_dlls(): PyInit_unicodedata
  INFO root [2017-11-07 08:48:11,512] - Script::uninstall(): is successfully!
 DEBUG root [2017-11-07 08:48:11,512] - ThreadPool::destroy(): starting size 2.
  WARN root [2017-11-07 08:48:11,812] - ThreadPool::destroy(): waiting for thread(2)[0xb351c8,0xb353d0,], try=1
 DEBUG root [2017-11-07 08:48:12,214] - TPThread::~TPThread(): 0xb351c8
 DEBUG root [2017-11-07 08:48:12,214] - TPThread::~TPThread(): 0xb353d0
 DEBUG root [2017-11-07 08:48:12,214] - ThreadPool::destroy(): successfully!
 DEBUG root [2017-11-07 08:48:12,222] - Bundle::destroyObjPool(): size 13.
 DEBUG root [2017-11-07 08:48:12,222] - Channel::destroyObjPool(): size 15.
 DEBUG root [2017-11-07 08:48:12,222] - TCPPacket::destroyObjPool(): size 1.
 DEBUG root [2017-11-07 08:48:12,223] - UDPPacket::destroyObjPool(): size 2.
 DEBUG root [2017-11-07 08:48:12,223] - EndPoint::destroyObjPool(): size 14.
 DEBUG root [2017-11-07 08:48:12,223] - Address::destroyObjPool(): size 0.
 DEBUG root [2017-11-07 08:48:12,223] - TCPPacketReceiver::destroyObjPool(): size 0.
 DEBUG root [2017-11-07 08:48:12,223] - UDPPacketReceiver::destroyObjPool(): size 0.
  INFO root [2017-11-07 08:48:12,223] - loginapp(9000) has shut down.
  INFO root [2017-11-07 09:11:13,158] - 
  INFO root [2017-11-07 09:11:13,159] - -----------------------------------------------------------------------------------------


  INFO root [2017-11-07 09:11:13,159] - Resmgr::initialize: KBE_ROOT=C:/Users/hyc/Desktop/kbengine/
  INFO root [2017-11-07 09:11:13,159] - Resmgr::initialize: KBE_RES_PATH=C:/Users/hyc/Desktop/kbengine/kbe/res/;C:/Users/hyc/Desktop/kbengine/llgame/;C:/Users/hyc/Desktop/kbengine/llgame/scripts/;C:/Users/hyc/Desktop/kbengine/llgame/res/
  INFO root [2017-11-07 09:11:13,159] - Resmgr::initialize: KBE_BIN_PATH=C:/Users/hyc/Desktop/kbengine/kbe/bin/server/
  INFO root [2017-11-07 09:11:13,161] - NetworkInterface::recreateListeningSocket(EXTERNAL): bound to all interfaces with default route interface on 172.16.4.154 ( 172.16.4.154:20013 )
  INFO root [2017-11-07 09:11:13,162] - NetworkInterface::recreateListeningSocket(EXTERNAL): address 172.16.4.154:20013, SOMAXCONN=128.
  INFO root [2017-11-07 09:11:13,163] - NetworkInterface::recreateListeningSocket(INTERNAL): bound to all interfaces with default route interface on 172.16.4.154 ( 172.16.4.154:55878 )
  INFO root [2017-11-07 09:11:13,163] - NetworkInterface::recreateListeningSocket(INTERNAL): address 172.16.4.154:55878, SOMAXCONN=128.
  INFO root [2017-11-07 09:11:13,164] - server-configs:
  INFO root [2017-11-07 09:11:13,164] - 	internalAddr : 172.16.4.154:55878
  INFO root [2017-11-07 09:11:13,164] - 	externalAddr : 172.16.4.154:20013
  INFO root [2017-11-07 09:11:13,164] - 	componentID : 9000
  INFO root [2017-11-07 09:11:13,632] - Components::findLogger: found logger, addr:172.16.4.154:55873
  INFO root [2017-11-07 09:11:13,633] - Components::addComponent: reset orderLog, uid=1001!
  INFO root [2017-11-07 09:11:13,633] - Components::addComponent[logger], uid=1001, componentID=2000, globalorderid=1, grouporderid=1, totalcount=1
  INFO root [2017-11-07 09:11:13,637] - ---- loginapp Version: 0.9.12. ScriptVersion: 0.1.0. Protocol: 75C8DA776708D1E89693088467E5A4FB. Config: Debug X86. Built: 16:13:51 Jul  7 2017. AppID: 9000. UID: 1001. PID: 100012 ----
  INFO root [2017-11-07 09:11:13,637] - Server : Intel(R) Core(TM) i5-4590 CPU @ 3.30GHz with 4194303kB RAM
  INFO root [2017-11-07 09:11:13,638] - ThreadPool::createThreadPool: creating  threadpool...
  INFO root [2017-11-07 09:11:13,638] - ThreadPool::createThreadPool: successfully(2), newThreadCount=1, normalMaxThreadCount=2, maxThreadCount=8
 DEBUG root [2017-11-07 09:11:13,765] - Script::install_py_dlls(): PyInit_pyexpat
 DEBUG root [2017-11-07 09:11:13,766] - Script::install_py_dlls(): PyInit__socket
 DEBUG root [2017-11-07 09:11:13,766] - Script::install_py_dlls(): PyInit__hashlib
 DEBUG root [2017-11-07 09:11:13,768] - Script::install_py_dlls(): PyInit_select
 DEBUG root [2017-11-07 09:11:13,768] - Script::install_py_dlls(): PyInit__ctypes
 DEBUG root [2017-11-07 09:11:13,768] - Script::install_py_dlls(): PyInit__elementtree
 DEBUG root [2017-11-07 09:11:13,799] - Script::install_py_dlls(): PyInit_unicodedata
  INFO root [2017-11-07 09:11:13,830] - Script::install(): is successfully, Python=(3.4.2 (default, Jul  7 2017, 16:13:50) [MSC v.1800 32 bit (Intel)])!
  INFO root [2017-11-07 09:11:13,830] - Script::install(): KBExtra is successfully!
S_INFO root [2017-11-07 09:11:13,833] - onLoginAppReady: bootstrapGroupIndex=0, bootstrapGlobalIndex=0
  INFO root [2017-11-07 09:11:13,833] - TelnetServer server is running on port 31000
  INFO root [2017-11-07 09:11:14,051] - ---- loginapp is running ----
 DEBUG root [2017-11-07 09:11:14,052] - Components::process(): Request for the process of identity...
  WARN root [2017-11-07 09:11:20,231] - Forwarding logs to logger[172.16.4.154:55873/0/0/0]...
 ERROR root [2017-11-07 09:12:14,222] - Components::removeComponentByChannel: logger : 2000, Abnormal exit! errorno=10054
  INFO root [2017-11-07 09:12:14,229] - The following logs sent to logger failed:
  WARN root [2017-11-07 09:12:14,229] - ==> [2017-11-07 09:12:14 217] TCPPacketReceiver::processPendingEvents(172.16.4.154:55873): Throwing REASON_GENERAL_NETWORK - WSAECONNRESET
 ERROR root [2017-11-07 09:12:14,229] - ==> [2017-11-07 09:12:14 223] Components::removeComponentByChannel: logger : 2000, Abnormal exit! errorno=10054
  WARN root [2017-11-07 09:12:14,430] - TCPPacketReceiver::processPendingEvents(172.16.4.154:55874): Throwing REASON_GENERAL_NETWORK - WSAECONNRESET
 ERROR root [2017-11-07 09:12:14,432] - Components::removeComponentByChannel: dbmgr : 4000, Abnormal exit! errorno=10054
  INFO root [2017-11-07 09:12:14,434] - Shutdowner::onShutdownBegin: shutting down(period=0, tickPeriod=1)
S_INFO root [2017-11-07 09:12:14,435] - onLoginAppShutDown()
  INFO root [2017-11-07 09:12:14,435] - Shutdowner::onShutdown: shutting down
  INFO root [2017-11-07 09:12:14,435] - Shutdowner::onShutdownEnd: shutting down
 DEBUG root [2017-11-07 09:12:14,435] - Script::uninstall_py_dlls(): PyInit_pyexpat
 DEBUG root [2017-11-07 09:12:14,435] - Script::uninstall_py_dlls(): PyInit__socket
 DEBUG root [2017-11-07 09:12:14,435] - Script::uninstall_py_dlls(): PyInit__hashlib
 DEBUG root [2017-11-07 09:12:14,435] - Script::uninstall_py_dlls(): PyInit_select
 DEBUG root [2017-11-07 09:12:14,435] - Script::uninstall_py_dlls(): PyInit__ctypes
 DEBUG root [2017-11-07 09:12:14,435] - Script::uninstall_py_dlls(): PyInit__elementtree
 DEBUG root [2017-11-07 09:12:14,435] - Script::uninstall_py_dlls(): PyInit_unicodedata
  INFO root [2017-11-07 09:12:14,445] - Script::uninstall(): is successfully!
 DEBUG root [2017-11-07 09:12:14,445] - ThreadPool::destroy(): starting size 2.
  WARN root [2017-11-07 09:12:14,746] - ThreadPool::destroy(): waiting for thread(2)[0x21c5298,0x21c55d8,], try=1
 DEBUG root [2017-11-07 09:12:15,148] - TPThread::~TPThread(): 0x21c5298
 DEBUG root [2017-11-07 09:12:15,148] - TPThread::~TPThread(): 0x21c55d8
 DEBUG root [2017-11-07 09:12:15,148] - ThreadPool::destroy(): successfully!
 DEBUG root [2017-11-07 09:12:15,156] - Bundle::destroyObjPool(): size 13.
 DEBUG root [2017-11-07 09:12:15,156] - Channel::destroyObjPool(): size 15.
 DEBUG root [2017-11-07 09:12:15,156] - TCPPacket::destroyObjPool(): size 12.
 DEBUG root [2017-11-07 09:12:15,156] - UDPPacket::destroyObjPool(): size 2.
 DEBUG root [2017-11-07 09:12:15,156] - EndPoint::destroyObjPool(): size 14.
 DEBUG root [2017-11-07 09:12:15,156] - Address::destroyObjPool(): size 0.
 DEBUG root [2017-11-07 09:12:15,156] - TCPPacketReceiver::destroyObjPool(): size 0.
 DEBUG root [2017-11-07 09:12:15,156] - UDPPacketReceiver::destroyObjPool(): size 0.
  INFO root [2017-11-07 09:12:15,156] - loginapp(9000) has shut down.
  INFO root [2017-11-07 09:12:20,229] - 
  INFO root [2017-11-07 09:12:20,229] - -----------------------------------------------------------------------------------------


  INFO root [2017-11-07 09:12:20,230] - Resmgr::initialize: KBE_ROOT=C:/Users/hyc/Desktop/kbengine/
  INFO root [2017-11-07 09:12:20,230] - Resmgr::initialize: KBE_RES_PATH=C:/Users/hyc/Desktop/kbengine/kbe/res/;C:/Users/hyc/Desktop/kbengine/llgame/;C:/Users/hyc/Desktop/kbengine/llgame/scripts/;C:/Users/hyc/Desktop/kbengine/llgame/res/
  INFO root [2017-11-07 09:12:20,230] - Resmgr::initialize: KBE_BIN_PATH=C:/Users/hyc/Desktop/kbengine/kbe/bin/server/
  INFO root [2017-11-07 09:12:20,231] - NetworkInterface::recreateListeningSocket(EXTERNAL): bound to all interfaces with default route interface on 172.16.4.154 ( 172.16.4.154:20013 )
  INFO root [2017-11-07 09:12:20,233] - NetworkInterface::recreateListeningSocket(EXTERNAL): address 172.16.4.154:20013, SOMAXCONN=128.
  INFO root [2017-11-07 09:12:20,233] - NetworkInterface::recreateListeningSocket(INTERNAL): bound to all interfaces with default route interface on 172.16.4.154 ( 172.16.4.154:55920 )
  INFO root [2017-11-07 09:12:20,234] - NetworkInterface::recreateListeningSocket(INTERNAL): address 172.16.4.154:55920, SOMAXCONN=128.
  INFO root [2017-11-07 09:12:20,234] - server-configs:
  INFO root [2017-11-07 09:12:20,234] - 	internalAddr : 172.16.4.154:55920
  INFO root [2017-11-07 09:12:20,234] - 	externalAddr : 172.16.4.154:20013
  INFO root [2017-11-07 09:12:20,235] - 	componentID : 9000
  INFO root [2017-11-07 09:12:20,630] - Components::findLogger: found logger, addr:172.16.4.154:55914
  INFO root [2017-11-07 09:12:20,630] - Components::addComponent: reset orderLog, uid=1001!
  INFO root [2017-11-07 09:12:20,630] - Components::addComponent[logger], uid=1001, componentID=2000, globalorderid=1, grouporderid=1, totalcount=1
  INFO root [2017-11-07 09:12:20,634] - ---- loginapp Version: 0.9.12. ScriptVersion: 0.1.0. Protocol: 75C8DA776708D1E89693088467E5A4FB. Config: Debug X86. Built: 16:13:51 Jul  7 2017. AppID: 9000. UID: 1001. PID: 96140 ----
  INFO root [2017-11-07 09:12:20,635] - Server : Intel(R) Core(TM) i5-4590 CPU @ 3.30GHz with 4194303kB RAM
  INFO root [2017-11-07 09:12:20,635] - ThreadPool::createThreadPool: creating  threadpool...
  INFO root [2017-11-07 09:12:20,635] - ThreadPool::createThreadPool: successfully(2), newThreadCount=1, normalMaxThreadCount=2, maxThreadCount=8
 DEBUG root [2017-11-07 09:12:20,762] - Script::install_py_dlls(): PyInit_pyexpat
 DEBUG root [2017-11-07 09:12:20,762] - Script::install_py_dlls(): PyInit__socket
 DEBUG root [2017-11-07 09:12:20,763] - Script::install_py_dlls(): PyInit__hashlib
 DEBUG root [2017-11-07 09:12:20,764] - Script::install_py_dlls(): PyInit_select
 DEBUG root [2017-11-07 09:12:20,764] - Script::install_py_dlls(): PyInit__ctypes
 DEBUG root [2017-11-07 09:12:20,765] - Script::install_py_dlls(): PyInit__elementtree
 DEBUG root [2017-11-07 09:12:20,815] - Script::install_py_dlls(): PyInit_unicodedata
  INFO root [2017-11-07 09:12:20,846] - Script::install(): is successfully, Python=(3.4.2 (default, Jul  7 2017, 16:13:50) [MSC v.1800 32 bit (Intel)])!
  INFO root [2017-11-07 09:12:20,846] - Script::install(): KBExtra is successfully!
S_INFO root [2017-11-07 09:12:20,848] - onLoginAppReady: bootstrapGroupIndex=0, bootstrapGlobalIndex=0
  INFO root [2017-11-07 09:12:20,848] - TelnetServer server is running on port 31000
  INFO root [2017-11-07 09:12:21,062] - ---- loginapp is running ----
 DEBUG root [2017-11-07 09:12:21,062] - Components::process(): Request for the process of identity...
  WARN root [2017-11-07 09:12:27,232] - Forwarding logs to logger[172.16.4.154:55914/0/0/0]...
 ERROR root [2017-11-07 09:12:52,671] - Components::removeComponentByChannel: logger : 2000, Abnormal exit! errorno=10054
  INFO root [2017-11-07 09:12:52,673] - The following logs sent to logger failed:
  WARN root [2017-11-07 09:12:52,673] - ==> [2017-11-07 09:12:52 670] TCPPacketReceiver::processPendingEvents(172.16.4.154:55914): Throwing REASON_GENERAL_NETWORK - WSAECONNRESET
 ERROR root [2017-11-07 09:12:52,673] - ==> [2017-11-07 09:12:52 671] Components::removeComponentByChannel: logger : 2000, Abnormal exit! errorno=10054
  WARN root [2017-11-07 09:12:52,882] - TCPPacketReceiver::processPendingEvents(172.16.4.154:55915): Throwing REASON_GENERAL_NETWORK - WSAECONNRESET
 ERROR root [2017-11-07 09:12:52,883] - Components::removeComponentByChannel: dbmgr : 4000, Abnormal exit! errorno=10054
  INFO root [2017-11-07 09:12:52,884] - Shutdowner::onShutdownBegin: shutting down(period=0, tickPeriod=1)
S_INFO root [2017-11-07 09:12:52,884] - onLoginAppShutDown()
  INFO root [2017-11-07 09:12:52,884] - Shutdowner::onShutdown: shutting down
  INFO root [2017-11-07 09:12:52,884] - Shutdowner::onShutdownEnd: shutting down
 DEBUG root [2017-11-07 09:12:52,884] - Script::uninstall_py_dlls(): PyInit_pyexpat
 DEBUG root [2017-11-07 09:12:52,885] - Script::uninstall_py_dlls(): PyInit__socket
 DEBUG root [2017-11-07 09:12:52,885] - Script::uninstall_py_dlls(): PyInit__hashlib
 DEBUG root [2017-11-07 09:12:52,885] - Script::uninstall_py_dlls(): PyInit_select
 DEBUG root [2017-11-07 09:12:52,885] - Script::uninstall_py_dlls(): PyInit__ctypes
 DEBUG root [2017-11-07 09:12:52,885] - Script::uninstall_py_dlls(): PyInit__elementtree
 DEBUG root [2017-11-07 09:12:52,885] - Script::uninstall_py_dlls(): PyInit_unicodedata
  INFO root [2017-11-07 09:12:52,895] - Script::uninstall(): is successfully!
 DEBUG root [2017-11-07 09:12:52,895] - ThreadPool::destroy(): starting size 2.
  WARN root [2017-11-07 09:12:53,197] - ThreadPool::destroy(): waiting for thread(2)[0x2105640,0x21059e8,], try=1
 DEBUG root [2017-11-07 09:12:53,598] - TPThread::~TPThread(): 0x2105640
 DEBUG root [2017-11-07 09:12:53,598] - TPThread::~TPThread(): 0x21059e8
 DEBUG root [2017-11-07 09:12:53,598] - ThreadPool::destroy(): successfully!
 DEBUG root [2017-11-07 09:12:53,606] - Bundle::destroyObjPool(): size 13.
 DEBUG root [2017-11-07 09:12:53,606] - Channel::destroyObjPool(): size 15.
 DEBUG root [2017-11-07 09:12:53,606] - TCPPacket::destroyObjPool(): size 12.
 DEBUG root [2017-11-07 09:12:53,606] - UDPPacket::destroyObjPool(): size 1.
 DEBUG root [2017-11-07 09:12:53,606] - EndPoint::destroyObjPool(): size 14.
 DEBUG root [2017-11-07 09:12:53,606] - Address::destroyObjPool(): size 0.
 DEBUG root [2017-11-07 09:12:53,606] - TCPPacketReceiver::destroyObjPool(): size 0.
 DEBUG root [2017-11-07 09:12:53,607] - UDPPacketReceiver::destroyObjPool(): size 0.
  INFO root [2017-11-07 09:12:53,607] - loginapp(9000) has shut down.
  INFO root [2017-11-07 09:12:58,752] - 
  INFO root [2017-11-07 09:12:58,752] - -----------------------------------------------------------------------------------------


  INFO root [2017-11-07 09:12:58,753] - Resmgr::initialize: KBE_ROOT=C:/Users/hyc/Desktop/kbengine/
  INFO root [2017-11-07 09:12:58,753] - Resmgr::initialize: KBE_RES_PATH=C:/Users/hyc/Desktop/kbengine/kbe/res/;C:/Users/hyc/Desktop/kbengine/llgame/;C:/Users/hyc/Desktop/kbengine/llgame/scripts/;C:/Users/hyc/Desktop/kbengine/llgame/res/
  INFO root [2017-11-07 09:12:58,753] - Resmgr::initialize: KBE_BIN_PATH=C:/Users/hyc/Desktop/kbengine/kbe/bin/server/
  INFO root [2017-11-07 09:12:58,754] - NetworkInterface::recreateListeningSocket(EXTERNAL): bound to all interfaces with default route interface on 172.16.4.154 ( 172.16.4.154:20013 )
  INFO root [2017-11-07 09:12:58,755] - NetworkInterface::recreateListeningSocket(EXTERNAL): address 172.16.4.154:20013, SOMAXCONN=128.
  INFO root [2017-11-07 09:12:58,756] - NetworkInterface::recreateListeningSocket(INTERNAL): bound to all interfaces with default route interface on 172.16.4.154 ( 172.16.4.154:55959 )
  INFO root [2017-11-07 09:12:58,757] - NetworkInterface::recreateListeningSocket(INTERNAL): address 172.16.4.154:55959, SOMAXCONN=128.
  INFO root [2017-11-07 09:12:58,757] - server-configs:
  INFO root [2017-11-07 09:12:58,757] - 	internalAddr : 172.16.4.154:55959
  INFO root [2017-11-07 09:12:58,757] - 	externalAddr : 172.16.4.154:20013
  INFO root [2017-11-07 09:12:58,757] - 	componentID : 9000
  INFO root [2017-11-07 09:12:59,205] - ---- loginapp Version: 0.9.12. ScriptVersion: 0.1.0. Protocol: 75C8DA776708D1E89693088467E5A4FB. Config: Debug X86. Built: 16:13:51 Jul  7 2017. AppID: 9000. UID: 1001. PID: 104664 ----
  INFO root [2017-11-07 09:12:59,206] - Server : Intel(R) Core(TM) i5-4590 CPU @ 3.30GHz with 4194303kB RAM
  INFO root [2017-11-07 09:12:59,206] - ThreadPool::createThreadPool: creating  threadpool...
  INFO root [2017-11-07 09:12:59,206] - ThreadPool::createThreadPool: successfully(2), newThreadCount=1, normalMaxThreadCount=2, maxThreadCount=8
 DEBUG root [2017-11-07 09:12:59,334] - Script::install_py_dlls(): PyInit_pyexpat
 DEBUG root [2017-11-07 09:12:59,335] - Script::install_py_dlls(): PyInit__socket
 DEBUG root [2017-11-07 09:12:59,335] - Script::install_py_dlls(): PyInit__hashlib
 DEBUG root [2017-11-07 09:12:59,337] - Script::install_py_dlls(): PyInit_select
 DEBUG root [2017-11-07 09:12:59,337] - Script::install_py_dlls(): PyInit__ctypes
 DEBUG root [2017-11-07 09:12:59,337] - Script::install_py_dlls(): PyInit__elementtree
 DEBUG root [2017-11-07 09:12:59,369] - Script::install_py_dlls(): PyInit_unicodedata
  INFO root [2017-11-07 09:12:59,400] - Script::install(): is successfully, Python=(3.4.2 (default, Jul  7 2017, 16:13:50) [MSC v.1800 32 bit (Intel)])!
  INFO root [2017-11-07 09:12:59,400] - Script::install(): KBExtra is successfully!
S_INFO root [2017-11-07 09:12:59,402] - onLoginAppReady: bootstrapGroupIndex=0, bootstrapGlobalIndex=0
  INFO root [2017-11-07 09:12:59,402] - TelnetServer server is running on port 31000
  INFO root [2017-11-07 09:12:59,620] - ---- loginapp is running ----
 DEBUG root [2017-11-07 09:12:59,620] - Components::process(): Request for the process of identity...
  INFO root [2017-11-07 09:13:06,803] - Components::findComponents: find logger(1)...
  INFO root [2017-11-07 09:13:06,895] - Components::findComponents: found logger, addr:172.16.4.154:55953
  INFO root [2017-11-07 09:13:06,895] - Components::addComponent: reset orderLog, uid=1001!
  INFO root [2017-11-07 09:13:06,895] - Components::addComponent[logger], uid=1001, componentID=2000, globalorderid=1, grouporderid=1, totalcount=1
  INFO root [2017-11-07 09:13:06,896] - Components::findComponents: find dbmgr(2)...
  INFO root [2017-11-07 09:13:07,010] - Components::findComponents: found dbmgr, addr:172.16.4.154:55954
  INFO root [2017-11-07 09:13:07,011] - Components::addComponent: reset orderLog, uid=1001!
  INFO root [2017-11-07 09:13:07,012] - Components::addComponent[dbmgr], uid=1001, componentID=4000, globalorderid=1, grouporderid=1, totalcount=1
  INFO root [2017-11-07 09:13:07,012] - Components::findComponents: found dbmgr, addr:172.16.4.154:55954
  WARN root [2017-11-07 09:13:08,012] - Forwarding logs to logger[172.16.4.154:55953/0/0/0]...
 ERROR root [2017-11-07 09:13:47,061] - Components::removeComponentByChannel: logger : 2000, Abnormal exit! errorno=10054
  INFO root [2017-11-07 09:13:47,071] - The following logs sent to logger failed:
  WARN root [2017-11-07 09:13:47,071] - ==> [2017-11-07 09:13:47 056] TCPPacketReceiver::processPendingEvents(172.16.4.154:55953): Throwing REASON_GENERAL_NETWORK - WSAECONNRESET
 ERROR root [2017-11-07 09:13:47,071] - ==> [2017-11-07 09:13:47 061] Components::removeComponentByChannel: logger : 2000, Abnormal exit! errorno=10054
  WARN root [2017-11-07 09:13:47,272] - TCPPacketReceiver::processPendingEvents(172.16.4.154:55954): Throwing REASON_GENERAL_NETWORK - WSAECONNRESET
 ERROR root [2017-11-07 09:13:47,275] - Components::removeComponentByChannel: dbmgr : 4000, Abnormal exit! errorno=10054
  INFO root [2017-11-07 09:13:47,277] - Shutdowner::onShutdownBegin: shutting down(period=0, tickPeriod=1)
S_INFO root [2017-11-07 09:13:47,284] - onLoginAppShutDown()
  INFO root [2017-11-07 09:13:47,284] - Shutdowner::onShutdown: shutting down
  INFO root [2017-11-07 09:13:47,285] - Shutdowner::onShutdownEnd: shutting down
 DEBUG root [2017-11-07 09:13:47,285] - Script::uninstall_py_dlls(): PyInit_pyexpat
 DEBUG root [2017-11-07 09:13:47,285] - Script::uninstall_py_dlls(): PyInit__socket
 DEBUG root [2017-11-07 09:13:47,285] - Script::uninstall_py_dlls(): PyInit__hashlib
 DEBUG root [2017-11-07 09:13:47,285] - Script::uninstall_py_dlls(): PyInit_select
 DEBUG root [2017-11-07 09:13:47,285] - Script::uninstall_py_dlls(): PyInit__ctypes
 DEBUG root [2017-11-07 09:13:47,285] - Script::uninstall_py_dlls(): PyInit__elementtree
 DEBUG root [2017-11-07 09:13:47,285] - Script::uninstall_py_dlls(): PyInit_unicodedata
  INFO root [2017-11-07 09:13:47,293] - Script::uninstall(): is successfully!
 DEBUG root [2017-11-07 09:13:47,293] - ThreadPool::destroy(): starting size 2.
  WARN root [2017-11-07 09:13:47,594] - ThreadPool::destroy(): waiting for thread(2)[0x975b80,0x975be8,], try=1
 DEBUG root [2017-11-07 09:13:47,996] - TPThread::~TPThread(): 0x975b80
 DEBUG root [2017-11-07 09:13:47,996] - TPThread::~TPThread(): 0x975be8
 DEBUG root [2017-11-07 09:13:47,996] - ThreadPool::destroy(): successfully!
 DEBUG root [2017-11-07 09:13:48,005] - Bundle::destroyObjPool(): size 29.
 DEBUG root [2017-11-07 09:13:48,005] - Channel::destroyObjPool(): size 15.
 DEBUG root [2017-11-07 09:13:48,005] - TCPPacket::destroyObjPool(): size 12.
 DEBUG root [2017-11-07 09:13:48,005] - UDPPacket::destroyObjPool(): size 0.
 DEBUG root [2017-11-07 09:13:48,005] - EndPoint::destroyObjPool(): size 14.
 DEBUG root [2017-11-07 09:13:48,005] - Address::destroyObjPool(): size 0.
 DEBUG root [2017-11-07 09:13:48,005] - TCPPacketReceiver::destroyObjPool(): size 0.
 DEBUG root [2017-11-07 09:13:48,005] - UDPPacketReceiver::destroyObjPool(): size 0.
  INFO root [2017-11-07 09:13:48,005] - loginapp(9000) has shut down.
  INFO root [2017-11-07 09:13:54,029] - 
  INFO root [2017-11-07 09:13:54,031] - -----------------------------------------------------------------------------------------


  INFO root [2017-11-07 09:13:54,031] - Resmgr::initialize: KBE_ROOT=C:/Users/hyc/Desktop/kbengine/
  INFO root [2017-11-07 09:13:54,031] - Resmgr::initialize: KBE_RES_PATH=C:/Users/hyc/Desktop/kbengine/kbe/res/;C:/Users/hyc/Desktop/kbengine/llgame/;C:/Users/hyc/Desktop/kbengine/llgame/scripts/;C:/Users/hyc/Desktop/kbengine/llgame/res/
  INFO root [2017-11-07 09:13:54,032] - Resmgr::initialize: KBE_BIN_PATH=C:/Users/hyc/Desktop/kbengine/kbe/bin/server/
  INFO root [2017-11-07 09:13:54,037] - NetworkInterface::recreateListeningSocket(EXTERNAL): bound to all interfaces with default route interface on 172.16.4.154 ( 172.16.4.154:20013 )
  INFO root [2017-11-07 09:13:54,037] - NetworkInterface::recreateListeningSocket(EXTERNAL): address 172.16.4.154:20013, SOMAXCONN=128.
  INFO root [2017-11-07 09:13:54,039] - NetworkInterface::recreateListeningSocket(INTERNAL): bound to all interfaces with default route interface on 172.16.4.154 ( 172.16.4.154:55992 )
  INFO root [2017-11-07 09:13:54,040] - NetworkInterface::recreateListeningSocket(INTERNAL): address 172.16.4.154:55992, SOMAXCONN=128.
  INFO root [2017-11-07 09:13:54,040] - server-configs:
  INFO root [2017-11-07 09:13:54,041] - 	internalAddr : 172.16.4.154:55992
  INFO root [2017-11-07 09:13:54,041] - 	externalAddr : 172.16.4.154:20013
  INFO root [2017-11-07 09:13:54,041] - 	componentID : 9000
  WARN root [2017-11-07 09:13:54,740] - BundleBroadcast::BundleBroadcast: Cannot bind to port 20277, errorno=10048
  INFO root [2017-11-07 09:13:54,743] - ---- loginapp Version: 0.9.12. ScriptVersion: 0.1.0. Protocol: 75C8DA776708D1E89693088467E5A4FB. Config: Debug X86. Built: 16:13:51 Jul  7 2017. AppID: 9000. UID: 1001. PID: 105468 ----
  INFO root [2017-11-07 09:13:54,744] - Server : Intel(R) Core(TM) i5-4590 CPU @ 3.30GHz with 4194303kB RAM
  INFO root [2017-11-07 09:13:54,744] - ThreadPool::createThreadPool: creating  threadpool...
  INFO root [2017-11-07 09:13:54,744] - ThreadPool::createThreadPool: successfully(2), newThreadCount=1, normalMaxThreadCount=2, maxThreadCount=8
 DEBUG root [2017-11-07 09:13:54,871] - Script::install_py_dlls(): PyInit_pyexpat
 DEBUG root [2017-11-07 09:13:54,872] - Script::install_py_dlls(): PyInit__socket
 DEBUG root [2017-11-07 09:13:54,872] - Script::install_py_dlls(): PyInit__hashlib
 DEBUG root [2017-11-07 09:13:54,874] - Script::install_py_dlls(): PyInit_select
 DEBUG root [2017-11-07 09:13:54,874] - Script::install_py_dlls(): PyInit__ctypes
 DEBUG root [2017-11-07 09:13:54,874] - Script::install_py_dlls(): PyInit__elementtree
 DEBUG root [2017-11-07 09:13:54,907] - Script::install_py_dlls(): PyInit_unicodedata
  INFO root [2017-11-07 09:13:54,937] - Script::install(): is successfully, Python=(3.4.2 (default, Jul  7 2017, 16:13:50) [MSC v.1800 32 bit (Intel)])!
  INFO root [2017-11-07 09:13:54,937] - Script::install(): KBExtra is successfully!
S_INFO root [2017-11-07 09:13:54,939] - onLoginAppReady: bootstrapGroupIndex=0, bootstrapGlobalIndex=0
  INFO root [2017-11-07 09:13:54,940] - TelnetServer server is running on port 31000
  INFO root [2017-11-07 09:13:55,160] - ---- loginapp is running ----
 DEBUG root [2017-11-07 09:13:55,160] - Components::process(): Request for the process of identity...
  INFO root [2017-11-07 09:14:02,336] - Components::findComponents: find logger(1)...
  INFO root [2017-11-07 09:14:02,441] - Components::findComponents: found logger, addr:172.16.4.154:55986
  INFO root [2017-11-07 09:14:02,441] - Components::addComponent: reset orderLog, uid=1001!
  INFO root [2017-11-07 09:14:02,441] - Components::addComponent[logger], uid=1001, componentID=2000, globalorderid=1, grouporderid=1, totalcount=1
  INFO root [2017-11-07 09:14:02,442] - Components::findComponents: find dbmgr(2)...
  INFO root [2017-11-07 09:14:02,560] - Components::findComponents: found dbmgr, addr:172.16.4.154:55989
  INFO root [2017-11-07 09:14:02,560] - Components::addComponent: reset orderLog, uid=1001!
  INFO root [2017-11-07 09:14:02,560] - Components::addComponent[dbmgr], uid=1001, componentID=4000, globalorderid=1, grouporderid=1, totalcount=1
  INFO root [2017-11-07 09:14:02,560] - Components::findComponents: found dbmgr, addr:172.16.4.154:55989
  WARN root [2017-11-07 09:14:03,561] - Forwarding logs to logger[172.16.4.154:55986/0/0/0]...
 ERROR root [2017-11-07 10:37:56,406] - Components::removeComponentByChannel: logger : 2000, Abnormal exit! errorno=10054
  INFO root [2017-11-07 10:37:56,420] - The following logs sent to logger failed:
  WARN root [2017-11-07 10:37:56,421] - ==> [2017-11-07 10:37:56 405] TCPPacketReceiver::processPendingEvents(172.16.4.154:55986): Throwing REASON_GENERAL_NETWORK - WSAECONNRESET
 ERROR root [2017-11-07 10:37:56,421] - ==> [2017-11-07 10:37:56 406] Components::removeComponentByChannel: logger : 2000, Abnormal exit! errorno=10054
  WARN root [2017-11-07 10:37:56,615] - TCPPacketReceiver::processPendingEvents(172.16.4.154:55989): Throwing REASON_GENERAL_NETWORK - WSAECONNRESET
 ERROR root [2017-11-07 10:37:56,618] - Components::removeComponentByChannel: dbmgr : 4000, Abnormal exit! errorno=10054
  INFO root [2017-11-07 10:37:56,624] - Shutdowner::onShutdownBegin: shutting down(period=0, tickPeriod=1)
S_INFO root [2017-11-07 10:37:56,631] - onLoginAppShutDown()
  INFO root [2017-11-07 10:37:56,631] - Shutdowner::onShutdown: shutting down
  INFO root [2017-11-07 10:37:56,631] - Shutdowner::onShutdownEnd: shutting down
 DEBUG root [2017-11-07 10:37:56,632] - Script::uninstall_py_dlls(): PyInit_pyexpat
 DEBUG root [2017-11-07 10:37:56,632] - Script::uninstall_py_dlls(): PyInit__socket
 DEBUG root [2017-11-07 10:37:56,632] - Script::uninstall_py_dlls(): PyInit__hashlib
 DEBUG root [2017-11-07 10:37:56,632] - Script::uninstall_py_dlls(): PyInit_select
 DEBUG root [2017-11-07 10:37:56,632] - Script::uninstall_py_dlls(): PyInit__ctypes
 DEBUG root [2017-11-07 10:37:56,632] - Script::uninstall_py_dlls(): PyInit__elementtree
 DEBUG root [2017-11-07 10:37:56,632] - Script::uninstall_py_dlls(): PyInit_unicodedata
  INFO root [2017-11-07 10:37:56,640] - Script::uninstall(): is successfully!
 DEBUG root [2017-11-07 10:37:56,640] - ThreadPool::destroy(): starting size 2.
  WARN root [2017-11-07 10:37:56,941] - ThreadPool::destroy(): waiting for thread(2)[0x21b5090,0x21b50f8,], try=1
 DEBUG root [2017-11-07 10:37:57,342] - TPThread::~TPThread(): 0x21b5090
 DEBUG root [2017-11-07 10:37:57,342] - TPThread::~TPThread(): 0x21b50f8
 DEBUG root [2017-11-07 10:37:57,342] - ThreadPool::destroy(): successfully!
 DEBUG root [2017-11-07 10:37:57,350] - Bundle::destroyObjPool(): size 13.
 DEBUG root [2017-11-07 10:37:57,350] - Channel::destroyObjPool(): size 15.
 DEBUG root [2017-11-07 10:37:57,350] - TCPPacket::destroyObjPool(): size 1.
 DEBUG root [2017-11-07 10:37:57,350] - UDPPacket::destroyObjPool(): size 1.
 DEBUG root [2017-11-07 10:37:57,350] - EndPoint::destroyObjPool(): size 14.
 DEBUG root [2017-11-07 10:37:57,350] - Address::destroyObjPool(): size 0.
 DEBUG root [2017-11-07 10:37:57,351] - TCPPacketReceiver::destroyObjPool(): size 0.
 DEBUG root [2017-11-07 10:37:57,351] - UDPPacketReceiver::destroyObjPool(): size 0.
  INFO root [2017-11-07 10:37:57,351] - loginapp(9000) has shut down.
  INFO root [2017-11-07 10:38:02,435] - 
  INFO root [2017-11-07 10:38:02,435] - -----------------------------------------------------------------------------------------


  INFO root [2017-11-07 10:38:02,436] - Resmgr::initialize: KBE_ROOT=C:/Users/hyc/Desktop/kbengine/
  INFO root [2017-11-07 10:38:02,436] - Resmgr::initialize: KBE_RES_PATH=C:/Users/hyc/Desktop/kbengine/kbe/res/;C:/Users/hyc/Desktop/kbengine/llgame/;C:/Users/hyc/Desktop/kbengine/llgame/scripts/;C:/Users/hyc/Desktop/kbengine/llgame/res/
  INFO root [2017-11-07 10:38:02,436] - Resmgr::initialize: KBE_BIN_PATH=C:/Users/hyc/Desktop/kbengine/kbe/bin/server/
  INFO root [2017-11-07 10:38:02,437] - NetworkInterface::recreateListeningSocket(EXTERNAL): bound to all interfaces with default route interface on 172.16.4.154 ( 172.16.4.154:20013 )
  INFO root [2017-11-07 10:38:02,438] - NetworkInterface::recreateListeningSocket(EXTERNAL): address 172.16.4.154:20013, SOMAXCONN=128.
  INFO root [2017-11-07 10:38:02,439] - NetworkInterface::recreateListeningSocket(INTERNAL): bound to all interfaces with default route interface on 172.16.4.154 ( 172.16.4.154:56334 )
  INFO root [2017-11-07 10:38:02,440] - NetworkInterface::recreateListeningSocket(INTERNAL): address 172.16.4.154:56334, SOMAXCONN=128.
  INFO root [2017-11-07 10:38:02,440] - server-configs:
  INFO root [2017-11-07 10:38:02,440] - 	internalAddr : 172.16.4.154:56334
  INFO root [2017-11-07 10:38:02,440] - 	externalAddr : 172.16.4.154:20013
  INFO root [2017-11-07 10:38:02,440] - 	componentID : 9000
  INFO root [2017-11-07 10:38:02,847] - Components::findLogger: found logger, addr:172.16.4.154:56329
  INFO root [2017-11-07 10:38:02,847] - Components::addComponent: reset orderLog, uid=1001!
  INFO root [2017-11-07 10:38:02,848] - Components::addComponent[logger], uid=1001, componentID=2000, globalorderid=1, grouporderid=1, totalcount=1
  INFO root [2017-11-07 10:38:02,852] - ---- loginapp Version: 0.9.12. ScriptVersion: 0.1.0. Protocol: 75C8DA776708D1E89693088467E5A4FB. Config: Debug X86. Built: 16:13:51 Jul  7 2017. AppID: 9000. UID: 1001. PID: 104788 ----
  INFO root [2017-11-07 10:38:02,852] - Server : Intel(R) Core(TM) i5-4590 CPU @ 3.30GHz with 4194303kB RAM
  INFO root [2017-11-07 10:38:02,852] - ThreadPool::createThreadPool: creating  threadpool...
  INFO root [2017-11-07 10:38:02,852] - ThreadPool::createThreadPool: successfully(2), newThreadCount=1, normalMaxThreadCount=2, maxThreadCount=8
 DEBUG root [2017-11-07 10:38:02,979] - Script::install_py_dlls(): PyInit_pyexpat
 DEBUG root [2017-11-07 10:38:02,979] - Script::install_py_dlls(): PyInit__socket
 DEBUG root [2017-11-07 10:38:02,980] - Script::install_py_dlls(): PyInit__hashlib
 DEBUG root [2017-11-07 10:38:02,981] - Script::install_py_dlls(): PyInit_select
 DEBUG root [2017-11-07 10:38:02,981] - Script::install_py_dlls(): PyInit__ctypes
 DEBUG root [2017-11-07 10:38:02,982] - Script::install_py_dlls(): PyInit__elementtree
 DEBUG root [2017-11-07 10:38:03,019] - Script::install_py_dlls(): PyInit_unicodedata
  INFO root [2017-11-07 10:38:03,050] - Script::install(): is successfully, Python=(3.4.2 (default, Jul  7 2017, 16:13:50) [MSC v.1800 32 bit (Intel)])!
  INFO root [2017-11-07 10:38:03,051] - Script::install(): KBExtra is successfully!
S_INFO root [2017-11-07 10:38:03,053] - onLoginAppReady: bootstrapGroupIndex=0, bootstrapGlobalIndex=0
  INFO root [2017-11-07 10:38:03,053] - TelnetServer server is running on port 31000
  INFO root [2017-11-07 10:38:03,266] - ---- loginapp is running ----
 DEBUG root [2017-11-07 10:38:03,267] - Components::process(): Request for the process of identity...
  WARN root [2017-11-07 10:38:09,430] - Forwarding logs to logger[172.16.4.154:56329/0/0/0]...
 ERROR root [2017-11-07 11:52:13,920] - Components::removeComponentByChannel: logger : 2000, Abnormal exit! errorno=10054
  INFO root [2017-11-07 11:52:13,924] - The following logs sent to logger failed:
  WARN root [2017-11-07 11:52:13,924] - ==> [2017-11-07 11:52:13 919] TCPPacketReceiver::processPendingEvents(172.16.4.154:56329): Throwing REASON_GENERAL_NETWORK - WSAECONNRESET
 ERROR root [2017-11-07 11:52:13,924] - ==> [2017-11-07 11:52:13 921] Components::removeComponentByChannel: logger : 2000, Abnormal exit! errorno=10054
  WARN root [2017-11-07 11:52:14,132] - TCPPacketReceiver::processPendingEvents(172.16.4.154:56331): Throwing REASON_GENERAL_NETWORK - WSAECONNRESET
 ERROR root [2017-11-07 11:52:14,134] - Components::removeComponentByChannel: dbmgr : 4000, Abnormal exit! errorno=10054
  INFO root [2017-11-07 11:52:14,145] - Shutdowner::onShutdownBegin: shutting down(period=0, tickPeriod=1)
S_INFO root [2017-11-07 11:52:14,145] - onLoginAppShutDown()
  INFO root [2017-11-07 11:52:14,146] - Shutdowner::onShutdown: shutting down
  INFO root [2017-11-07 11:52:14,146] - Shutdowner::onShutdownEnd: shutting down
 DEBUG root [2017-11-07 11:52:14,146] - Script::uninstall_py_dlls(): PyInit_pyexpat
 DEBUG root [2017-11-07 11:52:14,146] - Script::uninstall_py_dlls(): PyInit__socket
 DEBUG root [2017-11-07 11:52:14,146] - Script::uninstall_py_dlls(): PyInit__hashlib
 DEBUG root [2017-11-07 11:52:14,146] - Script::uninstall_py_dlls(): PyInit_select
 DEBUG root [2017-11-07 11:52:14,146] - Script::uninstall_py_dlls(): PyInit__ctypes
 DEBUG root [2017-11-07 11:52:14,146] - Script::uninstall_py_dlls(): PyInit__elementtree
 DEBUG root [2017-11-07 11:52:14,146] - Script::uninstall_py_dlls(): PyInit_unicodedata
  INFO root [2017-11-07 11:52:14,156] - Script::uninstall(): is successfully!
 DEBUG root [2017-11-07 11:52:14,156] - ThreadPool::destroy(): starting size 2.
  WARN root [2017-11-07 11:52:14,457] - ThreadPool::destroy(): waiting for thread(2)[0x1ee51c8,0x1ee5a50,], try=1
 DEBUG root [2017-11-07 11:52:14,858] - TPThread::~TPThread(): 0x1ee51c8
 DEBUG root [2017-11-07 11:52:14,858] - TPThread::~TPThread(): 0x1ee5a50
 DEBUG root [2017-11-07 11:52:14,858] - ThreadPool::destroy(): successfully!
 DEBUG root [2017-11-07 11:52:14,866] - Bundle::destroyObjPool(): size 13.
 DEBUG root [2017-11-07 11:52:14,866] - Channel::destroyObjPool(): size 15.
 DEBUG root [2017-11-07 11:52:14,866] - TCPPacket::destroyObjPool(): size 1.
 DEBUG root [2017-11-07 11:52:14,867] - UDPPacket::destroyObjPool(): size 1.
 DEBUG root [2017-11-07 11:52:14,867] - EndPoint::destroyObjPool(): size 14.
 DEBUG root [2017-11-07 11:52:14,867] - Address::destroyObjPool(): size 0.
 DEBUG root [2017-11-07 11:52:14,867] - TCPPacketReceiver::destroyObjPool(): size 0.
 DEBUG root [2017-11-07 11:52:14,867] - UDPPacketReceiver::destroyObjPool(): size 0.
  INFO root [2017-11-07 11:52:14,867] - loginapp(9000) has shut down.
  INFO root [2017-11-07 11:52:20,767] - 
  INFO root [2017-11-07 11:52:20,767] - -----------------------------------------------------------------------------------------


  INFO root [2017-11-07 11:52:20,767] - Resmgr::initialize: KBE_ROOT=C:/Users/hyc/Desktop/kbengine/
  INFO root [2017-11-07 11:52:20,768] - Resmgr::initialize: KBE_RES_PATH=C:/Users/hyc/Desktop/kbengine/kbe/res/;C:/Users/hyc/Desktop/kbengine/llgame/;C:/Users/hyc/Desktop/kbengine/llgame/scripts/;C:/Users/hyc/Desktop/kbengine/llgame/res/
  INFO root [2017-11-07 11:52:20,768] - Resmgr::initialize: KBE_BIN_PATH=C:/Users/hyc/Desktop/kbengine/kbe/bin/server/
  INFO root [2017-11-07 11:52:20,769] - NetworkInterface::recreateListeningSocket(EXTERNAL): bound to all interfaces with default route interface on 172.16.4.154 ( 172.16.4.154:20013 )
  INFO root [2017-11-07 11:52:20,770] - NetworkInterface::recreateListeningSocket(EXTERNAL): address 172.16.4.154:20013, SOMAXCONN=128.
  INFO root [2017-11-07 11:52:20,771] - NetworkInterface::recreateListeningSocket(INTERNAL): bound to all interfaces with default route interface on 172.16.4.154 ( 172.16.4.154:56660 )
  INFO root [2017-11-07 11:52:20,772] - NetworkInterface::recreateListeningSocket(INTERNAL): address 172.16.4.154:56660, SOMAXCONN=128.
  INFO root [2017-11-07 11:52:20,772] - server-configs:
  INFO root [2017-11-07 11:52:20,772] - 	internalAddr : 172.16.4.154:56660
  INFO root [2017-11-07 11:52:20,772] - 	externalAddr : 172.16.4.154:20013
  INFO root [2017-11-07 11:52:20,772] - 	componentID : 9000
  INFO root [2017-11-07 11:52:21,215] - Components::findLogger: found logger, addr:172.16.4.154:56654
  INFO root [2017-11-07 11:52:21,215] - Components::addComponent: reset orderLog, uid=1001!
  INFO root [2017-11-07 11:52:21,215] - Components::addComponent[logger], uid=1001, componentID=2000, globalorderid=1, grouporderid=1, totalcount=1
  INFO root [2017-11-07 11:52:21,219] - ---- loginapp Version: 0.9.12. ScriptVersion: 0.1.0. Protocol: 75C8DA776708D1E89693088467E5A4FB. Config: Debug X86. Built: 16:13:51 Jul  7 2017. AppID: 9000. UID: 1001. PID: 105320 ----
  INFO root [2017-11-07 11:52:21,220] - Server : Intel(R) Core(TM) i5-4590 CPU @ 3.30GHz with 4194303kB RAM
  INFO root [2017-11-07 11:52:21,220] - ThreadPool::createThreadPool: creating  threadpool...
  INFO root [2017-11-07 11:52:21,220] - ThreadPool::createThreadPool: successfully(2), newThreadCount=1, normalMaxThreadCount=2, maxThreadCount=8
 DEBUG root [2017-11-07 11:52:21,346] - Script::install_py_dlls(): PyInit_pyexpat
 DEBUG root [2017-11-07 11:52:21,346] - Script::install_py_dlls(): PyInit__socket
 DEBUG root [2017-11-07 11:52:21,347] - Script::install_py_dlls(): PyInit__hashlib
 DEBUG root [2017-11-07 11:52:21,348] - Script::install_py_dlls(): PyInit_select
 DEBUG root [2017-11-07 11:52:21,348] - Script::install_py_dlls(): PyInit__ctypes
 DEBUG root [2017-11-07 11:52:21,349] - Script::install_py_dlls(): PyInit__elementtree
 DEBUG root [2017-11-07 11:52:21,380] - Script::install_py_dlls(): PyInit_unicodedata
  INFO root [2017-11-07 11:52:21,411] - Script::install(): is successfully, Python=(3.4.2 (default, Jul  7 2017, 16:13:50) [MSC v.1800 32 bit (Intel)])!
  INFO root [2017-11-07 11:52:21,412] - Script::install(): KBExtra is successfully!
S_INFO root [2017-11-07 11:52:21,414] - onLoginAppReady: bootstrapGroupIndex=0, bootstrapGlobalIndex=0
  INFO root [2017-11-07 11:52:21,414] - TelnetServer server is running on port 31000
  INFO root [2017-11-07 11:52:21,626] - ---- loginapp is running ----
 DEBUG root [2017-11-07 11:52:21,626] - Components::process(): Request for the process of identity...
  WARN root [2017-11-07 11:52:27,763] - Forwarding logs to logger[172.16.4.154:56654/0/0/0]...
 ERROR root [2017-11-07 14:26:50,909] - Components::removeComponentByChannel: logger : 2000, Abnormal exit! errorno=10054
  INFO root [2017-11-07 14:26:50,910] - The following logs sent to logger failed:
  WARN root [2017-11-07 14:26:50,911] - ==> [2017-11-07 14:26:50 909] TCPPacketReceiver::processPendingEvents(172.16.4.154:56654): Throwing REASON_GENERAL_NETWORK - WSAECONNRESET
 ERROR root [2017-11-07 14:26:50,911] - ==> [2017-11-07 14:26:50 909] Components::removeComponentByChannel: logger : 2000, Abnormal exit! errorno=10054
  WARN root [2017-11-07 14:26:51,182] - TCPPacketReceiver::processPendingEvents(172.16.4.154:56655): Throwing REASON_GENERAL_NETWORK - WSAECONNRESET
 ERROR root [2017-11-07 14:26:51,182] - Components::removeComponentByChannel: dbmgr : 4000, Abnormal exit! errorno=10054
  INFO root [2017-11-07 14:26:51,183] - Shutdowner::onShutdownBegin: shutting down(period=0, tickPeriod=1)
S_INFO root [2017-11-07 14:26:51,185] - onLoginAppShutDown()
  INFO root [2017-11-07 14:26:51,185] - Shutdowner::onShutdown: shutting down
  INFO root [2017-11-07 14:26:51,185] - Shutdowner::onShutdownEnd: shutting down
 DEBUG root [2017-11-07 14:26:51,186] - Script::uninstall_py_dlls(): PyInit_pyexpat
 DEBUG root [2017-11-07 14:26:51,186] - Script::uninstall_py_dlls(): PyInit__socket
 DEBUG root [2017-11-07 14:26:51,186] - Script::uninstall_py_dlls(): PyInit__hashlib
 DEBUG root [2017-11-07 14:26:51,186] - Script::uninstall_py_dlls(): PyInit_select
 DEBUG root [2017-11-07 14:26:51,186] - Script::uninstall_py_dlls(): PyInit__ctypes
 DEBUG root [2017-11-07 14:26:51,186] - Script::uninstall_py_dlls(): PyInit__elementtree
 DEBUG root [2017-11-07 14:26:51,186] - Script::uninstall_py_dlls(): PyInit_unicodedata
  INFO root [2017-11-07 14:26:51,197] - Script::uninstall(): is successfully!
 DEBUG root [2017-11-07 14:26:51,197] - ThreadPool::destroy(): starting size 2.
  WARN root [2017-11-07 14:26:51,499] - ThreadPool::destroy(): waiting for thread(2)[0x20a5160,0x20a5710,], try=1
 DEBUG root [2017-11-07 14:26:51,900] - TPThread::~TPThread(): 0x20a5160
 DEBUG root [2017-11-07 14:26:51,900] - TPThread::~TPThread(): 0x20a5710
 DEBUG root [2017-11-07 14:26:51,900] - ThreadPool::destroy(): successfully!
 DEBUG root [2017-11-07 14:26:51,908] - Bundle::destroyObjPool(): size 13.
 DEBUG root [2017-11-07 14:26:51,908] - Channel::destroyObjPool(): size 15.
 DEBUG root [2017-11-07 14:26:51,908] - TCPPacket::destroyObjPool(): size 1.
 DEBUG root [2017-11-07 14:26:51,909] - UDPPacket::destroyObjPool(): size 2.
 DEBUG root [2017-11-07 14:26:51,909] - EndPoint::destroyObjPool(): size 14.
 DEBUG root [2017-11-07 14:26:51,909] - Address::destroyObjPool(): size 0.
 DEBUG root [2017-11-07 14:26:51,909] - TCPPacketReceiver::destroyObjPool(): size 0.
 DEBUG root [2017-11-07 14:26:51,909] - UDPPacketReceiver::destroyObjPool(): size 0.
  INFO root [2017-11-07 14:26:51,909] - loginapp(9000) has shut down.
  INFO root [2017-11-07 14:26:57,910] - 
  INFO root [2017-11-07 14:26:57,910] - -----------------------------------------------------------------------------------------


  INFO root [2017-11-07 14:26:57,911] - Resmgr::initialize: KBE_ROOT=C:/Users/hyc/Desktop/kbengine/
  INFO root [2017-11-07 14:26:57,911] - Resmgr::initialize: KBE_RES_PATH=C:/Users/hyc/Desktop/kbengine/kbe/res/;C:/Users/hyc/Desktop/kbengine/llgame/;C:/Users/hyc/Desktop/kbengine/llgame/scripts/;C:/Users/hyc/Desktop/kbengine/llgame/res/
  INFO root [2017-11-07 14:26:57,911] - Resmgr::initialize: KBE_BIN_PATH=C:/Users/hyc/Desktop/kbengine/kbe/bin/server/
  INFO root [2017-11-07 14:26:57,913] - NetworkInterface::recreateListeningSocket(EXTERNAL): bound to all interfaces with default route interface on 172.16.4.154 ( 172.16.4.154:20013 )
  INFO root [2017-11-07 14:26:57,914] - NetworkInterface::recreateListeningSocket(EXTERNAL): address 172.16.4.154:20013, SOMAXCONN=128.
  INFO root [2017-11-07 14:26:57,915] - NetworkInterface::recreateListeningSocket(INTERNAL): bound to all interfaces with default route interface on 172.16.4.154 ( 172.16.4.154:57861 )
  INFO root [2017-11-07 14:26:57,916] - NetworkInterface::recreateListeningSocket(INTERNAL): address 172.16.4.154:57861, SOMAXCONN=128.
  INFO root [2017-11-07 14:26:57,916] - server-configs:
  INFO root [2017-11-07 14:26:57,916] - 	internalAddr : 172.16.4.154:57861
  INFO root [2017-11-07 14:26:57,916] - 	externalAddr : 172.16.4.154:20013
  INFO root [2017-11-07 14:26:57,916] - 	componentID : 9000
  INFO root [2017-11-07 14:26:58,305] - Components::findLogger: found logger, addr:172.16.4.154:57855
  INFO root [2017-11-07 14:26:58,305] - Components::addComponent: reset orderLog, uid=1001!
  INFO root [2017-11-07 14:26:58,305] - Components::addComponent[logger], uid=1001, componentID=2000, globalorderid=1, grouporderid=1, totalcount=1
  INFO root [2017-11-07 14:26:58,309] - ---- loginapp Version: 0.9.12. ScriptVersion: 0.1.0. Protocol: 75C8DA776708D1E89693088467E5A4FB. Config: Debug X86. Built: 16:13:51 Jul  7 2017. AppID: 9000. UID: 1001. PID: 106632 ----
  INFO root [2017-11-07 14:26:58,309] - Server : Intel(R) Core(TM) i5-4590 CPU @ 3.30GHz with 4194303kB RAM
  INFO root [2017-11-07 14:26:58,310] - ThreadPool::createThreadPool: creating  threadpool...
  INFO root [2017-11-07 14:26:58,310] - ThreadPool::createThreadPool: successfully(2), newThreadCount=1, normalMaxThreadCount=2, maxThreadCount=8
 DEBUG root [2017-11-07 14:26:58,438] - Script::install_py_dlls(): PyInit_pyexpat
 DEBUG root [2017-11-07 14:26:58,438] - Script::install_py_dlls(): PyInit__socket
 DEBUG root [2017-11-07 14:26:58,438] - Script::install_py_dlls(): PyInit__hashlib
 DEBUG root [2017-11-07 14:26:58,440] - Script::install_py_dlls(): PyInit_select
 DEBUG root [2017-11-07 14:26:58,440] - Script::install_py_dlls(): PyInit__ctypes
 DEBUG root [2017-11-07 14:26:58,441] - Script::install_py_dlls(): PyInit__elementtree
 DEBUG root [2017-11-07 14:26:58,475] - Script::install_py_dlls(): PyInit_unicodedata
  INFO root [2017-11-07 14:26:58,507] - Script::install(): is successfully, Python=(3.4.2 (default, Jul  7 2017, 16:13:50) [MSC v.1800 32 bit (Intel)])!
  INFO root [2017-11-07 14:26:58,507] - Script::install(): KBExtra is successfully!
S_INFO root [2017-11-07 14:26:58,509] - onLoginAppReady: bootstrapGroupIndex=0, bootstrapGlobalIndex=0
  INFO root [2017-11-07 14:26:58,510] - TelnetServer server is running on port 31000
  INFO root [2017-11-07 14:26:58,751] - ---- loginapp is running ----
 DEBUG root [2017-11-07 14:26:58,752] - Components::process(): Request for the process of identity...
  WARN root [2017-11-07 14:27:04,951] - Forwarding logs to logger[172.16.4.154:57855/0/0/0]...
 ERROR root [2017-11-07 14:38:56,231] - Components::removeComponentByChannel: logger : 2000, Abnormal exit! errorno=10054
  INFO root [2017-11-07 14:38:56,240] - The following logs sent to logger failed:
  WARN root [2017-11-07 14:38:56,240] - ==> [2017-11-07 14:38:56 231] TCPPacketReceiver::processPendingEvents(172.16.4.154:57855): Throwing REASON_GENERAL_NETWORK - WSAECONNRESET
 ERROR root [2017-11-07 14:38:56,240] - ==> [2017-11-07 14:38:56 231] Components::removeComponentByChannel: logger : 2000, Abnormal exit! errorno=10054
  WARN root [2017-11-07 14:38:56,444] - TCPPacketReceiver::processPendingEvents(172.16.4.154:57858): Throwing REASON_GENERAL_NETWORK - WSAECONNRESET
 ERROR root [2017-11-07 14:38:56,446] - Components::removeComponentByChannel: dbmgr : 4000, Abnormal exit! errorno=10054
  INFO root [2017-11-07 14:38:56,448] - Shutdowner::onShutdownBegin: shutting down(period=0, tickPeriod=1)
S_INFO root [2017-11-07 14:38:56,449] - onLoginAppShutDown()
  INFO root [2017-11-07 14:38:56,449] - Shutdowner::onShutdown: shutting down
  INFO root [2017-11-07 14:38:56,449] - Shutdowner::onShutdownEnd: shutting down
 DEBUG root [2017-11-07 14:38:56,449] - Script::uninstall_py_dlls(): PyInit_pyexpat
 DEBUG root [2017-11-07 14:38:56,449] - Script::uninstall_py_dlls(): PyInit__socket
 DEBUG root [2017-11-07 14:38:56,449] - Script::uninstall_py_dlls(): PyInit__hashlib
 DEBUG root [2017-11-07 14:38:56,450] - Script::uninstall_py_dlls(): PyInit_select
 DEBUG root [2017-11-07 14:38:56,450] - Script::uninstall_py_dlls(): PyInit__ctypes
 DEBUG root [2017-11-07 14:38:56,450] - Script::uninstall_py_dlls(): PyInit__elementtree
 DEBUG root [2017-11-07 14:38:56,450] - Script::uninstall_py_dlls(): PyInit_unicodedata
  INFO root [2017-11-07 14:38:56,460] - Script::uninstall(): is successfully!
 DEBUG root [2017-11-07 14:38:56,460] - ThreadPool::destroy(): starting size 2.
  WARN root [2017-11-07 14:38:56,761] - ThreadPool::destroy(): waiting for thread(2)[0x1ec59e8,0x1ec5028,], try=1
 DEBUG root [2017-11-07 14:38:57,162] - TPThread::~TPThread(): 0x1ec59e8
 DEBUG root [2017-11-07 14:38:57,162] - TPThread::~TPThread(): 0x1ec5028
 DEBUG root [2017-11-07 14:38:57,162] - ThreadPool::destroy(): successfully!
 DEBUG root [2017-11-07 14:38:57,171] - Bundle::destroyObjPool(): size 13.
 DEBUG root [2017-11-07 14:38:57,171] - Channel::destroyObjPool(): size 15.
 DEBUG root [2017-11-07 14:38:57,171] - TCPPacket::destroyObjPool(): size 1.
 DEBUG root [2017-11-07 14:38:57,171] - UDPPacket::destroyObjPool(): size 2.
 DEBUG root [2017-11-07 14:38:57,171] - EndPoint::destroyObjPool(): size 14.
 DEBUG root [2017-11-07 14:38:57,171] - Address::destroyObjPool(): size 0.
 DEBUG root [2017-11-07 14:38:57,172] - TCPPacketReceiver::destroyObjPool(): size 0.
 DEBUG root [2017-11-07 14:38:57,172] - UDPPacketReceiver::destroyObjPool(): size 0.
  INFO root [2017-11-07 14:38:57,172] - loginapp(9000) has shut down.
  INFO root [2017-11-07 15:16:46,947] - 
  INFO root [2017-11-07 15:16:46,947] - -----------------------------------------------------------------------------------------


  INFO root [2017-11-07 15:16:46,948] - Resmgr::initialize: KBE_ROOT=C:/Users/hyc/Desktop/kbengine/
  INFO root [2017-11-07 15:16:46,948] - Resmgr::initialize: KBE_RES_PATH=C:/Users/hyc/Desktop/kbengine/kbe/res/;C:/Users/hyc/Desktop/kbengine/llgame/;C:/Users/hyc/Desktop/kbengine/llgame/scripts/;C:/Users/hyc/Desktop/kbengine/llgame/res/
  INFO root [2017-11-07 15:16:46,948] - Resmgr::initialize: KBE_BIN_PATH=C:/Users/hyc/Desktop/kbengine/kbe/bin/server/
  INFO root [2017-11-07 15:16:46,949] - NetworkInterface::recreateListeningSocket(EXTERNAL): bound to all interfaces with default route interface on 172.16.4.154 ( 172.16.4.154:20013 )
  INFO root [2017-11-07 15:16:46,950] - NetworkInterface::recreateListeningSocket(EXTERNAL): address 172.16.4.154:20013, SOMAXCONN=128.
  INFO root [2017-11-07 15:16:46,951] - NetworkInterface::recreateListeningSocket(INTERNAL): bound to all interfaces with default route interface on 172.16.4.154 ( 172.16.4.154:58350 )
  INFO root [2017-11-07 15:16:46,952] - NetworkInterface::recreateListeningSocket(INTERNAL): address 172.16.4.154:58350, SOMAXCONN=128.
  INFO root [2017-11-07 15:16:46,952] - server-configs:
  INFO root [2017-11-07 15:16:46,952] - 	internalAddr : 172.16.4.154:58350
  INFO root [2017-11-07 15:16:46,952] - 	externalAddr : 172.16.4.154:20013
  INFO root [2017-11-07 15:16:46,952] - 	componentID : 9000
  INFO root [2017-11-07 15:16:47,385] - Components::findLogger: found logger, addr:172.16.4.154:58346
  INFO root [2017-11-07 15:16:47,385] - Components::addComponent: reset orderLog, uid=1001!
  INFO root [2017-11-07 15:16:47,385] - Components::addComponent[logger], uid=1001, componentID=2000, globalorderid=1, grouporderid=1, totalcount=1
  INFO root [2017-11-07 15:16:47,390] - ---- loginapp Version: 0.9.12. ScriptVersion: 0.1.0. Protocol: 75C8DA776708D1E89693088467E5A4FB. Config: Debug X86. Built: 16:13:51 Jul  7 2017. AppID: 9000. UID: 1001. PID: 107384 ----
  INFO root [2017-11-07 15:16:47,390] - Server : Intel(R) Core(TM) i5-4590 CPU @ 3.30GHz with 4194303kB RAM
  INFO root [2017-11-07 15:16:47,390] - ThreadPool::createThreadPool: creating  threadpool...
  INFO root [2017-11-07 15:16:47,390] - ThreadPool::createThreadPool: successfully(2), newThreadCount=1, normalMaxThreadCount=2, maxThreadCount=8
 DEBUG root [2017-11-07 15:16:47,518] - Script::install_py_dlls(): PyInit_pyexpat
 DEBUG root [2017-11-07 15:16:47,518] - Script::install_py_dlls(): PyInit__socket
 DEBUG root [2017-11-07 15:16:47,519] - Script::install_py_dlls(): PyInit__hashlib
 DEBUG root [2017-11-07 15:16:47,520] - Script::install_py_dlls(): PyInit_select
 DEBUG root [2017-11-07 15:16:47,520] - Script::install_py_dlls(): PyInit__ctypes
 DEBUG root [2017-11-07 15:16:47,521] - Script::install_py_dlls(): PyInit__elementtree
 DEBUG root [2017-11-07 15:16:47,553] - Script::install_py_dlls(): PyInit_unicodedata
  INFO root [2017-11-07 15:16:47,584] - Script::install(): is successfully, Python=(3.4.2 (default, Jul  7 2017, 16:13:50) [MSC v.1800 32 bit (Intel)])!
  INFO root [2017-11-07 15:16:47,585] - Script::install(): KBExtra is successfully!
S_INFO root [2017-11-07 15:16:47,587] - onLoginAppReady: bootstrapGroupIndex=0, bootstrapGlobalIndex=0
  INFO root [2017-11-07 15:16:47,587] - TelnetServer server is running on port 31000
  INFO root [2017-11-07 15:16:47,803] - ---- loginapp is running ----
 DEBUG root [2017-11-07 15:16:47,804] - Components::process(): Request for the process of identity...
  WARN root [2017-11-07 15:16:53,989] - Forwarding logs to logger[172.16.4.154:58346/0/0/0]...
 ERROR root [2017-11-07 19:48:17,292] - Components::removeComponentByChannel: logger : 2000, Abnormal exit! errorno=10054
  INFO root [2017-11-07 19:48:17,293] - The following logs sent to logger failed:
  WARN root [2017-11-07 19:48:17,293] - ==> [2017-11-07 19:48:17 292] TCPPacketReceiver::processPendingEvents(172.16.4.154:58346): Throwing REASON_GENERAL_NETWORK - WSAECONNRESET
 ERROR root [2017-11-07 19:48:17,293] - ==> [2017-11-07 19:48:17 292] Components::removeComponentByChannel: logger : 2000, Abnormal exit! errorno=10054
  WARN root [2017-11-07 19:48:17,525] - TCPPacketReceiver::processPendingEvents(172.16.4.154:58344): Throwing REASON_GENERAL_NETWORK - WSAECONNRESET
 ERROR root [2017-11-07 19:48:17,528] - Components::removeComponentByChannel: dbmgr : 4000, Abnormal exit! errorno=10054
  INFO root [2017-11-07 19:48:17,541] - Shutdowner::onShutdownBegin: shutting down(period=0, tickPeriod=1)
S_INFO root [2017-11-07 19:48:17,541] - onLoginAppShutDown()
  INFO root [2017-11-07 19:48:17,541] - Shutdowner::onShutdown: shutting down
  INFO root [2017-11-07 19:48:17,541] - Shutdowner::onShutdownEnd: shutting down
 DEBUG root [2017-11-07 19:48:17,542] - Script::uninstall_py_dlls(): PyInit_pyexpat
 DEBUG root [2017-11-07 19:48:17,542] - Script::uninstall_py_dlls(): PyInit__socket
 DEBUG root [2017-11-07 19:48:17,542] - Script::uninstall_py_dlls(): PyInit__hashlib
 DEBUG root [2017-11-07 19:48:17,542] - Script::uninstall_py_dlls(): PyInit_select
 DEBUG root [2017-11-07 19:48:17,542] - Script::uninstall_py_dlls(): PyInit__ctypes
 DEBUG root [2017-11-07 19:48:17,542] - Script::uninstall_py_dlls(): PyInit__elementtree
 DEBUG root [2017-11-07 19:48:17,542] - Script::uninstall_py_dlls(): PyInit_unicodedata
  INFO root [2017-11-07 19:48:17,550] - Script::uninstall(): is successfully!
 DEBUG root [2017-11-07 19:48:17,551] - ThreadPool::destroy(): starting size 2.
  WARN root [2017-11-07 19:48:17,851] - ThreadPool::destroy(): waiting for thread(2)[0xab4338,0xab44d8,], try=1
 DEBUG root [2017-11-07 19:48:18,253] - TPThread::~TPThread(): 0xab4338
 DEBUG root [2017-11-07 19:48:18,253] - TPThread::~TPThread(): 0xab44d8
 DEBUG root [2017-11-07 19:48:18,253] - ThreadPool::destroy(): successfully!
 DEBUG root [2017-11-07 19:48:18,262] - Bundle::destroyObjPool(): size 13.
 DEBUG root [2017-11-07 19:48:18,262] - Channel::destroyObjPool(): size 15.
 DEBUG root [2017-11-07 19:48:18,262] - TCPPacket::destroyObjPool(): size 1.
 DEBUG root [2017-11-07 19:48:18,262] - UDPPacket::destroyObjPool(): size 1.
 DEBUG root [2017-11-07 19:48:18,262] - EndPoint::destroyObjPool(): size 14.
 DEBUG root [2017-11-07 19:48:18,262] - Address::destroyObjPool(): size 0.
 DEBUG root [2017-11-07 19:48:18,262] - TCPPacketReceiver::destroyObjPool(): size 0.
 DEBUG root [2017-11-07 19:48:18,263] - UDPPacketReceiver::destroyObjPool(): size 0.
  INFO root [2017-11-07 19:48:18,263] - loginapp(9000) has shut down.
  INFO root [2017-11-07 19:48:23,537] - 
  INFO root [2017-11-07 19:48:23,538] - -----------------------------------------------------------------------------------------


  INFO root [2017-11-07 19:48:23,538] - Resmgr::initialize: KBE_ROOT=C:/Users/hyc/Desktop/kbengine/
  INFO root [2017-11-07 19:48:23,538] - Resmgr::initialize: KBE_RES_PATH=C:/Users/hyc/Desktop/kbengine/kbe/res/;C:/Users/hyc/Desktop/kbengine/llgame/;C:/Users/hyc/Desktop/kbengine/llgame/scripts/;C:/Users/hyc/Desktop/kbengine/llgame/res/
  INFO root [2017-11-07 19:48:23,538] - Resmgr::initialize: KBE_BIN_PATH=C:/Users/hyc/Desktop/kbengine/kbe/bin/server/
  INFO root [2017-11-07 19:48:23,540] - NetworkInterface::recreateListeningSocket(EXTERNAL): bound to all interfaces with default route interface on 172.16.4.154 ( 172.16.4.154:20013 )
  INFO root [2017-11-07 19:48:23,541] - NetworkInterface::recreateListeningSocket(EXTERNAL): address 172.16.4.154:20013, SOMAXCONN=128.
  INFO root [2017-11-07 19:48:23,542] - NetworkInterface::recreateListeningSocket(INTERNAL): bound to all interfaces with default route interface on 172.16.4.154 ( 172.16.4.154:60530 )
  INFO root [2017-11-07 19:48:23,543] - NetworkInterface::recreateListeningSocket(INTERNAL): address 172.16.4.154:60530, SOMAXCONN=128.
  INFO root [2017-11-07 19:48:23,543] - server-configs:
  INFO root [2017-11-07 19:48:23,543] - 	internalAddr : 172.16.4.154:60530
  INFO root [2017-11-07 19:48:23,543] - 	externalAddr : 172.16.4.154:20013
  INFO root [2017-11-07 19:48:23,543] - 	componentID : 9000
  INFO root [2017-11-07 19:48:24,093] - Components::findLogger: found logger, addr:172.16.4.154:60524
  INFO root [2017-11-07 19:48:24,094] - Components::addComponent: reset orderLog, uid=1001!
  INFO root [2017-11-07 19:48:24,094] - Components::addComponent[logger], uid=1001, componentID=2000, globalorderid=1, grouporderid=1, totalcount=1
  INFO root [2017-11-07 19:48:24,098] - ---- loginapp Version: 0.9.12. ScriptVersion: 0.1.0. Protocol: 75C8DA776708D1E89693088467E5A4FB. Config: Debug X86. Built: 16:13:51 Jul  7 2017. AppID: 9000. UID: 1001. PID: 109420 ----
  INFO root [2017-11-07 19:48:24,098] - Server : Intel(R) Core(TM) i5-4590 CPU @ 3.30GHz with 4194303kB RAM
  INFO root [2017-11-07 19:48:24,098] - ThreadPool::createThreadPool: creating  threadpool...
  INFO root [2017-11-07 19:48:24,099] - ThreadPool::createThreadPool: successfully(2), newThreadCount=1, normalMaxThreadCount=2, maxThreadCount=8
 DEBUG root [2017-11-07 19:48:24,231] - Script::install_py_dlls(): PyInit_pyexpat
 DEBUG root [2017-11-07 19:48:24,232] - Script::install_py_dlls(): PyInit__socket
 DEBUG root [2017-11-07 19:48:24,232] - Script::install_py_dlls(): PyInit__hashlib
 DEBUG root [2017-11-07 19:48:24,234] - Script::install_py_dlls(): PyInit_select
 DEBUG root [2017-11-07 19:48:24,234] - Script::install_py_dlls(): PyInit__ctypes
 DEBUG root [2017-11-07 19:48:24,235] - Script::install_py_dlls(): PyInit__elementtree
 DEBUG root [2017-11-07 19:48:24,265] - Script::install_py_dlls(): PyInit_unicodedata
  INFO root [2017-11-07 19:48:24,297] - Script::install(): is successfully, Python=(3.4.2 (default, Jul  7 2017, 16:13:50) [MSC v.1800 32 bit (Intel)])!
  INFO root [2017-11-07 19:48:24,297] - Script::install(): KBExtra is successfully!
S_INFO root [2017-11-07 19:48:24,299] - onLoginAppReady: bootstrapGroupIndex=0, bootstrapGlobalIndex=0
  INFO root [2017-11-07 19:48:24,299] - TelnetServer server is running on port 31000
  INFO root [2017-11-07 19:48:24,515] - ---- loginapp is running ----
 DEBUG root [2017-11-07 19:48:24,515] - Components::process(): Request for the process of identity...
  WARN root [2017-11-07 19:48:30,712] - Forwarding logs to logger[172.16.4.154:60524/0/0/0]...
 ERROR root [2017-11-07 20:24:21,856] - Components::removeComponentByChannel: logger : 2000, Abnormal exit! errorno=10054
  INFO root [2017-11-07 20:24:21,867] - The following logs sent to logger failed:
  WARN root [2017-11-07 20:24:21,867] - ==> [2017-11-07 20:24:21 853] TCPPacketReceiver::processPendingEvents(172.16.4.154:60524): Throwing REASON_GENERAL_NETWORK - WSAECONNRESET
 ERROR root [2017-11-07 20:24:21,867] - ==> [2017-11-07 20:24:21 857] Components::removeComponentByChannel: logger : 2000, Abnormal exit! errorno=10054
  WARN root [2017-11-07 20:24:22,065] - TCPPacketReceiver::processPendingEvents(172.16.4.154:60525): Throwing REASON_GENERAL_NETWORK - WSAECONNRESET
 ERROR root [2017-11-07 20:24:22,068] - Components::removeComponentByChannel: dbmgr : 4000, Abnormal exit! errorno=10054
  INFO root [2017-11-07 20:24:22,069] - Shutdowner::onShutdownBegin: shutting down(period=0, tickPeriod=1)
S_INFO root [2017-11-07 20:24:22,069] - onLoginAppShutDown()
  INFO root [2017-11-07 20:24:22,069] - Shutdowner::onShutdown: shutting down
  INFO root [2017-11-07 20:24:22,069] - Shutdowner::onShutdownEnd: shutting down
 DEBUG root [2017-11-07 20:24:22,070] - Script::uninstall_py_dlls(): PyInit_pyexpat
 DEBUG root [2017-11-07 20:24:22,070] - Script::uninstall_py_dlls(): PyInit__socket
 DEBUG root [2017-11-07 20:24:22,070] - Script::uninstall_py_dlls(): PyInit__hashlib
 DEBUG root [2017-11-07 20:24:22,070] - Script::uninstall_py_dlls(): PyInit_select
 DEBUG root [2017-11-07 20:24:22,070] - Script::uninstall_py_dlls(): PyInit__ctypes
 DEBUG root [2017-11-07 20:24:22,070] - Script::uninstall_py_dlls(): PyInit__elementtree
 DEBUG root [2017-11-07 20:24:22,070] - Script::uninstall_py_dlls(): PyInit_unicodedata
  INFO root [2017-11-07 20:24:22,081] - Script::uninstall(): is successfully!
 DEBUG root [2017-11-07 20:24:22,082] - ThreadPool::destroy(): starting size 2.
  WARN root [2017-11-07 20:24:22,383] - ThreadPool::destroy(): waiting for thread(2)[0xa256a8,0xa25710,], try=1
 DEBUG root [2017-11-07 20:24:22,784] - TPThread::~TPThread(): 0xa256a8
 DEBUG root [2017-11-07 20:24:22,784] - TPThread::~TPThread(): 0xa25710
 DEBUG root [2017-11-07 20:24:22,784] - ThreadPool::destroy(): successfully!
 DEBUG root [2017-11-07 20:24:22,795] - Bundle::destroyObjPool(): size 13.
 DEBUG root [2017-11-07 20:24:22,795] - Channel::destroyObjPool(): size 15.
 DEBUG root [2017-11-07 20:24:22,795] - TCPPacket::destroyObjPool(): size 1.
 DEBUG root [2017-11-07 20:24:22,795] - UDPPacket::destroyObjPool(): size 0.
 DEBUG root [2017-11-07 20:24:22,795] - EndPoint::destroyObjPool(): size 14.
 DEBUG root [2017-11-07 20:24:22,795] - Address::destroyObjPool(): size 0.
 DEBUG root [2017-11-07 20:24:22,796] - TCPPacketReceiver::destroyObjPool(): size 0.
 DEBUG root [2017-11-07 20:24:22,796] - UDPPacketReceiver::destroyObjPool(): size 0.
  INFO root [2017-11-07 20:24:22,796] - loginapp(9000) has shut down.
  INFO root [2017-11-07 20:24:28,204] - 
  INFO root [2017-11-07 20:24:28,219] - -----------------------------------------------------------------------------------------


  INFO root [2017-11-07 20:24:28,219] - Resmgr::initialize: KBE_ROOT=C:/Users/hyc/Desktop/kbengine/
  INFO root [2017-11-07 20:24:28,219] - Resmgr::initialize: KBE_RES_PATH=C:/Users/hyc/Desktop/kbengine/kbe/res/;C:/Users/hyc/Desktop/kbengine/llgame/;C:/Users/hyc/Desktop/kbengine/llgame/scripts/;C:/Users/hyc/Desktop/kbengine/llgame/res/
  INFO root [2017-11-07 20:24:28,219] - Resmgr::initialize: KBE_BIN_PATH=C:/Users/hyc/Desktop/kbengine/kbe/bin/server/
  INFO root [2017-11-07 20:24:28,274] - NetworkInterface::recreateListeningSocket(EXTERNAL): bound to all interfaces with default route interface on 172.16.4.154 ( 172.16.4.154:20013 )
  INFO root [2017-11-07 20:24:28,275] - NetworkInterface::recreateListeningSocket(EXTERNAL): address 172.16.4.154:20013, SOMAXCONN=128.
  INFO root [2017-11-07 20:24:28,276] - NetworkInterface::recreateListeningSocket(INTERNAL): bound to all interfaces with default route interface on 172.16.4.154 ( 172.16.4.154:60791 )
  INFO root [2017-11-07 20:24:28,277] - NetworkInterface::recreateListeningSocket(INTERNAL): address 172.16.4.154:60791, SOMAXCONN=128.
  INFO root [2017-11-07 20:24:28,277] - server-configs:
  INFO root [2017-11-07 20:24:28,277] - 	internalAddr : 172.16.4.154:60791
  INFO root [2017-11-07 20:24:28,277] - 	externalAddr : 172.16.4.154:20013
  INFO root [2017-11-07 20:24:28,277] - 	componentID : 9000
  INFO root [2017-11-07 20:24:28,753] - Components::findLogger: found logger, addr:172.16.4.154:60785
  INFO root [2017-11-07 20:24:28,753] - Components::addComponent: reset orderLog, uid=1001!
  INFO root [2017-11-07 20:24:28,753] - Components::addComponent[logger], uid=1001, componentID=2000, globalorderid=1, grouporderid=1, totalcount=1
  INFO root [2017-11-07 20:24:28,758] - ---- loginapp Version: 0.9.12. ScriptVersion: 0.1.0. Protocol: 75C8DA776708D1E89693088467E5A4FB. Config: Debug X86. Built: 16:13:51 Jul  7 2017. AppID: 9000. UID: 1001. PID: 112652 ----
  INFO root [2017-11-07 20:24:28,758] - Server : Intel(R) Core(TM) i5-4590 CPU @ 3.30GHz with 4194303kB RAM
  INFO root [2017-11-07 20:24:28,758] - ThreadPool::createThreadPool: creating  threadpool...
  INFO root [2017-11-07 20:24:28,758] - ThreadPool::createThreadPool: successfully(2), newThreadCount=1, normalMaxThreadCount=2, maxThreadCount=8
 DEBUG root [2017-11-07 20:24:28,897] - Script::install_py_dlls(): PyInit_pyexpat
 DEBUG root [2017-11-07 20:24:28,897] - Script::install_py_dlls(): PyInit__socket
 DEBUG root [2017-11-07 20:24:28,898] - Script::install_py_dlls(): PyInit__hashlib
 DEBUG root [2017-11-07 20:24:28,900] - Script::install_py_dlls(): PyInit_select
 DEBUG root [2017-11-07 20:24:28,900] - Script::install_py_dlls(): PyInit__ctypes
 DEBUG root [2017-11-07 20:24:28,900] - Script::install_py_dlls(): PyInit__elementtree
 DEBUG root [2017-11-07 20:24:28,938] - Script::install_py_dlls(): PyInit_unicodedata
  INFO root [2017-11-07 20:24:28,981] - Script::install(): is successfully, Python=(3.4.2 (default, Jul  7 2017, 16:13:50) [MSC v.1800 32 bit (Intel)])!
  INFO root [2017-11-07 20:24:28,981] - Script::install(): KBExtra is successfully!
S_INFO root [2017-11-07 20:24:28,984] - onLoginAppReady: bootstrapGroupIndex=0, bootstrapGlobalIndex=0
  INFO root [2017-11-07 20:24:28,984] - TelnetServer server is running on port 31000
  INFO root [2017-11-07 20:24:29,231] - ---- loginapp is running ----
 DEBUG root [2017-11-07 20:24:29,231] - Components::process(): Request for the process of identity...
  WARN root [2017-11-07 20:24:35,412] - Forwarding logs to logger[172.16.4.154:60785/0/0/0]...
 ERROR root [2017-11-07 20:25:06,580] - Components::removeComponentByChannel: logger : 2000, Abnormal exit! errorno=10054
  INFO root [2017-11-07 20:25:06,582] - The following logs sent to logger failed:
  WARN root [2017-11-07 20:25:06,582] - ==> [2017-11-07 20:25:06 576] TCPPacketReceiver::processPendingEvents(172.16.4.154:60785): Throwing REASON_GENERAL_NETWORK - WSAECONNRESET
 ERROR root [2017-11-07 20:25:06,582] - ==> [2017-11-07 20:25:06 580] Components::removeComponentByChannel: logger : 2000, Abnormal exit! errorno=10054
  WARN root [2017-11-07 20:25:06,791] - TCPPacketReceiver::processPendingEvents(172.16.4.154:60787): Throwing REASON_GENERAL_NETWORK - WSAECONNRESET
 ERROR root [2017-11-07 20:25:06,794] - Components::removeComponentByChannel: dbmgr : 4000, Abnormal exit! errorno=10054
  INFO root [2017-11-07 20:25:06,796] - Shutdowner::onShutdownBegin: shutting down(period=0, tickPeriod=1)
S_INFO root [2017-11-07 20:25:06,797] - onLoginAppShutDown()
  INFO root [2017-11-07 20:25:06,797] - Shutdowner::onShutdown: shutting down
  INFO root [2017-11-07 20:25:06,797] - Shutdowner::onShutdownEnd: shutting down
 DEBUG root [2017-11-07 20:25:06,797] - Script::uninstall_py_dlls(): PyInit_pyexpat
 DEBUG root [2017-11-07 20:25:06,797] - Script::uninstall_py_dlls(): PyInit__socket
 DEBUG root [2017-11-07 20:25:06,797] - Script::uninstall_py_dlls(): PyInit__hashlib
 DEBUG root [2017-11-07 20:25:06,797] - Script::uninstall_py_dlls(): PyInit_select
 DEBUG root [2017-11-07 20:25:06,797] - Script::uninstall_py_dlls(): PyInit__ctypes
 DEBUG root [2017-11-07 20:25:06,797] - Script::uninstall_py_dlls(): PyInit__elementtree
 DEBUG root [2017-11-07 20:25:06,797] - Script::uninstall_py_dlls(): PyInit_unicodedata
  INFO root [2017-11-07 20:25:06,806] - Script::uninstall(): is successfully!
 DEBUG root [2017-11-07 20:25:06,806] - ThreadPool::destroy(): starting size 2.
  WARN root [2017-11-07 20:25:07,107] - ThreadPool::destroy(): waiting for thread(2)[0x5c5710,0x5c5778,], try=1
 DEBUG root [2017-11-07 20:25:07,509] - TPThread::~TPThread(): 0x5c5710
 DEBUG root [2017-11-07 20:25:07,509] - TPThread::~TPThread(): 0x5c5778
 DEBUG root [2017-11-07 20:25:07,509] - ThreadPool::destroy(): successfully!
 DEBUG root [2017-11-07 20:25:07,517] - Bundle::destroyObjPool(): size 13.
 DEBUG root [2017-11-07 20:25:07,517] - Channel::destroyObjPool(): size 15.
 DEBUG root [2017-11-07 20:25:07,517] - TCPPacket::destroyObjPool(): size 12.
 DEBUG root [2017-11-07 20:25:07,517] - UDPPacket::destroyObjPool(): size 1.
 DEBUG root [2017-11-07 20:25:07,517] - EndPoint::destroyObjPool(): size 14.
 DEBUG root [2017-11-07 20:25:07,517] - Address::destroyObjPool(): size 0.
 DEBUG root [2017-11-07 20:25:07,517] - TCPPacketReceiver::destroyObjPool(): size 0.
 DEBUG root [2017-11-07 20:25:07,517] - UDPPacketReceiver::destroyObjPool(): size 0.
  INFO root [2017-11-07 20:25:07,517] - loginapp(9000) has shut down.
  INFO root [2017-11-07 20:25:13,071] - 
  INFO root [2017-11-07 20:25:13,071] - -----------------------------------------------------------------------------------------


  INFO root [2017-11-07 20:25:13,072] - Resmgr::initialize: KBE_ROOT=C:/Users/hyc/Desktop/kbengine/
  INFO root [2017-11-07 20:25:13,072] - Resmgr::initialize: KBE_RES_PATH=C:/Users/hyc/Desktop/kbengine/kbe/res/;C:/Users/hyc/Desktop/kbengine/llgame/;C:/Users/hyc/Desktop/kbengine/llgame/scripts/;C:/Users/hyc/Desktop/kbengine/llgame/res/
  INFO root [2017-11-07 20:25:13,072] - Resmgr::initialize: KBE_BIN_PATH=C:/Users/hyc/Desktop/kbengine/kbe/bin/server/
  INFO root [2017-11-07 20:25:13,074] - NetworkInterface::recreateListeningSocket(EXTERNAL): bound to all interfaces with default route interface on 172.16.4.154 ( 172.16.4.154:20013 )
  INFO root [2017-11-07 20:25:13,075] - NetworkInterface::recreateListeningSocket(EXTERNAL): address 172.16.4.154:20013, SOMAXCONN=128.
  INFO root [2017-11-07 20:25:13,075] - NetworkInterface::recreateListeningSocket(INTERNAL): bound to all interfaces with default route interface on 172.16.4.154 ( 172.16.4.154:60844 )
  INFO root [2017-11-07 20:25:13,076] - NetworkInterface::recreateListeningSocket(INTERNAL): address 172.16.4.154:60844, SOMAXCONN=128.
  INFO root [2017-11-07 20:25:13,076] - server-configs:
  INFO root [2017-11-07 20:25:13,077] - 	internalAddr : 172.16.4.154:60844
  INFO root [2017-11-07 20:25:13,077] - 	externalAddr : 172.16.4.154:20013
  INFO root [2017-11-07 20:25:13,077] - 	componentID : 9000
  INFO root [2017-11-07 20:25:13,524] - Components::findLogger: found logger, addr:172.16.4.154:60838
  INFO root [2017-11-07 20:25:13,524] - Components::addComponent: reset orderLog, uid=1001!
  INFO root [2017-11-07 20:25:13,524] - Components::addComponent[logger], uid=1001, componentID=2000, globalorderid=1, grouporderid=1, totalcount=1
  INFO root [2017-11-07 20:25:13,528] - ---- loginapp Version: 0.9.12. ScriptVersion: 0.1.0. Protocol: 75C8DA776708D1E89693088467E5A4FB. Config: Debug X86. Built: 16:13:51 Jul  7 2017. AppID: 9000. UID: 1001. PID: 113252 ----
  INFO root [2017-11-07 20:25:13,528] - Server : Intel(R) Core(TM) i5-4590 CPU @ 3.30GHz with 4194303kB RAM
  INFO root [2017-11-07 20:25:13,529] - ThreadPool::createThreadPool: creating  threadpool...
  INFO root [2017-11-07 20:25:13,529] - ThreadPool::createThreadPool: successfully(2), newThreadCount=1, normalMaxThreadCount=2, maxThreadCount=8
 DEBUG root [2017-11-07 20:25:13,655] - Script::install_py_dlls(): PyInit_pyexpat
 DEBUG root [2017-11-07 20:25:13,655] - Script::install_py_dlls(): PyInit__socket
 DEBUG root [2017-11-07 20:25:13,656] - Script::install_py_dlls(): PyInit__hashlib
 DEBUG root [2017-11-07 20:25:13,657] - Script::install_py_dlls(): PyInit_select
 DEBUG root [2017-11-07 20:25:13,657] - Script::install_py_dlls(): PyInit__ctypes
 DEBUG root [2017-11-07 20:25:13,658] - Script::install_py_dlls(): PyInit__elementtree
 DEBUG root [2017-11-07 20:25:13,687] - Script::install_py_dlls(): PyInit_unicodedata
  INFO root [2017-11-07 20:25:13,717] - Script::install(): is successfully, Python=(3.4.2 (default, Jul  7 2017, 16:13:50) [MSC v.1800 32 bit (Intel)])!
  INFO root [2017-11-07 20:25:13,717] - Script::install(): KBExtra is successfully!
S_INFO root [2017-11-07 20:25:13,719] - onLoginAppReady: bootstrapGroupIndex=0, bootstrapGlobalIndex=0
  INFO root [2017-11-07 20:25:13,720] - TelnetServer server is running on port 31000
  INFO root [2017-11-07 20:25:13,930] - ---- loginapp is running ----
 DEBUG root [2017-11-07 20:25:13,931] - Components::process(): Request for the process of identity...
  WARN root [2017-11-07 20:25:20,098] - Forwarding logs to logger[172.16.4.154:60838/0/0/0]...
 ERROR root [2017-11-07 20:29:02,641] - Components::removeComponentByChannel: logger : 2000, Abnormal exit! errorno=10054
  INFO root [2017-11-07 20:29:02,650] - The following logs sent to logger failed:
  WARN root [2017-11-07 20:29:02,651] - ==> [2017-11-07 20:29:02 640] TCPPacketReceiver::processPendingEvents(172.16.4.154:60838): Throwing REASON_GENERAL_NETWORK - WSAECONNRESET
 ERROR root [2017-11-07 20:29:02,651] - ==> [2017-11-07 20:29:02 641] Components::removeComponentByChannel: logger : 2000, Abnormal exit! errorno=10054
  WARN root [2017-11-07 20:29:02,854] - TCPPacketReceiver::processPendingEvents(172.16.4.154:60840): Throwing REASON_GENERAL_NETWORK - WSAECONNRESET
 ERROR root [2017-11-07 20:29:02,858] - Components::removeComponentByChannel: dbmgr : 4000, Abnormal exit! errorno=10054
  INFO root [2017-11-07 20:29:02,862] - Shutdowner::onShutdownBegin: shutting down(period=0, tickPeriod=1)
S_INFO root [2017-11-07 20:29:02,871] - onLoginAppShutDown()
  INFO root [2017-11-07 20:29:02,871] - Shutdowner::onShutdown: shutting down
  INFO root [2017-11-07 20:29:02,871] - Shutdowner::onShutdownEnd: shutting down
 DEBUG root [2017-11-07 20:29:02,871] - Script::uninstall_py_dlls(): PyInit_pyexpat
 DEBUG root [2017-11-07 20:29:02,871] - Script::uninstall_py_dlls(): PyInit__socket
 DEBUG root [2017-11-07 20:29:02,871] - Script::uninstall_py_dlls(): PyInit__hashlib
 DEBUG root [2017-11-07 20:29:02,872] - Script::uninstall_py_dlls(): PyInit_select
 DEBUG root [2017-11-07 20:29:02,872] - Script::uninstall_py_dlls(): PyInit__ctypes
 DEBUG root [2017-11-07 20:29:02,872] - Script::uninstall_py_dlls(): PyInit__elementtree
 DEBUG root [2017-11-07 20:29:02,872] - Script::uninstall_py_dlls(): PyInit_unicodedata
  INFO root [2017-11-07 20:29:02,885] - Script::uninstall(): is successfully!
 DEBUG root [2017-11-07 20:29:02,886] - ThreadPool::destroy(): starting size 2.
  WARN root [2017-11-07 20:29:03,186] - ThreadPool::destroy(): waiting for thread(2)[0x1ed66b0,0x1ed6718,], try=1
 DEBUG root [2017-11-07 20:29:03,587] - TPThread::~TPThread(): 0x1ed66b0
 DEBUG root [2017-11-07 20:29:03,587] - TPThread::~TPThread(): 0x1ed6718
 DEBUG root [2017-11-07 20:29:03,587] - ThreadPool::destroy(): successfully!
 DEBUG root [2017-11-07 20:29:03,595] - Bundle::destroyObjPool(): size 15.
 DEBUG root [2017-11-07 20:29:03,595] - Channel::destroyObjPool(): size 15.
 DEBUG root [2017-11-07 20:29:03,595] - TCPPacket::destroyObjPool(): size 8.
 DEBUG root [2017-11-07 20:29:03,595] - UDPPacket::destroyObjPool(): size 2.
 DEBUG root [2017-11-07 20:29:03,595] - EndPoint::destroyObjPool(): size 14.
 DEBUG root [2017-11-07 20:29:03,595] - Address::destroyObjPool(): size 0.
 DEBUG root [2017-11-07 20:29:03,596] - TCPPacketReceiver::destroyObjPool(): size 0.
 DEBUG root [2017-11-07 20:29:03,596] - UDPPacketReceiver::destroyObjPool(): size 0.
  INFO root [2017-11-07 20:29:03,596] - loginapp(9000) has shut down.
  INFO root [2017-11-07 20:29:09,043] - 
  INFO root [2017-11-07 20:29:09,044] - -----------------------------------------------------------------------------------------


  INFO root [2017-11-07 20:29:09,045] - Resmgr::initialize: KBE_ROOT=C:/Users/hyc/Desktop/kbengine/
  INFO root [2017-11-07 20:29:09,045] - Resmgr::initialize: KBE_RES_PATH=C:/Users/hyc/Desktop/kbengine/kbe/res/;C:/Users/hyc/Desktop/kbengine/llgame/;C:/Users/hyc/Desktop/kbengine/llgame/scripts/;C:/Users/hyc/Desktop/kbengine/llgame/res/
  INFO root [2017-11-07 20:29:09,045] - Resmgr::initialize: KBE_BIN_PATH=C:/Users/hyc/Desktop/kbengine/kbe/bin/server/
  INFO root [2017-11-07 20:29:09,047] - NetworkInterface::recreateListeningSocket(EXTERNAL): bound to all interfaces with default route interface on 172.16.4.154 ( 172.16.4.154:20013 )
  INFO root [2017-11-07 20:29:09,048] - NetworkInterface::recreateListeningSocket(EXTERNAL): address 172.16.4.154:20013, SOMAXCONN=128.
  INFO root [2017-11-07 20:29:09,049] - NetworkInterface::recreateListeningSocket(INTERNAL): bound to all interfaces with default route interface on 172.16.4.154 ( 172.16.4.154:60982 )
  INFO root [2017-11-07 20:29:09,050] - NetworkInterface::recreateListeningSocket(INTERNAL): address 172.16.4.154:60982, SOMAXCONN=128.
  INFO root [2017-11-07 20:29:09,050] - server-configs:
  INFO root [2017-11-07 20:29:09,050] - 	internalAddr : 172.16.4.154:60982
  INFO root [2017-11-07 20:29:09,050] - 	externalAddr : 172.16.4.154:20013
  INFO root [2017-11-07 20:29:09,050] - 	componentID : 9000
  INFO root [2017-11-07 20:29:09,442] - Components::findLogger: found logger, addr:172.16.4.154:60977
  INFO root [2017-11-07 20:29:09,442] - Components::addComponent: reset orderLog, uid=1001!
  INFO root [2017-11-07 20:29:09,442] - Components::addComponent[logger], uid=1001, componentID=2000, globalorderid=1, grouporderid=1, totalcount=1
  INFO root [2017-11-07 20:29:09,447] - ---- loginapp Version: 0.9.12. ScriptVersion: 0.1.0. Protocol: 75C8DA776708D1E89693088467E5A4FB. Config: Debug X86. Built: 16:13:51 Jul  7 2017. AppID: 9000. UID: 1001. PID: 107172 ----
  INFO root [2017-11-07 20:29:09,447] - Server : Intel(R) Core(TM) i5-4590 CPU @ 3.30GHz with 4194303kB RAM
  INFO root [2017-11-07 20:29:09,447] - ThreadPool::createThreadPool: creating  threadpool...
  INFO root [2017-11-07 20:29:09,448] - ThreadPool::createThreadPool: successfully(2), newThreadCount=1, normalMaxThreadCount=2, maxThreadCount=8
 DEBUG root [2017-11-07 20:29:09,576] - Script::install_py_dlls(): PyInit_pyexpat
 DEBUG root [2017-11-07 20:29:09,577] - Script::install_py_dlls(): PyInit__socket
 DEBUG root [2017-11-07 20:29:09,577] - Script::install_py_dlls(): PyInit__hashlib
 DEBUG root [2017-11-07 20:29:09,579] - Script::install_py_dlls(): PyInit_select
 DEBUG root [2017-11-07 20:29:09,579] - Script::install_py_dlls(): PyInit__ctypes
 DEBUG root [2017-11-07 20:29:09,579] - Script::install_py_dlls(): PyInit__elementtree
 DEBUG root [2017-11-07 20:29:09,610] - Script::install_py_dlls(): PyInit_unicodedata
  INFO root [2017-11-07 20:29:09,641] - Script::install(): is successfully, Python=(3.4.2 (default, Jul  7 2017, 16:13:50) [MSC v.1800 32 bit (Intel)])!
  INFO root [2017-11-07 20:29:09,641] - Script::install(): KBExtra is successfully!
S_INFO root [2017-11-07 20:29:09,643] - onLoginAppReady: bootstrapGroupIndex=0, bootstrapGlobalIndex=0
  INFO root [2017-11-07 20:29:09,643] - TelnetServer server is running on port 31000
  INFO root [2017-11-07 20:29:09,863] - ---- loginapp is running ----
 DEBUG root [2017-11-07 20:29:09,863] - Components::process(): Request for the process of identity...
  WARN root [2017-11-07 20:29:16,041] - Forwarding logs to logger[172.16.4.154:60977/0/0/0]...
 ERROR root [2017-11-07 20:29:55,691] - Components::removeComponentByChannel: logger : 2000, Abnormal exit! errorno=10054
  INFO root [2017-11-07 20:29:55,703] - The following logs sent to logger failed:
  WARN root [2017-11-07 20:29:55,703] - ==> [2017-11-07 20:29:55 690] TCPPacketReceiver::processPendingEvents(172.16.4.154:60977): Throwing REASON_GENERAL_NETWORK - WSAECONNRESET
 ERROR root [2017-11-07 20:29:55,703] - ==> [2017-11-07 20:29:55 692] Components::removeComponentByChannel: logger : 2000, Abnormal exit! errorno=10054
  WARN root [2017-11-07 20:29:55,903] - TCPPacketReceiver::processPendingEvents(172.16.4.154:60980): Throwing REASON_GENERAL_NETWORK - WSAECONNRESET
 ERROR root [2017-11-07 20:29:55,904] - Components::removeComponentByChannel: dbmgr : 4000, Abnormal exit! errorno=10054
  INFO root [2017-11-07 20:29:55,905] - Shutdowner::onShutdownBegin: shutting down(period=0, tickPeriod=1)
S_INFO root [2017-11-07 20:29:55,905] - onLoginAppShutDown()
  INFO root [2017-11-07 20:29:55,906] - Shutdowner::onShutdown: shutting down
  INFO root [2017-11-07 20:29:55,906] - Shutdowner::onShutdownEnd: shutting down
 DEBUG root [2017-11-07 20:29:55,906] - Script::uninstall_py_dlls(): PyInit_pyexpat
 DEBUG root [2017-11-07 20:29:55,906] - Script::uninstall_py_dlls(): PyInit__socket
 DEBUG root [2017-11-07 20:29:55,906] - Script::uninstall_py_dlls(): PyInit__hashlib
 DEBUG root [2017-11-07 20:29:55,906] - Script::uninstall_py_dlls(): PyInit_select
 DEBUG root [2017-11-07 20:29:55,906] - Script::uninstall_py_dlls(): PyInit__ctypes
 DEBUG root [2017-11-07 20:29:55,906] - Script::uninstall_py_dlls(): PyInit__elementtree
 DEBUG root [2017-11-07 20:29:55,906] - Script::uninstall_py_dlls(): PyInit_unicodedata
  INFO root [2017-11-07 20:29:55,915] - Script::uninstall(): is successfully!
 DEBUG root [2017-11-07 20:29:55,916] - ThreadPool::destroy(): starting size 2.
  WARN root [2017-11-07 20:29:56,217] - ThreadPool::destroy(): waiting for thread(2)[0xac5610,0xac5678,], try=1
 DEBUG root [2017-11-07 20:29:56,619] - TPThread::~TPThread(): 0xac5610
 DEBUG root [2017-11-07 20:29:56,619] - TPThread::~TPThread(): 0xac5678
 DEBUG root [2017-11-07 20:29:56,619] - ThreadPool::destroy(): successfully!
 DEBUG root [2017-11-07 20:29:56,628] - Bundle::destroyObjPool(): size 13.
 DEBUG root [2017-11-07 20:29:56,628] - Channel::destroyObjPool(): size 14.
 DEBUG root [2017-11-07 20:29:56,628] - TCPPacket::destroyObjPool(): size 12.
 DEBUG root [2017-11-07 20:29:56,628] - UDPPacket::destroyObjPool(): size 2.
 DEBUG root [2017-11-07 20:29:56,628] - EndPoint::destroyObjPool(): size 13.
 DEBUG root [2017-11-07 20:29:56,628] - Address::destroyObjPool(): size 0.
 DEBUG root [2017-11-07 20:29:56,628] - TCPPacketReceiver::destroyObjPool(): size 0.
 DEBUG root [2017-11-07 20:29:56,628] - UDPPacketReceiver::destroyObjPool(): size 0.
  INFO root [2017-11-07 20:29:56,628] - loginapp(9000) has shut down.
  INFO root [2017-11-07 20:30:02,214] - 
  INFO root [2017-11-07 20:30:02,215] - -----------------------------------------------------------------------------------------


  INFO root [2017-11-07 20:30:02,215] - Resmgr::initialize: KBE_ROOT=C:/Users/hyc/Desktop/kbengine/
  INFO root [2017-11-07 20:30:02,215] - Resmgr::initialize: KBE_RES_PATH=C:/Users/hyc/Desktop/kbengine/kbe/res/;C:/Users/hyc/Desktop/kbengine/llgame/;C:/Users/hyc/Desktop/kbengine/llgame/scripts/;C:/Users/hyc/Desktop/kbengine/llgame/res/
  INFO root [2017-11-07 20:30:02,216] - Resmgr::initialize: KBE_BIN_PATH=C:/Users/hyc/Desktop/kbengine/kbe/bin/server/
  INFO root [2017-11-07 20:30:02,218] - NetworkInterface::recreateListeningSocket(EXTERNAL): bound to all interfaces with default route interface on 172.16.4.154 ( 172.16.4.154:20013 )
  INFO root [2017-11-07 20:30:02,218] - NetworkInterface::recreateListeningSocket(EXTERNAL): address 172.16.4.154:20013, SOMAXCONN=128.
  INFO root [2017-11-07 20:30:02,219] - NetworkInterface::recreateListeningSocket(INTERNAL): bound to all interfaces with default route interface on 172.16.4.154 ( 172.16.4.154:61014 )
  INFO root [2017-11-07 20:30:02,220] - NetworkInterface::recreateListeningSocket(INTERNAL): address 172.16.4.154:61014, SOMAXCONN=128.
  INFO root [2017-11-07 20:30:02,220] - server-configs:
  INFO root [2017-11-07 20:30:02,220] - 	internalAddr : 172.16.4.154:61014
  INFO root [2017-11-07 20:30:02,220] - 	externalAddr : 172.16.4.154:20013
  INFO root [2017-11-07 20:30:02,220] - 	componentID : 9000
  INFO root [2017-11-07 20:30:02,617] - Components::findLogger: found logger, addr:172.16.4.154:61008
  INFO root [2017-11-07 20:30:02,617] - Components::addComponent: reset orderLog, uid=1001!
  INFO root [2017-11-07 20:30:02,617] - Components::addComponent[logger], uid=1001, componentID=2000, globalorderid=1, grouporderid=1, totalcount=1
  INFO root [2017-11-07 20:30:02,621] - ---- loginapp Version: 0.9.12. ScriptVersion: 0.1.0. Protocol: 75C8DA776708D1E89693088467E5A4FB. Config: Debug X86. Built: 16:13:51 Jul  7 2017. AppID: 9000. UID: 1001. PID: 106324 ----
  INFO root [2017-11-07 20:30:02,622] - Server : Intel(R) Core(TM) i5-4590 CPU @ 3.30GHz with 4194303kB RAM
  INFO root [2017-11-07 20:30:02,622] - ThreadPool::createThreadPool: creating  threadpool...
  INFO root [2017-11-07 20:30:02,622] - ThreadPool::createThreadPool: successfully(2), newThreadCount=1, normalMaxThreadCount=2, maxThreadCount=8
 DEBUG root [2017-11-07 20:30:02,749] - Script::install_py_dlls(): PyInit_pyexpat
 DEBUG root [2017-11-07 20:30:02,750] - Script::install_py_dlls(): PyInit__socket
 DEBUG root [2017-11-07 20:30:02,750] - Script::install_py_dlls(): PyInit__hashlib
 DEBUG root [2017-11-07 20:30:02,752] - Script::install_py_dlls(): PyInit_select
 DEBUG root [2017-11-07 20:30:02,752] - Script::install_py_dlls(): PyInit__ctypes
 DEBUG root [2017-11-07 20:30:02,752] - Script::install_py_dlls(): PyInit__elementtree
 DEBUG root [2017-11-07 20:30:02,784] - Script::install_py_dlls(): PyInit_unicodedata
  INFO root [2017-11-07 20:30:02,815] - Script::install(): is successfully, Python=(3.4.2 (default, Jul  7 2017, 16:13:50) [MSC v.1800 32 bit (Intel)])!
  INFO root [2017-11-07 20:30:02,815] - Script::install(): KBExtra is successfully!
S_INFO root [2017-11-07 20:30:02,817] - onLoginAppReady: bootstrapGroupIndex=0, bootstrapGlobalIndex=0
  INFO root [2017-11-07 20:30:02,818] - TelnetServer server is running on port 31000
  INFO root [2017-11-07 20:30:03,029] - ---- loginapp is running ----
 DEBUG root [2017-11-07 20:30:03,030] - Components::process(): Request for the process of identity...
  WARN root [2017-11-07 20:30:09,235] - Forwarding logs to logger[172.16.4.154:61008/0/0/0]...
