  INFO root [2017-11-16 20:33:41,530] - 
  INFO root [2017-11-16 20:33:41,531] - -----------------------------------------------------------------------------------------


  INFO root [2017-11-16 20:33:41,531] - Resmgr::initialize: KBE_ROOT=C:/Users/hyc/Desktop/kbengine/
  INFO root [2017-11-16 20:33:41,532] - Resmgr::initialize: KBE_RES_PATH=C:/Users/hyc/Desktop/kbengine/kbe/res/;C:/Users/hyc/Desktop/kbengine/llgame/;C:/Users/hyc/Desktop/kbengine/llgame/scripts/;C:/Users/hyc/Desktop/kbengine/llgame/res/
  INFO root [2017-11-16 20:33:41,532] - Resmgr::initialize: KBE_BIN_PATH=C:/Users/hyc/Desktop/kbengine/kbe/bin/server/
  INFO root [2017-11-16 20:33:41,533] - NetworkInterface::recreateListeningSocket(EXTERNAL): bound to all interfaces with default route interface on 172.16.4.154 ( 172.16.4.154:20013 )
  INFO root [2017-11-16 20:33:41,534] - NetworkInterface::recreateListeningSocket(EXTERNAL): address 172.16.4.154:20013, SOMAXCONN=128.
  INFO root [2017-11-16 20:33:41,535] - NetworkInterface::recreateListeningSocket(INTERNAL): bound to all interfaces with default route interface on 172.16.4.154 ( 172.16.4.154:49441 )
  INFO root [2017-11-16 20:33:41,536] - NetworkInterface::recreateListeningSocket(INTERNAL): address 172.16.4.154:49441, SOMAXCONN=128.
  INFO root [2017-11-16 20:33:41,536] - server-configs:
  INFO root [2017-11-16 20:33:41,536] - 	internalAddr : 172.16.4.154:49441
  INFO root [2017-11-16 20:33:41,536] - 	externalAddr : 172.16.4.154:20013
  INFO root [2017-11-16 20:33:41,536] - 	componentID : 9000
  INFO root [2017-11-16 20:33:42,287] - Components::findLogger: found logger, addr:172.16.4.154:49435
  INFO root [2017-11-16 20:33:42,287] - Components::addComponent: reset orderLog, uid=1001!
  INFO root [2017-11-16 20:33:42,287] - Components::addComponent[logger], uid=1001, componentID=2000, globalorderid=1, grouporderid=1, totalcount=1
  INFO root [2017-11-16 20:33:42,291] - ---- loginapp Version: 0.9.12. ScriptVersion: 0.1.0. Protocol: 75C8DA776708D1E89693088467E5A4FB. Config: Debug X86. Built: 16:13:51 Jul  7 2017. AppID: 9000. UID: 1001. PID: 283632 ----
  INFO root [2017-11-16 20:33:42,291] - Server : Intel(R) Core(TM) i5-4590 CPU @ 3.30GHz with 4194303kB RAM
  INFO root [2017-11-16 20:33:42,292] - ThreadPool::createThreadPool: creating  threadpool...
  INFO root [2017-11-16 20:33:42,292] - ThreadPool::createThreadPool: successfully(2), newThreadCount=1, normalMaxThreadCount=2, maxThreadCount=8
 DEBUG root [2017-11-16 20:33:42,420] - Script::install_py_dlls(): PyInit_pyexpat
 DEBUG root [2017-11-16 20:33:42,420] - Script::install_py_dlls(): PyInit__socket
 DEBUG root [2017-11-16 20:33:42,420] - Script::install_py_dlls(): PyInit__hashlib
 DEBUG root [2017-11-16 20:33:42,422] - Script::install_py_dlls(): PyInit_select
 DEBUG root [2017-11-16 20:33:42,422] - Script::install_py_dlls(): PyInit__ctypes
 DEBUG root [2017-11-16 20:33:42,423] - Script::install_py_dlls(): PyInit__elementtree
 DEBUG root [2017-11-16 20:33:42,454] - Script::install_py_dlls(): PyInit_unicodedata
  INFO root [2017-11-16 20:33:42,484] - Script::install(): is successfully, Python=(3.4.2 (default, Jul  7 2017, 16:13:50) [MSC v.1800 32 bit (Intel)])!
  INFO root [2017-11-16 20:33:42,484] - Script::install(): KBExtra is successfully!
S_INFO root [2017-11-16 20:33:42,486] - onLoginAppReady: bootstrapGroupIndex=0, bootstrapGlobalIndex=0
  INFO root [2017-11-16 20:33:42,486] - TelnetServer server is running on port 31000
  INFO root [2017-11-16 20:33:42,700] - ---- loginapp is running ----
 DEBUG root [2017-11-16 20:33:42,700] - Components::process(): Request for the process of identity...
  WARN root [2017-11-16 20:33:49,141] - Forwarding logs to logger[172.16.4.154:49435/0/0/0]...
 ERROR root [2017-11-16 20:40:25,739] - Components::removeComponentByChannel: logger : 2000, Abnormal exit! errorno=10054
  INFO root [2017-11-16 20:40:25,741] - The following logs sent to logger failed:
  WARN root [2017-11-16 20:40:25,741] - ==> [2017-11-16 20:40:25 739] TCPPacketReceiver::processPendingEvents(172.16.4.154:49435): Throwing REASON_GENERAL_NETWORK - WSAECONNRESET
 ERROR root [2017-11-16 20:40:25,741] - ==> [2017-11-16 20:40:25 739] Components::removeComponentByChannel: logger : 2000, Abnormal exit! errorno=10054
  WARN root [2017-11-16 20:40:25,942] - TCPPacketReceiver::processPendingEvents(172.16.4.154:49436): Throwing REASON_GENERAL_NETWORK - WSAECONNRESET
 ERROR root [2017-11-16 20:40:25,946] - Components::removeComponentByChannel: dbmgr : 4000, Abnormal exit! errorno=10054
  INFO root [2017-11-16 20:40:25,947] - Shutdowner::onShutdownBegin: shutting down(period=0, tickPeriod=1)
S_INFO root [2017-11-16 20:40:25,949] - onLoginAppShutDown()
  INFO root [2017-11-16 20:40:25,949] - Shutdowner::onShutdown: shutting down
  INFO root [2017-11-16 20:40:25,949] - Shutdowner::onShutdownEnd: shutting down
 DEBUG root [2017-11-16 20:40:25,949] - Script::uninstall_py_dlls(): PyInit_pyexpat
 DEBUG root [2017-11-16 20:40:25,949] - Script::uninstall_py_dlls(): PyInit__socket
 DEBUG root [2017-11-16 20:40:25,949] - Script::uninstall_py_dlls(): PyInit__hashlib
 DEBUG root [2017-11-16 20:40:25,949] - Script::uninstall_py_dlls(): PyInit_select
 DEBUG root [2017-11-16 20:40:25,949] - Script::uninstall_py_dlls(): PyInit__ctypes
 DEBUG root [2017-11-16 20:40:25,949] - Script::uninstall_py_dlls(): PyInit__elementtree
 DEBUG root [2017-11-16 20:40:25,949] - Script::uninstall_py_dlls(): PyInit_unicodedata
  INFO root [2017-11-16 20:40:25,960] - Script::uninstall(): is successfully!
 DEBUG root [2017-11-16 20:40:25,960] - ThreadPool::destroy(): starting size 2.
  WARN root [2017-11-16 20:40:26,261] - ThreadPool::destroy(): waiting for thread(2)[0x16a5c58,0x16a5368,], try=1
 DEBUG root [2017-11-16 20:40:26,662] - TPThread::~TPThread(): 0x16a5c58
 DEBUG root [2017-11-16 20:40:26,662] - TPThread::~TPThread(): 0x16a5368
 DEBUG root [2017-11-16 20:40:26,662] - ThreadPool::destroy(): successfully!
 DEBUG root [2017-11-16 20:40:26,670] - Bundle::destroyObjPool(): size 13.
 DEBUG root [2017-11-16 20:40:26,671] - Channel::destroyObjPool(): size 15.
 DEBUG root [2017-11-16 20:40:26,671] - TCPPacket::destroyObjPool(): size 1.
 DEBUG root [2017-11-16 20:40:26,671] - UDPPacket::destroyObjPool(): size 1.
 DEBUG root [2017-11-16 20:40:26,671] - EndPoint::destroyObjPool(): size 14.
 DEBUG root [2017-11-16 20:40:26,671] - Address::destroyObjPool(): size 0.
 DEBUG root [2017-11-16 20:40:26,671] - TCPPacketReceiver::destroyObjPool(): size 0.
 DEBUG root [2017-11-16 20:40:26,671] - UDPPacketReceiver::destroyObjPool(): size 0.
  INFO root [2017-11-16 20:40:26,671] - loginapp(9000) has shut down.
  INFO root [2017-11-16 20:40:32,940] - 
  INFO root [2017-11-16 20:40:32,941] - -----------------------------------------------------------------------------------------


  INFO root [2017-11-16 20:40:32,941] - Resmgr::initialize: KBE_ROOT=C:/Users/hyc/Desktop/kbengine/
  INFO root [2017-11-16 20:40:32,941] - Resmgr::initialize: KBE_RES_PATH=C:/Users/hyc/Desktop/kbengine/kbe/res/;C:/Users/hyc/Desktop/kbengine/llgame/;C:/Users/hyc/Desktop/kbengine/llgame/scripts/;C:/Users/hyc/Desktop/kbengine/llgame/res/
  INFO root [2017-11-16 20:40:32,941] - Resmgr::initialize: KBE_BIN_PATH=C:/Users/hyc/Desktop/kbengine/kbe/bin/server/
  INFO root [2017-11-16 20:40:32,943] - NetworkInterface::recreateListeningSocket(EXTERNAL): bound to all interfaces with default route interface on 172.16.4.154 ( 172.16.4.154:20013 )
  INFO root [2017-11-16 20:40:32,944] - NetworkInterface::recreateListeningSocket(EXTERNAL): address 172.16.4.154:20013, SOMAXCONN=128.
  INFO root [2017-11-16 20:40:32,945] - NetworkInterface::recreateListeningSocket(INTERNAL): bound to all interfaces with default route interface on 172.16.4.154 ( 172.16.4.154:49543 )
  INFO root [2017-11-16 20:40:32,946] - NetworkInterface::recreateListeningSocket(INTERNAL): address 172.16.4.154:49543, SOMAXCONN=128.
  INFO root [2017-11-16 20:40:32,946] - server-configs:
  INFO root [2017-11-16 20:40:32,946] - 	internalAddr : 172.16.4.154:49543
  INFO root [2017-11-16 20:40:32,946] - 	externalAddr : 172.16.4.154:20013
  INFO root [2017-11-16 20:40:32,946] - 	componentID : 9000
  WARN root [2017-11-16 20:40:33,699] - BundleBroadcast::BundleBroadcast: Cannot bind to port 20380, errorno=10048
  INFO root [2017-11-16 20:40:33,702] - ---- loginapp Version: 0.9.12. ScriptVersion: 0.1.0. Protocol: 75C8DA776708D1E89693088467E5A4FB. Config: Debug X86. Built: 16:13:51 Jul  7 2017. AppID: 9000. UID: 1001. PID: 249436 ----
  INFO root [2017-11-16 20:40:33,703] - Server : Intel(R) Core(TM) i5-4590 CPU @ 3.30GHz with 4194303kB RAM
  INFO root [2017-11-16 20:40:33,703] - ThreadPool::createThreadPool: creating  threadpool...
  INFO root [2017-11-16 20:40:33,703] - ThreadPool::createThreadPool: successfully(2), newThreadCount=1, normalMaxThreadCount=2, maxThreadCount=8
 DEBUG root [2017-11-16 20:40:33,831] - Script::install_py_dlls(): PyInit_pyexpat
 DEBUG root [2017-11-16 20:40:33,831] - Script::install_py_dlls(): PyInit__socket
 DEBUG root [2017-11-16 20:40:33,831] - Script::install_py_dlls(): PyInit__hashlib
 DEBUG root [2017-11-16 20:40:33,833] - Script::install_py_dlls(): PyInit_select
 DEBUG root [2017-11-16 20:40:33,833] - Script::install_py_dlls(): PyInit__ctypes
 DEBUG root [2017-11-16 20:40:33,834] - Script::install_py_dlls(): PyInit__elementtree
 DEBUG root [2017-11-16 20:40:33,866] - Script::install_py_dlls(): PyInit_unicodedata
  INFO root [2017-11-16 20:40:33,900] - Script::install(): is successfully, Python=(3.4.2 (default, Jul  7 2017, 16:13:50) [MSC v.1800 32 bit (Intel)])!
  INFO root [2017-11-16 20:40:33,900] - Script::install(): KBExtra is successfully!
S_INFO root [2017-11-16 20:40:33,903] - onLoginAppReady: bootstrapGroupIndex=0, bootstrapGlobalIndex=0
  INFO root [2017-11-16 20:40:33,903] - TelnetServer server is running on port 31000
  INFO root [2017-11-16 20:40:34,134] - ---- loginapp is running ----
 DEBUG root [2017-11-16 20:40:34,135] - Components::process(): Request for the process of identity...
  INFO root [2017-11-16 20:40:41,469] - Components::findComponents: find logger(1)...
  INFO root [2017-11-16 20:40:41,512] - Components::findComponents: found logger, addr:172.16.4.154:49538
  INFO root [2017-11-16 20:40:41,512] - Components::addComponent: reset orderLog, uid=1001!
  INFO root [2017-11-16 20:40:41,512] - Components::addComponent[logger], uid=1001, componentID=2000, globalorderid=1, grouporderid=1, totalcount=1
  INFO root [2017-11-16 20:40:41,514] - Components::findComponents: find dbmgr(2)...
  INFO root [2017-11-16 20:40:41,648] - Components::findComponents: found dbmgr, addr:172.16.4.154:49539
  INFO root [2017-11-16 20:40:41,648] - Components::addComponent: reset orderLog, uid=1001!
  INFO root [2017-11-16 20:40:41,649] - Components::addComponent[dbmgr], uid=1001, componentID=4000, globalorderid=1, grouporderid=1, totalcount=1
  INFO root [2017-11-16 20:40:41,649] - Components::findComponents: found dbmgr, addr:172.16.4.154:49539
  WARN root [2017-11-16 20:40:42,650] - Forwarding logs to logger[172.16.4.154:49538/0/0/0]...
 ERROR root [2017-11-16 20:42:02,404] - Components::removeComponentByChannel: logger : 2000, Abnormal exit! errorno=10054
  INFO root [2017-11-16 20:42:02,408] - The following logs sent to logger failed:
  WARN root [2017-11-16 20:42:02,408] - ==> [2017-11-16 20:42:02 404] TCPPacketReceiver::processPendingEvents(172.16.4.154:49538): Throwing REASON_GENERAL_NETWORK - WSAECONNRESET
 ERROR root [2017-11-16 20:42:02,409] - ==> [2017-11-16 20:42:02 404] Components::removeComponentByChannel: logger : 2000, Abnormal exit! errorno=10054
  WARN root [2017-11-16 20:42:02,634] - TCPPacketReceiver::processPendingEvents(172.16.4.154:49539): Throwing REASON_GENERAL_NETWORK - WSAECONNRESET
 ERROR root [2017-11-16 20:42:02,638] - Components::removeComponentByChannel: dbmgr : 4000, Abnormal exit! errorno=10054
  INFO root [2017-11-16 20:42:02,644] - Shutdowner::onShutdownBegin: shutting down(period=0, tickPeriod=1)
S_INFO root [2017-11-16 20:42:02,648] - onLoginAppShutDown()
  INFO root [2017-11-16 20:42:02,648] - Shutdowner::onShutdown: shutting down
  INFO root [2017-11-16 20:42:02,649] - Shutdowner::onShutdownEnd: shutting down
 DEBUG root [2017-11-16 20:42:02,649] - Script::uninstall_py_dlls(): PyInit_pyexpat
 DEBUG root [2017-11-16 20:42:02,649] - Script::uninstall_py_dlls(): PyInit__socket
 DEBUG root [2017-11-16 20:42:02,649] - Script::uninstall_py_dlls(): PyInit__hashlib
 DEBUG root [2017-11-16 20:42:02,649] - Script::uninstall_py_dlls(): PyInit_select
 DEBUG root [2017-11-16 20:42:02,649] - Script::uninstall_py_dlls(): PyInit__ctypes
 DEBUG root [2017-11-16 20:42:02,649] - Script::uninstall_py_dlls(): PyInit__elementtree
 DEBUG root [2017-11-16 20:42:02,649] - Script::uninstall_py_dlls(): PyInit_unicodedata
  INFO root [2017-11-16 20:42:02,661] - Script::uninstall(): is successfully!
 DEBUG root [2017-11-16 20:42:02,661] - ThreadPool::destroy(): starting size 2.
  WARN root [2017-11-16 20:42:02,963] - ThreadPool::destroy(): waiting for thread(2)[0x1545508,0x15456a8,], try=1
 DEBUG root [2017-11-16 20:42:03,364] - TPThread::~TPThread(): 0x1545508
 DEBUG root [2017-11-16 20:42:03,364] - TPThread::~TPThread(): 0x15456a8
 DEBUG root [2017-11-16 20:42:03,364] - ThreadPool::destroy(): successfully!
 DEBUG root [2017-11-16 20:42:03,372] - Bundle::destroyObjPool(): size 29.
 DEBUG root [2017-11-16 20:42:03,372] - Channel::destroyObjPool(): size 13.
 DEBUG root [2017-11-16 20:42:03,372] - TCPPacket::destroyObjPool(): size 12.
 DEBUG root [2017-11-16 20:42:03,373] - UDPPacket::destroyObjPool(): size 1.
 DEBUG root [2017-11-16 20:42:03,373] - EndPoint::destroyObjPool(): size 12.
 DEBUG root [2017-11-16 20:42:03,373] - Address::destroyObjPool(): size 0.
 DEBUG root [2017-11-16 20:42:03,373] - TCPPacketReceiver::destroyObjPool(): size 0.
 DEBUG root [2017-11-16 20:42:03,373] - UDPPacketReceiver::destroyObjPool(): size 0.
  INFO root [2017-11-16 20:42:03,373] - loginapp(9000) has shut down.
  INFO root [2017-11-16 20:42:10,485] - 
  INFO root [2017-11-16 20:42:10,485] - -----------------------------------------------------------------------------------------


  INFO root [2017-11-16 20:42:10,486] - Resmgr::initialize: KBE_ROOT=C:/Users/hyc/Desktop/kbengine/
  INFO root [2017-11-16 20:42:10,486] - Resmgr::initialize: KBE_RES_PATH=C:/Users/hyc/Desktop/kbengine/kbe/res/;C:/Users/hyc/Desktop/kbengine/llgame/;C:/Users/hyc/Desktop/kbengine/llgame/scripts/;C:/Users/hyc/Desktop/kbengine/llgame/res/
  INFO root [2017-11-16 20:42:10,486] - Resmgr::initialize: KBE_BIN_PATH=C:/Users/hyc/Desktop/kbengine/kbe/bin/server/
  INFO root [2017-11-16 20:42:10,488] - NetworkInterface::recreateListeningSocket(EXTERNAL): bound to all interfaces with default route interface on 172.16.4.154 ( 172.16.4.154:20013 )
  INFO root [2017-11-16 20:42:10,489] - NetworkInterface::recreateListeningSocket(EXTERNAL): address 172.16.4.154:20013, SOMAXCONN=128.
  INFO root [2017-11-16 20:42:10,489] - NetworkInterface::recreateListeningSocket(INTERNAL): bound to all interfaces with default route interface on 172.16.4.154 ( 172.16.4.154:49607 )
  INFO root [2017-11-16 20:42:10,490] - NetworkInterface::recreateListeningSocket(INTERNAL): address 172.16.4.154:49607, SOMAXCONN=128.
  INFO root [2017-11-16 20:42:10,490] - server-configs:
  INFO root [2017-11-16 20:42:10,491] - 	internalAddr : 172.16.4.154:49607
  INFO root [2017-11-16 20:42:10,491] - 	externalAddr : 172.16.4.154:20013
  INFO root [2017-11-16 20:42:10,491] - 	componentID : 9000
  INFO root [2017-11-16 20:42:11,004] - Components::findLogger: found logger, addr:172.16.4.154:49601
  INFO root [2017-11-16 20:42:11,004] - Components::addComponent: reset orderLog, uid=1001!
  INFO root [2017-11-16 20:42:11,005] - Components::addComponent[logger], uid=1001, componentID=2000, globalorderid=1, grouporderid=1, totalcount=1
  INFO root [2017-11-16 20:42:11,018] - ---- loginapp Version: 0.9.12. ScriptVersion: 0.1.0. Protocol: 75C8DA776708D1E89693088467E5A4FB. Config: Debug X86. Built: 16:13:51 Jul  7 2017. AppID: 9000. UID: 1001. PID: 276908 ----
  INFO root [2017-11-16 20:42:11,019] - Server : Intel(R) Core(TM) i5-4590 CPU @ 3.30GHz with 4194303kB RAM
  INFO root [2017-11-16 20:42:11,019] - ThreadPool::createThreadPool: creating  threadpool...
  INFO root [2017-11-16 20:42:11,020] - ThreadPool::createThreadPool: successfully(2), newThreadCount=1, normalMaxThreadCount=2, maxThreadCount=8
 DEBUG root [2017-11-16 20:42:11,148] - Script::install_py_dlls(): PyInit_pyexpat
 DEBUG root [2017-11-16 20:42:11,148] - Script::install_py_dlls(): PyInit__socket
 DEBUG root [2017-11-16 20:42:11,148] - Script::install_py_dlls(): PyInit__hashlib
 DEBUG root [2017-11-16 20:42:11,150] - Script::install_py_dlls(): PyInit_select
 DEBUG root [2017-11-16 20:42:11,150] - Script::install_py_dlls(): PyInit__ctypes
 DEBUG root [2017-11-16 20:42:11,151] - Script::install_py_dlls(): PyInit__elementtree
 DEBUG root [2017-11-16 20:42:11,182] - Script::install_py_dlls(): PyInit_unicodedata
  INFO root [2017-11-16 20:42:11,213] - Script::install(): is successfully, Python=(3.4.2 (default, Jul  7 2017, 16:13:50) [MSC v.1800 32 bit (Intel)])!
  INFO root [2017-11-16 20:42:11,214] - Script::install(): KBExtra is successfully!
S_INFO root [2017-11-16 20:42:11,216] - onLoginAppReady: bootstrapGroupIndex=0, bootstrapGlobalIndex=0
  INFO root [2017-11-16 20:42:11,216] - TelnetServer server is running on port 31000
  INFO root [2017-11-16 20:42:11,429] - ---- loginapp is running ----
 DEBUG root [2017-11-16 20:42:11,429] - Components::process(): Request for the process of identity...
  WARN root [2017-11-16 20:42:17,871] - Forwarding logs to logger[172.16.4.154:49601/0/0/0]...
 ERROR root [2017-11-16 20:43:34,816] - Components::removeComponentByChannel: logger : 2000, Abnormal exit! errorno=10054
  INFO root [2017-11-16 20:43:34,819] - The following logs sent to logger failed:
  WARN root [2017-11-16 20:43:34,819] - ==> [2017-11-16 20:43:34 816] TCPPacketReceiver::processPendingEvents(172.16.4.154:49601): Throwing REASON_GENERAL_NETWORK - WSAECONNRESET
 ERROR root [2017-11-16 20:43:34,820] - ==> [2017-11-16 20:43:34 816] Components::removeComponentByChannel: logger : 2000, Abnormal exit! errorno=10054
  WARN root [2017-11-16 20:43:35,153] - TCPPacketReceiver::processPendingEvents(172.16.4.154:49602): Throwing REASON_GENERAL_NETWORK - WSAECONNRESET
 ERROR root [2017-11-16 20:43:35,153] - Components::removeComponentByChannel: dbmgr : 4000, Abnormal exit! errorno=10054
  INFO root [2017-11-16 20:43:35,154] - Shutdowner::onShutdownBegin: shutting down(period=0, tickPeriod=1)
S_INFO root [2017-11-16 20:43:35,155] - onLoginAppShutDown()
  INFO root [2017-11-16 20:43:35,155] - Shutdowner::onShutdown: shutting down
  INFO root [2017-11-16 20:43:35,155] - Shutdowner::onShutdownEnd: shutting down
 DEBUG root [2017-11-16 20:43:35,155] - Script::uninstall_py_dlls(): PyInit_pyexpat
 DEBUG root [2017-11-16 20:43:35,155] - Script::uninstall_py_dlls(): PyInit__socket
 DEBUG root [2017-11-16 20:43:35,156] - Script::uninstall_py_dlls(): PyInit__hashlib
 DEBUG root [2017-11-16 20:43:35,156] - Script::uninstall_py_dlls(): PyInit_select
 DEBUG root [2017-11-16 20:43:35,156] - Script::uninstall_py_dlls(): PyInit__ctypes
 DEBUG root [2017-11-16 20:43:35,156] - Script::uninstall_py_dlls(): PyInit__elementtree
 DEBUG root [2017-11-16 20:43:35,156] - Script::uninstall_py_dlls(): PyInit_unicodedata
  INFO root [2017-11-16 20:43:35,168] - Script::uninstall(): is successfully!
 DEBUG root [2017-11-16 20:43:35,168] - ThreadPool::destroy(): starting size 2.
  WARN root [2017-11-16 20:43:35,470] - ThreadPool::destroy(): waiting for thread(2)[0x1605410,0x1605750,], try=1
 DEBUG root [2017-11-16 20:43:35,871] - TPThread::~TPThread(): 0x1605410
 DEBUG root [2017-11-16 20:43:35,871] - TPThread::~TPThread(): 0x1605750
 DEBUG root [2017-11-16 20:43:35,871] - ThreadPool::destroy(): successfully!
 DEBUG root [2017-11-16 20:43:35,879] - Bundle::destroyObjPool(): size 13.
 DEBUG root [2017-11-16 20:43:35,879] - Channel::destroyObjPool(): size 13.
 DEBUG root [2017-11-16 20:43:35,880] - TCPPacket::destroyObjPool(): size 12.
 DEBUG root [2017-11-16 20:43:35,880] - UDPPacket::destroyObjPool(): size 2.
 DEBUG root [2017-11-16 20:43:35,880] - EndPoint::destroyObjPool(): size 12.
 DEBUG root [2017-11-16 20:43:35,880] - Address::destroyObjPool(): size 0.
 DEBUG root [2017-11-16 20:43:35,880] - TCPPacketReceiver::destroyObjPool(): size 0.
 DEBUG root [2017-11-16 20:43:35,880] - UDPPacketReceiver::destroyObjPool(): size 0.
  INFO root [2017-11-16 20:43:35,880] - loginapp(9000) has shut down.
  INFO root [2017-11-16 20:50:10,683] - 
  INFO root [2017-11-16 20:50:10,685] - -----------------------------------------------------------------------------------------


  INFO root [2017-11-16 20:50:10,685] - Resmgr::initialize: KBE_ROOT=C:/Users/hyc/Desktop/kbengine/
  INFO root [2017-11-16 20:50:10,685] - Resmgr::initialize: KBE_RES_PATH=C:/Users/hyc/Desktop/kbengine/kbe/res/;C:/Users/hyc/Desktop/kbengine/llgame/;C:/Users/hyc/Desktop/kbengine/llgame/scripts/;C:/Users/hyc/Desktop/kbengine/llgame/res/
  INFO root [2017-11-16 20:50:10,685] - Resmgr::initialize: KBE_BIN_PATH=C:/Users/hyc/Desktop/kbengine/kbe/bin/server/
  INFO root [2017-11-16 20:50:10,687] - NetworkInterface::recreateListeningSocket(EXTERNAL): bound to all interfaces with default route interface on 172.16.4.154 ( 172.16.4.154:20013 )
  INFO root [2017-11-16 20:50:10,688] - NetworkInterface::recreateListeningSocket(EXTERNAL): address 172.16.4.154:20013, SOMAXCONN=128.
  INFO root [2017-11-16 20:50:10,689] - NetworkInterface::recreateListeningSocket(INTERNAL): bound to all interfaces with default route interface on 172.16.4.154 ( 172.16.4.154:49714 )
  INFO root [2017-11-16 20:50:10,690] - NetworkInterface::recreateListeningSocket(INTERNAL): address 172.16.4.154:49714, SOMAXCONN=128.
  INFO root [2017-11-16 20:50:10,690] - server-configs:
  INFO root [2017-11-16 20:50:10,691] - 	internalAddr : 172.16.4.154:49714
  INFO root [2017-11-16 20:50:10,691] - 	externalAddr : 172.16.4.154:20013
  INFO root [2017-11-16 20:50:10,691] - 	componentID : 9000
  INFO root [2017-11-16 20:50:11,219] - Components::findLogger: found logger, addr:172.16.4.154:49708
  INFO root [2017-11-16 20:50:11,220] - Components::addComponent: reset orderLog, uid=1001!
  INFO root [2017-11-16 20:50:11,220] - Components::addComponent[logger], uid=1001, componentID=2000, globalorderid=1, grouporderid=1, totalcount=1
  INFO root [2017-11-16 20:50:11,224] - ---- loginapp Version: 0.9.12. ScriptVersion: 0.1.0. Protocol: 75C8DA776708D1E89693088467E5A4FB. Config: Debug X86. Built: 16:13:51 Jul  7 2017. AppID: 9000. UID: 1001. PID: 267276 ----
  INFO root [2017-11-16 20:50:11,224] - Server : Intel(R) Core(TM) i5-4590 CPU @ 3.30GHz with 4194303kB RAM
  INFO root [2017-11-16 20:50:11,225] - ThreadPool::createThreadPool: creating  threadpool...
  INFO root [2017-11-16 20:50:11,225] - ThreadPool::createThreadPool: successfully(2), newThreadCount=1, normalMaxThreadCount=2, maxThreadCount=8
 DEBUG root [2017-11-16 20:50:11,354] - Script::install_py_dlls(): PyInit_pyexpat
 DEBUG root [2017-11-16 20:50:11,354] - Script::install_py_dlls(): PyInit__socket
 DEBUG root [2017-11-16 20:50:11,354] - Script::install_py_dlls(): PyInit__hashlib
 DEBUG root [2017-11-16 20:50:11,356] - Script::install_py_dlls(): PyInit_select
 DEBUG root [2017-11-16 20:50:11,356] - Script::install_py_dlls(): PyInit__ctypes
 DEBUG root [2017-11-16 20:50:11,357] - Script::install_py_dlls(): PyInit__elementtree
 DEBUG root [2017-11-16 20:50:11,388] - Script::install_py_dlls(): PyInit_unicodedata
  INFO root [2017-11-16 20:50:11,420] - Script::install(): is successfully, Python=(3.4.2 (default, Jul  7 2017, 16:13:50) [MSC v.1800 32 bit (Intel)])!
  INFO root [2017-11-16 20:50:11,420] - Script::install(): KBExtra is successfully!
S_INFO root [2017-11-16 20:50:11,422] - onLoginAppReady: bootstrapGroupIndex=0, bootstrapGlobalIndex=0
  INFO root [2017-11-16 20:50:11,423] - TelnetServer server is running on port 31000
  INFO root [2017-11-16 20:50:11,635] - ---- loginapp is running ----
 DEBUG root [2017-11-16 20:50:11,635] - Components::process(): Request for the process of identity...
  WARN root [2017-11-16 20:50:18,407] - Forwarding logs to logger[172.16.4.154:49708/0/0/0]...
 ERROR root [2017-11-16 20:50:41,276] - Components::removeComponentByChannel: logger : 2000, Abnormal exit! errorno=10054
  INFO root [2017-11-16 20:50:41,301] - The following logs sent to logger failed:
  WARN root [2017-11-16 20:50:41,301] - ==> [2017-11-16 20:50:41 276] TCPPacketReceiver::processPendingEvents(172.16.4.154:49708): Throwing REASON_GENERAL_NETWORK - WSAECONNRESET
 ERROR root [2017-11-16 20:50:41,301] - ==> [2017-11-16 20:50:41 277] Components::removeComponentByChannel: logger : 2000, Abnormal exit! errorno=10054
  WARN root [2017-11-16 20:50:41,582] - TCPPacketReceiver::processPendingEvents(172.16.4.154:49709): Throwing REASON_GENERAL_NETWORK - WSAECONNRESET
 ERROR root [2017-11-16 20:50:41,585] - Components::removeComponentByChannel: dbmgr : 4000, Abnormal exit! errorno=10054
  INFO root [2017-11-16 20:50:41,592] - Shutdowner::onShutdownBegin: shutting down(period=0, tickPeriod=1)
S_INFO root [2017-11-16 20:50:41,593] - onLoginAppShutDown()
  INFO root [2017-11-16 20:50:41,593] - Shutdowner::onShutdown: shutting down
  INFO root [2017-11-16 20:50:41,593] - Shutdowner::onShutdownEnd: shutting down
 DEBUG root [2017-11-16 20:50:41,593] - Script::uninstall_py_dlls(): PyInit_pyexpat
 DEBUG root [2017-11-16 20:50:41,593] - Script::uninstall_py_dlls(): PyInit__socket
 DEBUG root [2017-11-16 20:50:41,593] - Script::uninstall_py_dlls(): PyInit__hashlib
 DEBUG root [2017-11-16 20:50:41,593] - Script::uninstall_py_dlls(): PyInit_select
 DEBUG root [2017-11-16 20:50:41,593] - Script::uninstall_py_dlls(): PyInit__ctypes
 DEBUG root [2017-11-16 20:50:41,593] - Script::uninstall_py_dlls(): PyInit__elementtree
 DEBUG root [2017-11-16 20:50:41,594] - Script::uninstall_py_dlls(): PyInit_unicodedata
  INFO root [2017-11-16 20:50:41,604] - Script::uninstall(): is successfully!
 DEBUG root [2017-11-16 20:50:41,604] - ThreadPool::destroy(): starting size 2.
  WARN root [2017-11-16 20:50:41,905] - ThreadPool::destroy(): waiting for thread(2)[0x1745b88,0x1745230,], try=1
 DEBUG root [2017-11-16 20:50:42,306] - TPThread::~TPThread(): 0x1745b88
 DEBUG root [2017-11-16 20:50:42,306] - TPThread::~TPThread(): 0x1745230
 DEBUG root [2017-11-16 20:50:42,306] - ThreadPool::destroy(): successfully!
 DEBUG root [2017-11-16 20:50:42,314] - Bundle::destroyObjPool(): size 13.
 DEBUG root [2017-11-16 20:50:42,315] - Channel::destroyObjPool(): size 15.
 DEBUG root [2017-11-16 20:50:42,315] - TCPPacket::destroyObjPool(): size 12.
 DEBUG root [2017-11-16 20:50:42,315] - UDPPacket::destroyObjPool(): size 2.
 DEBUG root [2017-11-16 20:50:42,315] - EndPoint::destroyObjPool(): size 14.
 DEBUG root [2017-11-16 20:50:42,315] - Address::destroyObjPool(): size 0.
 DEBUG root [2017-11-16 20:50:42,315] - TCPPacketReceiver::destroyObjPool(): size 0.
 DEBUG root [2017-11-16 20:50:42,315] - UDPPacketReceiver::destroyObjPool(): size 0.
  INFO root [2017-11-16 20:50:42,315] - loginapp(9000) has shut down.
  INFO root [2017-11-16 20:50:45,494] - 
  INFO root [2017-11-16 20:50:45,495] - -----------------------------------------------------------------------------------------


  INFO root [2017-11-16 20:50:45,495] - Resmgr::initialize: KBE_ROOT=C:/Users/hyc/Desktop/kbengine/
  INFO root [2017-11-16 20:50:45,495] - Resmgr::initialize: KBE_RES_PATH=C:/Users/hyc/Desktop/kbengine/kbe/res/;C:/Users/hyc/Desktop/kbengine/llgame/;C:/Users/hyc/Desktop/kbengine/llgame/scripts/;C:/Users/hyc/Desktop/kbengine/llgame/res/
  INFO root [2017-11-16 20:50:45,495] - Resmgr::initialize: KBE_BIN_PATH=C:/Users/hyc/Desktop/kbengine/kbe/bin/server/
  INFO root [2017-11-16 20:50:45,497] - NetworkInterface::recreateListeningSocket(EXTERNAL): bound to all interfaces with default route interface on 172.16.4.154 ( 172.16.4.154:20013 )
  INFO root [2017-11-16 20:50:45,498] - NetworkInterface::recreateListeningSocket(EXTERNAL): address 172.16.4.154:20013, SOMAXCONN=128.
  INFO root [2017-11-16 20:50:45,499] - NetworkInterface::recreateListeningSocket(INTERNAL): bound to all interfaces with default route interface on 172.16.4.154 ( 172.16.4.154:49761 )
  INFO root [2017-11-16 20:50:45,500] - NetworkInterface::recreateListeningSocket(INTERNAL): address 172.16.4.154:49761, SOMAXCONN=128.
  INFO root [2017-11-16 20:50:45,500] - server-configs:
  INFO root [2017-11-16 20:50:45,500] - 	internalAddr : 172.16.4.154:49761
  INFO root [2017-11-16 20:50:45,500] - 	externalAddr : 172.16.4.154:20013
  INFO root [2017-11-16 20:50:45,500] - 	componentID : 9000
  INFO root [2017-11-16 20:50:45,872] - Components::findLogger: found logger, addr:172.16.4.154:49755
  INFO root [2017-11-16 20:50:45,872] - Components::addComponent: reset orderLog, uid=1001!
  INFO root [2017-11-16 20:50:45,872] - Components::addComponent[logger], uid=1001, componentID=2000, globalorderid=1, grouporderid=1, totalcount=1
  INFO root [2017-11-16 20:50:45,877] - ---- loginapp Version: 0.9.12. ScriptVersion: 0.1.0. Protocol: 75C8DA776708D1E89693088467E5A4FB. Config: Debug X86. Built: 16:13:51 Jul  7 2017. AppID: 9000. UID: 1001. PID: 275088 ----
  INFO root [2017-11-16 20:50:45,877] - Server : Intel(R) Core(TM) i5-4590 CPU @ 3.30GHz with 4194303kB RAM
  INFO root [2017-11-16 20:50:45,877] - ThreadPool::createThreadPool: creating  threadpool...
  INFO root [2017-11-16 20:50:45,877] - ThreadPool::createThreadPool: successfully(2), newThreadCount=1, normalMaxThreadCount=2, maxThreadCount=8
 DEBUG root [2017-11-16 20:50:46,004] - Script::install_py_dlls(): PyInit_pyexpat
 DEBUG root [2017-11-16 20:50:46,004] - Script::install_py_dlls(): PyInit__socket
 DEBUG root [2017-11-16 20:50:46,004] - Script::install_py_dlls(): PyInit__hashlib
 DEBUG root [2017-11-16 20:50:46,006] - Script::install_py_dlls(): PyInit_select
 DEBUG root [2017-11-16 20:50:46,006] - Script::install_py_dlls(): PyInit__ctypes
 DEBUG root [2017-11-16 20:50:46,007] - Script::install_py_dlls(): PyInit__elementtree
 DEBUG root [2017-11-16 20:50:46,038] - Script::install_py_dlls(): PyInit_unicodedata
  INFO root [2017-11-16 20:50:46,088] - Script::install(): is successfully, Python=(3.4.2 (default, Jul  7 2017, 16:13:50) [MSC v.1800 32 bit (Intel)])!
  INFO root [2017-11-16 20:50:46,088] - Script::install(): KBExtra is successfully!
S_INFO root [2017-11-16 20:50:46,090] - onLoginAppReady: bootstrapGroupIndex=0, bootstrapGlobalIndex=0
  INFO root [2017-11-16 20:50:46,091] - TelnetServer server is running on port 31000
  INFO root [2017-11-16 20:50:46,312] - ---- loginapp is running ----
 DEBUG root [2017-11-16 20:50:46,312] - Components::process(): Request for the process of identity...
  INFO root [2017-11-16 20:50:55,779] - 
  INFO root [2017-11-16 20:50:55,779] - -----------------------------------------------------------------------------------------


  INFO root [2017-11-16 20:50:55,780] - Resmgr::initialize: KBE_ROOT=C:/Users/hyc/Desktop/kbengine/
  INFO root [2017-11-16 20:50:55,780] - Resmgr::initialize: KBE_RES_PATH=C:/Users/hyc/Desktop/kbengine/kbe/res/;C:/Users/hyc/Desktop/kbengine/llgame/;C:/Users/hyc/Desktop/kbengine/llgame/scripts/;C:/Users/hyc/Desktop/kbengine/llgame/res/
  INFO root [2017-11-16 20:50:55,780] - Resmgr::initialize: KBE_BIN_PATH=C:/Users/hyc/Desktop/kbengine/kbe/bin/server/
  INFO root [2017-11-16 20:50:55,782] - NetworkInterface::recreateListeningSocket(EXTERNAL): bound to all interfaces with default route interface on 172.16.4.154 ( 172.16.4.154:20013 )
  INFO root [2017-11-16 20:50:55,783] - NetworkInterface::recreateListeningSocket(EXTERNAL): address 172.16.4.154:20013, SOMAXCONN=128.
  INFO root [2017-11-16 20:50:55,783] - NetworkInterface::recreateListeningSocket(INTERNAL): bound to all interfaces with default route interface on 172.16.4.154 ( 172.16.4.154:49780 )
  INFO root [2017-11-16 20:50:55,784] - NetworkInterface::recreateListeningSocket(INTERNAL): address 172.16.4.154:49780, SOMAXCONN=128.
  INFO root [2017-11-16 20:50:55,784] - server-configs:
  INFO root [2017-11-16 20:50:55,784] - 	internalAddr : 172.16.4.154:49780
  INFO root [2017-11-16 20:50:55,785] - 	externalAddr : 172.16.4.154:20013
  INFO root [2017-11-16 20:50:55,785] - 	componentID : 9000
  INFO root [2017-11-16 20:50:56,308] - Components::findLogger: found logger, addr:172.16.4.154:49774
  INFO root [2017-11-16 20:50:56,309] - Components::addComponent: reset orderLog, uid=1001!
  INFO root [2017-11-16 20:50:56,309] - Components::addComponent[logger], uid=1001, componentID=2000, globalorderid=1, grouporderid=1, totalcount=1
  INFO root [2017-11-16 20:50:56,313] - ---- loginapp Version: 0.9.12. ScriptVersion: 0.1.0. Protocol: 75C8DA776708D1E89693088467E5A4FB. Config: Debug X86. Built: 16:13:51 Jul  7 2017. AppID: 9000. UID: 1001. PID: 277108 ----
  INFO root [2017-11-16 20:50:56,313] - Server : Intel(R) Core(TM) i5-4590 CPU @ 3.30GHz with 4194303kB RAM
  INFO root [2017-11-16 20:50:56,313] - ThreadPool::createThreadPool: creating  threadpool...
  INFO root [2017-11-16 20:50:56,314] - ThreadPool::createThreadPool: successfully(2), newThreadCount=1, normalMaxThreadCount=2, maxThreadCount=8
 DEBUG root [2017-11-16 20:50:56,441] - Script::install_py_dlls(): PyInit_pyexpat
 DEBUG root [2017-11-16 20:50:56,441] - Script::install_py_dlls(): PyInit__socket
 DEBUG root [2017-11-16 20:50:56,441] - Script::install_py_dlls(): PyInit__hashlib
 DEBUG root [2017-11-16 20:50:56,443] - Script::install_py_dlls(): PyInit_select
 DEBUG root [2017-11-16 20:50:56,443] - Script::install_py_dlls(): PyInit__ctypes
 DEBUG root [2017-11-16 20:50:56,443] - Script::install_py_dlls(): PyInit__elementtree
 DEBUG root [2017-11-16 20:50:56,476] - Script::install_py_dlls(): PyInit_unicodedata
  INFO root [2017-11-16 20:50:56,507] - Script::install(): is successfully, Python=(3.4.2 (default, Jul  7 2017, 16:13:50) [MSC v.1800 32 bit (Intel)])!
  INFO root [2017-11-16 20:50:56,507] - Script::install(): KBExtra is successfully!
S_INFO root [2017-11-16 20:50:56,509] - onLoginAppReady: bootstrapGroupIndex=0, bootstrapGlobalIndex=0
  INFO root [2017-11-16 20:50:56,509] - TelnetServer server is running on port 31000
  INFO root [2017-11-16 20:50:56,735] - ---- loginapp is running ----
 DEBUG root [2017-11-16 20:50:56,736] - Components::process(): Request for the process of identity...
  WARN root [2017-11-16 20:51:03,290] - Forwarding logs to logger[172.16.4.154:49774/0/0/0]...
